============================================================ 
Run started: Thu 09/07/2026  1:00:00.59 
============================================================ 
BYBIT SIMULATION ENGINE
=========================================================
Scan:          2026-07-09 01:00:01
Balance:       9270.01 USDT
Open positions:11
Scan #:        157
=========================================================

Fetching macro context...
  Fear & Greed:  20 — Extreme Fear
  BTC Dominance: 55.9%
  Regime:        FEAR — market oversold, slight long bias but follow technicals

Checking open positions for TP/SL...
  >> APTUSDT STOP_LOSS: LOSS  PnL -10.0000 USDT  (-10.0% of margin)
  >> BTCUSDT STOP_LOSS: LOSS  PnL -9.0598 USDT  (-10.0% of margin)

Checking coin bench status...
  Benched (skipped this cycle): ADAUSDT, ALGOUSDT, AVAXUSDT, ENAUSDT, LTCUSDT, NEARUSDT, UNIUSDT
Available slots: 11

Analysing AAVEUSDT...
  HOLD       | Conf: 35% | Lev: 5x | Risk: MEDIUM | Funding: +0.0100% | SFP: NONE
  7d momentum is -0.15% (above -10% threshold but barely), and 24h momentum is deeply negative at -5.98%, failin
Analysing APTUSDT...
  HOLD       | Conf: 35% | Lev: 5x | Risk: MEDIUM | Funding: -0.0215% | SFP: NONE
  24h momentum is negative (-7.49%), failing the primary BUY condition despite positive 7d momentum (+0.13%) and
Analysing ATOMUSDT...
  HOLD       | Conf: 35% | Lev: 5x | Risk: MEDIUM | Funding: -0.0334% | SFP: NONE
  While 7d momentum is positive (+0.40%) and volume is strong (+62%), 24h momentum is negative (-2.60%), failing
Skipping BCHUSDT — position open
Analysing BTCUSDT...
  HOLD       | Conf: 35% | Lev: 5x | Risk: MEDIUM | Funding: +0.0053% | SFP: NONE
  24h momentum is negative (-3.19%), violating BUY signal requirements despite positive 7d momentum (+2.92%) and
Analysing BNBUSDT...
  HOLD       | Conf: 35% | Lev: 5x | Risk: MEDIUM | Funding: -0.0018% | SFP: NONE
  24h momentum is negative (-3.44%), failing the primary BUY condition despite positive 7d momentum (+1.79%) and
Analysing DOGEUSDT...
  HOLD       | Conf: 35% | Lev: 5x | Risk: HIGH | Funding: +0.0033% | SFP: NONE
  RSI at 14.9 is deeply oversold (<25), creating squeeze risk despite favorable macro fear conditions. 24h momen
Analysing DOTUSDT...
  HOLD       | Conf: 35% | Lev: 5x | Risk: MEDIUM | Funding: -0.0057% | SFP: NONE
  7d momentum of -2.81% fails to trigger SELL (requires < -10%), while 24h momentum of -5.86% blocks BUY signal.
Skipping ETHUSDT — position open
Analysing HBARUSDT...
  SELL SHORT | Conf: 72% | Lev: 5x | Risk: HIGH | Funding: +0.0065% | SFP: NONE
  7d momentum -3.81% is above -10% threshold but price is -10.52% from 7d high (exceeds 8% rule), RSI 17.9 is ov
  Skipping HIGH risk (conf 72% < 82%)
Analysing HYPEUSDT...
  HOLD       | Conf: 35% | Lev: 5x | Risk: MEDIUM | Funding: +0.0026% | SFP: NONE
  Mixed signals prevent conviction: 24h momentum is negative (-6.44%), violating the primary BUY condition despi
Skipping ICPUSDT — position open
Skipping KASUSDT — position open
Skipping LINKUSDT — position open
Analysing MNTUSDT...
  HOLD       | Conf: 35% | Lev: 5x | Risk: HIGH | Funding: +0.0025% | SFP: NONE
  RSI at 28 is oversold (<25 threshold breached), triggering HIGH risk despite favorable volume (+40.3%) and mod
Analysing ONDOUSDT...
  SELL SHORT | Conf: 68% | Lev: 5x | Risk: MEDIUM | Funding: -0.0064% | SFP: NONE
  7d momentum at -2.56% is above the -10% threshold, but price is 10.29% below 7d high with strong volume confir
Skipping PAXGUSDT — position open
Analysing SEIUSDT...
  HOLD       | Conf: 35% | Lev: 5x | Risk: MEDIUM | Funding: -0.0156% | SFP: NONE
  While RSI (32.1) suggests oversold conditions and negative funding favours longs, the 7d momentum (-3.23%) and
Analysing SKYUSDT...
  HOLD       | Conf: 35% | Lev: 5x | Risk: MEDIUM | Funding: +0.0050% | SFP: NONE
  24h momentum is negative (-5.22%), failing BUY criteria despite positive 7d momentum (+1.12%) and acceptable R
Analysing SOLUSDT...
  HOLD       | Conf: 35% | Lev: 5x | Risk: MEDIUM | Funding: -0.0053% | SFP: NONE
  7d momentum (-0.49%) does not meet SELL threshold (<-10%), and 24h momentum is negative, failing BUY criteria.
Analysing SUIUSDT...
  HOLD       | Conf: 35% | Lev: 5x | Risk: HIGH | Funding: +0.0022% | SFP: NONE
  RSI at 27.7 is oversold (<25 threshold breached), triggering HIGH risk despite favorable macro (extreme fear).
Analysing TAOUSDT...
  HOLD       | Conf: 35% | Lev: 5x | Risk: MEDIUM | Funding: +0.0050% | SFP: NONE
  TAO shows mixed signals: 24h momentum is deeply negative (-5.73%), disqualifying a BUY despite oversold RSI (3
Skipping TONUSDT — position open
Skipping TRXUSDT — position open
Analysing XLMUSDT...
  SELL SHORT | Conf: 72% | Lev: 6x | Risk: HIGH | Funding: +0.0100% | SFP: NONE
Traceback (most recent call last):
  File "C:\Users\mikej\metac-bot-template\bybit_sim.py", line 843, in <module>
    main()
  File "C:\Users\mikej\metac-bot-template\bybit_sim.py", line 737, in main
    print(f"  {reasoning[:110]}")
  File "C:\Users\mikej\AppData\Local\Programs\Python\Python312\Lib\encodings\cp1252.py", line 19, in encode
    return codecs.charmap_encode(input,self.errors,encoding_table)[0]
           ^^^^^^^^^^^^^^^^^^^^^^^^^^^^^^^^^^^^^^^^^^^^^^^^^^^^^^^
UnicodeEncodeError: 'charmap' codec can't encode character '\u2264' in position 51: character maps to <undefined>
============================================================ 
Run finished: Thu 09/07/2026  1:01:24.81 
============================================================ 
============================================================ 
Run started: Thu 09/07/2026  5:00:00.45 
============================================================ 
BYBIT SIMULATION ENGINE
=========================================================
Scan:          2026-07-09 05:00:01
Balance:       9441.55 USDT
Open positions:9
Scan #:        157
=========================================================

Fetching macro context...
  Fear & Greed:  20 — Extreme Fear
  BTC Dominance: 56.0%
  Regime:        FEAR — market oversold, slight long bias but follow technicals

Checking open positions for TP/SL...

Checking coin bench status...
  Benched (skipped this cycle): ADAUSDT, ALGOUSDT, AVAXUSDT, ENAUSDT, LTCUSDT, NEARUSDT, UNIUSDT
Available slots: 11

Analysing AAVEUSDT...
  HOLD       | Conf: 45% | Lev: 5x | Risk: MEDIUM | Funding: +0.0100% | SFP: NONE
  Mixed signals prevent high-conviction entry. While 7d momentum is positive (+3.55%) and RSI is neutral (42.4),
Analysing APTUSDT...
  HOLD       | Conf: 45% | Lev: 5x | Risk: MEDIUM | Funding: -0.0040% | SFP: NONE
  Mixed signals prevent conviction: 24h momentum is negative (-3.60%), failing the primary BUY condition, while 
Analysing ATOMUSDT...
  HOLD       | Conf: 35% | Lev: 5x | Risk: MEDIUM | Funding: -0.0228% | SFP: NONE
  24h momentum is negative (-2.19%), failing the primary BUY condition despite positive 7d momentum (+0.74%). RS
Skipping BCHUSDT — position open
Analysing BTCUSDT...
  HOLD       | Conf: 45% | Lev: 5x | Risk: MEDIUM | Funding: +0.0061% | SFP: NONE
  24h momentum is negative (-2.49%), failing the primary BUY condition despite positive 7d momentum (+3.67%) and
Analysing BNBUSDT...
  HOLD       | Conf: 35% | Lev: 5x | Risk: MEDIUM | Funding: +0.0080% | SFP: NONE
  24h momentum is negative (-2.86%), failing the primary BUY condition despite positive 7d momentum (+2.78%) and
Analysing DOGEUSDT...
  HOLD       | Conf: 35% | Lev: 5x | Risk: HIGH | Funding: +0.0087% | SFP: NONE
  RSI at 22.7 is deeply oversold (<25) triggering HIGH risk rule, despite price being 8.62% below 7d high and 7d
Analysing DOTUSDT...
  HOLD       | Conf: 35% | Lev: 5x | Risk: MEDIUM | Funding: -0.0025% | SFP: NONE
  7d momentum of -0.62% fails both BUY (requires >-10%) and SELL (requires <-10%) thresholds, creating mixed sig
Skipping ETHUSDT — position open
Analysing HBARUSDT...
  SELL SHORT | Conf: 72% | Lev: 5x | Risk: HIGH | Funding: +0.0044% | SFP: NONE
  7d momentum -3.52% is approaching -10% threshold, price is 10.62% below 7d high (exceeds 8% requirement), and 
  Skipping HIGH risk (conf 72% < 82%)
Analysing HYPEUSDT...
  HOLD       | Conf: 45% | Lev: 5x | Risk: MEDIUM | Funding: +0.0033% | SFP: NONE
  Mixed signals prevent high-conviction entry. 24h momentum is negative (-4.55%), failing the BUY rule despite p
Skipping ICPUSDT — position open
Skipping KASUSDT — position open
Skipping LINKUSDT — position open
Analysing MNTUSDT...
  HOLD       | Conf: 35% | Lev: 5x | Risk: MEDIUM | Funding: +0.0100% | SFP: NONE
  24h momentum is negative (-1.09%), failing the primary BUY rule despite 7d momentum (-0.36%) and funding (+0.0
Analysing ONDOUSDT...
  HOLD       | Conf: 35% | Lev: 5x | Risk: MEDIUM | Funding: -0.0035% | SFP: NONE
  7d momentum of -0.60% falls just outside the -10% short threshold, and while price is 9.17% below 7d high, RSI
Skipping PAXGUSDT — position open
Analysing SEIUSDT...
  HOLD       | Conf: 35% | Lev: 5x | Risk: MEDIUM | Funding: -0.0007% | SFP: NONE
  7d momentum at -2.48% fails to breach the -10% SELL threshold, and RSI at 41.3 remains in neutral territory (n
Analysing SKYUSDT...
  BUY  LONG  | Conf: 68% | Lev: 6x | Risk: LOW | Funding: +0.0050% | SFP: NONE
  24h momentum positive (+1.46%) and 7d momentum strong (+5.39%), well above the -10% threshold. RSI at 46.8 is 
Analysing SOLUSDT...
  HOLD       | Conf: 35% | Lev: 5x | Risk: MEDIUM | Funding: +0.0011% | SFP: NONE
  24h momentum is negative (-5.13%), failing the primary BUY condition despite positive 7d momentum (+0.25%) and
Analysing SUIUSDT...
  HOLD       | Conf: 35% | Lev: 5x | Risk: MEDIUM | Funding: -0.0032% | SFP: NONE
  24h momentum is negative (-3.62%), failing the primary BUY condition despite 7d momentum being within acceptab
Analysing TAOUSDT...
  HOLD       | Conf: 35% | Lev: 5x | Risk: MEDIUM | Funding: -0.0024% | SFP: NONE
  24h momentum is negative (-4.27%), failing the primary BUY condition despite positive 7d momentum (+0.47%) and
Skipping TONUSDT — position open
Skipping TRXUSDT — position open
Analysing XLMUSDT...
  SELL SHORT | Conf: 72% | Lev: 6x | Risk: HIGH | Funding: +0.0100% | SFP: NONE
  7d momentum is -10.65% (below -10% threshold) and price is -15.85% from 7d high (well beyond 8% requirement), 
  Skipping HIGH risk (conf 72% < 82%)
Analysing XPLUSDT...
  HOLD       | Conf: 35% | Lev: 5x | Risk: HIGH | Funding: +0.0014% | SFP: NONE
  RSI at 26.7 is oversold (< 25 threshold), triggering HIGH risk classification and disqualifying both buy and s
Analysing XRPUSDT...
  HOLD       | Conf: 35% | Lev: 5x | Risk: HIGH | Funding: -0.0015% | SFP: NONE
  RSI at 29.4 is oversold (< 30), triggering HIGH risk classification and violating SELL rule criteria. While 7d
Skipping ZECUSDT — position open

=========================================================
Candidates: 1

Opening LONG — SKYUSDT:
  >> FILLED LONG SKYUSDT @ 0.05576  TP: 0.05799  SL: 0.054645  Lev: 6x  Margin: $94.42

=========================================================
Scan #157 complete
Equity:        10333.58 USDT  (+333.58 USDT overall)
Trades:        267 closed  (99W / 168L  37% win rate)
Open positions:10
New trades:    1
Done.
============================================================ 
Run finished: Thu 09/07/2026  5:01:36.00 
============================================================ 
============================================================ 
Run started: Thu 09/07/2026  9:00:01.51 
============================================================ 
BYBIT SIMULATION ENGINE
=========================================================
Scan:          2026-07-09 09:00:05
Balance:       9347.13 USDT
Open positions:10
Scan #:        158
=========================================================

Fetching macro context...
  Fear & Greed:  20 — Extreme Fear
  BTC Dominance: 56.0%
  Regime:        FEAR — market oversold, slight long bias but follow technicals

Checking open positions for TP/SL...

Checking coin bench status...
  Benched (skipped this cycle): ADAUSDT, ALGOUSDT, AVAXUSDT, ENAUSDT, LTCUSDT, NEARUSDT, UNIUSDT
Available slots: 10

Analysing AAVEUSDT...
  HOLD       | Conf: 35% | Lev: 5x | Risk: HIGH | Funding: +0.0100% | SFP: NONE
  RSI at 25 triggers HIGH risk threshold despite 7d momentum being positive (+6.34%). While 7d uptrend and macro
Analysing APTUSDT...
  BUY  LONG  | Conf: 62% | Lev: 5x | Risk: MEDIUM | Funding: +0.0015% | SFP: NONE
  7d momentum is positive (+4.88%) and 24h momentum is only slightly negative (-2.17%), well above the -10% thre
Analysing ATOMUSDT...
  HOLD       | Conf: 35% | Lev: 5x | Risk: MEDIUM | Funding: -0.0250% | SFP: NONE
  Mixed signals prevent a high-conviction trade. While 7d momentum is positive (+1.25%) and RSI (40.1) is not ov
Skipping BCHUSDT — position open
Analysing BTCUSDT...
  HOLD       | Conf: 45% | Lev: 5x | Risk: MEDIUM | Funding: +0.0094% | SFP: NONE
  24h momentum is negative (-1.66%), failing the primary BUY condition despite positive 7d momentum (+3.80%) and
Analysing BNBUSDT...
  HOLD       | Conf: 35% | Lev: 5x | Risk: MEDIUM | Funding: +0.0100% | SFP: NONE
  Mixed signals prevent conviction: 24h momentum is negative (-1.53%), disqualifying a BUY despite positive 7d m
Analysing DOGEUSDT...
  HOLD       | Conf: 35% | Lev: 5x | Risk: HIGH | Funding: +0.0047% | SFP: NONE
  RSI at 24.5 is oversold (<25), triggering HIGH risk classification despite slight 7d positive momentum (+0.29%
Analysing DOTUSDT...
  HOLD       | Conf: 35% | Lev: 5x | Risk: HIGH | Funding: +0.0056% | SFP: NONE
  RSI at 27.9 is deeply oversold (<25 threshold), triggering HIGH risk protocol despite favorable macro conditio
Skipping ETHUSDT — position open
Analysing HBARUSDT...
  SELL SHORT | Conf: 68% | Lev: 5x | Risk: HIGH | Funding: +0.0100% | SFP: NONE
  7d momentum of -3.87% combined with price 11.05% below 7d high meets SELL criteria. RSI at 18.5 is oversold (<
  Skipping HIGH risk (conf 68% < 82%)
Analysing HYPEUSDT...
  HOLD       | Conf: 35% | Lev: 5x | Risk: MEDIUM | Funding: +0.0015% | SFP: NONE
  Mixed signals prevent a clear directional bias. While 7d momentum is positive (+7.60%) and RSI (34.2) is not o
Skipping ICPUSDT — position open
Skipping KASUSDT — position open
Skipping LINKUSDT — position open
Analysing MNTUSDT...
  BUY  LONG  | Conf: 62% | Lev: 5x | Risk: MEDIUM | Funding: +0.0100% | SFP: NONE
  24h momentum is positive (+0.17%) and 7d momentum (+0.02%) exceeds -10% threshold, meeting primary buy criteri
Analysing ONDOUSDT...
  HOLD       | Conf: 35% | Lev: 5x | Risk: HIGH | Funding: +0.0050% | SFP: NONE
  RSI at 28.7 is oversold (<25 threshold approaching), triggering HIGH risk classification and disqualifying bot
Skipping PAXGUSDT — position open
Analysing SEIUSDT...
  HOLD       | Conf: 35% | Lev: 5x | Risk: HIGH | Funding: +0.0100% | SFP: NONE
  RSI at 25.7 is deeply oversold (<25 threshold), triggering HIGH risk protocol despite price being only 8.58% b
Skipping SKYUSDT — position open
Analysing SOLUSDT...
  HOLD       | Conf: 35% | Lev: 5x | Risk: HIGH | Funding: +0.0027% | SFP: NONE
  RSI at 28.3 is oversold but violates SELL rule (RSI must be > 30), and 24h momentum is negative, failing BUY c
Analysing SUIUSDT...
  HOLD       | Conf: 35% | Lev: 5x | Risk: MEDIUM | Funding: +0.0039% | SFP: NONE
  While RSI at 32.1 suggests oversold conditions and funding is benign, the 24h momentum is negative (-2.41%) fa
Analysing TAOUSDT...
  HOLD       | Conf: 35% | Lev: 5x | Risk: MEDIUM | Funding: +0.0050% | SFP: NONE
  Mixed signals prevent conviction entry: 24h momentum is negative (-3.45%) failing BUY criteria, while 7d momen
Skipping TONUSDT — position open
Skipping TRXUSDT — position open
Analysing XLMUSDT...
  SELL SHORT | Conf: 72% | Lev: 6x | Risk: HIGH | Funding: +0.0100% | SFP: NONE
  7d momentum of -8.17% combined with price 15.99% below 7d high meets short criteria. RSI at 8.0 is deeply over
  Skipping HIGH risk (conf 72% < 82%)
Analysing XPLUSDT...
  HOLD       | Conf: 35% | Lev: 5x | Risk: HIGH | Funding: -0.0014% | SFP: BULLISH
  RSI at 15 is deeply oversold (<25 threshold) triggering HIGH risk classification, despite bullish swing failur
Analysing XRPUSDT...
  HOLD       | Conf: 35% | Lev: 5x | Risk: HIGH | Funding: +0.0059% | SFP: NONE
  RSI at 26.3 is deeply oversold (<25 threshold), triggering HIGH risk classification and disqualifying both BUY
Skipping ZECUSDT — position open

=========================================================
Candidates: 0

=========================================================
Scan #158 complete
Equity:        10342.52 USDT  (+342.52 USDT overall)
Trades:        267 closed  (99W / 168L  37% win rate)
Open positions:10
New trades:    0
Done.
============================================================ 
Run finished: Thu 09/07/2026  9:01:27.08 
============================================================ 
============================================================ 
Run started: Thu 09/07/2026 13:00:00.29 
============================================================ 
BYBIT SIMULATION ENGINE
=========================================================
Scan:          2026-07-09 13:00:01
Balance:       9347.13 USDT
Open positions:10
Scan #:        159
=========================================================

Fetching macro context...
  Fear & Greed:  22 — Extreme Fear
  BTC Dominance: 55.8%
  Regime:        FEAR — market oversold, slight long bias but follow technicals

Checking open positions for TP/SL...
  >> ETHUSDT STOP_LOSS: LOSS  PnL -12.0000 USDT  (-12.0% of margin)
  >> SKYUSDT STOP_LOSS: LOSS  PnL -11.3284 USDT  (-12.0% of margin)

Checking coin bench status...
  Benched (skipped this cycle): ADAUSDT, ALGOUSDT, AVAXUSDT, ENAUSDT, LTCUSDT, NEARUSDT, UNIUSDT
Available slots: 12

Analysing AAVEUSDT...
  Data error for AAVEUSDT: HTTPSConnectionPool(host='api.bybit.com', port=443): Max retries exceeded with url: /v5/market/tickers?category=linear&symbol=AAVEUSDT (Caused by SSLError(SSLEOFError(8, '[SSL: UNEXPECTED_EOF_WHILE_READING] EOF occurred in violation of protocol (_ssl.c:1000)')))
  Insufficient data — skipping
Analysing APTUSDT...
  BUY  LONG  | Conf: 62% | Lev: 5x | Risk: MEDIUM | Funding: +0.0100% | SFP: NONE
  APT meets BUY criteria: positive 24h momentum (+0.24%), strong 7d momentum (+2.31% >> -10%), RSI neutral at 44
Analysing ATOMUSDT...
  HOLD       | Conf: 35% | Lev: 5x | Risk: MEDIUM | Funding: -0.0400% | SFP: NONE
  24h momentum is slightly negative (-0.15%), failing the BUY requirement, while 7d momentum (-0.66%) doesn't me
Skipping BCHUSDT — position open
Analysing BTCUSDT...
  HOLD       | Conf: 42% | Lev: 5x | Risk: MEDIUM | Funding: +0.0034% | SFP: NONE
  While 7d momentum is positive (+1.17%) and RSI (32.7) is approaching oversold territory, the 24h momentum is n
Analysing BNBUSDT...
  HOLD       | Conf: 35% | Lev: 5x | Risk: HIGH | Funding: +0.0100% | SFP: NONE
  RSI at 29.0 is at extreme oversold territory (<25 threshold), triggering HIGH risk classification and disquali
Analysing DOGEUSDT...
  SELL SHORT | Conf: 68% | Lev: 5x | Risk: HIGH | Funding: +0.0021% | SFP: NONE
  7d momentum is -1.75% (not triggering <-10% rule strictly), but price is -9.16% from 7d high, approaching the 
  Skipping HIGH risk (conf 68% < 82%)
Analysing DOTUSDT...
  SELL SHORT | Conf: 72% | Lev: 6x | Risk: HIGH | Funding: -0.0040% | SFP: NONE
  7d momentum is -2.88% (approaching -10% threshold) and price is 9.37% below 7d high, meeting sell criteria. RS
  Skipping HIGH risk (conf 72% < 82%)
Analysing ETHUSDT...
  HOLD       | Conf: 35% | Lev: 5x | Risk: HIGH | Funding: -0.0034% | SFP: NONE
  RSI at 31.8 is near oversold territory (<25 threshold), creating squeeze risk and invalidating both BUY and SE
Analysing HBARUSDT...
  SELL SHORT | Conf: 68% | Lev: 5x | Risk: HIGH | Funding: +0.0072% | SFP: NONE
  7d momentum of -5.43% combined with price 10.29% below 7d high meets SELL criteria. RSI at 23.7 is oversold (<
  Skipping HIGH risk (conf 68% < 82%)
Analysing HYPEUSDT...
  HOLD       | Conf: 45% | Lev: 5x | Risk: MEDIUM | Funding: -0.0002% | SFP: BULLISH
  Mixed signals prevent high-conviction entry: 24h momentum is negative (-1.43%), disqualifying a BUY despite bu
Skipping ICPUSDT — position open
Skipping KASUSDT — position open
Skipping LINKUSDT — position open
Analysing MNTUSDT...
  BUY  LONG  | Conf: 62% | Lev: 5x | Risk: MEDIUM | Funding: +0.0100% | SFP: NONE
  24h momentum is positive (+2.57%) and 7d momentum (-1.72%) is above the -10% threshold, while RSI (35.4) shows
Analysing ONDOUSDT...
  SELL SHORT | Conf: 72% | Lev: 5x | Risk: HIGH | Funding: -0.0144% | SFP: NONE
  7d momentum is -6.69% (approaching -10% threshold) and price is -10.60% from 7d high, meeting sell criteria. R
  Skipping HIGH risk (conf 72% < 82%)
Skipping PAXGUSDT — position open
Analysing SEIUSDT...
  BUY  LONG  | Conf: 62% | Lev: 5x | Risk: MEDIUM | Funding: +0.0100% | SFP: NONE
  24h momentum positive (+0.83%) and 7d momentum acceptable (-1.29%, well above -10% threshold); volume elevated
Analysing SKYUSDT...
  BUY  LONG  | Conf: 62% | Lev: 5x | Risk: MEDIUM | Funding: -0.0027% | SFP: NONE
  24h momentum positive (+2.74%) and 7d momentum above -10% threshold (+2.99%) meet entry criteria. RSI at 44.8 
Analysing SOLUSDT...
  SELL SHORT | Conf: 68% | Lev: 5x | Risk: HIGH | Funding: +0.0004% | SFP: NONE
  7d momentum is -2.11% (not < -10%, marginal fail), but price is -8.25% below 7d high (meets threshold) and RSI
  Skipping HIGH risk (conf 68% < 82%)
Analysing SUIUSDT...
  HOLD       | Conf: 35% | Lev: 5x | Risk: MEDIUM | Funding: +0.0027% | SFP: NONE
  7d momentum at -2.50% fails both BUY (needs >-10%) and SELL (needs <-10%) criteria; price is 8.83% below 7d hi
Analysing TAOUSDT...
  SELL SHORT | Conf: 68% | Lev: 5x | Risk: HIGH | Funding: +0.0050% | SFP: NONE
  7d momentum is -2.77% (above -10% threshold but weak), price is -7.75% from 7d high (approaching 8% threshold)
  Skipping HIGH risk (conf 68% < 82%)
Skipping TONUSDT — position open
Skipping TRXUSDT — position open
Analysing XLMUSDT...
  SELL SHORT | Conf: 72% | Lev: 6x | Risk: HIGH | Funding: +0.0003% | SFP: NONE
  7d momentum of -9.80% is at decision threshold while price is -16.15% below 7d high, meeting short entry crite
  Skipping HIGH risk (conf 72% < 82%)
Analysing XPLUSDT...
  SELL SHORT | Conf: 72% | Lev: 6x | Risk: HIGH | Funding: -0.0107% | SFP: NONE
  7d momentum of -3.73% combined with price 23.51% below 7d high meets SELL criteria. RSI at 13.7 is oversold (<
  Skipping HIGH risk (conf 72% < 82%)
Analysing XRPUSDT...
  HOLD       | Conf: 35% | Lev: 5x | Risk: HIGH | Funding: +0.0023% | SFP: NONE
  RSI at 20.8 is oversold (<25), triggering HIGH risk flag and violating SELL rule requirement (RSI > 30). While
Skipping ZECUSDT — position open

=========================================================
Candidates: 0

=========================================================
Scan #159 complete
Equity:        10302.78 USDT  (+302.78 USDT overall)
Trades:        269 closed  (99W / 170L  37% win rate)
Open positions:8
New trades:    0
Done.
============================================================ 
Run finished: Thu 09/07/2026 13:03:45.55 
============================================================ 
============================================================ 
Run started: Thu 09/07/2026 17:00:00.36 
============================================================ 
BYBIT SIMULATION ENGINE
=========================================================
Scan:          2026-07-09 17:00:01
Balance:       9518.22 USDT
Open positions:8
Scan #:        160
=========================================================

Fetching macro context...
  Fear & Greed:  22 — Extreme Fear
  BTC Dominance: 56.0%
  Regime:        FEAR — market oversold, slight long bias but follow technicals

Checking open positions for TP/SL...

Checking coin bench status...
  Benched (skipped this cycle): ADAUSDT, ALGOUSDT, AVAXUSDT, ENAUSDT, LTCUSDT, NEARUSDT, UNIUSDT
Available slots: 12

Analysing AAVEUSDT...
  HOLD       | Conf: 35% | Lev: 5x | Risk: MEDIUM | Funding: +0.0047% | SFP: NONE
  24h momentum is negative (-0.55%), failing the primary BUY condition despite positive 7d momentum (+4.54%) and
Analysing APTUSDT...
  Data error for APTUSDT: Bybit 10006: Too many visits. Exceeded the API Rate Limit.
  Insufficient data — skipping
Analysing ATOMUSDT...
  BUY  LONG  | Conf: 68% | Lev: 5x | Risk: MEDIUM | Funding: -0.0176% | SFP: NONE
  24h momentum positive (+0.79%) and 7d momentum strong (+2.14%) both satisfy buy criteria. RSI at 39.9 is healt
Skipping BCHUSDT — position open
Analysing BTCUSDT...
  BUY  LONG  | Conf: 62% | Lev: 5x | Risk: MEDIUM | Funding: +0.0053% | SFP: NONE
  24h momentum is positive (+0.17%) and 7d momentum is strong (+4.71%), well above -10% threshold. RSI at 41.5 i
Analysing BNBUSDT...
  BUY  LONG  | Conf: 68% | Lev: 5x | Risk: MEDIUM | Funding: +0.0100% | SFP: NONE
  24h momentum is positive (+1.25%) and 7d momentum is strong (+4.66%), well above the -10% threshold. RSI at 38
Analysing DOGEUSDT...
  BUY  LONG  | Conf: 62% | Lev: 5x | Risk: HIGH | Funding: +0.0040% | SFP: NONE
  24h momentum positive (+0.75%) and 7d momentum above -10% threshold (+0.62%) align with BUY criteria. Funding 
Analysing DOTUSDT...
  HOLD       | Conf: 35% | Lev: 5x | Risk: MEDIUM | Funding: +0.0024% | SFP: NONE
  RSI at 30.7 is borderline oversold but not yet below 25, failing the SELL rule which requires RSI > 30. While 
Analysing ETHUSDT...
  HOLD       | Conf: 45% | Lev: 5x | Risk: MEDIUM | Funding: +0.0026% | SFP: NONE
  24h momentum is essentially flat (-0.03%), failing the BUY rule despite positive 7d momentum (+8.65%) and heal
Analysing HBARUSDT...
  BUY  LONG  | Conf: 62% | Lev: 5x | Risk: MEDIUM | Funding: -0.0029% | SFP: NONE
  24h momentum is positive (+1.40%) and 7d momentum (-2.70%) remains above the -10% threshold, meeting primary B
Analysing HYPEUSDT...
  HOLD       | Conf: 45% | Lev: 5x | Risk: MEDIUM | Funding: +0.0021% | SFP: NONE
  Mixed signals prevent confident entry: 7d momentum is positive (+7.89%) and RSI (38.9) is not oversold, suppor
Skipping ICPUSDT — position open
Skipping KASUSDT — position open
Skipping LINKUSDT — position open
Analysing MNTUSDT...
  BUY  LONG  | Conf: 68% | Lev: 5x | Risk: MEDIUM | Funding: +0.0100% | SFP: NONE
  24h momentum is positive (+2.86%) and 7d momentum (+1.27%) exceeds -10% threshold, both BUY conditions met. RS
Analysing ONDOUSDT...
  HOLD       | Conf: 35% | Lev: 5x | Risk: MEDIUM | Funding: -0.0020% | SFP: NONE
  7d momentum of -3.45% does not meet the -10% threshold for a SHORT signal, while 24h momentum of -0.41% fails 
Skipping PAXGUSDT — position open
Analysing SEIUSDT...
  BUY  LONG  | Conf: 68% | Lev: 5x | Risk: MEDIUM | Funding: +0.0100% | SFP: NONE
  24h momentum is positive (+2.93%) and 7d momentum well above -10% threshold (+2.05%), with volume confirming (
Analysing SKYUSDT...
  BUY  LONG  | Conf: 68% | Lev: 5x | Risk: LOW | Funding: +0.0050% | SFP: NONE
  24h momentum +7.64% and 7d momentum +7.56% both positive, well above -10% threshold. RSI at 52.2 is neutral (n
Analysing SOLUSDT...
  BUY  LONG  | Conf: 62% | Lev: 5x | Risk: MEDIUM | Funding: +0.0002% | SFP: NONE
  24h momentum positive (+0.33%) and 7d momentum acceptable (+0.72%) meet BUY criteria. RSI at 33.6 is near over
Analysing SUIUSDT...
  BUY  LONG  | Conf: 62% | Lev: 5x | Risk: MEDIUM | Funding: +0.0026% | SFP: NONE
  24h momentum is positive (+1.44%) and 7d momentum is neutral (+0.18%, well above -10% threshold). RSI at 39.8 
Analysing TAOUSDT...
  HOLD       | Conf: 35% | Lev: 5x | Risk: MEDIUM | Funding: +0.0050% | SFP: NONE
  24h momentum is negative (-0.45%), failing the primary BUY condition despite positive 7d momentum (+1.46%) and
Skipping TONUSDT — position open
Skipping TRXUSDT — position open
Analysing XLMUSDT...
  SELL SHORT | Conf: 72% | Lev: 6x | Risk: HIGH | Funding: +0.0100% | SFP: NONE
  7d momentum of -7.66% is approaching the -10% threshold, and price is -15.73% below 7d high, meeting SELL crit
  Skipping HIGH risk (conf 72% < 82%)
Analysing XPLUSDT...
  BUY  LONG  | Conf: 62% | Lev: 5x | Risk: HIGH | Funding: +0.0019% | SFP: NONE
  24h momentum positive (+0.49%) and 7d momentum well above -10% threshold (+2.24%) satisfy buy conditions. RSI 
Analysing XRPUSDT...
  BUY  LONG  | Conf: 72% | Lev: 5x | Risk: MEDIUM | Funding: +0.0060% | SFP: NONE
  24h momentum positive (+0.57%) and 7d momentum strong (+3.95%), well above -10% threshold. RSI at 30.6 shows o
Skipping ZECUSDT — position open

=========================================================
Candidates: 6

Opening LONG — XRPUSDT:
  >> FILLED LONG XRPUSDT @ 1.0997  TP: 1.143688  SL: 1.077706  Lev: 5x  Margin: $95.18

Opening LONG — ATOMUSDT:
  >> FILLED LONG ATOMUSDT @ 1.5748  TP: 1.637792  SL: 1.543304  Lev: 5x  Margin: $94.23

Opening LONG — BNBUSDT:
  >> FILLED LONG BNBUSDT @ 574.6  TP: 597.584  SL: 563.108  Lev: 5x  Margin: $93.29

Opening LONG — MNTUSDT:
  >> FILLED LONG MNTUSDT @ 0.4317  TP: 0.448968  SL: 0.423066  Lev: 5x  Margin: $92.36

Opening LONG — SEIUSDT:
  >> FILLED LONG SEIUSDT @ 0.04818  TP: 0.050107  SL: 0.047216  Lev: 5x  Margin: $91.43

Opening LONG — SKYUSDT:
  >> FILLED LONG SKYUSDT @ 0.05676  TP: 0.05903  SL: 0.055625  Lev: 5x  Margin: $90.52

=========================================================
Scan #160 complete
Equity:        10357.38 USDT  (+357.38 USDT overall)
Trades:        269 closed  (99W / 170L  37% win rate)
Open positions:14
New trades:    6
Done.
============================================================ 
Run finished: Thu 09/07/2026 17:01:26.28 
============================================================ 
============================================================ 
Run started: Thu 09/07/2026 21:00:01.19 
============================================================ 
BYBIT SIMULATION ENGINE
=========================================================
Scan:          2026-07-09 21:00:02
Balance:       8961.21 USDT
Open positions:14
Scan #:        161
=========================================================

Fetching macro context...
  Fear & Greed:  22 — Extreme Fear
  BTC Dominance: 56.1%
  Regime:        FEAR — market oversold, slight long bias but follow technicals

Checking open positions for TP/SL...

Checking coin bench status...
  Benched (skipped this cycle): ADAUSDT, ALGOUSDT, AVAXUSDT, ENAUSDT, LTCUSDT, NEARUSDT, UNIUSDT
Available slots: 6

Analysing AAVEUSDT...
  BUY  LONG  | Conf: 68% | Lev: 5x | Risk: MEDIUM | Funding: +0.0053% | SFP: NONE
  24h momentum positive (+0.66%) with 7d momentum +1.25% well above -10% threshold, RSI 38.0 healthy (not overbo
Analysing APTUSDT...
  BUY  LONG  | Conf: 62% | Lev: 5x | Risk: LOW | Funding: -0.0124% | SFP: NONE
  24h momentum is positive (+1.42%) and 7d momentum is above -10% threshold (+1.74%), with RSI at neutral 51.9 (
Skipping ATOMUSDT — position open
Skipping BCHUSDT — position open
Analysing BTCUSDT...
  BUY  LONG  | Conf: 68% | Lev: 5x | Risk: MEDIUM | Funding: +0.0085% | SFP: NONE
  24h momentum is positive (+0.74%) and 7d momentum (+2.29%) well above -10% threshold, with RSI at 46.2 (neutra
Skipping BNBUSDT — position open
Analysing DOGEUSDT...
  HOLD       | Conf: 35% | Lev: 5x | Risk: HIGH | Funding: -0.0006% | SFP: NONE
  RSI at 27.4 is oversold (<25 threshold breached), triggering HIGH risk status and conflicting with sell criter
Analysing DOTUSDT...
  SELL SHORT | Conf: 62% | Lev: 5x | Risk: MEDIUM | Funding: -0.0084% | SFP: NONE
  7d momentum of -2.44% approaches the -10% threshold, and price is 8.61% below 7d high, meeting sell criteria. 
Analysing ETHUSDT...
  HOLD       | Conf: 35% | Lev: 5x | Risk: MEDIUM | Funding: +0.0034% | SFP: NONE
  While 7d momentum is positive (+5.81%) and RSI (42.8) is neutral, the 24h momentum is flat (-0.11%) and volume
Analysing HBARUSDT...
  SELL SHORT | Conf: 72% | Lev: 5x | Risk: MEDIUM | Funding: -0.0130% | SFP: NONE
  7d momentum is -4.54% (approaching -10% threshold) and price is -9.33% below 7d high, meeting short criteria. 
Analysing HYPEUSDT...
  HOLD       | Conf: 35% | Lev: 5x | Risk: MEDIUM | Funding: -0.0022% | SFP: NONE
  Mixed signals prevent high-conviction entry. While 7d momentum is positive (+3.64%) and RSI (37.8) shows room 
Skipping ICPUSDT — position open
Skipping KASUSDT — position open
Skipping LINKUSDT — position open
Skipping MNTUSDT — position open
Analysing ONDOUSDT...
  SELL SHORT | Conf: 62% | Lev: 5x | Risk: MEDIUM | Funding: +0.0023% | SFP: NONE
  7d momentum at -5.00% approaches the -10% threshold, and price is 8.88% below 7d high, meeting sell signal cri
Skipping PAXGUSDT — position open
Skipping SEIUSDT — position open
Skipping SKYUSDT — position open
Analysing SOLUSDT...
  HOLD       | Conf: 35% | Lev: 5x | Risk: MEDIUM | Funding: +0.0023% | SFP: NONE
  Mixed signals prevent high-conviction entry. While 24h momentum is positive and funding is benign, the 7d mome
Analysing SUIUSDT...
  BUY  LONG  | Conf: 62% | Lev: 5x | Risk: MEDIUM | Funding: +0.0017% | SFP: NONE
  24h momentum is positive (+1.99%) and 7d momentum (-2.66%) remains above -10% threshold, meeting primary entry
Analysing TAOUSDT...
  HOLD       | Conf: 35% | Lev: 5x | Risk: MEDIUM | Funding: +0.0050% | SFP: NONE
  24h momentum is negative (-0.12%) failing the BUY threshold, while 7d momentum of -3.15% does not meet the SEL
Skipping TONUSDT — position open
Skipping TRXUSDT — position open
Analysing XLMUSDT...
  SELL SHORT | Conf: 72% | Lev: 6x | Risk: HIGH | Funding: +0.0020% | SFP: NONE
  7d momentum at -9.89% is approaching the -10% threshold with price 16.32% below 7d high, meeting sell criteria
  Skipping HIGH risk (conf 72% < 82%)
Analysing XPLUSDT...
  HOLD       | Conf: 35% | Lev: 5x | Risk: HIGH | Funding: -0.0179% | SFP: NONE
  RSI at 20.7 is deeply oversold (<25), triggering HIGH risk classification and conflicting with decision rules.
Skipping XRPUSDT — position open
Skipping ZECUSDT — position open

=========================================================
Candidates: 3

Opening SHORT — HBARUSDT:
  >> FILLED SHORT HBARUSDT @ 0.07043  TP: 0.067613  SL: 0.071839  Lev: 5x  Margin: $89.61
  Skipping AAVEUSDT — LONG concentration at 13/20 slots (conf 68% < 82%)
  Skipping BTCUSDT — LONG concentration at 13/20 slots (conf 68% < 82%)

=========================================================
Scan #161 complete
Equity:        10329.46 USDT  (+329.46 USDT overall)
Trades:        269 closed  (99W / 170L  37% win rate)
Open positions:15
New trades:    1
Done.
============================================================ 
Run finished: Thu 09/07/2026 21:01:13.68 
============================================================ 
