============================================================ 
Run started: Thu 11/06/2026  1:00:01.13 
============================================================ 
BYBIT SIMULATION ENGINE
=========================================================
Scan:          2026-06-11 01:00:02
Balance:       9508.00 USDT
Open positions:5
Scan #:        14
=========================================================

Checking open positions for TP/SL...

Fetching macro context...
  Fear & Greed:  9 — Extreme Fear
  BTC Dominance: 56.0%
  Regime:        FEAR — caution on shorts, favour longs

Available slots: 15

Analysing BTCUSDT...
  HOLD       | Conf: 35% | Lev: 5x | Risk: MEDIUM | Funding: +0.0026%
  Mixed signals prevent conviction: 24h momentum is positive (+1.77%) but 7d momentum is notably negative (-5.84
Analysing ETHUSDT...
  HOLD       | Conf: 35% | Lev: 5x | Risk: MEDIUM | Funding: +0.0016%
  Mixed signals prevent conviction: 7d momentum is deeply negative (-10.13%) and price is 10.90% below 7d high, 
Analysing BNBUSDT...
  HOLD       | Conf: 35% | Lev: 5x | Risk: MEDIUM | Funding: +0.0011%
  Mixed signals prevent conviction despite macro fear regime favoring longs. RSI at 49.2 is neutral, 7d momentum
Analysing SOLUSDT...
  HOLD       | Conf: 42% | Lev: 5x | Risk: MEDIUM | Funding: +0.0004%
  Mixed signals prevent conviction: macro backdrop (extreme fear, rising OI +2.64%) supports longs, but 7d momen
Analysing XRPUSDT...
  HOLD       | Conf: 35% | Lev: 5x | Risk: MEDIUM | Funding: +0.0016%
  Mixed signals with insufficient conviction. While macro environment favours longs (extreme fear, market regime
Skipping DOGEUSDT — position open
Skipping ADAUSDT — position open
Analysing TRXUSDT...
  HOLD       | Conf: 35% | Lev: 5x | Risk: MEDIUM | Funding: -0.0202%
  Mixed signals prevent clear conviction: RSI at 34.6 (oversold) and negative 7d momentum (-3.82%) conflict with
Analysing AVAXUSDT...
  HOLD       | Conf: 35% | Lev: 5x | Risk: MEDIUM | Funding: -0.0067%
  Mixed signals prevent a clear directional bias. While macro regime favours longs and funding is neutral (-0.00
Skipping TONUSDT — position open
Analysing LINKUSDT...
  HOLD       | Conf: 45% | Lev: 5x | Risk: MEDIUM | Funding: -0.0019%
  Mixed signals prevent conviction: 7d momentum is negative (-6.84%) and RSI is neutral (45.9), yet macro enviro
Analysing DOTUSDT...
  HOLD       | Conf: 35% | Lev: 5x | Risk: MEDIUM | Funding: +0.0075%
  Mixed signals prevent conviction: 7d momentum is sharply negative (-14.75%) and price sits 15.52% below 7d hig
Skipping LTCUSDT — position open
Analysing NEARUSDT...
  HOLD       | Conf: 35% | Lev: 5x | Risk: MEDIUM | Funding: +0.0100%
  Mixed signals prevent conviction: 7d momentum is deeply negative (-27.90%) and price is 28% below 7d high, con
Analysing BCHUSDT...
  HOLD       | Conf: 35% | Lev: 5x | Risk: HIGH | Funding: +0.0000%
  RSI of 33.4 signals oversold conditions, and macro environment favours longs in extreme fear. However, strong 
Analysing APTUSDT...
  HOLD       | Conf: 35% | Lev: 5x | Risk: MEDIUM | Funding: -0.0085%
  Mixed signals prevent conviction: 7d momentum is heavily negative (-22.40%) and price is 22.52% below 7d high,
Analysing ICPUSDT...
  HOLD       | Conf: 35% | Lev: 5x | Risk: MEDIUM | Funding: -0.0004%
  Mixed signals prevent conviction: 7d momentum is severely negative (-26.81%) and price is near 7d lows (-28.78
Analysing HBARUSDT...
  HOLD       | Conf: 35% | Lev: 5x | Risk: MEDIUM | Funding: +0.0007%
  Mixed signals prevent conviction: 7d momentum is deeply negative (-7.97%) and price is 9.38% below 7d high, bu
Analysing UNIUSDT...
  HOLD       | Conf: 35% | Lev: 5x | Risk: MEDIUM | Funding: +0.0028%
  Mixed signals prevent conviction: 7d momentum is strongly negative (-13.80%) and price is 14% below 7d high, c
Skipping SUIUSDT — position open
Analysing HYPEUSDT...
  HOLD       | Conf: 35% | Lev: 5x | Risk: HIGH | Funding: -0.0010%
  RSI at 34.2 signals oversold conditions which could attract buyers, but severe 7d momentum (-19.75%) and -23.4

=========================================================
Candidates: 0

=========================================================
Scan #14 complete
Equity:        10005.14 USDT  (+5.14 USDT overall)
Trades:        2 closed  (1W / 1L  50% win rate)
Open positions:5
New trades:    0
Done.
============================================================ 
Run finished: Thu 11/06/2026  1:33:14.71 
============================================================ 
============================================================ 
Run started: Thu 11/06/2026  9:00:01.67 
============================================================ 
BYBIT SIMULATION ENGINE
=========================================================
Scan:          2026-06-11 09:00:04
Balance:       9508.00 USDT
Open positions:5
Scan #:        15
=========================================================

Checking open positions for TP/SL...
Traceback (most recent call last):
  File "C:\Users\mikej\metac-bot-template\bybit_sim.py", line 706, in <module>
    main()
  File "C:\Users\mikej\metac-bot-template\bybit_sim.py", line 517, in main
    closes = check_positions(state, now)
             ^^^^^^^^^^^^^^^^^^^^^^^^^^^
  File "C:\Users\mikej\metac-bot-template\bybit_sim.py", line 398, in check_positions
    print(f"  \u2713 {symbol} {close_reason}: {outcome}  PnL {pnl:+.4f} USDT  "
    ^^^^^^^^^^^^^^^^^^^^^^^^^^^^^^^^^^^^^^^^^^^^^^^^^^^^^^^^^^^^^^^^^^^^^
  File "C:\Users\mikej\AppData\Local\Programs\Python\Python312\Lib\encodings\cp1252.py", line 19, in encode
    return codecs.charmap_encode(input,self.errors,encoding_table)[0]
           ^^^^^^^^^^^^^^^^^^^^^^^^^^^^^^^^^^^^^^^^^^^^^^^^^^^^^^^
UnicodeEncodeError: 'charmap' codec can't encode character '\u2713' in position 2: character maps to <undefined>
============================================================ 
Run finished: Thu 11/06/2026  9:00:05.00 
============================================================ 
============================================================ 
Run started: Thu 11/06/2026 13:00:01.46 
============================================================ 
BYBIT SIMULATION ENGINE
=========================================================
Scan:          2026-06-11 13:00:03
Balance:       9508.00 USDT
Open positions:5
Scan #:        15
=========================================================

Checking open positions for TP/SL...
  >> TONUSDT STOP_LOSS: LOSS  PnL -10.0000 USDT  (-10.0% of margin)

Fetching macro context...
  Fear & Greed:  12 — Extreme Fear
  BTC Dominance: 56.2%
  Regime:        FEAR — caution on shorts, favour longs

Available slots: 16

Analysing BTCUSDT...
  BUY  LONG  | Conf: 62% | Lev: 5x | Risk: MEDIUM | Funding: +0.0038%
  Macro environment heavily favours longs (Extreme Fear regime, high BTC dominance). Funding rate is benign at +
Analysing ETHUSDT...
  HOLD       | Conf: 35% | Lev: 5x | Risk: MEDIUM | Funding: +0.0086%
  Mixed signals prevent conviction: macro fear regime favours longs, but 7d momentum is deeply negative (-9.24%)
Analysing BNBUSDT...
  HOLD       | Conf: 35% | Lev: 5x | Risk: MEDIUM | Funding: +0.0049%
  Mixed signals prevent conviction despite macro tailwind (extreme fear favours longs). 7d momentum is negative 
Analysing SOLUSDT...
  HOLD       | Conf: 35% | Lev: 5x | Risk: MEDIUM | Funding: +0.0100%
  Mixed signals with no clear conviction. While macro fear regime favors longs and funding is reasonable (+0.010
Analysing XRPUSDT...
  HOLD       | Conf: 35% | Lev: 5x | Risk: HIGH | Funding: -0.0041%
  RSI at 33.3 signals oversold conditions, supporting a potential long bias in the FEAR regime, but strong negat
Skipping DOGEUSDT — position open
Skipping ADAUSDT — position open
Analysing TRXUSDT...
  HOLD       | Conf: 35% | Lev: 5x | Risk: HIGH | Funding: -0.0182%
  RSI at 27.9 indicates oversold conditions with potential bounce merit, and negative funding rate (-0.0182%) su
Analysing AVAXUSDT...
  HOLD       | Conf: 35% | Lev: 5x | Risk: MEDIUM | Funding: +0.0026%
  AVAX shows weak momentum (-18.97% 7d, -1.03% 24h) with RSI at 37.6 indicating oversold conditions, but macro e
Analysing TONUSDT...
  HOLD       | Conf: 35% | Lev: 5x | Risk: HIGH | Funding: -0.0231%
  TON exhibits conflicting signals: RSI at 34 (oversold) and negative momentum (-9.17% 7d) suggest downtrend, bu
Analysing LINKUSDT...
  HOLD       | Conf: 35% | Lev: 5x | Risk: MEDIUM | Funding: -0.0076%
  While macro conditions favour longs (extreme fear regime, negative funding), LINK shows weak technicals with -
Analysing DOTUSDT...
  BUY  LONG  | Conf: 62% | Lev: 5x | Risk: MEDIUM | Funding: +0.0067%
  Extreme Fear regime favours longs; RSI at 36.7 indicates oversold conditions with room for mean reversion. Fun
Skipping LTCUSDT — position open
Analysing NEARUSDT...
  HOLD       | Conf: 35% | Lev: 5x | Risk: HIGH | Funding: +0.0100%
  Mixed signals prevent conviction: macro environment favors longs (extreme fear, BTC dominance high), but NEAR 
Analysing BCHUSDT...
  HOLD       | Conf: 35% | Lev: 5x | Risk: MEDIUM | Funding: +0.0010%
  Mixed signals prevent conviction: while macro fear regime and RSI 35.7 (oversold) favour a long, the 7-day mom
Analysing APTUSDT...
  BUY  LONG  | Conf: 62% | Lev: 5x | Risk: MEDIUM | Funding: -0.0044%
  Extreme fear macro environment favours longs per decision rules, and RSI at 35.8 shows oversold conditions wit
Analysing ICPUSDT...
  HOLD       | Conf: 35% | Lev: 5x | Risk: MEDIUM | Funding: -0.0071%
  ICP shows bearish momentum (-23.75% 7d, RSI 37.8) conflicting with extreme fear macro environment favoring lon
Analysing HBARUSDT...
  HOLD       | Conf: 35% | Lev: 5x | Risk: MEDIUM | Funding: -0.0050%
  Mixed signals prevent conviction: RSI 36.3 shows oversold conditions supporting a potential long in extreme fe
Analysing UNIUSDT...
  HOLD       | Conf: 35% | Lev: 5x | Risk: MEDIUM | Funding: +0.0100%
  Mixed signals prevent conviction: RSI at 36.7 suggests oversold conditions supporting a long thesis, and macro
Skipping SUIUSDT — position open
Analysing HYPEUSDT...
  BUY  LONG  | Conf: 62% | Lev: 5x | Risk: HIGH | Funding: +0.0100%
  Extreme Fear environment favours longs; RSI at 22.1 signals oversold conditions with price 3.48% above 7d low,

=========================================================
Candidates: 0

=========================================================
Scan #15 complete
Equity:        9981.81 USDT  (-18.19 USDT overall)
Trades:        3 closed  (1W / 2L  33% win rate)
Open positions:4
New trades:    0
Done.
============================================================ 
Run finished: Thu 11/06/2026 13:33:24.19 
============================================================ 
============================================================ 
Run started: Thu 11/06/2026 17:00:00.95 
============================================================ 
BYBIT SIMULATION ENGINE
=========================================================
Scan:          2026-06-11 17:00:03
Balance:       9598.00 USDT
Open positions:4
Scan #:        16
=========================================================

Checking open positions for TP/SL...

Fetching macro context...
  Fear & Greed:  12 — Extreme Fear
  BTC Dominance: 56.3%
  Regime:        FEAR — caution on shorts, favour longs

Available slots: 16

Analysing BTCUSDT...
  BUY  LONG  | Conf: 62% | Lev: 5x | Risk: MEDIUM | Funding: +0.0100%
  Extreme fear environment and macro regime favor longs; price near 7d low (6.18% above) with neutral RSI (48.2)
Analysing ETHUSDT...
  HOLD       | Conf: 35% | Lev: 5x | Risk: MEDIUM | Funding: +0.0096%
  Mixed signals prevent conviction: while macro fear regime and moderate funding favour longs, ETH shows negativ
Analysing BNBUSDT...
  BUY  LONG  | Conf: 62% | Lev: 5x | Risk: MEDIUM | Funding: +0.0100%
  Macro environment favours longs (extreme fear, market regime supportive). Price sits 7.1% above 7d low with +1
Analysing SOLUSDT...
  HOLD       | Conf: 35% | Lev: 5x | Risk: MEDIUM | Funding: +0.0100%
  Mixed signals with weak conviction: 7d momentum is negative (-5.86%) and RSI at 43.7 shows neutral positioning
Analysing XRPUSDT...
  HOLD       | Conf: 35% | Lev: 5x | Risk: MEDIUM | Funding: +0.0068%
  XRP shows mixed signals: RSI at 37 suggests oversold conditions and macro FEAR regime favours longs, but negat
Skipping DOGEUSDT — position open
Skipping ADAUSDT — position open
Analysing TRXUSDT...
  HOLD       | Conf: 35% | Lev: 5x | Risk: HIGH | Funding: -0.0114%
  RSI at 32.1 signals oversold conditions favoring reversal, and macro environment shows extreme fear supporting
Analysing AVAXUSDT...
  HOLD       | Conf: 35% | Lev: 5x | Risk: MEDIUM | Funding: +0.0099%
  Mixed signals prevent conviction: 7d momentum is -15.94% with price 16.35% below 7d high (downtrend structure)
Analysing TONUSDT...
  HOLD       | Conf: 35% | Lev: 5x | Risk: MEDIUM | Funding: -0.0104%
  TON shows mixed signals with weak momentum (-5.14% 7d), depressed RSI (40.1) suggesting potential oversold con
Analysing LINKUSDT...
  HOLD       | Conf: 35% | Lev: 5x | Risk: MEDIUM | Funding: +0.0100%
  Mixed signals with conflicting technicals: price sits mid-range (11% above 7d low, 4.5% below 7d high) but mom
Analysing DOTUSDT...
  HOLD       | Conf: 35% | Lev: 5x | Risk: MEDIUM | Funding: +0.0030%
  Mixed signals prevent conviction: while macro environment favours longs (extreme fear regime), DOT shows weak 
Skipping LTCUSDT — position open
Analysing NEARUSDT...
  HOLD       | Conf: 35% | Lev: 5x | Risk: MEDIUM | Funding: +0.0100%
  NEAR shows conflicting signals: strong negative momentum (-14.85% 7d, -1.73% 24h) and depressed volume (-38.7%
Analysing BCHUSDT...
  HOLD       | Conf: 35% | Lev: 5x | Risk: MEDIUM | Funding: +0.0100%
  BCH shows mixed signals with weak 7-day momentum (-18.14%) and RSI at 40.4 indicating neither overbought nor o
Analysing APTUSDT...
  HOLD       | Conf: 35% | Lev: 5x | Risk: MEDIUM | Funding: +0.0100%
  APT shows strong downtrend (-17.16% 7d, -19.37% from 7d high) with weak momentum and RSI at 39.4 indicating ov
Analysing ICPUSDT...
  HOLD       | Conf: 35% | Lev: 5x | Risk: MEDIUM | Funding: -0.0033%
  Mixed signals prevent conviction: 7d momentum is deeply negative (-16.78%) and price is 21.69% below 7d high, 
Analysing HBARUSDT...
  HOLD       | Conf: 35% | Lev: 5x | Risk: MEDIUM | Funding: +0.0018%
  Mixed signals prevent conviction: 7d momentum is strongly negative (-7.97%) and price is 10.05% below 7d high,
Analysing UNIUSDT...
  HOLD       | Conf: 35% | Lev: 5x | Risk: MEDIUM | Funding: -0.0015%
  Mixed signals prevent clear conviction: 7d momentum is negative (-6.93%) and volume is declining (-27.7%), but
Skipping SUIUSDT — position open
Analysing HYPEUSDT...
  BUY  LONG  | Conf: 62% | Lev: 5x | Risk: HIGH | Funding: -0.0088%
  Extreme Fear environment (12 FGI) favours longs, and RSI at 27 indicates oversold conditions with potential me

=========================================================
Candidates: 0

=========================================================
Scan #16 complete
Equity:        9999.51 USDT  (-0.49 USDT overall)
Trades:        3 closed  (1W / 2L  33% win rate)
Open positions:4
New trades:    0
Done.
============================================================ 
Run finished: Thu 11/06/2026 17:01:55.85 
============================================================ 
============================================================ 
Run started: Thu 11/06/2026 21:00:00.72 
============================================================ 
BYBIT SIMULATION ENGINE
=========================================================
Scan:          2026-06-11 21:00:02
Balance:       9598.00 USDT
Open positions:4
Scan #:        17
=========================================================

Checking open positions for TP/SL...

Fetching macro context...
  Fear & Greed:  12 — Extreme Fear
  BTC Dominance: 56.3%
  Regime:        FEAR — caution on shorts, favour longs

Available slots: 16

Analysing BTCUSDT...
  BUY  LONG  | Conf: 68% | Lev: 5x | Risk: MEDIUM | Funding: +0.0100%
  Positive 24h momentum (+3.43%) with price near 7d high (-2.14%) in extreme fear environment favours long setup
Analysing ETHUSDT...
  HOLD       | Conf: 45% | Lev: 5x | Risk: MEDIUM | Funding: +0.0069%
  Mixed signals prevent high-conviction entry: 24h momentum is positive (+2.31%) but 7d momentum is negative (-5
Analysing BNBUSDT...
  BUY  LONG  | Conf: 62% | Lev: 5x | Risk: LOW | Funding: +0.0100%
  Macro environment favours longs (extreme fear, caution on shorts). Price sits 7.71% above 7d low with positive
Analysing SOLUSDT...
  HOLD       | Conf: 35% | Lev: 5x | Risk: MEDIUM | Funding: +0.0100%
  Mixed signals prevent conviction: 24h momentum is positive (+3.12%) and funding is healthy (+0.0100%), but 7d 
Analysing XRPUSDT...
  HOLD       | Conf: 35% | Lev: 5x | Risk: MEDIUM | Funding: +0.0100%
  Mixed signals prevent conviction: 24h momentum is weakly positive (+1.45%) but 7d momentum is negative (-3.06%
Skipping DOGEUSDT — position open
Skipping ADAUSDT — position open
Analysing TRXUSDT...
  HOLD       | Conf: 35% | Lev: 5x | Risk: MEDIUM | Funding: -0.0103%
  Mixed signals prevent conviction: RSI at 36 (oversold) and negative 7d momentum (-1.82%) suggest weakness, but
Analysing AVAXUSDT...
  HOLD       | Conf: 35% | Lev: 5x | Risk: MEDIUM | Funding: +0.0080%
  Mixed signals prevent conviction: while macro Fear regime favours longs and funding is benign (+0.0080%), AVAX
Analysing TONUSDT...
  HOLD       | Conf: 35% | Lev: 5x | Risk: MEDIUM | Funding: -0.0259%
  Mixed signals prevent conviction: while macro favours longs (extreme fear regime) and funding is neutral (-0.0
Analysing LINKUSDT...
  BUY  LONG  | Conf: 62% | Lev: 5x | Risk: MEDIUM | Funding: +0.0100%
  Macro environment favours longs (extreme fear, low BTC dominance). LINK shows resilience with +2.26% 24h momen
Analysing DOTUSDT...
  HOLD       | Conf: 35% | Lev: 5x | Risk: MEDIUM | Funding: +0.0100%
  Mixed signals prevent conviction: while macro fear environment favours longs and 24h momentum is positive (+1.
Skipping LTCUSDT — position open
Analysing NEARUSDT...
  HOLD       | Conf: 35% | Lev: 5x | Risk: MEDIUM | Funding: +0.0072%
  NEAR shows weak technicals with -17.67% 7d momentum, RSI at 47.8 (neutral), and volume 35.6% below average—ins
Analysing BCHUSDT...
  HOLD       | Conf: 35% | Lev: 5x | Risk: MEDIUM | Funding: +0.0100%
  Mixed signals prevent conviction: 24h momentum is positive (+3.46%) but 7d momentum is deeply negative (-18.16
Analysing APTUSDT...
  HOLD       | Conf: 35% | Lev: 5x | Risk: MEDIUM | Funding: -0.0174%
  APT exhibits mixed signals in extreme fear macro environment. Negative momentum (-15.50% 7d, -1.04% 24h) and l
Analysing ICPUSDT...
  HOLD       | Conf: 35% | Lev: 5x | Risk: MEDIUM | Funding: -0.0176%
  Mixed signals prevent conviction: while macro environment favours longs and funding is neutral (not excessive)
Analysing HBARUSDT...
  HOLD       | Conf: 35% | Lev: 5x | Risk: MEDIUM | Funding: +0.0049%
  Mixed signals prevent conviction: 24h momentum is slightly positive (+1.30%) but 7d momentum is strongly negat
Analysing UNIUSDT...
  HOLD       | Conf: 35% | Lev: 5x | Risk: MEDIUM | Funding: -0.0135%
  Mixed signals prevent conviction: 24h momentum is positive (+3.33%) and macro environment favours longs during
Skipping SUIUSDT — position open
Analysing HYPEUSDT...
  HOLD       | Conf: 35% | Lev: 5x | Risk: HIGH | Funding: -0.0121%
  RSI of 32.3 signals oversold conditions (< 25 threshold approaching), but 7d momentum is strongly negative (-1

=========================================================
Candidates: 1

Opening LONG — BTCUSDT:
  >> FILLED LONG BTCUSDT @ 63092.0  TP: 65615.68  SL: 61830.16  Lev: 5x  Margin: $100.0

=========================================================
Scan #17 complete
Equity:        10009.42 USDT  (+9.42 USDT overall)
Trades:        3 closed  (1W / 2L  33% win rate)
Open positions:5
New trades:    1
Done.
============================================================ 
Run finished: Thu 11/06/2026 21:01:50.30 
============================================================ 
