============================================================ 
Run started: Fri 19/06/2026  1:00:01.45 
============================================================ 
BYBIT SIMULATION ENGINE
=========================================================
Scan:          2026-06-19 01:00:03
Balance:       8970.00 USDT
Open positions:9
Scan #:        47
=========================================================

Fetching macro context...
  Fear & Greed:  15 — Extreme Fear
  BTC Dominance: 56.0%
  Regime:        FEAR — market oversold, slight long bias but follow technicals

Checking open positions for TP/SL...
  >> HYPEUSDT STOP_LOSS: LOSS  PnL -10.0000 USDT  (-10.0% of margin)
Available slots: 12

Analysing BTCUSDT...
  HOLD       | Conf: 35% | Lev: 5x | Risk: HIGH | Funding: -0.0005%
  RSI at 28.1 is oversold (< 25 threshold), triggering HIGH risk despite positive 7d momentum (+1.60%) and negat
Skipping ETHUSDT — position open
Analysing BNBUSDT...
  SELL SHORT | Conf: 72% | Lev: 6x | Risk: HIGH | Funding: -0.0047%
  7d momentum of -4.87% combined with price 9.14% below 7d high meets short criteria. Extreme RSI of 14.7 (< 25)
  Skipping HIGH risk (conf 72% < 82%)
Analysing SOLUSDT...
  HOLD       | Conf: 35% | Lev: 5x | Risk: HIGH | Funding: +0.0100%
  While 7d momentum is positive (+2.45%) and volume is strong (+42.3%), the 24h momentum is deeply negative (-4.
Analysing XRPUSDT...
  HOLD       | Conf: 35% | Lev: 5x | Risk: HIGH | Funding: -0.0045%
  RSI at 22.8 is deeply oversold (<25), triggering HIGH risk classification and violating SELL rule (RSI must be
Analysing DOGEUSDT...
  SELL SHORT | Conf: 72% | Lev: 5x | Risk: HIGH | Funding: +0.0042%
  7d momentum of -4.93% combined with price at 0.51% from 7d low (near bottom) and -11.07% from 7d high meets SE
  Skipping HIGH risk (conf 72% < 82%)
Analysing ADAUSDT...
  SELL SHORT | Conf: 72% | Lev: 6x | Risk: HIGH | Funding: -0.0312%
  7d momentum of -5.26% combined with price 15.54% below 7d high meets SELL criteria. RSI at 16.4 is oversold (<
  Skipping HIGH risk (conf 72% < 82%)
Skipping TRXUSDT — position open
Analysing AVAXUSDT...
  SELL SHORT | Conf: 68% | Lev: 5x | Risk: HIGH | Funding: -0.0224%
  7d momentum of -5.88% combined with price 11.32% below 7d high and elevated volume (+160.6%) meets short entry
  Skipping HIGH risk (conf 68% < 82%)
Skipping TONUSDT — position open
Analysing LINKUSDT...
  SELL SHORT | Conf: 72% | Lev: 6x | Risk: HIGH | Funding: -0.0176%
  7d momentum at -1.70% approaches -10% threshold and price is 9.20% below 7d high, meeting short entry criteria
  Skipping HIGH risk (conf 72% < 82%)
Analysing DOTUSDT...
  HOLD       | Conf: 35% | Lev: 5x | Risk: HIGH | Funding: -0.0258%
  RSI at 32.3 is critically oversold (< 25 threshold breached), triggering HIGH risk classification and disquali
Analysing LTCUSDT...
  BUY  LONG  | Conf: 68% | Lev: 5x | Risk: MEDIUM | Funding: +0.0075%
  7d momentum is positive (+1.17%) and RSI at 28.1 is oversold but not critically (<25 threshold), signaling bou
Analysing NEARUSDT...
  HOLD       | Conf: 35% | Lev: 5x | Risk: MEDIUM | Funding: +0.0100%
  Mixed signals prevent high-conviction entry: 24h momentum is negative (-1.35%), failing the BUY rule, while 7d
Analysing BCHUSDT...
  SELL SHORT | Conf: 72% | Lev: 5x | Risk: HIGH | Funding: -0.0315%
  7d momentum at -4.54% approaches threshold; price is -15.41% below 7d high (well beyond 8% rule); volume surge
  Skipping HIGH risk (conf 72% < 82%)
Analysing APTUSDT...
  SELL SHORT | Conf: 72% | Lev: 6x | Risk: MEDIUM | Funding: -0.0143%
  7d momentum is -4.24% (not < -10%, marginal miss), but price is -12.86% from 7d high (exceeding -8% threshold)
Analysing ICPUSDT...
  SELL SHORT | Conf: 72% | Lev: 6x | Risk: HIGH | Funding: -0.0709%
  7d momentum at -3.24% is below the -10% threshold boundary, but price is -15.79% from 7d high, well exceeding 
  Skipping HIGH risk (conf 72% < 82%)
Skipping HBARUSDT — position open
Skipping UNIUSDT — position open
Analysing SUIUSDT...
  SELL SHORT | Conf: 72% | Lev: 6x | Risk: HIGH | Funding: -0.0064%
  7d momentum is -6.50% (approaching -10% threshold) and price is -13.89% below 7d high, meeting short entry cri
  Skipping HIGH risk (conf 72% < 82%)
Analysing HYPEUSDT...
  BUY  LONG  | Conf: 72% | Lev: 5x | Risk: MEDIUM | Funding: +0.0100%
  7d momentum strong at +14.67% with positive volume trend (+16%) confirming conviction, despite weak 24h moment
Skipping AAVEUSDT — position open
Skipping ALGOUSDT — position open
Skipping ENAUSDT — position open
Skipping UNIUSDT — position open
Analysing TAOUSDT...
  HOLD       | Conf: 35% | Lev: 5x | Risk: HIGH | Funding: +0.0050%
  RSI at 22.9 is deeply oversold (<25), triggering HIGH risk flag and disqualifying both BUY and SELL signals de

=========================================================
Candidates: 3

Opening SHORT — APTUSDT:
  >> FILLED SHORT APTUSDT @ 0.6236  TP: 0.598656  SL: 0.636072  Lev: 6x  Margin: $100.0

Opening LONG — HYPEUSDT:
  >> FILLED LONG HYPEUSDT @ 67.248  TP: 69.93792  SL: 65.90304  Lev: 5x  Margin: $100.0

Opening LONG — LTCUSDT:
  >> FILLED LONG LTCUSDT @ 43.09  TP: 44.8136  SL: 42.2282  Lev: 5x  Margin: $100.0

=========================================================
Scan #47 complete
Equity:        9890.35 USDT  (-109.65 USDT overall)
Trades:        56 closed  (21W / 35L  38% win rate)
Open positions:11
New trades:    3
Done.
============================================================ 
Run finished: Fri 19/06/2026  2:33:20.43 
============================================================ 
============================================================ 
Run started: Fri 19/06/2026  5:00:00.98 
============================================================ 
BYBIT SIMULATION ENGINE
=========================================================
Scan:          2026-06-19 05:00:02
Balance:       8760.00 USDT
Open positions:11
Scan #:        48
=========================================================

Fetching macro context...
  Fear & Greed:  15 — Extreme Fear
  BTC Dominance: N/A%
  Regime:        FEAR — market oversold, slight long bias but follow technicals

Checking open positions for TP/SL...
  >> ETHUSDT STOP_LOSS: LOSS  PnL -12.0000 USDT  (-12.0% of margin)
  >> ENAUSDT STOP_LOSS: LOSS  PnL -12.0013 USDT  (-12.0% of margin)
  >> AAVEUSDT STOP_LOSS: LOSS  PnL -12.0000 USDT  (-12.0% of margin)
  >> UNIUSDT STOP_LOSS: LOSS  PnL -10.0000 USDT  (-10.0% of margin)
Available slots: 13

Analysing BTCUSDT...
  HOLD       | Conf: 35% | Lev: 5x | Risk: HIGH | Funding: -0.0168%
  RSI at 25 is deeply oversold and triggers HIGH risk flag, blocking any new entry despite extreme fear conditio
Analysing ETHUSDT...
  HOLD       | Conf: 35% | Lev: 5x | Risk: HIGH | Funding: +0.0005%
  RSI at 25.5 is oversold (<25 threshold) triggering HIGH risk flag, disqualifying both BUY and SELL signals des
Analysing BNBUSDT...
  SELL SHORT | Conf: 72% | Lev: 6x | Risk: HIGH | Funding: +0.0071%
  7d momentum of -4.49% combined with price 8.77% below 7d high meets short criteria. Volume surge (+104.1%) con
  Skipping HIGH risk (conf 72% < 82%)
Analysing SOLUSDT...
  BUY  LONG  | Conf: 62% | Lev: 5x | Risk: MEDIUM | Funding: +0.0100%
  7d momentum is positive (+3.00%), volume is significantly elevated (+82%), and funding rate is benign (+0.0100
Analysing XRPUSDT...
  HOLD       | Conf: 35% | Lev: 5x | Risk: HIGH | Funding: +0.0004%
  RSI at 21.8 is deeply oversold (<25), triggering HIGH risk status and conflicting with sell rules (RSI must be
Analysing DOGEUSDT...
  SELL SHORT | Conf: 72% | Lev: 5x | Risk: HIGH | Funding: +0.0009%
  7d momentum at -4.55% approaches -10% threshold while price sits 10.71% below 7d high, meeting SELL criteria. 
  Skipping HIGH risk (conf 72% < 82%)
Analysing ADAUSDT...
  SELL SHORT | Conf: 68% | Lev: 5x | Risk: HIGH | Funding: +0.0100%
  ADA meets SELL criteria: 7d momentum is -3.96% (below -10% threshold not met, but combined with -14.38% distan
  Skipping HIGH risk (conf 68% < 82%)
Skipping TRXUSDT — position open
Analysing AVAXUSDT...
  SELL SHORT | Conf: 72% | Lev: 6x | Risk: MEDIUM | Funding: -0.0140%
  7d momentum of -5.15% fails the -10% threshold, but price is -10.63% from 7d high (exceeds 8% rule), volume su
Skipping TONUSDT — position open
Analysing LINKUSDT...
  SELL SHORT | Conf: 72% | Lev: 6x | Risk: MEDIUM | Funding: -0.0007%
  7d momentum of -0.79% approaches -10% threshold, price is 8.37% below 7d high, and RSI at 33.1 remains above o
Analysing DOTUSDT...
  HOLD       | Conf: 35% | Lev: 5x | Risk: HIGH | Funding: -0.0091%
  RSI at 35.5 is approaching oversold territory (<30), blocking a SHORT signal despite 7d momentum at -0.42% fai
Skipping LTCUSDT — position open
Analysing NEARUSDT...
  HOLD       | Conf: 35% | Lev: 5x | Risk: HIGH | Funding: +0.0100%
  RSI at 26.1 is oversold (<25 threshold), triggering HIGH risk flag and disqualifying both BUY and SELL signals
Analysing BCHUSDT...
  SELL SHORT | Conf: 72% | Lev: 5x | Risk: HIGH | Funding: -0.0199%
  7d momentum deeply negative at -3.71% (approaching -10% threshold) and price is 14.68% below 7d high, meeting 
  Skipping HIGH risk (conf 72% < 82%)
Skipping APTUSDT — position open
Analysing ICPUSDT...
  SELL SHORT | Conf: 68% | Lev: 6x | Risk: MEDIUM | Funding: -0.0114%
  7d momentum of -1.67% does not meet the <-10% threshold for a clean SELL signal, but price is 14.42% below 7d 
Skipping HBARUSDT — position open
Analysing UNIUSDT...
  BUY  LONG  | Conf: 68% | Lev: 5x | Risk: MEDIUM | Funding: +0.0048%
  7d momentum strongly positive (+19.05%) with RSI neutral (49.0) and volume confirmation (+48.7%), meeting core
Analysing SUIUSDT...
  SELL SHORT | Conf: 72% | Lev: 6x | Risk: HIGH | Funding: -0.0036%
  7d momentum is -5.66% (approaching -10% threshold) and price is -13.11% from 7d high, meeting short entry crit
  Skipping HIGH risk (conf 72% < 82%)
Skipping HYPEUSDT — position open
Analysing AAVEUSDT...
  BUY  LONG  | Conf: 62% | Lev: 5x | Risk: MEDIUM | Funding: +0.0100%
  7d momentum is strongly positive at +11.90% (well above -10% threshold) and price is recovering within the 24h
Skipping ALGOUSDT — position open
Analysing ENAUSDT...
  BUY  LONG  | Conf: 68% | Lev: 5x | Risk: LOW | Funding: +0.0017%
  7d momentum strongly positive (+15.13%) with RSI neutral (54.6), well below overbought threshold. Volume surge
Analysing UNIUSDT...
  BUY  LONG  | Conf: 72% | Lev: 5x | Risk: LOW | Funding: +0.0047%
  7d momentum of +19.05% and RSI at 49.0 (neutral, not overbought) satisfy BUY criteria. Volume is elevated (+48
Analysing TAOUSDT...
  HOLD       | Conf: 35% | Lev: 5x | Risk: HIGH | Funding: +0.0050%
  Mixed signals prevent high-conviction entry: 24h momentum is negative (-5.12%), failing the primary BUY rule d

=========================================================
Candidates: 6

Opening SHORT — AVAXUSDT:
  >> FILLED SHORT AVAXUSDT @ 6.321  TP: 6.06816  SL: 6.44742  Lev: 6x  Margin: $100.0

Opening SHORT — LINKUSDT:
  >> FILLED SHORT LINKUSDT @ 7.875  TP: 7.56  SL: 8.0325  Lev: 6x  Margin: $100.0

Opening LONG — UNIUSDT:
  >> FILLED LONG UNIUSDT @ 2.981  TP: 3.10024  SL: 2.92138  Lev: 5x  Margin: $100.0

Opening SHORT — ICPUSDT:
  >> FILLED SHORT ICPUSDT @ 2.244  TP: 2.15424  SL: 2.28888  Lev: 6x  Margin: $100.0

Opening LONG — UNIUSDT:
  >> FILLED LONG UNIUSDT @ 2.981  TP: 3.10024  SL: 2.92138  Lev: 5x  Margin: $100.0

Opening LONG — ENAUSDT:
  >> FILLED LONG ENAUSDT @ 0.08941  TP: 0.092986  SL: 0.087622  Lev: 5x  Margin: $100.0

=========================================================
Scan #48 complete
Equity:        9730.33 USDT  (-269.67 USDT overall)
Trades:        60 closed  (21W / 39L  35% win rate)
Open positions:12
New trades:    6
Done.
============================================================ 
Run finished: Fri 19/06/2026  5:33:32.14 
============================================================ 
============================================================ 
Run started: Fri 19/06/2026  9:00:01.10 
============================================================ 
BYBIT SIMULATION ENGINE
=========================================================
Scan:          2026-06-19 09:00:02
Balance:       8514.00 USDT
Open positions:12
Scan #:        49
=========================================================

Fetching macro context...
  Fear & Greed:  15 — Extreme Fear
  BTC Dominance: 55.9%
  Regime:        FEAR — market oversold, slight long bias but follow technicals

Checking open positions for TP/SL...
  >> APTUSDT STOP_LOSS: LOSS  PnL -12.0000 USDT  (-12.0% of margin)
Available slots: 9

Analysing BTCUSDT...
  HOLD       | Conf: 35% | Lev: 5x | Risk: HIGH | Funding: -0.0056%
  RSI at 29.3 is oversold (< 30), triggering HIGH risk classification and violating the SELL rule requirement (R
Analysing ETHUSDT...
  HOLD       | Conf: 35% | Lev: 5x | Risk: MEDIUM | Funding: +0.0077%
  24h momentum is negative (-2.40%), failing the primary BUY condition despite positive 7d momentum (+2.08%) and
Analysing BNBUSDT...
  SELL SHORT | Conf: 72% | Lev: 6x | Risk: HIGH | Funding: +0.0100%
  7d momentum of -4.58% combined with price 8.68% below 7d high triggers SELL criteria. RSI at 23.1 is oversold 
  Skipping HIGH risk (conf 72% < 82%)
Analysing SOLUSDT...
  HOLD       | Conf: 35% | Lev: 5x | Risk: MEDIUM | Funding: +0.0100%
  24h momentum is negative (-3.51%), failing the primary BUY condition despite positive 7d momentum (+3.86%) and
Analysing XRPUSDT...
  HOLD       | Conf: 35% | Lev: 5x | Risk: HIGH | Funding: +0.0071%
  RSI at 28.8 is oversold (< 30), violating SELL rule requirement. While 7d momentum is near breakeven (+0.18%) 
Analysing DOGEUSDT...
  SELL SHORT | Conf: 72% | Lev: 5x | Risk: MEDIUM | Funding: +0.0057%
  7d momentum at -3.14% remains in downtrend zone, price is 9.85% below 7d high (exceeds 8% threshold), and RSI 
Analysing ADAUSDT...
  SELL SHORT | Conf: 72% | Lev: 6x | Risk: MEDIUM | Funding: +0.0100%
  7d momentum of -4.45% combined with price 14.12% below 7d high meets short criteria; RSI at 28.5 is approachin
Skipping TRXUSDT — position open
Skipping AVAXUSDT — position open
Skipping TONUSDT — position open
Skipping LINKUSDT — position open
Analysing DOTUSDT...
  HOLD       | Conf: 35% | Lev: 5x | Risk: MEDIUM | Funding: +0.0100%
  Mixed signals prevent a high-conviction entry. 24h momentum is negative (-3.41%) failing the BUY criteria, whi
Skipping LTCUSDT — position open
Analysing NEARUSDT...
  BUY  LONG  | Conf: 72% | Lev: 5x | Risk: MEDIUM | Funding: +0.0100%
  24h momentum is positive (+1.51%) and 7d momentum (+7.27%) exceeds the -10% threshold, with RSI at 37.2 showin
Analysing BCHUSDT...
  SELL SHORT | Conf: 72% | Lev: 5x | Risk: MEDIUM | Funding: -0.0102%
  7d momentum is -3.27% (above -10% threshold but negative trend confirmed), price is 14.11% below 7d high (exce
Analysing APTUSDT...
  HOLD       | Conf: 35% | Lev: 5x | Risk: MEDIUM | Funding: +0.0044%
  APT fails both entry criteria: 24h momentum is negative (-5.06%), blocking BUY signal; 7d momentum at -1.29% (
Skipping ICPUSDT — position open
Skipping HBARUSDT — position open
Skipping UNIUSDT — position open
Analysing SUIUSDT...
  HOLD       | Conf: 35% | Lev: 5x | Risk: MEDIUM | Funding: +0.0051%
  7d momentum of -3.90% does not meet the -10% threshold for short entry, and 24h momentum is negative (-5.44%),
Skipping HYPEUSDT — position open
Analysing AAVEUSDT...
  BUY  LONG  | Conf: 68% | Lev: 5x | Risk: LOW | Funding: +0.0100%
  24h momentum positive (+0.34%) with strong 7d momentum (+15.25%) well above -10% threshold. RSI at 49.5 shows 
Skipping ALGOUSDT — position open
Skipping ENAUSDT — position open
Skipping UNIUSDT — position open
Analysing TAOUSDT...
  HOLD       | Conf: 35% | Lev: 5x | Risk: HIGH | Funding: +0.0050%
  RSI at 29.7 is critically oversold (<25 threshold), triggering HIGH risk designation and invalidating both BUY

=========================================================
Candidates: 5

Opening SHORT — DOGEUSDT:
  >> FILLED SHORT DOGEUSDT @ 0.08333  TP: 0.079997  SL: 0.084997  Lev: 5x  Margin: $100.0

Opening SHORT — ADAUSDT:
  >> FILLED SHORT ADAUSDT @ 0.163  TP: 0.15648  SL: 0.16626  Lev: 6x  Margin: $100.0

Opening LONG — NEARUSDT:
  >> FILLED LONG NEARUSDT @ 2.2135  TP: 2.30204  SL: 2.16923  Lev: 5x  Margin: $100.0

Opening SHORT — BCHUSDT:
  >> FILLED SHORT BCHUSDT @ 198.4  TP: 190.464  SL: 202.368  Lev: 5x  Margin: $100.0

Opening LONG — AAVEUSDT:
  >> FILLED LONG AAVEUSDT @ 74.08  TP: 77.0432  SL: 72.5984  Lev: 5x  Margin: $100.0

=========================================================
Scan #49 complete
Equity:        9748.02 USDT  (-251.98 USDT overall)
Trades:        61 closed  (21W / 40L  34% win rate)
Open positions:16
New trades:    5
Done.
============================================================ 
Run finished: Fri 19/06/2026  9:29:36.82 
============================================================ 
