============================================================ 
Run started: Thu 16/07/2026  9:00:01.56 
============================================================ 
BYBIT SIMULATION ENGINE
=========================================================
Scan:          2026-07-16 09:00:03
Balance:       9093.29 USDT
Open positions:13
Scan #:        197
=========================================================

Fetching macro context...
  Fear & Greed:  25 — Extreme Fear
  BTC Dominance: 56.2%
  Regime:        FEAR — market oversold, slight long bias but follow technicals

Checking open positions for TP/SL...
  >> SKYUSDT TAKE_PROFIT: WIN  PnL +18.1175 USDT  (+20.0% of margin)

Checking coin bench status...
  Benched (skipped this cycle): ADAUSDT, ALGOUSDT, AVAXUSDT, ENAUSDT, LTCUSDT, NEARUSDT, UNIUSDT
Available slots: 8

Analysing AAVEUSDT...
  HOLD       | Conf: 35% | Lev: 5x | Risk: MEDIUM | Funding: -0.0033% | SFP: NONE
  Mixed signals prevent high-conviction entry. While 7d momentum is positive (+9.05%) and RSI is neutral (54.9),
Skipping APTUSDT — position open
Analysing ATOMUSDT...
  HOLD       | Conf: 35% | Lev: 5x | Risk: MEDIUM | Funding: -0.0006% | SFP: NONE
  ATOM shows weak bearish momentum (-0.35% 7d) but fails to meet short entry criteria (only -3.27% from 7d high 
Skipping BCHUSDT — position open
Skipping BTCUSDT — position open
Skipping BNBUSDT — position open
Skipping DOGEUSDT — position open
Analysing DOTUSDT...
  BUY  LONG  | Conf: 62% | Lev: 5x | Risk: LOW | Funding: +0.0100% | SFP: NONE
  7d momentum is positive (+2.39%) and 24h momentum near neutral (-0.59%), well within buy parameters. Volume is
Skipping ETHUSDT — position open
Analysing HBARUSDT...
  BUY  LONG  | Conf: 68% | Lev: 5x | Risk: LOW | Funding: +0.0092% | SFP: NONE
  24h momentum is positive (+0.92%) and 7d momentum (-1.99%) is well above the -10% threshold, meeting primary B
Analysing HYPEUSDT...
  BUY  LONG  | Conf: 68% | Lev: 5x | Risk: MEDIUM | Funding: +0.0100% | SFP: NONE
  24h momentum is positive (+2.32%) and 7d momentum (-0.80%) is well above the -10% threshold, with RSI at 68.7 
Analysing ICPUSDT...
  HOLD       | Conf: 35% | Lev: 5x | Risk: MEDIUM | Funding: +0.0028% | SFP: NONE
  24h momentum is negative (-1.71%), failing the primary BUY condition despite 7d momentum being above -10%. Whi
Analysing KASUSDT...
  BUY  LONG  | Conf: 62% | Lev: 5x | Risk: LOW | Funding: +0.0050% | SFP: NONE
  24h momentum is positive (+1.37%) and 7d momentum is above the -10% threshold (-0.96%), meeting primary buy cr
Analysing LINKUSDT...
  HOLD       | Conf: 35% | Lev: 5x | Risk: HIGH | Funding: +0.0044% | SFP: NONE
  RSI at 85.5 signals extreme overbought conditions, violating the buy rule (RSI must be <70). While 24h momentu
Analysing MNTUSDT...
  BUY  LONG  | Conf: 62% | Lev: 5x | Risk: LOW | Funding: +0.0097% | SFP: NONE
  24h momentum positive (+0.61%) and 7d momentum well above -10% threshold (+1.09%) with RSI at neutral 51.0, av
Analysing ONDOUSDT...
  HOLD       | Conf: 35% | Lev: 5x | Risk: HIGH | Funding: +0.0050% | SFP: NONE
  RSI at 81.5 is overbought (>75), violating BUY criteria despite positive momentum and strong volume. Price is 
Analysing PAXGUSDT...
  HOLD       | Conf: 45% | Lev: 5x | Risk: MEDIUM | Funding: +0.0050% | SFP: NONE
  Mixed signals prevent a high-conviction entry. While 24h momentum is positive (+0.12%) and RSI (63.1) is not o
Skipping SEIUSDT — position open
Analysing SKYUSDT...
  HOLD       | Conf: 35% | Lev: 5x | Risk: HIGH | Funding: +0.0050% | SFP: NONE
  RSI at 75.9 is overbought (>70 threshold), triggering HIGH risk classification and disqualifying a BUY despite
Skipping SOLUSDT — position open
Skipping SUIUSDT — position open
Analysing TAOUSDT...
  HOLD       | Conf: 35% | Lev: 5x | Risk: MEDIUM | Funding: +0.0050% | SFP: NONE
  TAO shows mixed signals: 7d momentum of -3.08% fails the -10% SELL threshold, and RSI at 35.7 is above the ove
Skipping TONUSDT — position open
Skipping TRXUSDT — position open
Analysing XLMUSDT...
  BUY  LONG  | Conf: 72% | Lev: 6x | Risk: MEDIUM | Funding: +0.0100% | SFP: NONE
  24h momentum is positive (+2.52%) and 7d momentum is strong (+4.36%), well above -10% threshold. Volume is ele
Skipping XPLUSDT — position open
Analysing XRPUSDT...
  BUY  LONG  | Conf: 72% | Lev: 5x | Risk: MEDIUM | Funding: +0.0028% | SFP: NONE
  24h momentum positive (+0.36%) and 7d momentum strong (+2.28%), well above -10% threshold. Volume confirming w
Analysing ZECUSDT...
  HOLD       | Conf: 35% | Lev: 5x | Risk: HIGH | Funding: +0.0100% | SFP: NONE
  RSI at 74.8 is overbought (>70), violating BUY rules despite positive 24h/7d momentum. While 7d momentum of +2

=========================================================
Candidates: 4

Opening LONG — XLMUSDT:
  >> FILLED LONG XLMUSDT @ 0.18901  TP: 0.19657  SL: 0.18523  Lev: 6x  Margin: $92.02
  Skipping XRPUSDT — LONG concentration at 10/20 slots (conf 72% < 82%)
  Skipping HBARUSDT — LONG concentration at 10/20 slots (conf 68% < 82%)
  Skipping HYPEUSDT — LONG concentration at 10/20 slots (conf 68% < 82%)

=========================================================
Scan #197 complete
Equity:        10353.35 USDT  (+353.35 USDT overall)
Trades:        310 closed  (114W / 196L  37% win rate)
Open positions:13
New trades:    1
Done.
============================================================ 
Run finished: Thu 16/07/2026  9:02:06.63 
============================================================ 
============================================================ 
Run started: Thu 16/07/2026 13:00:01.04 
============================================================ 
BYBIT SIMULATION ENGINE
=========================================================
Scan:          2026-07-16 13:00:02
Balance:       9109.97 USDT
Open positions:13
Scan #:        198
=========================================================

Fetching macro context...
  Fear & Greed:  25 — Extreme Fear
  BTC Dominance: 56.1%
  Regime:        FEAR — market oversold, slight long bias but follow technicals

Checking open positions for TP/SL...
  >> BCHUSDT TAKE_PROFIT: WIN  PnL +18.6700 USDT  (+20.0% of margin)

Checking coin bench status...
  Benched (skipped this cycle): ADAUSDT, ALGOUSDT, AVAXUSDT, ENAUSDT, LTCUSDT, NEARUSDT, UNIUSDT
Available slots: 8

Analysing AAVEUSDT...
  HOLD       | Conf: 42% | Lev: 5x | Risk: MEDIUM | Funding: -0.0083% | SFP: NONE
  Mixed signals prevent high-conviction entry: 24h momentum is negative (-2.05%), failing the BUY rule despite h
Skipping APTUSDT — position open
Analysing ATOMUSDT...
  HOLD       | Conf: 35% | Lev: 5x | Risk: MEDIUM | Funding: +0.0006% | SFP: NONE
  24h momentum is negative (-1.24%), failing the BUY requirement despite 7d momentum being within acceptable ran
Analysing BCHUSDT...
  SELL SHORT | Conf: 72% | Lev: 5x | Risk: HIGH | Funding: -0.0358% | SFP: NONE
  7d momentum at -4.57% approaches the -10% threshold, price is 12.44% below 7d high confirming downtrend, and v
  Skipping HIGH risk (conf 72% < 82%)
Skipping BTCUSDT — position open
Skipping BNBUSDT — position open
Skipping DOGEUSDT — position open
Analysing DOTUSDT...
  HOLD       | Conf: 35% | Lev: 5x | Risk: MEDIUM | Funding: -0.0049% | SFP: NONE
  24h momentum is negative (-0.80%), failing the primary BUY requirement despite positive 7d momentum (+2.66%) a
Skipping ETHUSDT — position open
Analysing HBARUSDT...
  HOLD       | Conf: 35% | Lev: 5x | Risk: MEDIUM | Funding: -0.0190% | SFP: NONE
  24h momentum is positive (+0.36%) and RSI at 61.8 supports a BUY signal, but 7d momentum of -2.56% is only mar
Analysing HYPEUSDT...
  HOLD       | Conf: 35% | Lev: 5x | Risk: MEDIUM | Funding: +0.0100% | SFP: NONE
  Mixed signals prevent high-conviction entry. While 24h momentum is slightly negative (-1.22%) and RSI at 66.1 
Analysing ICPUSDT...
  HOLD       | Conf: 35% | Lev: 5x | Risk: MEDIUM | Funding: +0.0100% | SFP: NONE
  7d momentum of -2.11% does not meet the SELL threshold of < -10%, and 24h momentum of -0.77% is negative, fail
Analysing KASUSDT...
  BUY  LONG  | Conf: 68% | Lev: 5x | Risk: MEDIUM | Funding: +0.0050% | SFP: NONE
  24h momentum is positive (+1.15%) and 7d momentum (-0.21%) is well above the -10% threshold, meeting buy crite
Analysing LINKUSDT...
  HOLD       | Conf: 35% | Lev: 5x | Risk: HIGH | Funding: +0.0005% | SFP: NONE
  RSI at 88.8 is critically overbought (>75), triggering HIGH risk flag and violating BUY rule (RSI must be <70)
Analysing MNTUSDT...
  BUY  LONG  | Conf: 68% | Lev: 5x | Risk: LOW | Funding: -0.0111% | SFP: NONE
  24h momentum is positive (+1.61%) and 7d momentum is acceptable (+0.94%), both meeting buy criteria. RSI at 56
Analysing ONDOUSDT...
  HOLD       | Conf: 35% | Lev: 5x | Risk: HIGH | Funding: +0.0050% | SFP: NONE
  RSI at 85.4 is severely overbought (>75), triggering HIGH risk classification and violating the BUY rule (RSI 
Analysing PAXGUSDT...
  HOLD       | Conf: 35% | Lev: 5x | Risk: MEDIUM | Funding: +0.0050% | SFP: NONE
  24h momentum is neutral (-0.05%), failing to meet BUY criteria despite low funding and RSI in mid-range. 7d mo
Skipping SEIUSDT — position open
Analysing SKYUSDT...
  HOLD       | Conf: 35% | Lev: 5x | Risk: HIGH | Funding: +0.0050% | SFP: NONE
  RSI at 73.1 is overbought (approaching >75 threshold) and violates the BUY rule requiring RSI < 70, creating i
Skipping SOLUSDT — position open
Skipping SUIUSDT — position open
Analysing TAOUSDT...
  BUY  LONG  | Conf: 68% | Lev: 5x | Risk: MEDIUM | Funding: +0.0050% | SFP: NONE
  TAO meets BUY criteria: 24h momentum positive at +1.93%, 7d momentum at -0.90% remains above -10% threshold, R
Skipping TONUSDT — position open
Skipping TRXUSDT — position open
Skipping XLMUSDT — position open
Skipping XPLUSDT — position open
Analysing XRPUSDT...
  HOLD       | Conf: 35% | Lev: 5x | Risk: HIGH | Funding: +0.0021% | SFP: NONE
  RSI at 73.1 exceeds the 70 overbought threshold, violating the primary BUY condition despite positive momentum
Analysing ZECUSDT...
  HOLD       | Conf: 35% | Lev: 5x | Risk: HIGH | Funding: +0.0100% | SFP: NONE
  RSI at 77.1 is overbought (>75), triggering HIGH risk classification and disqualifying BUY despite positive mo

=========================================================
Candidates: 3
  Skipping KASUSDT — LONG concentration at 10/20 slots (conf 68% < 82%)
  Skipping MNTUSDT — LONG concentration at 10/20 slots (conf 68% < 82%)
  Skipping TAOUSDT — LONG concentration at 10/20 slots (conf 68% < 82%)

=========================================================
Scan #198 complete
Equity:        10368.15 USDT  (+368.15 USDT overall)
Trades:        311 closed  (115W / 196L  37% win rate)
Open positions:12
New trades:    0
Done.
============================================================ 
Run finished: Thu 16/07/2026 13:03:32.19 
============================================================ 
============================================================ 
Run started: Thu 16/07/2026 17:00:01.32 
============================================================ 
BYBIT SIMULATION ENGINE
=========================================================
Scan:          2026-07-16 17:00:03
Balance:       9221.99 USDT
Open positions:12
Scan #:        199
=========================================================

Fetching macro context...
  Fear & Greed:  25 — Extreme Fear
  BTC Dominance: 56.2%
  Regime:        FEAR — market oversold, slight long bias but follow technicals

Checking open positions for TP/SL...
  >> XPLUSDT TAKE_PROFIT: WIN  PnL +17.9840 USDT  (+20.0% of margin)

Checking coin bench status...
  Benched (skipped this cycle): ADAUSDT, ALGOUSDT, AVAXUSDT, ENAUSDT, LTCUSDT, NEARUSDT, UNIUSDT
Available slots: 9

Analysing AAVEUSDT...
  HOLD       | Conf: 35% | Lev: 5x | Risk: MEDIUM | Funding: -0.0018% | SFP: NONE
  Mixed signals prevent conviction: 7d momentum is positive (+7.99%) and RSI (53.7) is neutral, supporting a pot
Skipping APTUSDT — position open
Analysing ATOMUSDT...
  HOLD       | Conf: 35% | Lev: 5x | Risk: MEDIUM | Funding: -0.0111% | SFP: NONE
  7d momentum at -0.91% fails both BUY (requires >-10%) and SELL (requires <-10%) thresholds, creating mixed sig
Analysing BCHUSDT...
  SELL SHORT | Conf: 72% | Lev: 5x | Risk: MEDIUM | Funding: -0.0220% | SFP: NONE
  7d momentum of -6.35% combined with price 12.08% below 7d high and elevated volume (+130.5%) satisfy short ent
Skipping BTCUSDT — position open
Skipping BNBUSDT — position open
Skipping DOGEUSDT — position open
Analysing DOTUSDT...
  HOLD       | Conf: 35% | Lev: 5x | Risk: MEDIUM | Funding: +0.0031% | SFP: NONE
  24h momentum is negative (-1.55%), failing the primary BUY condition despite positive 7d momentum (+0.67%) and
Skipping ETHUSDT — position open
Analysing HBARUSDT...
  HOLD       | Conf: 35% | Lev: 5x | Risk: MEDIUM | Funding: -0.0133% | SFP: NONE
  7d momentum is -4.45% (above -10% threshold) but combined with -54.7% volume collapse and only 2.97% distance 
Analysing HYPEUSDT...
  HOLD       | Conf: 35% | Lev: 5x | Risk: MEDIUM | Funding: +0.0100% | SFP: NONE
  Mixed signals prevent a high-conviction trade. While 7d momentum at -1.98% is above the -10% short threshold a
Analysing ICPUSDT...
  HOLD       | Conf: 35% | Lev: 5x | Risk: MEDIUM | Funding: +0.0100% | SFP: NONE
  Mixed signals prevent a high-conviction trade setup. While 7d momentum (-3.12%) remains above the -10% sell th
Analysing KASUSDT...
  BUY  LONG  | Conf: 62% | Lev: 5x | Risk: MEDIUM | Funding: +0.0050% | SFP: NONE
  24h momentum is positive (+0.56%) and 7d momentum (-0.69%) exceeds the -10% threshold, meeting primary buy cri
Analysing LINKUSDT...
  HOLD       | Conf: 35% | Lev: 5x | Risk: HIGH | Funding: -0.0040% | SFP: NONE
  RSI at 88.7 is critically overbought (>75), signaling extreme buying pressure and high reversal risk despite p
Analysing MNTUSDT...
  BUY  LONG  | Conf: 62% | Lev: 5x | Risk: MEDIUM | Funding: +0.0018% | SFP: NONE
  24h momentum is positive (+0.70%) and 7d momentum at 0.00% exceeds the -10% threshold, with RSI at 60.7 (not o
Analysing ONDOUSDT...
  HOLD       | Conf: 35% | Lev: 5x | Risk: HIGH | Funding: +0.0050% | SFP: NONE
  RSI at 88.3 is severely overbought (>75), triggering HIGH risk criteria and disqualifying a BUY despite positi
Analysing PAXGUSDT...
  HOLD       | Conf: 45% | Lev: 5x | Risk: MEDIUM | Funding: +0.0050% | SFP: NONE
  24h momentum is positive (+0.06%) and RSI at 57.5 is neutral, meeting some BUY criteria, but 7d momentum is -1
Skipping SEIUSDT — position open
Analysing SKYUSDT...
  HOLD       | Conf: 35% | Lev: 5x | Risk: HIGH | Funding: +0.0050% | SFP: NONE
Traceback (most recent call last):
  File "C:\Users\mikej\metac-bot-template\bybit_sim.py", line 861, in <module>
    main()
  File "C:\Users\mikej\metac-bot-template\bybit_sim.py", line 737, in main
    print(f"  {reasoning[:110]}")
  File "C:\Users\mikej\AppData\Local\Programs\Python\Python312\Lib\encodings\cp1252.py", line 19, in encode
    return codecs.charmap_encode(input,self.errors,encoding_table)[0]
           ^^^^^^^^^^^^^^^^^^^^^^^^^^^^^^^^^^^^^^^^^^^^^^^^^^^^^^^
UnicodeEncodeError: 'charmap' codec can't encode character '\u2265' in position 29: character maps to <undefined>
============================================================ 
Run finished: Thu 16/07/2026 17:03:07.96 
============================================================ 
