============================================================ 
Run started: Wed 17/06/2026  5:00:00.65 
============================================================ 
BYBIT SIMULATION ENGINE
=========================================================
Scan:          2026-06-17 05:00:01
Balance:       8338.01 USDT
Open positions:19
Scan #:        37
=========================================================

Checking open positions for TP/SL...
  >> BCHUSDT STOP_LOSS: LOSS  PnL -10.0000 USDT  (-10.0% of margin)

Fetching macro context...
  Fear & Greed:  23 — Extreme Fear
  BTC Dominance: 56.3%
  Regime:        FEAR — market oversold, slight long bias but follow technicals

Available slots: 2

Skipping BTCUSDT — position open
Skipping ETHUSDT — position open
Skipping BNBUSDT — position open
Skipping SOLUSDT — position open
Skipping XRPUSDT — position open
Skipping DOGEUSDT — position open
Skipping ADAUSDT — position open
Skipping TRXUSDT — position open
Skipping AVAXUSDT — position open
Skipping TONUSDT — position open
Skipping LINKUSDT — position open
Skipping DOTUSDT — position open
Skipping LTCUSDT — position open
Analysing NEARUSDT...
  HOLD       | Conf: 45% | Lev: 5x | Risk: MEDIUM | Funding: -0.0168%
  Mixed signals prevent a clear directional bias. While 7d momentum is positive (+4.91%) and volume confirms (+4
Analysing BCHUSDT...
  HOLD       | Conf: 45% | Lev: 5x | Risk: MEDIUM | Funding: -0.0210%
  Mixed signals prevent a clean entry: 24h momentum is negative (-2.37%), failing the BUY criteria despite stron
Skipping APTUSDT — position open
Analysing ICPUSDT...
  HOLD       | Conf: 35% | Lev: 5x | Risk: MEDIUM | Funding: -0.0205%
  Mixed signals prevent conviction: 24h momentum is negative (-3.67%), failing the primary BUY condition, while 
Skipping HBARUSDT — position open
Analysing UNIUSDT...
  HOLD       | Conf: 35% | Lev: 5x | Risk: HIGH | Funding: +0.0100%
  RSI at 88.4 is deeply overbought (>75), violating buy signal criteria despite positive momentum and strong vol
Skipping SUIUSDT — position open
Analysing HYPEUSDT...
  HOLD       | Conf: 35% | Lev: 5x | Risk: HIGH | Funding: +0.0100%
  RSI at 77.2 is overbought (>75), violating BUY rule despite positive momentum and volume confirmation. Price i
Analysing AAVEUSDT...
  HOLD       | Conf: 35% | Lev: 5x | Risk: HIGH | Funding: +0.0100%
  RSI at 72.6 is overbought (>70 threshold), violating BUY criteria despite positive 24h/7d momentum and strong 
Skipping ALGOUSDT — position open
Skipping ENAUSDT — position open
Analysing UNIUSDT...
  HOLD       | Conf: 35% | Lev: 5x | Risk: HIGH | Funding: +0.0100%
  RSI at 88.3 is severely overbought (>75), violating BUY criteria and creating immediate squeeze risk despite s

=========================================================
Candidates: 0

=========================================================
Scan #37 complete
Equity:        10234.28 USDT  (+234.28 USDT overall)
Trades:        32 closed  (18W / 14L  56% win rate)
Open positions:18
New trades:    0
Done.
============================================================ 
Run finished: Wed 17/06/2026  5:01:09.83 
============================================================ 
============================================================ 
Run started: Wed 17/06/2026 13:00:01.35 
============================================================ 
BYBIT SIMULATION ENGINE
=========================================================
Scan:          2026-06-17 13:00:05
Balance:       8428.01 USDT
Open positions:18
Scan #:        38
=========================================================

Checking open positions for TP/SL...

Fetching macro context...
  Fear & Greed:  22 — Extreme Fear
  BTC Dominance: 56.3%
  Regime:        FEAR — market oversold, slight long bias but follow technicals

Available slots: 2

Skipping BTCUSDT — position open
Skipping ETHUSDT — position open
Skipping BNBUSDT — position open
Skipping SOLUSDT — position open
Skipping XRPUSDT — position open
Skipping DOGEUSDT — position open
Skipping ADAUSDT — position open
Skipping TRXUSDT — position open
Skipping AVAXUSDT — position open
Skipping TONUSDT — position open
Skipping LINKUSDT — position open
Skipping DOTUSDT — position open
Skipping LTCUSDT — position open
Analysing NEARUSDT...
  HOLD       | Conf: 35% | Lev: 5x | Risk: MEDIUM | Funding: +0.0019%
  Mixed signals prevent a high-conviction trade: 24h momentum is negative (-2.19%), blocking a BUY despite stron
Analysing BCHUSDT...
  BUY  LONG  | Conf: 72% | Lev: 5x | Risk: MEDIUM | Funding: -0.0043%
  7d momentum is strongly positive at +7.23% and price is only 6.32% below 7d high, indicating uptrend continuat
Skipping APTUSDT — position open
Analysing ICPUSDT...
  BUY  LONG  | Conf: 68% | Lev: 5x | Risk: MEDIUM | Funding: -0.0109%
  24h momentum is positive (+1.62%) and 7d momentum is strong (+7.75%), well above the -10% threshold. RSI at 52
Skipping HBARUSDT — position open
Analysing UNIUSDT...
  HOLD       | Conf: 35% | Lev: 5x | Risk: HIGH | Funding: +0.0100%
  RSI at 95.0 is severely overbought (>75), violating buy rule threshold and creating extreme reversal risk desp
Skipping SUIUSDT — position open
Analysing HYPEUSDT...
  HOLD       | Conf: 35% | Lev: 5x | Risk: HIGH | Funding: +0.0100%
  RSI at 81.1 is significantly overbought (>75), triggering HIGH risk status and disqualifying a BUY despite pos
Analysing AAVEUSDT...
  HOLD       | Conf: 35% | Lev: 5x | Risk: HIGH | Funding: -0.0028%
  RSI at 75.3 signals overbought conditions, violating the BUY rule ceiling of <70. While 24h momentum (+4.33%) 
Skipping ALGOUSDT — position open
Skipping ENAUSDT — position open
Analysing UNIUSDT...
  HOLD       | Conf: 35% | Lev: 5x | Risk: HIGH | Funding: +0.0100%
  RSI at 94.9 is severely overbought (>75 threshold), signaling exhaustion and imminent pullback risk despite st

=========================================================
Candidates: 2

Opening LONG — BCHUSDT:
  >> FILLED LONG BCHUSDT @ 216.4  TP: 225.056  SL: 212.072  Lev: 5x  Margin: $100.0

Opening LONG — ICPUSDT:
  >> FILLED LONG ICPUSDT @ 2.446  TP: 2.54384  SL: 2.39708  Lev: 5x  Margin: $100.0

=========================================================
Scan #38 complete
Equity:        10310.89 USDT  (+310.89 USDT overall)
Trades:        32 closed  (18W / 14L  56% win rate)
Open positions:20
New trades:    2
Done.
============================================================ 
Run finished: Wed 17/06/2026 13:01:07.35 
============================================================ 
============================================================ 
Run started: Wed 17/06/2026 17:00:00.84 
============================================================ 
BYBIT SIMULATION ENGINE
=========================================================
Scan:          2026-06-17 17:00:02
Balance:       8228.01 USDT
Open positions:20
Scan #:        39
=========================================================

Checking open positions for TP/SL...
  >> ENAUSDT STOP_LOSS: LOSS  PnL -10.0011 USDT  (-10.0% of margin)

Fetching macro context...
  Fear & Greed:  22 — Extreme Fear
  BTC Dominance: 56.2%
  Regime:        FEAR — market oversold, slight long bias but follow technicals

Available slots: 1

Skipping BTCUSDT — position open
Skipping ETHUSDT — position open
Skipping BNBUSDT — position open
Skipping SOLUSDT — position open
Skipping XRPUSDT — position open
Skipping DOGEUSDT — position open
Skipping ADAUSDT — position open
Skipping TRXUSDT — position open
Skipping AVAXUSDT — position open
Skipping TONUSDT — position open
Skipping LINKUSDT — position open
Skipping DOTUSDT — position open
Skipping LTCUSDT — position open
Analysing NEARUSDT...
  HOLD       | Conf: 35% | Lev: 5x | Risk: MEDIUM | Funding: +0.0034%
  Mixed signals prevent conviction: 24h momentum is negative (-5.50%) failing BUY criteria, while 7d momentum (+
Skipping BCHUSDT — position open
Skipping APTUSDT — position open
Skipping ICPUSDT — position open
Skipping HBARUSDT — position open
Analysing UNIUSDT...
  HOLD       | Conf: 35% | Lev: 5x | Risk: HIGH | Funding: +0.0100%
  RSI at 94.7 is extremely overbought (>75), violating buy rule threshold and signaling severe squeeze risk desp
Skipping SUIUSDT — position open
Analysing HYPEUSDT...
  HOLD       | Conf: 35% | Lev: 5x | Risk: HIGH | Funding: +0.0002%
  RSI at 73.7 is overbought (>70), violating BUY rule despite positive 24h/7d momentum and low funding. Volume i
Analysing AAVEUSDT...
  BUY  LONG  | Conf: 72% | Lev: 6x | Risk: MEDIUM | Funding: -0.0027%
  24h momentum positive (+0.41%), strong 7d momentum (+22.60%), and funding rate neutral (-0.0027%) align with B
Skipping ALGOUSDT — position open
Analysing ENAUSDT...
  HOLD       | Conf: 35% | Lev: 5x | Risk: MEDIUM | Funding: +0.0047%
  Mixed signals prevent conviction: 24h momentum is negative (-1.84%), disqualifying a BUY despite positive 7d m
Analysing UNIUSDT...
  HOLD       | Conf: 35% | Lev: 5x | Risk: HIGH | Funding: +0.0100%
  RSI at 94.7 is severely overbought (>75), triggering HIGH risk despite positive momentum and volume confirmati
Analysing TAOUSDT...
  HOLD       | Conf: 35% | Lev: 5x | Risk: MEDIUM | Funding: +0.0050%
  Mixed signals prevent confident entry: 7d momentum is strongly positive (+23.44%) and RSI is not oversold (36.

=========================================================
Candidates: 1

Opening LONG — AAVEUSDT:
  >> FILLED LONG AAVEUSDT @ 76.01  TP: 79.0504  SL: 74.4898  Lev: 6x  Margin: $100.0

=========================================================
Scan #39 complete
Equity:        10212.75 USDT  (+212.75 USDT overall)
Trades:        33 closed  (18W / 15L  55% win rate)
Open positions:20
New trades:    1
Done.
============================================================ 
Run finished: Wed 17/06/2026 17:01:21.32 
============================================================ 
============================================================ 
Run started: Wed 17/06/2026 21:00:01.18 
============================================================ 
BYBIT SIMULATION ENGINE
=========================================================
Scan:          2026-06-17 21:00:02
Balance:       8218.01 USDT
Open positions:20
Scan #:        41
=========================================================

Fetching macro context...
  Fear & Greed:  22 — Extreme Fear
  BTC Dominance: 56.1%
  Regime:        FEAR — market oversold, slight long bias but follow technicals

Checking open positions for TP/SL...
  >> ADAUSDT STOP_LOSS: LOSS  PnL -12.0000 USDT  (-12.0% of margin)
  >> BTCUSDT STOP_LOSS: LOSS  PnL -12.0004 USDT  (-12.0% of margin)
  >> HBARUSDT STOP_LOSS: LOSS  PnL -12.0029 USDT  (-12.0% of margin)
Available slots: 3

Analysing BTCUSDT...
  HOLD       | Conf: 35% | Lev: 5x | Risk: MEDIUM | Funding: +0.0058%
  Mixed signals prevent a clear directional bias. 24h momentum is negative (-2.46%), disqualifying a BUY despite
Skipping ETHUSDT — position open
Skipping BNBUSDT — position open
Skipping SOLUSDT — position open
Skipping XRPUSDT — position open
Skipping DOGEUSDT — position open
Analysing ADAUSDT...
  HOLD       | Conf: 35% | Lev: 5x | Risk: MEDIUM | Funding: -0.0169%
  24h momentum is negative (-3.34%), failing the primary BUY criterion despite positive 7d momentum (+1.94%) and
Skipping TRXUSDT — position open
Skipping AVAXUSDT — position open
Skipping TONUSDT — position open
Skipping LINKUSDT — position open
Skipping DOTUSDT — position open
Skipping LTCUSDT — position open
Analysing NEARUSDT...
  HOLD       | Conf: 35% | Lev: 5x | Risk: MEDIUM | Funding: +0.0100%
  Mixed signals prevent high-conviction entry: 24h momentum is negative (-2.34%), failing the primary BUY condit
Skipping BCHUSDT — position open
Skipping APTUSDT — position open
Skipping ICPUSDT — position open
Analysing HBARUSDT...
  HOLD       | Conf: 35% | Lev: 5x | Risk: MEDIUM | Funding: +0.0012%
  Mixed signals prevent high-conviction entry. While 7d momentum is positive (+0.82%) and RSI (42.9) is neutral,
Analysing UNIUSDT...
  HOLD       | Conf: 35% | Lev: 5x | Risk: HIGH | Funding: +0.0099%
  RSI at 71.4 is overbought (>70), violating BUY criteria despite positive momentum and strong volume. The extre
Skipping SUIUSDT — position open
Analysing HYPEUSDT...
  BUY  LONG  | Conf: 72% | Lev: 5x | Risk: LOW | Funding: +0.0100%
  7d momentum strongly positive at +21.99% with price 33.29% above 7d low, indicating recovery strength. RSI 61.
Skipping AAVEUSDT — position open
Skipping ALGOUSDT — position open
Analysing ENAUSDT...
  BUY  LONG  | Conf: 72% | Lev: 6x | Risk: LOW | Funding: +0.0050%
  24h momentum is positive (+3.01%) and 7d momentum is strong (+11.57%), both well above threshold. RSI at 56.1 
Analysing UNIUSDT...
  HOLD       | Conf: 35% | Lev: 5x | Risk: HIGH | Funding: +0.0099%
  RSI at 71.5 is overbought and breaches the <70 buy threshold, creating squeeze risk despite positive momentum.
Analysing TAOUSDT...
  HOLD       | Conf: 35% | Lev: 5x | Risk: HIGH | Funding: +0.0050%
  RSI at 21.9 is deeply oversold (<25), triggering HIGH risk despite strong 7d momentum of +19.48%. 24h momentum

=========================================================
Candidates: 2

Opening LONG — HYPEUSDT:
  >> FILLED LONG HYPEUSDT @ 70.089  TP: 72.89256  SL: 68.68722  Lev: 5x  Margin: $100.0

Opening LONG — ENAUSDT:
  >> FILLED LONG ENAUSDT @ 0.08748  TP: 0.090979  SL: 0.08573  Lev: 6x  Margin: $100.0

=========================================================
Scan #41 complete
Equity:        10109.61 USDT  (+109.61 USDT overall)
Trades:        36 closed  (18W / 18L  50% win rate)
Open positions:19
New trades:    2
Done.
============================================================ 
Run finished: Wed 17/06/2026 22:32:52.56 
============================================================ 
