============================================================ 
Run started: Sat 11/07/2026  1:00:00.45 
============================================================ 
BYBIT SIMULATION ENGINE
=========================================================
Scan:          2026-07-11 01:00:01
Balance:       9151.06 USDT
Open positions:13
Scan #:        169
=========================================================

Fetching macro context...
  Fear & Greed:  23 — Extreme Fear
  BTC Dominance: 56.3%
  Regime:        FEAR — market oversold, slight long bias but follow technicals

Checking open positions for TP/SL...

Checking coin bench status...
  Benched (skipped this cycle): ADAUSDT, ALGOUSDT, AVAXUSDT, ENAUSDT, LTCUSDT, NEARUSDT, UNIUSDT
Available slots: 7

Analysing AAVEUSDT...
  BUY  LONG  | Conf: 72% | Lev: 5x | Risk: MEDIUM | Funding: +0.0100% | SFP: NONE
  24h momentum is positive (+2.33%) and 7d momentum is strong (+6.50%), well above the -10% threshold. Volume is
Analysing APTUSDT...
  HOLD       | Conf: 35% | Lev: 5x | Risk: MEDIUM | Funding: +0.0034% | SFP: NONE
  Mixed signals prevent a high-conviction trade. While 7d momentum is positive (+1.92%) and RSI is neutral (47.5
Skipping ATOMUSDT — position open
Skipping BCHUSDT — position open
Analysing BTCUSDT...
  BUY  LONG  | Conf: 72% | Lev: 5x | Risk: LOW | Funding: +0.0100% | SFP: NONE
  24h momentum is positive (+1.72%) and 7d momentum is strong (+3.26%), well above the -10% threshold. RSI at 59
Skipping BNBUSDT — position open
Analysing DOGEUSDT...
  BUY  LONG  | Conf: 68% | Lev: 5x | Risk: MEDIUM | Funding: +0.0100% | SFP: NONE
  24h momentum is positive (+1.65%) and 7d momentum (-3.28%) remains above the -10% threshold, with RSI at 62.3 
Analysing DOTUSDT...
  BUY  LONG  | Conf: 68% | Lev: 5x | Risk: MEDIUM | Funding: +0.0100% | SFP: NONE
  24h momentum is strong at +4.97% and 7d momentum at -0.37% remains above the -10% threshold, satisfying buy cr
Analysing ETHUSDT...
  BUY  LONG  | Conf: 72% | Lev: 5x | Risk: LOW | Funding: +0.0064% | SFP: NONE
  24h momentum +2.64% and 7d momentum +3.12% both positive, well above -10% threshold. RSI at 57.3 is neutral (n
Skipping HBARUSDT — position open
Analysing HYPEUSDT...
  HOLD       | Conf: 35% | Lev: 5x | Risk: MEDIUM | Funding: -0.0046% | SFP: NONE
  7d momentum of -3.75% fails to meet SELL threshold (-10%), and 24h momentum is marginally negative (-0.19%), b
Skipping ICPUSDT — position open
Skipping KASUSDT — position open
Analysing LINKUSDT...
  BUY  LONG  | Conf: 72% | Lev: 6x | Risk: LOW | Funding: -0.0019% | SFP: NONE
  24h momentum positive (+2.59%) with 7d momentum above -10% threshold (+0.66%); volume surge of +34.8% confirms
Skipping MNTUSDT — position open
Analysing ONDOUSDT...
  BUY  LONG  | Conf: 68% | Lev: 5x | Risk: LOW | Funding: +0.0050% | SFP: NONE
  24h momentum is positive (+2.97%) and 7d momentum (-1.72%) well above the -10% threshold, RSI at 57.5 is neutr
Skipping PAXGUSDT — position open
Analysing SEIUSDT...
  BUY  LONG  | Conf: 72% | Lev: 6x | Risk: MEDIUM | Funding: +0.0100% | SFP: NONE
  24h momentum is positive (+4.65%), 7d momentum is slightly negative but within acceptable range (-0.54% > -10%
Skipping SKYUSDT — position open
Analysing SOLUSDT...
  HOLD       | Conf: 35% | Lev: 5x | Risk: MEDIUM | Funding: +0.0100% | SFP: NONE
  While 24h momentum is positive (+0.41%) and funding is benign (+0.0100%), the 7d momentum of -4.04% combined w
Analysing SUIUSDT...
  Data error for SUIUSDT: Bybit 10006: Too many visits. Exceeded the API Rate Limit.
  Insufficient data — skipping
Analysing TAOUSDT...
  BUY  LONG  | Conf: 68% | Lev: 5x | Risk: LOW | Funding: +0.0050% | SFP: NONE
  24h momentum is positive at +2.11% and 7d momentum of -1.74% exceeds the -10% threshold, meeting entry criteri
Skipping TONUSDT — position open
Skipping TRXUSDT — position open
Analysing XLMUSDT...
  BUY  LONG  | Conf: 68% | Lev: 5x | Risk: MEDIUM | Funding: +0.0100% | SFP: NONE
  24h momentum is positive (+3.91%) and 7d momentum is within acceptable range (-6.12% > -10%), with RSI at 55.6
Skipping XPLUSDT — position open
Skipping XRPUSDT — position open
Analysing ZECUSDT...
  BUY  LONG  | Conf: 72% | Lev: 6x | Risk: MEDIUM | Funding: +0.0100% | SFP: NONE
  24h momentum (+8.12%) and 7d momentum (+9.59%) both positive with RSI at 63.8 (sub-70, not overbought). Volume

=========================================================
Candidates: 11
  Skipping AAVEUSDT — LONG concentration at 10/20 slots (conf 72% < 82%)
  Skipping BTCUSDT — LONG concentration at 10/20 slots (conf 72% < 82%)
  Skipping ETHUSDT — LONG concentration at 10/20 slots (conf 72% < 82%)
  Skipping LINKUSDT — LONG concentration at 10/20 slots (conf 72% < 82%)
  Skipping SEIUSDT — LONG concentration at 10/20 slots (conf 72% < 82%)
  Skipping ZECUSDT — LONG concentration at 10/20 slots (conf 72% < 82%)
  Skipping DOGEUSDT — LONG concentration at 10/20 slots (conf 68% < 82%)
  Skipping DOTUSDT — LONG concentration at 10/20 slots (conf 68% < 82%)
  Skipping ONDOUSDT — LONG concentration at 10/20 slots (conf 68% < 82%)
  Skipping TAOUSDT — LONG concentration at 10/20 slots (conf 68% < 82%)
  Skipping XLMUSDT — LONG concentration at 10/20 slots (conf 68% < 82%)

=========================================================
Scan #169 complete
Equity:        10407.41 USDT  (+407.41 USDT overall)
Trades:        276 closed  (104W / 172L  38% win rate)
Open positions:13
New trades:    0
Done.
============================================================ 
Run finished: Sat 11/07/2026  1:01:14.53 
============================================================ 
============================================================ 
Run started: Sat 11/07/2026  5:00:00.63 
============================================================ 
BYBIT SIMULATION ENGINE
=========================================================
Scan:          2026-07-11 05:00:01
Balance:       9151.06 USDT
Open positions:13
Scan #:        170
=========================================================

Fetching macro context...
  Fear & Greed:  23 — Extreme Fear
  BTC Dominance: 56.3%
  Regime:        FEAR — market oversold, slight long bias but follow technicals

Checking open positions for TP/SL...

Checking coin bench status...
  Benched (skipped this cycle): ADAUSDT, ALGOUSDT, AVAXUSDT, ENAUSDT, LTCUSDT, NEARUSDT, UNIUSDT
Available slots: 7

Analysing AAVEUSDT...
  HOLD       | Conf: 45% | Lev: 5x | Risk: HIGH | Funding: -0.0028% | SFP: NONE
  RSI at 72.0 exceeds the 70 overbought threshold, violating BUY criteria despite positive 24h/7d momentum and n
Analysing APTUSDT...
  HOLD       | Conf: 35% | Lev: 5x | Risk: MEDIUM | Funding: +0.0100% | SFP: NONE
  APT shows mixed signals with neutral 24h momentum (+0.00%) and weak 7d momentum (+0.35%), neither triggering B
Skipping ATOMUSDT — position open
Skipping BCHUSDT — position open
Analysing BTCUSDT...
  HOLD       | Conf: 35% | Lev: 5x | Risk: MEDIUM | Funding: +0.0100% | SFP: BEARISH
  While 24h momentum is positive (+0.88%) and RSI at 64.7 is not overbought, the bearish swing failure pattern (
Skipping BNBUSDT — position open
Analysing DOGEUSDT...
  BUY  LONG  | Conf: 62% | Lev: 5x | Risk: MEDIUM | Funding: +0.0080% | SFP: NONE
  24h momentum is positive (+0.92%) and 7d momentum (-4.46%) remains above the -10% threshold, with RSI at 65.7 
Analysing DOTUSDT...
  BUY  LONG  | Conf: 68% | Lev: 5x | Risk: MEDIUM | Funding: +0.0100% | SFP: NONE
  24h momentum is strongly positive (+5.34%) and 7d momentum (-1.48%) remains above the -10% threshold, meeting 
Analysing ETHUSDT...
  HOLD       | Conf: 45% | Lev: 5x | Risk: MEDIUM | Funding: -0.0002% | SFP: BEARISH
  While 24h and 7d momentum are both positive and RSI (59.6) is neutral, the bearish swing failure pattern (wick
Skipping HBARUSDT — position open
Analysing HYPEUSDT...
  HOLD       | Conf: 35% | Lev: 5x | Risk: MEDIUM | Funding: -0.0148% | SFP: NONE
  Mixed signals prevent a high-conviction trade: 24h momentum is positive (+0.57%) but 7d momentum is moderately
Skipping ICPUSDT — position open
Skipping KASUSDT — position open
Analysing LINKUSDT...
  Data error for LINKUSDT: Bybit 10006: Too many visits. Exceeded the API Rate Limit.
  Insufficient data — skipping
Skipping MNTUSDT — position open
Analysing ONDOUSDT...
  HOLD       | Conf: 35% | Lev: 5x | Risk: MEDIUM | Funding: +0.0029% | SFP: BEARISH
  Mixed signals prevent conviction: 24h momentum (+2.14%) and RSI (57.7) support a BUY, but 7d momentum (-2.99%)
Skipping PAXGUSDT — position open
Analysing SEIUSDT...
  HOLD       | Conf: 42% | Lev: 5x | Risk: HIGH | Funding: +0.0100% | SFP: NONE
  RSI at 72.6 is overbought (>70), violating BUY criteria despite positive 24h momentum and acceptable 7d moment
Skipping SKYUSDT — position open
Analysing SOLUSDT...
  HOLD       | Conf: 35% | Lev: 5x | Risk: MEDIUM | Funding: +0.0017% | SFP: NONE
  7d momentum of -6.09% fails both BUY (needs >-10%) and SELL (needs <-10%) criteria. RSI at 49.5 is neutral wit
Analysing SUIUSDT...
  BUY  LONG  | Conf: 68% | Lev: 5x | Risk: MEDIUM | Funding: +0.0100% | SFP: NONE
  24h momentum is positive (+1.81%) and 7d momentum (-4.86%) remains above the -10% threshold, with volume confi
Analysing TAOUSDT...
  HOLD       | Conf: 45% | Lev: 5x | Risk: MEDIUM | Funding: +0.0050% | SFP: NONE
  Mixed signals prevent conviction trade entry. While 24h momentum is positive (+0.86%) and RSI is neutral (56.9
Skipping TONUSDT — position open
Skipping TRXUSDT — position open
Analysing XLMUSDT...
  BUY  LONG  | Conf: 68% | Lev: 5x | Risk: MEDIUM | Funding: +0.0020% | SFP: NONE
  24h momentum is positive (+1.51%) and 7d momentum (-6.95%) remains above the -10% threshold, meeting entry cri
Skipping XPLUSDT — position open
Skipping XRPUSDT — position open
Analysing ZECUSDT...
  BUY  LONG  | Conf: 72% | Lev: 6x | Risk: MEDIUM | Funding: +0.0100% | SFP: NONE
  24h momentum +2.91% and 7d momentum +8.54% both confirm buy conditions; RSI at 68.8 is elevated but below over

=========================================================
Candidates: 4
  Skipping ZECUSDT — LONG concentration at 10/20 slots (conf 72% < 82%)
  Skipping DOTUSDT — LONG concentration at 10/20 slots (conf 68% < 82%)
  Skipping SUIUSDT — LONG concentration at 10/20 slots (conf 68% < 82%)
  Skipping XLMUSDT — LONG concentration at 10/20 slots (conf 68% < 82%)

=========================================================
Scan #170 complete
Equity:        10417.66 USDT  (+417.66 USDT overall)
Trades:        276 closed  (104W / 172L  38% win rate)
Open positions:13
New trades:    0
Done.
============================================================ 
Run finished: Sat 11/07/2026  5:01:11.22 
============================================================ 
============================================================ 
Run started: Sat 11/07/2026  9:00:00.55 
============================================================ 
BYBIT SIMULATION ENGINE
=========================================================
Scan:          2026-07-11 09:00:02
Balance:       9151.06 USDT
Open positions:13
Scan #:        171
=========================================================

Fetching macro context...
  Fear & Greed:  23 — Extreme Fear
  BTC Dominance: 56.3%
  Regime:        FEAR — market oversold, slight long bias but follow technicals

Checking open positions for TP/SL...
  >> SKYUSDT TAKE_PROFIT: WIN  PnL +18.1008 USDT  (+20.0% of margin)

Checking coin bench status...
  Benched (skipped this cycle): ADAUSDT, ALGOUSDT, AVAXUSDT, ENAUSDT, LTCUSDT, NEARUSDT, UNIUSDT
Available slots: 8

Analysing AAVEUSDT...
  HOLD       | Conf: 35% | Lev: 5x | Risk: HIGH | Funding: +0.0026% | SFP: NONE
  RSI at 79.6 is overbought (>75) triggering HIGH risk flag, despite positive momentum. Volume declining -34.2% 
Analysing APTUSDT...
  HOLD       | Conf: 35% | Lev: 5x | Risk: MEDIUM | Funding: +0.0100% | SFP: NONE
  RSI at 71.0 signals overbought conditions, violating the BUY requirement of RSI < 70. While 24h momentum is po
Skipping ATOMUSDT — position open
Skipping BCHUSDT — position open
Analysing BTCUSDT...
  HOLD       | Conf: 35% | Lev: 5x | Risk: HIGH | Funding: +0.0100% | SFP: NONE
  RSI at 76.6 is overbought (>75), triggering HIGH risk condition despite positive momentum and low funding. Vol
Skipping BNBUSDT — position open
Analysing DOGEUSDT...
  HOLD       | Conf: 35% | Lev: 5x | Risk: HIGH | Funding: +0.0100% | SFP: NONE
  RSI at 72.3 is overbought (>70), violating BUY criteria despite positive 24h momentum. 7d momentum at -4.40% i
Analysing DOTUSDT...
  HOLD       | Conf: 35% | Lev: 5x | Risk: HIGH | Funding: +0.0100% | SFP: NONE
  RSI at 79.0 is overbought (>75), triggering HIGH risk flag and violating BUY rule requirement of RSI < 70. Whi
Analysing ETHUSDT...
  HOLD       | Conf: 35% | Lev: 5x | Risk: HIGH | Funding: +0.0031% | SFP: NONE
  RSI at 72.7 is overbought (>70), violating BUY criteria despite positive momentum. Volume is declining -41.4% 
Skipping HBARUSDT — position open
Analysing HYPEUSDT...
  HOLD       | Conf: 45% | Lev: 5x | Risk: MEDIUM | Funding: -0.0063% | SFP: NONE
  Mixed signals prevent a high-conviction entry. While 24h momentum is positive (+0.53%) and RSI is neutral (53.
Skipping ICPUSDT — position open
Skipping KASUSDT — position open
Analysing LINKUSDT...
  HOLD       | Conf: 35% | Lev: 5x | Risk: HIGH | Funding: +0.0060% | SFP: NONE
  RSI at 76.9 is overbought (>75), triggering HIGH risk flag and violating BUY criteria despite positive 24h mom
Skipping MNTUSDT — position open
Analysing ONDOUSDT...
  HOLD       | Conf: 35% | Lev: 5x | Risk: HIGH | Funding: +0.0050% | SFP: NONE
  RSI at 79.1 is severely overbought (>75), triggering HIGH risk protocol regardless of positive 24h momentum. V
Skipping PAXGUSDT — position open
Analysing SEIUSDT...
  HOLD       | Conf: 35% | Lev: 5x | Risk: HIGH | Funding: +0.0100% | SFP: NONE
  RSI at 71.9 is overbought (>70), violating BUY signal criteria despite positive 24h momentum (+0.76%) and acce
Analysing SKYUSDT...
  HOLD       | Conf: 35% | Lev: 5x | Risk: MEDIUM | Funding: +0.0050% | SFP: NONE
  RSI at 70.0 is at overbought threshold, disqualifying BUY signal despite positive 24h momentum (+6.45%) and ac
Analysing SOLUSDT...
  HOLD       | Conf: 42% | Lev: 5x | Risk: MEDIUM | Funding: +0.0029% | SFP: NONE
  Mixed signals prevent conviction: 24h momentum is positive (+0.14%) and RSI is neutral (59.9), supporting a BU
Analysing SUIUSDT...
  HOLD       | Conf: 35% | Lev: 5x | Risk: HIGH | Funding: +0.0036% | SFP: NONE
  RSI at 78.2 is deeply overbought (>75), triggering HIGH risk protocol and disqualifying BUY. 7d momentum at -3
Analysing TAOUSDT...
  HOLD       | Conf: 35% | Lev: 5x | Risk: MEDIUM | Funding: +0.0050% | SFP: NONE
  TAO shows conflicting signals: RSI at 68.9 is near overbought territory, 24h momentum is negative (-0.64%), an
Skipping TONUSDT — position open
Skipping TRXUSDT — position open
Analysing XLMUSDT...
  HOLD       | Conf: 35% | Lev: 5x | Risk: HIGH | Funding: +0.0100% | SFP: NONE
Traceback (most recent call last):
  File "C:\Users\mikej\metac-bot-template\bybit_sim.py", line 861, in <module>
    main()
  File "C:\Users\mikej\metac-bot-template\bybit_sim.py", line 737, in main
    print(f"  {reasoning[:110]}")
  File "C:\Users\mikej\AppData\Local\Programs\Python\Python312\Lib\encodings\cp1252.py", line 19, in encode
    return codecs.charmap_encode(input,self.errors,encoding_table)[0]
           ^^^^^^^^^^^^^^^^^^^^^^^^^^^^^^^^^^^^^^^^^^^^^^^^^^^^^^^
UnicodeEncodeError: 'charmap' codec can't encode character '\u2265' in position 29: character maps to <undefined>
============================================================ 
Run finished: Sat 11/07/2026  9:01:20.03 
============================================================ 
============================================================ 
Run started: Sat 11/07/2026 13:00:00.56 
============================================================ 
BYBIT SIMULATION ENGINE
=========================================================
Scan:          2026-07-11 13:00:02
Balance:       9259.68 USDT
Open positions:12
Scan #:        171
=========================================================

Fetching macro context...
  Fear & Greed:  26 — Fear
  BTC Dominance: 56.3%
  Regime:        NEUTRAL — standard sizing

Checking open positions for TP/SL...

Checking coin bench status...
  Benched (skipped this cycle): ADAUSDT, ALGOUSDT, AVAXUSDT, ENAUSDT, LTCUSDT, NEARUSDT, UNIUSDT
Available slots: 8

Analysing AAVEUSDT...
  HOLD       | Conf: 35% | Lev: 5x | Risk: HIGH | Funding: +0.0063% | SFP: NONE
  RSI at 72.2 is overbought (>70), violating BUY criteria despite positive 24h/7d momentum. Volume trend is weak
Analysing APTUSDT...
  HOLD       | Conf: 35% | Lev: 5x | Risk: MEDIUM | Funding: +0.0039% | SFP: NONE
  Mixed signals prevent conviction: 24h momentum is slightly negative (-0.36%), and although 7d momentum (-1.04%
Skipping ATOMUSDT — position open
Skipping BCHUSDT — position open
Analysing BTCUSDT...
  HOLD       | Conf: 35% | Lev: 5x | Risk: HIGH | Funding: +0.0095% | SFP: NONE
  RSI at 73.4 is overbought (>70), violating BUY criteria despite positive momentum. Volume is significantly wea
Skipping BNBUSDT — position open
Analysing DOGEUSDT...
  HOLD       | Conf: 35% | Lev: 5x | Risk: MEDIUM | Funding: +0.0100% | SFP: NONE
  Mixed signals prevent conviction: 24h momentum is positive (+0.27%) and RSI is approaching overbought (67.9), 
Analysing DOTUSDT...
  HOLD       | Conf: 35% | Lev: 5x | Risk: HIGH | Funding: +0.0100% | SFP: NONE
  RSI at 78.1 is overbought (>75), triggering HIGH risk flag and disqualifying BUY despite positive 24h momentum
Analysing ETHUSDT...
  HOLD       | Conf: 45% | Lev: 5x | Risk: MEDIUM | Funding: +0.0035% | SFP: NONE
  RSI at 69.1 is near overbought threshold (70), creating marginal buy signal validity despite positive 24h/7d m
Skipping HBARUSDT — position open
Analysing HYPEUSDT...
  HOLD       | Conf: 35% | Lev: 5x | Risk: MEDIUM | Funding: -0.0048% | SFP: BULLISH
  Mixed signals prevent conviction: 7d momentum at -5.72% (above -10% threshold) and bullish swing failure patte
Skipping ICPUSDT — position open
Skipping KASUSDT — position open
Analysing LINKUSDT...
  HOLD       | Conf: 35% | Lev: 5x | Risk: HIGH | Funding: +0.0100% | SFP: NONE
Traceback (most recent call last):
  File "C:\Users\mikej\metac-bot-template\bybit_sim.py", line 861, in <module>
    main()
  File "C:\Users\mikej\metac-bot-template\bybit_sim.py", line 737, in main
    print(f"  {reasoning[:110]}")
  File "C:\Users\mikej\AppData\Local\Programs\Python\Python312\Lib\encodings\cp1252.py", line 19, in encode
    return codecs.charmap_encode(input,self.errors,encoding_table)[0]
           ^^^^^^^^^^^^^^^^^^^^^^^^^^^^^^^^^^^^^^^^^^^^^^^^^^^^^^^
UnicodeEncodeError: 'charmap' codec can't encode character '\u2265' in position 29: character maps to <undefined>
============================================================ 
Run finished: Sat 11/07/2026 13:00:49.91 
============================================================ 
============================================================ 
Run started: Sat 11/07/2026 17:00:01.61 
============================================================ 
BYBIT SIMULATION ENGINE
=========================================================
Scan:          2026-07-11 17:00:05
Balance:       9259.68 USDT
Open positions:12
Scan #:        171
=========================================================

Fetching macro context...
  Fear & Greed:  26 — Fear
  BTC Dominance: 56.3%
  Regime:        NEUTRAL — standard sizing

Checking open positions for TP/SL...

Checking coin bench status...
  Benched (skipped this cycle): ADAUSDT, ALGOUSDT, AVAXUSDT, ENAUSDT, LTCUSDT, NEARUSDT, UNIUSDT
Available slots: 8

Analysing AAVEUSDT...
  Data error for AAVEUSDT: Bybit 10006: Too many visits. Exceeded the API Rate Limit.
  Insufficient data — skipping
Analysing APTUSDT...
  BUY  LONG  | Conf: 62% | Lev: 5x | Risk: MEDIUM | Funding: -0.0126% | SFP: NONE
  24h momentum is positive (+0.16%) and 7d momentum (+0.34%) well above -10% threshold; RSI at 62.6 is healthy (
Skipping ATOMUSDT — position open
Skipping BCHUSDT — position open
Analysing BTCUSDT...
  HOLD       | Conf: 35% | Lev: 5x | Risk: HIGH | Funding: +0.0069% | SFP: NONE
  RSI at 73.6 is overbought (>70), triggering HIGH risk conditions and violating BUY signal criteria. While 24h 
Skipping BNBUSDT — position open
Analysing DOGEUSDT...
  HOLD       | Conf: 35% | Lev: 5x | Risk: HIGH | Funding: +0.0100% | SFP: NONE
  RSI at 72.6 is overbought (>70), breaching BUY rule threshold and creating squeeze risk. 7d momentum at -3.33%
Analysing DOTUSDT...
  HOLD       | Conf: 35% | Lev: 5x | Risk: HIGH | Funding: +0.0100% | SFP: NONE
  RSI at 73.7 is overbought (>70), disqualifying a BUY despite positive 24h momentum and acceptable funding. Vol
Analysing ETHUSDT...
  HOLD       | Conf: 35% | Lev: 5x | Risk: MEDIUM | Funding: +0.0026% | SFP: NONE
  RSI at 69.5 is critically close to overbought threshold (70), invalidating the BUY rule despite positive momen
Skipping HBARUSDT — position open
Analysing HYPEUSDT...
  SELL SHORT | Conf: 72% | Lev: 5x | Risk: MEDIUM | Funding: -0.0055% | SFP: NONE
  7d momentum is -7.25% (approaching -10% threshold) and price is -9.17% from 7d high, meeting core sell criteri
Skipping ICPUSDT — position open
Skipping KASUSDT — position open
Analysing LINKUSDT...
  HOLD       | Conf: 35% | Lev: 5x | Risk: HIGH | Funding: +0.0100% | SFP: NONE
  RSI at 73.6 is overbought (>70), violating BUY rule criteria despite positive momentum. Volume is significantl
Skipping MNTUSDT — position open
Analysing ONDOUSDT...
  HOLD       | Conf: 35% | Lev: 5x | Risk: HIGH | Funding: +0.0037% | SFP: NONE
  RSI at 71.1 is overbought (>70), violating BUY criteria despite positive 24h momentum of +2.15%. Volume is sig
Skipping PAXGUSDT — position open
Analysing SEIUSDT...
  BUY  LONG  | Conf: 68% | Lev: 5x | Risk: MEDIUM | Funding: +0.0100% | SFP: NONE
  24h momentum is positive (+0.57%) and 7d momentum is above -10% threshold (+0.61%), with RSI at 66.1 (below ov
Analysing SKYUSDT...
  HOLD       | Conf: 35% | Lev: 5x | Risk: MEDIUM | Funding: +0.0050% | SFP: BEARISH
  While 24h and 7d momentum are positive and RSI (64.2) avoids overbought territory, the bearish swing failure p
Analysing SOLUSDT...
  HOLD       | Conf: 35% | Lev: 5x | Risk: MEDIUM | Funding: +0.0006% | SFP: NONE
  Mixed signals prevent a high-conviction trade. While 7d momentum at -5.69% remains above the -10% sell thresho
Analysing SUIUSDT...
  HOLD       | Conf: 35% | Lev: 5x | Risk: HIGH | Funding: +0.0051% | SFP: NONE
  RSI at 77.6 is significantly overbought (>75), triggering HIGH risk classification and disqualifying BUY entry
Analysing TAOUSDT...
  HOLD       | Conf: 35% | Lev: 5x | Risk: MEDIUM | Funding: +0.0001% | SFP: NONE
  Mixed signals prevent a confident entry. While 24h momentum is positive (+0.68%) and RSI at 65.1 is not overbo
Skipping TONUSDT — position open
Skipping TRXUSDT — position open
Analysing XLMUSDT...
  HOLD       | Conf: 35% | Lev: 5x | Risk: MEDIUM | Funding: +0.0051% | SFP: NONE
  RSI at 70.6 is at overbought threshold, violating BUY criteria. While 24h momentum is positive (+0.17%), the 7
Skipping XPLUSDT — position open
Skipping XRPUSDT — position open
Analysing ZECUSDT...
  HOLD       | Conf: 35% | Lev: 5x | Risk: MEDIUM | Funding: +0.0100% | SFP: NONE
  RSI at 70.6 is at the overbought threshold, disqualifying a BUY signal despite positive 7d momentum (+8.03%). 

=========================================================
Candidates: 2

Opening SHORT — HYPEUSDT:
  >> FILLED SHORT HYPEUSDT @ 66.29  TP: 63.6384  SL: 67.6158  Lev: 5x  Margin: $92.6

Opening LONG — SEIUSDT:
  >> FILLED LONG SEIUSDT @ 0.04975  TP: 0.05174  SL: 0.048755  Lev: 5x  Margin: $91.67

=========================================================
Scan #171 complete
Equity:        10429.18 USDT  (+429.18 USDT overall)
Trades:        277 closed  (105W / 172L  38% win rate)
Open positions:14
New trades:    2
Done.
============================================================ 
Run finished: Sat 11/07/2026 17:01:22.83 
============================================================ 
============================================================ 
Run started: Sat 11/07/2026 21:00:00.93 
============================================================ 
BYBIT SIMULATION ENGINE
=========================================================
Scan:          2026-07-11 21:00:02
Balance:       9075.41 USDT
Open positions:14
Scan #:        172
=========================================================

Fetching macro context...
  Fear & Greed:  26 — Fear
  BTC Dominance: 56.3%
  Regime:        NEUTRAL — standard sizing

Checking open positions for TP/SL...
  >> HBARUSDT TAKE_PROFIT: WIN  PnL +17.9207 USDT  (+20.0% of margin)

Checking coin bench status...
  Benched (skipped this cycle): ADAUSDT, ALGOUSDT, AVAXUSDT, ENAUSDT, LTCUSDT, NEARUSDT, UNIUSDT
Available slots: 7

Analysing AAVEUSDT...
  HOLD       | Conf: 35% | Lev: 5x | Risk: HIGH | Funding: +0.0070% | SFP: NONE
  RSI at 78.9 is significantly overbought (>75), triggering HIGH risk status and disqualifying a BUY signal desp
Analysing APTUSDT...
  BUY  LONG  | Conf: 68% | Lev: 5x | Risk: MEDIUM | Funding: +0.0100% | SFP: NONE
  24h momentum is positive (+0.02%) and 7d momentum at +1.40% exceeds the -10% threshold, with RSI at 62 showing
Skipping ATOMUSDT — position open
Skipping BCHUSDT — position open
Analysing BTCUSDT...
  HOLD       | Conf: 35% | Lev: 5x | Risk: HIGH | Funding: +0.0100% | SFP: NONE
  RSI at 79.6 is severely overbought (>75), creating HIGH risk despite positive 7d momentum of +2.73%. Volume co
Skipping BNBUSDT — position open
Analysing DOGEUSDT...
  HOLD       | Conf: 35% | Lev: 5x | Risk: HIGH | Funding: -0.0032% | SFP: NONE
  RSI at 75.6 is overbought (>75), triggering HIGH risk flag and disqualifying BUY signal despite positive 24h m
Analysing DOTUSDT...
  HOLD       | Conf: 35% | Lev: 5x | Risk: HIGH | Funding: +0.0100% | SFP: NONE
  RSI at 74.2 is overbought (>70), triggering HIGH risk and disqualifying BUY signal despite positive 7d momentu
Analysing ETHUSDT...
  HOLD       | Conf: 35% | Lev: 5x | Risk: HIGH | Funding: +0.0017% | SFP: NONE
  RSI at 75.2 signals overbought conditions, violating the BUY rule (RSI < 70 required). While 7d momentum is po
Analysing HBARUSDT...
  SELL SHORT | Conf: 72% | Lev: 5x | Risk: MEDIUM | Funding: -0.0126% | SFP: NONE
  7d momentum is -8.70% (approaching -10% threshold) and price is 13.85% below 7d high, satisfying core short cr
Skipping HYPEUSDT — position open
Skipping ICPUSDT — position open
Skipping KASUSDT — position open
Analysing LINKUSDT...
  HOLD       | Conf: 35% | Lev: 5x | Risk: HIGH | Funding: +0.0100% | SFP: BEARISH
  RSI at 75.1 is overbought (>70 threshold), triggering HIGH risk flag and disqualifying BUY signal despite posi
Skipping MNTUSDT — position open
Analysing ONDOUSDT...
  HOLD       | Conf: 35% | Lev: 5x | Risk: HIGH | Funding: +0.0050% | SFP: NONE
  RSI at 79.5 is severely overbought (>75), triggering HIGH risk protocol and disqualifying the BUY setup despit
Skipping PAXGUSDT — position open
Skipping SEIUSDT — position open
Analysing SKYUSDT...
  HOLD       | Conf: 35% | Lev: 5x | Risk: HIGH | Funding: +0.0050% | SFP: BEARISH
  RSI at 71.7 is overbought (>70 threshold), disqualifying a BUY despite positive momentum and low funding. A be
Analysing SOLUSDT...
  HOLD       | Conf: 35% | Lev: 5x | Risk: MEDIUM | Funding: -0.0029% | SFP: NONE
  7d momentum of -4.67% fails to meet the -10% threshold for a short signal, while 24h momentum is negative, blo
Analysing SUIUSDT...
  HOLD       | Conf: 35% | Lev: 5x | Risk: MEDIUM | Funding: -0.0020% | SFP: NONE
  Mixed signals prevent high-conviction entry: 24h momentum is positive (+0.20%) but 7d momentum remains negativ
Analysing TAOUSDT...
  HOLD       | Conf: 35% | Lev: 5x | Risk: MEDIUM | Funding: +0.0050% | SFP: NONE
  RSI at 69.6 is at the edge of overbought territory, failing the BUY criteria (RSI < 70). While 7d momentum is 
Skipping TONUSDT — position open
Skipping TRXUSDT — position open
Analysing XLMUSDT...
  SELL SHORT | Conf: 68% | Lev: 5x | Risk: MEDIUM | Funding: +0.0100% | SFP: NONE
  7d momentum of -7.49% combined with price 11.96% below 7d high meets short entry criteria. RSI at 69.0 is near
Skipping XPLUSDT — position open
Skipping XRPUSDT — position open
Analysing ZECUSDT...
  HOLD       | Conf: 35% | Lev: 5x | Risk: HIGH | Funding: +0.0100% | SFP: NONE
  RSI at 79.6 is severely overbought (>75), triggering HIGH risk status and violating the BUY condition (RSI mus

=========================================================
Candidates: 3

Opening SHORT — HBARUSDT:
  >> FILLED SHORT HBARUSDT @ 0.06692  TP: 0.064243  SL: 0.068258  Lev: 5x  Margin: $91.83
  Skipping APTUSDT — LONG concentration at 10/20 slots (conf 68% < 82%)

Opening SHORT — XLMUSDT:
  >> FILLED SHORT XLMUSDT @ 0.18987  TP: 0.182275  SL: 0.193667  Lev: 5x  Margin: $90.91

=========================================================
Scan #172 complete
Equity:        10448.40 USDT  (+448.40 USDT overall)
Trades:        278 closed  (106W / 172L  38% win rate)
Open positions:15
New trades:    2
Done.
============================================================ 
Run finished: Sat 11/07/2026 21:01:23.54 
============================================================ 
