============================================================ 
Run started: Fri 26/06/2026  1:00:00.57 
============================================================ 
BYBIT SIMULATION ENGINE
=========================================================
Scan:          2026-06-26 01:00:01
Balance:       8074.01 USDT
Open positions:20
Scan #:        86
=========================================================

Fetching macro context...
  Fear & Greed:  12 — Extreme Fear
  BTC Dominance: 55.8%
  Regime:        FEAR — market oversold, slight long bias but follow technicals

Checking open positions for TP/SL...
  >> TAOUSDT TAKE_PROFIT: WIN  PnL +24.0000 USDT  (+24.0% of margin)
  >> HBARUSDT TAKE_PROFIT: WIN  PnL +20.0026 USDT  (+20.0% of margin)
  >> APTUSDT TAKE_PROFIT: WIN  PnL +20.0000 USDT  (+20.0% of margin)
  >> DOGEUSDT TAKE_PROFIT: WIN  PnL +24.0031 USDT  (+24.0% of margin)
  >> DOTUSDT TAKE_PROFIT: WIN  PnL +24.0000 USDT  (+24.0% of margin)
  >> ETHUSDT TAKE_PROFIT: WIN  PnL +24.0000 USDT  (+24.0% of margin)
  >> SKYUSDT TAKE_PROFIT: WIN  PnL +24.0044 USDT  (+24.0% of margin)
  >> XRPUSDT TAKE_PROFIT: WIN  PnL +24.0000 USDT  (+24.0% of margin)
Available slots: 8

Skipping AAVEUSDT — position open
Skipping ADAUSDT — position open
Analysing APTUSDT...
  Data error for APTUSDT: Bybit 10006: Too many visits. Exceeded the API Rate Limit.
  Insufficient data — skipping
Skipping ATOMUSDT — position open
Analysing AVAXUSDT...
  HOLD       | Conf: 35% | Lev: 5x | Risk: MEDIUM | Funding: -0.0048%
  24h momentum is negative (-1.72%), failing the BUY criteria despite RSI at neutral 49.1 and acceptable funding
Analysing BCHUSDT...
  SELL SHORT | Conf: 68% | Lev: 5x | Risk: MEDIUM | Funding: -0.0128%
  7d momentum is -3.54% (approaching -10% threshold) and price is -8.39% from 7d high, meeting short entry crite
Skipping BTCUSDT — position open
Skipping BNBUSDT — position open
Analysing DOGEUSDT...
  SELL SHORT | Conf: 72% | Lev: 6x | Risk: HIGH | Funding: -0.0059%
  7d momentum at -10.76% meets sell threshold; price is -14.03% from 7d high (exceeds 8% requirement). Volume su
  Skipping HIGH risk (conf 72% < 82%)
Analysing DOTUSDT...
  SELL SHORT | Conf: 72% | Lev: 6x | Risk: MEDIUM | Funding: +0.0016%
  7d momentum is -10.44% (meets threshold) and price is 13.75% below 7d high (exceeds 8% requirement), with volu
Analysing ETHUSDT...
  SELL SHORT | Conf: 72% | Lev: 6x | Risk: MEDIUM | Funding: -0.0067%
  7d momentum is -6.87% (approaching -10% threshold) and price is -12.02% from 7d high, both meeting SELL criter
Analysing HBARUSDT...
  SELL SHORT | Conf: 72% | Lev: 5x | Risk: HIGH | Funding: -0.0090%
  7d momentum at -8.27% approaches the -10% threshold, price is -10.97% below 7d high (exceeding 8% requirement)
  Skipping HIGH risk (conf 72% < 82%)
Analysing ICPUSDT...
  HOLD       | Conf: 35% | Lev: 5x | Risk: MEDIUM | Funding: -0.0003%
  Mixed signals prevent conviction: 24h momentum is positive (+1.55%) but 7d momentum is negative (-1.86%), fall
Skipping KASUSDT — position open
Skipping LINKUSDT — position open
Analysing LTCUSDT...
  SELL SHORT | Conf: 72% | Lev: 6x | Risk: HIGH | Funding: +0.0023%
  7d momentum at -6.50% is below -10% threshold marginally, but price is -12.55% from 7d high (exceeds 8% requir
  Skipping HIGH risk (conf 72% < 82%)
Skipping ONDOUSDT — position open
Analysing PAXGUSDT...
  HOLD       | Conf: 35% | Lev: 5x | Risk: MEDIUM | Funding: +0.0050%
  Mixed signals prevent a high-conviction entry. While 24h momentum is positive (+0.25%), the 7d momentum (-4.99
Analysing PUMPUSDT...
  Insufficient data — skipping
Analysing SKYUSDT...
  SELL SHORT | Conf: 72% | Lev: 6x | Risk: HIGH | Funding: -0.0002%
  7d momentum of -7.12% approaches -10% threshold with price 13.25% below 7d high, meeting short entry criteria.
  Skipping HIGH risk (conf 72% < 82%)
Skipping SOLUSDT — position open
Skipping SUIUSDT — position open
Analysing TAOUSDT...
  SELL SHORT | Conf: 72% | Lev: 6x | Risk: MEDIUM | Funding: +0.0024%
  7d momentum is -9.34% (approaching -10% threshold) with price 12.67% below 7d high, meeting short entry criter
Skipping TONUSDT — position open
Skipping TRXUSDT — position open
Analysing UNIUSDT...
  SELL SHORT | Conf: 68% | Lev: 5x | Risk: MEDIUM | Funding: +0.0008%
  7d momentum at -6.00% approaches the -10% sell threshold, and price is 11.78% below 7d high, meeting structura
Analysing XRPUSDT...
  SELL SHORT | Conf: 68% | Lev: 6x | Risk: HIGH | Funding: -0.0112%
  7d momentum of -9.33% approaches the -10% threshold, price is 11.33% below 7d high (exceeds 8% requirement), a
  Skipping HIGH risk (conf 68% < 82%)

=========================================================
Candidates: 5

Opening SHORT — DOTUSDT:
  >> FILLED SHORT DOTUSDT @ 0.846  TP: 0.81216  SL: 0.86292  Lev: 6x  Margin: $100.0

Opening SHORT — ETHUSDT:
  >> FILLED SHORT ETHUSDT @ 1565.54  TP: 1502.9184  SL: 1596.8508  Lev: 6x  Margin: $100.0

Opening SHORT — TAOUSDT:
  >> FILLED SHORT TAOUSDT @ 211.31  TP: 202.8576  SL: 215.5362  Lev: 6x  Margin: $100.0

Opening SHORT — BCHUSDT:
  >> FILLED SHORT BCHUSDT @ 187.9  TP: 180.384  SL: 191.658  Lev: 5x  Margin: $100.0

Opening SHORT — UNIUSDT:
  >> FILLED SHORT UNIUSDT @ 2.837  TP: 2.72352  SL: 2.89374  Lev: 5x  Margin: $100.0

=========================================================
Scan #86 complete
Equity:        10421.45 USDT  (+421.45 USDT overall)
Trades:        143 closed  (56W / 87L  39% win rate)
Open positions:17
New trades:    5
Done.
============================================================ 
Run finished: Fri 26/06/2026  1:01:16.83 
============================================================ 
============================================================ 
Run started: Fri 26/06/2026  5:00:01.28 
============================================================ 
BYBIT SIMULATION ENGINE
=========================================================
Scan:          2026-06-26 05:00:04
Balance:       8558.02 USDT
Open positions:17
Scan #:        87
=========================================================

Fetching macro context...
  Fear & Greed:  12 — Extreme Fear
  BTC Dominance: 55.8%
  Regime:        FEAR — market oversold, slight long bias but follow technicals

Checking open positions for TP/SL...
Available slots: 3

Skipping AAVEUSDT — position open
Skipping ADAUSDT — position open
Analysing APTUSDT...
  SELL SHORT | Conf: 68% | Lev: 5x | Risk: MEDIUM | Funding: -0.0064%
  7d momentum of -5.96% approaches -10% threshold with price 13.04% below 7d high, meeting SELL criteria. RSI at
Skipping ATOMUSDT — position open
Analysing AVAXUSDT...
  SELL SHORT | Conf: 62% | Lev: 5x | Risk: MEDIUM | Funding: -0.0135%
  7d momentum of -3.51% approaches -10% threshold with price 7.63% below 7d high, meeting SELL criteria. RSI at 
Skipping BCHUSDT — position open
Skipping BTCUSDT — position open
Skipping BNBUSDT — position open
Analysing DOGEUSDT...
  SELL SHORT | Conf: 72% | Lev: 6x | Risk: MEDIUM | Funding: +0.0063%
  7d momentum at -11.23% (< -10% threshold met) with price 13.54% below 7d high, confirming downtrend structure.
Skipping DOTUSDT — position open
Skipping ETHUSDT — position open
Analysing HBARUSDT...
  SELL SHORT | Conf: 68% | Lev: 5x | Risk: HIGH | Funding: +0.0077%
  7d momentum at -9.07% is near the -10% threshold, price is 10.45% below 7d high meeting the >8% requirement, a
  Skipping HIGH risk (conf 68% < 82%)
Analysing ICPUSDT...
  HOLD       | Conf: 45% | Lev: 5x | Risk: MEDIUM | Funding: -0.0061%
  Mixed signals prevent conviction: 24h momentum (+1.28%) is positive but 7d momentum (-5.06%) remains bearish a
Skipping KASUSDT — position open
Skipping LINKUSDT — position open
Analysing LTCUSDT...
  SELL SHORT | Conf: 72% | Lev: 6x | Risk: MEDIUM | Funding: +0.0100%
  7d momentum at -6.51% approaches -10% threshold with price 11.70% below 7d high, meeting short entry condition
Skipping ONDOUSDT — position open
Analysing PAXGUSDT...
  HOLD       | Conf: 35% | Lev: 5x | Risk: MEDIUM | Funding: +0.0050%
  Mixed signals prevent conviction: 24h momentum is positive (+1.15%) and RSI (36.1) is not oversold, meeting pa
Analysing PUMPUSDT...
  Insufficient data — skipping
Analysing SKYUSDT...
  SELL SHORT | Conf: 72% | Lev: 6x | Risk: HIGH | Funding: -0.0034%
  7d momentum at -9.91% is near -10% threshold with price -13.92% below 7d high, meeting sell criteria. Volume s
  Skipping HIGH risk (conf 72% < 82%)
Skipping SOLUSDT — position open
Skipping SUIUSDT — position open
Skipping TAOUSDT — position open
Skipping TONUSDT — position open
Skipping TRXUSDT — position open
Skipping UNIUSDT — position open
Analysing XRPUSDT...
  SELL SHORT | Conf: 72% | Lev: 6x | Risk: HIGH | Funding: -0.0165%
  7d momentum of -9.61% is near -10% threshold, price is 11.17% below 7d high (exceeds 8% requirement), and volu
  Skipping HIGH risk (conf 72% < 82%)

=========================================================
Candidates: 3

Opening SHORT — DOGEUSDT:
  >> FILLED SHORT DOGEUSDT @ 0.07354  TP: 0.070598  SL: 0.075011  Lev: 6x  Margin: $100.0

Opening SHORT — LTCUSDT:
  >> FILLED SHORT LTCUSDT @ 40.66  TP: 39.0336  SL: 41.4732  Lev: 6x  Margin: $100.0

Opening SHORT — APTUSDT:
  >> FILLED SHORT APTUSDT @ 0.5963  TP: 0.572448  SL: 0.608226  Lev: 5x  Margin: $100.0

=========================================================
Scan #87 complete
Equity:        10423.13 USDT  (+423.13 USDT overall)
Trades:        143 closed  (56W / 87L  39% win rate)
Open positions:20
New trades:    3
Done.
============================================================ 
Run finished: Fri 26/06/2026  5:01:01.47 
============================================================ 
============================================================ 
Run started: Fri 26/06/2026  9:00:01.17 
============================================================ 
BYBIT SIMULATION ENGINE
=========================================================
Scan:          2026-06-26 09:00:02
Balance:       8258.02 USDT
Open positions:20
Scan #:        88
=========================================================

Fetching macro context...
  Fear & Greed:  12 — Extreme Fear
  BTC Dominance: 55.8%
  Regime:        FEAR — market oversold, slight long bias but follow technicals

Checking open positions for TP/SL...
Available slots: 0

Skipping AAVEUSDT — position open
Skipping ADAUSDT — position open
Skipping APTUSDT — position open
Skipping ATOMUSDT — position open
Analysing AVAXUSDT...
  HOLD       | Conf: 35% | Lev: 5x | Risk: MEDIUM | Funding: +0.0013%
  24h momentum is negative (-3.65%), failing the BUY rule requirement. While 7d momentum (-1.71%) is above the -
Skipping BCHUSDT — position open
Skipping BTCUSDT — position open
Skipping BNBUSDT — position open
Skipping DOGEUSDT — position open
Skipping DOTUSDT — position open
Skipping ETHUSDT — position open
Analysing HBARUSDT...
  SELL SHORT | Conf: 72% | Lev: 5x | Risk: MEDIUM | Funding: +0.0100%
  7d momentum at -8.45% approaching -10% threshold with price 9.77% below 7d high, meeting short entry criteria.
Analysing ICPUSDT...
  HOLD       | Conf: 35% | Lev: 5x | Risk: MEDIUM | Funding: +0.0100%
  Mixed signals prevent clear entry: 24h momentum is negative (-1.10%), disqualifying a BUY, while 7d momentum (
Skipping KASUSDT — position open
Skipping LINKUSDT — position open
Skipping LTCUSDT — position open
Analysing MNTUSDT...
  SELL SHORT | Conf: 72% | Lev: 6x | Risk: HIGH | Funding: +0.0012%
  7d momentum at -16.89% (< -10%) with price 18.45% below 7d high meets sell criteria. Volume surge (+145.5%) co
  Skipping HIGH risk (conf 72% < 82%)
Skipping ONDOUSDT — position open
Analysing PAXGUSDT...
  Data error for PAXGUSDT: HTTPSConnectionPool(host='api.bybit.com', port=443): Max retries exceeded with url: /v5/market/open-interest?category=linear&symbol=PAXGUSDT&intervalTime=4h&limit=2 (Caused by SSLError(SSLEOFError(8, '[SSL: UNEXPECTED_EOF_WHILE_READING] EOF occurred in violation of protocol (_ssl.c:1000)')))
  Insufficient data — skipping
Analysing PUMPUSDT...
  Insufficient data — skipping
Analysing SKYUSDT...
  SELL SHORT | Conf: 68% | Lev: 5x | Risk: MEDIUM | Funding: +0.0050%
  7d momentum is -10.83% (meets < -10% threshold) and price is -13.94% from 7d high (exceeds -8% requirement). R
Skipping SOLUSDT — position open
Skipping SUIUSDT — position open
Skipping TAOUSDT — position open
Skipping TONUSDT — position open
Skipping TRXUSDT — position open
Skipping UNIUSDT — position open
Analysing XRPUSDT...
  SELL SHORT | Conf: 72% | Lev: 6x | Risk: MEDIUM | Funding: -0.0086%
  7d momentum -9.35% is near -10% threshold with price 10.69% below 7d high, meeting primary sell criteria. RSI 

=========================================================
Candidates: 3

=========================================================
Scan #88 complete
Equity:        10337.51 USDT  (+337.51 USDT overall)
Trades:        143 closed  (56W / 87L  39% win rate)
Open positions:20
New trades:    0
Done.
============================================================ 
Run finished: Fri 26/06/2026  9:05:39.15 
============================================================ 
============================================================ 
Run started: Fri 26/06/2026 13:00:02.50 
============================================================ 
BYBIT SIMULATION ENGINE
=========================================================
Scan:          2026-06-26 13:00:05
Balance:       8248.02 USDT
Open positions:20
Scan #:        90
=========================================================

Fetching macro context...
  Fear & Greed:  13 — Extreme Fear
  BTC Dominance: 55.6%
  Regime:        FEAR — market oversold, slight long bias but follow technicals

Checking open positions for TP/SL...
  >> ADAUSDT TAKE_PROFIT: WIN  PnL +28.0000 USDT  (+28.0% of margin)
  >> LINKUSDT TAKE_PROFIT: WIN  PnL +24.0000 USDT  (+24.0% of margin)
  >> BTCUSDT TAKE_PROFIT: WIN  PnL +19.9995 USDT  (+20.0% of margin)
  >> DOTUSDT TAKE_PROFIT: WIN  PnL +24.0000 USDT  (+24.0% of margin)

Checking coin bench status...
  Benched (skipped this cycle): AVAXUSDT, ENAUSDT
Available slots: 4

Skipping AAVEUSDT — position open
Analysing ADAUSDT...
  SELL SHORT | Conf: 72% | Lev: 7x | Risk: MEDIUM | Funding: -0.0220%
  7d momentum is -13.94% (< -10%) and price is -15.45% below 7d high (> -8%), both SELL criteria met. RSI 35.9 i
Skipping ALGOUSDT — position open
Skipping APTUSDT — position open
Skipping ATOMUSDT — position open
Analysing BCHUSDT...
  SELL SHORT | Conf: 68% | Lev: 5x | Risk: MEDIUM | Funding: +0.0046%
  7d momentum is -4.27% (within -10% threshold but trending negative), price is -9.17% below 7d high (exceeds -8
Analysing BTCUSDT...
  SELL SHORT | Conf: 72% | Lev: 6x | Risk: MEDIUM | Funding: -0.0031%
  7d momentum is deeply negative at -6.65% (< -10% threshold met), price is 10.71% below 7d high (exceeding 8% r
Skipping BNBUSDT — position open
Skipping DOGEUSDT — position open
Analysing DOTUSDT...
  SELL SHORT | Conf: 72% | Lev: 6x | Risk: HIGH | Funding: -0.0553%
  7d momentum at -16.58% (well below -10% threshold) combined with price 17.62% below 7d high meets short entry 
  Skipping HIGH risk (conf 72% < 82%)
Skipping ETHUSDT — position open
Analysing HBARUSDT...
  SELL SHORT | Conf: 62% | Lev: 5x | Risk: HIGH | Funding: +0.0056%
  7d momentum deeply negative at -10.36% (meets threshold) and price is -12.17% from 7d high, exceeding the 8% r
Analysing HYPEUSDT...
  SELL SHORT | Conf: 72% | Lev: 5x | Risk: MEDIUM | Funding: -0.0029%
  7d momentum at -7.68% is approaching the -10% threshold, price is -13.77% below 7d high (exceeding the 8% requ
Analysing ICPUSDT...
  SELL SHORT | Conf: 68% | Lev: 6x | Risk: MEDIUM | Funding: +0.0008%
  7d momentum of -5.96% is approaching the -10% sell threshold, and price is -9.37% below 7d high, meeting techn
Skipping KASUSDT — position open
Analysing LINKUSDT...
  SELL SHORT | Conf: 72% | Lev: 6x | Risk: MEDIUM | Funding: +0.0087%
  7d momentum is -10.45% (at threshold) and price is 13.45% below 7d high, triggering SELL criteria. RSI at 32.7
Skipping LTCUSDT — position open
Analysing MNTUSDT...
  SELL SHORT | Conf: 72% | Lev: 6x | Risk: HIGH | Funding: -0.0040%
  MNT meets SELL criteria: 7d momentum at -20% (well below -10 threshold), price 21.92% below 7d high (exceeds 8
  Skipping HIGH risk (conf 72% < 82%)
Skipping ONDOUSDT — position open
Analysing PAXGUSDT...
  HOLD       | Conf: 35% | Lev: 5x | Risk: MEDIUM | Funding: +0.0050%
  7d momentum at -3.79% fails both BUY (needs >-10%) and SELL (needs <-10%) criteria. RSI at 30.8 is borderline 
Analysing PUMPUSDT...
  Insufficient data — skipping
Analysing NEARUSDT...
  SELL SHORT | Conf: 72% | Lev: 5x | Risk: HIGH | Funding: +0.0089%
  7d momentum deeply negative at -17.22% (< -10%) and price is 22.57% below 7d high, well beyond the 8% threshol
  Skipping HIGH risk (conf 72% < 82%)
Analysing SKYUSDT...
  SELL SHORT | Conf: 68% | Lev: 5x | Risk: HIGH | Funding: +0.0050%
  7d momentum severely negative (-12.99%) with price 15.14% below 7d high, triggering SELL rule criteria. RSI at
  Skipping HIGH risk (conf 68% < 82%)
Skipping SOLUSDT — position open
Skipping SUIUSDT — position open
Skipping TAOUSDT — position open
Skipping TONUSDT — position open
Skipping TRXUSDT — position open
Skipping UNIUSDT — position open
Analysing XRPUSDT...
  SELL SHORT | Conf: 72% | Lev: 6x | Risk: HIGH | Funding: -0.0029%
  7d momentum at -11.02% below -10% threshold with price 12.92% below 7d high, meeting primary short conditions.
  Skipping HIGH risk (conf 72% < 82%)

=========================================================
Candidates: 6

Opening SHORT — ADAUSDT:
  >> FILLED SHORT ADAUSDT @ 0.1395  TP: 0.13392  SL: 0.14229  Lev: 7x  Margin: $100.0

Opening SHORT — BTCUSDT:
  >> FILLED SHORT BTCUSDT @ 58572.9  TP: 56229.984  SL: 59744.358  Lev: 6x  Margin: $100.0

Opening SHORT — HYPEUSDT:
  >> FILLED SHORT HYPEUSDT @ 61.619  TP: 59.15424  SL: 62.85138  Lev: 5x  Margin: $100.0

Opening SHORT — LINKUSDT:
  >> FILLED SHORT LINKUSDT @ 7.053  TP: 6.77088  SL: 7.19406  Lev: 6x  Margin: $100.0

=========================================================
Scan #90 complete
Equity:        10553.36 USDT  (+553.36 USDT overall)
Trades:        148 closed  (60W / 88L  41% win rate)
Open positions:20
New trades:    4
Done.
============================================================ 
Run finished: Fri 26/06/2026 13:01:16.47 
============================================================ 
============================================================ 
Run started: Fri 26/06/2026 17:00:00.28 
============================================================ 
BYBIT SIMULATION ENGINE
=========================================================
Scan:          2026-06-26 17:00:01
Balance:       8344.02 USDT
Open positions:20
Scan #:        91
=========================================================

Fetching macro context...
  Fear & Greed:  50 — Neutral
  BTC Dominance: N/A%
  Regime:        NEUTRAL — standard sizing

Checking open positions for TP/SL...
  >> AAVEUSDT TAKE_PROFIT: WIN  PnL +20.0000 USDT  (+20.0% of margin)
  >> SOLUSDT STOP_LOSS: LOSS  PnL -12.0000 USDT  (-12.0% of margin)
  >> UNIUSDT STOP_LOSS: LOSS  PnL -10.0000 USDT  (-10.0% of margin)
  >> LTCUSDT STOP_LOSS: LOSS  PnL -12.0000 USDT  (-12.0% of margin)
  >> ADAUSDT STOP_LOSS: LOSS  PnL -14.0000 USDT  (-14.0% of margin)
  >> BTCUSDT STOP_LOSS: LOSS  PnL -12.0004 USDT  (-12.0% of margin)
  >> HYPEUSDT STOP_LOSS: LOSS  PnL -10.0000 USDT  (-10.0% of margin)

Checking coin bench status...
  Benched (skipped this cycle): AVAXUSDT, ENAUSDT, UNIUSDT
Available slots: 7

Analysing AAVEUSDT...
  HOLD       | Conf: 35% | Lev: 5x | Risk: HIGH | Funding: -0.0063%
  RSI at 82.8 is significantly overbought (>75), violating the BUY rule requirement of RSI <70 and triggering HI
Analysing ADAUSDT...
  SELL SHORT | Conf: 72% | Lev: 6x | Risk: MEDIUM | Funding: -0.0044%
  7d momentum is -8.66% (approaching -10% threshold) and price is 11.76% below 7d high, meeting sell criteria. R
Skipping ALGOUSDT — position open
Skipping APTUSDT — position open
Skipping ATOMUSDT — position open
Analysing BCHUSDT...
  HOLD       | Conf: 35% | Lev: 5x | Risk: MEDIUM | Funding: +0.0018%
  BCH shows neutral technicals with RSI at midpoint (50.3) and 24h momentum flat at +0.00%, failing to meet BUY 
Analysing BTCUSDT...
  SELL SHORT | Conf: 68% | Lev: 5x | Risk: MEDIUM | Funding: +0.0000%
  7d momentum at -3.67% with price 8.08% below 7d high meets entry criteria for short. RSI at 37.1 is above over
Skipping BNBUSDT — position open
Skipping DOGEUSDT — position open
Analysing DOTUSDT...
  Data error for DOTUSDT: HTTPSConnectionPool(host='api.bybit.com', port=443): Max retries exceeded with url: /v5/market/tickers?category=linear&symbol=DOTUSDT (Caused by SSLError(SSLEOFError(8, '[SSL: UNEXPECTED_EOF_WHILE_READING] EOF occurred in violation of protocol (_ssl.c:1000)')))
  Insufficient data — skipping
Skipping ETHUSDT — position open
Analysing HBARUSDT...
  SELL SHORT | Conf: 72% | Lev: 5x | Risk: MEDIUM | Funding: +0.0100%
  7d momentum of -6.93% approaches the -10% threshold, price is -9.67% below 7d high (exceeds 8% requirement), a
Analysing HYPEUSDT...
  Data error for HYPEUSDT: HTTPSConnectionPool(host='api.bybit.com', port=443): Max retries exceeded with url: /v5/market/tickers?category=linear&symbol=HYPEUSDT (Caused by SSLError(SSLEOFError(8, '[SSL: UNEXPECTED_EOF_WHILE_READING] EOF occurred in violation of protocol (_ssl.c:1000)')))
  Insufficient data — skipping
Analysing ICPUSDT...
  HOLD       | Conf: 35% | Lev: 5x | Risk: MEDIUM | Funding: -0.0009%
  7d momentum of -2.74% fails to trigger SHORT signal (requires < -10%), and 24h momentum of -4.16% fails to tri
Skipping KASUSDT — position open
Skipping LINKUSDT — position open
Analysing LTCUSDT...
  HOLD       | Conf: 35% | Lev: 5x | Risk: MEDIUM | Funding: -0.0015%
  Mixed signals prevent conviction: 24h momentum is positive (+0.26%) and RSI is neutral (47.8), supporting a lo
Analysing MNTUSDT...
  SELL SHORT | Conf: 72% | Lev: 6x | Risk: HIGH | Funding: +0.0100%
  7d momentum deeply negative at -18.54% and price is -20.48% below 7d high, both triggering SELL conditions. Vo
  Skipping HIGH risk (conf 72% < 82%)
Skipping ONDOUSDT — position open
Analysing PAXGUSDT...
  Data error for PAXGUSDT: HTTPSConnectionPool(host='api.bybit.com', port=443): Max retries exceeded with url: /v5/market/tickers?category=linear&symbol=PAXGUSDT (Caused by SSLError(SSLEOFError(8, '[SSL: UNEXPECTED_EOF_WHILE_READING] EOF occurred in violation of protocol (_ssl.c:1000)')))
  Insufficient data — skipping
Analysing PUMPUSDT...
  Insufficient data — skipping
Analysing NEARUSDT...
  SELL SHORT | Conf: 72% | Lev: 5x | Risk: MEDIUM | Funding: +0.0100%
  7d momentum deeply negative at -12.64% (< -10% threshold) with price 18.80% below 7d high, well exceeding the 
Analysing SKYUSDT...
  SELL SHORT | Conf: 72% | Lev: 6x | Risk: HIGH | Funding: +0.0050%
  7d momentum deeply negative at -11.78% (below -10% threshold) and price is 13.64% below 7d high, meeting core 
  Skipping HIGH risk (conf 72% < 82%)
Analysing SOLUSDT...
  Data error for SOLUSDT: HTTPSConnectionPool(host='api.bybit.com', port=443): Max retries exceeded with url: /v5/market/kline?category=linear&symbol=SOLUSDT&interval=240&limit=50 (Caused by SSLError(SSLEOFError(8, '[SSL: UNEXPECTED_EOF_WHILE_READING] EOF occurred in violation of protocol (_ssl.c:1000)')))
  Insufficient data — skipping
Skipping SUIUSDT — position open
Skipping TAOUSDT — position open
Skipping TONUSDT — position open
Skipping TRXUSDT — position open
Analysing XRPUSDT...
  SELL SHORT | Conf: 72% | Lev: 6x | Risk: MEDIUM | Funding: +0.0042%
  7d momentum is -6.94% (approaching -10% threshold) and price is -10.00% from 7d high, meeting SELL criteria. V

=========================================================
Candidates: 5

Opening SHORT — ADAUSDT:
  >> FILLED SHORT ADAUSDT @ 0.1456  TP: 0.139776  SL: 0.148512  Lev: 6x  Margin: $100.0

Opening SHORT — HBARUSDT:
  >> FILLED SHORT HBARUSDT @ 0.0735  TP: 0.07056  SL: 0.07497  Lev: 5x  Margin: $100.0

Opening SHORT — NEARUSDT:
  >> FILLED SHORT NEARUSDT @ 1.8502  TP: 1.776192  SL: 1.887204  Lev: 5x  Margin: $100.0

Opening SHORT — XRPUSDT:
  >> FILLED SHORT XRPUSDT @ 1.0469  TP: 1.005024  SL: 1.067838  Lev: 6x  Margin: $100.0

Opening SHORT — BTCUSDT:
  >> FILLED SHORT BTCUSDT @ 60295.8  TP: 57883.968  SL: 61501.716  Lev: 5x  Margin: $100.0

=========================================================
Scan #91 complete
Equity:        10292.81 USDT  (+292.81 USDT overall)
Trades:        155 closed  (61W / 94L  39% win rate)
Open positions:18
New trades:    5
Done.
============================================================ 
Run finished: Fri 26/06/2026 17:12:24.74 
============================================================ 
============================================================ 
Run started: Fri 26/06/2026 21:00:01.06 
============================================================ 
BYBIT SIMULATION ENGINE
=========================================================
Scan:          2026-06-26 21:00:02
Balance:       8494.02 USDT
Open positions:18
Scan #:        92
=========================================================

Fetching macro context...
  Fear & Greed:  13 — Extreme Fear
  BTC Dominance: 55.9%
  Regime:        FEAR — market oversold, slight long bias but follow technicals

Checking open positions for TP/SL...

Checking coin bench status...
  Benched (skipped this cycle): AVAXUSDT, ENAUSDT, UNIUSDT
Available slots: 2

Analysing AAVEUSDT...
  HOLD       | Conf: 35% | Lev: 5x | Risk: HIGH | Funding: -0.0106%
  RSI at 78.4 signals overbought conditions, violating the BUY rule (RSI < 70 required). While 24h momentum (+3.
Skipping ADAUSDT — position open
Skipping ALGOUSDT — position open
Skipping APTUSDT — position open
Skipping ATOMUSDT — position open
Analysing BCHUSDT...
  HOLD       | Conf: 35% | Lev: 5x | Risk: MEDIUM | Funding: +0.0100%
  BCH shows mixed signals with 24h momentum slightly negative (-0.31%) failing the BUY requirement, while 7d mom
Skipping BTCUSDT — position open
Skipping BNBUSDT — position open
Skipping DOGEUSDT — position open
Analysing DOTUSDT...
  SELL SHORT | Conf: 72% | Lev: 6x | Risk: HIGH | Funding: +0.0022%
  7d momentum is -12.75% (< -10%) and price is -15.32% below 7d high, meeting short entry criteria. RSI at 26.2 
  Skipping HIGH risk (conf 72% < 82%)
Skipping ETHUSDT — position open
Skipping HBARUSDT — position open
Analysing HYPEUSDT...
  HOLD       | Conf: 45% | Lev: 5x | Risk: MEDIUM | Funding: +0.0014%
  Mixed signals prevent a high-conviction trade: 24h momentum is negative (-1.53%), failing the BUY condition de
Analysing ICPUSDT...
  HOLD       | Conf: 35% | Lev: 5x | Risk: MEDIUM | Funding: +0.0027%
  7d momentum of -4.60% fails to meet the -10% threshold for SHORT signal, while 24h momentum of -5.42% prevents
Skipping KASUSDT — position open
Skipping LINKUSDT — position open
Analysing LTCUSDT...
  SELL SHORT | Conf: 72% | Lev: 5x | Risk: MEDIUM | Funding: -0.0021%
  7d momentum of -5.15% combined with price 10.49% below 7d high meets short entry criteria. RSI at 46.7 is neut
Analysing MNTUSDT...
  SELL SHORT | Conf: 72% | Lev: 6x | Risk: HIGH | Funding: -0.0018%
  7d momentum at -19.67% (well below -10% threshold) and price is -22.37% from 7d high, both triggering SELL cri
  Skipping HIGH risk (conf 72% < 82%)
Skipping ONDOUSDT — position open
Analysing PAXGUSDT...
  HOLD       | Conf: 42% | Lev: 5x | Risk: MEDIUM | Funding: +0.0050%
  Mixed signals prevent conviction: 24h momentum is positive (+1.73%) and 7d momentum (-2.36%) passes the >-10% 
Analysing PUMPUSDT...
  Insufficient data — skipping
Skipping NEARUSDT — position open
Analysing SKYUSDT...
  SELL SHORT | Conf: 68% | Lev: 5x | Risk: HIGH | Funding: +0.0050%
  7d momentum is -12.24% (below -10% threshold) and price is -15.26% from 7d high (exceeds -8% requirement), mee
  Skipping HIGH risk (conf 68% < 82%)
Analysing SOLUSDT...
  BUY  LONG  | Conf: 72% | Lev: 6x | Risk: LOW | Funding: +0.0100%
  24h momentum positive (+1.01%) and 7d momentum neutral (+0.91% > -10%), with volume confirmation (+42.7% above
Skipping SUIUSDT — position open
Skipping TAOUSDT — position open
Skipping TONUSDT — position open
Skipping TRXUSDT — position open
Skipping XRPUSDT — position open

=========================================================
Candidates: 2

Opening SHORT — LTCUSDT:
  >> FILLED SHORT LTCUSDT @ 41.22  TP: 39.5712  SL: 42.0444  Lev: 5x  Margin: $100.0

Opening LONG — SOLUSDT:
  >> FILLED LONG SOLUSDT @ 68.82  TP: 71.5728  SL: 67.4436  Lev: 6x  Margin: $100.0

=========================================================
Scan #92 complete
Equity:        10432.86 USDT  (+432.86 USDT overall)
Trades:        155 closed  (61W / 94L  39% win rate)
Open positions:20
New trades:    2
Done.
============================================================ 
Run finished: Fri 26/06/2026 21:01:07.92 
============================================================ 
