============================================================ 
Run started: Sun 05/07/2026  1:00:00.42 
============================================================ 
BYBIT SIMULATION ENGINE
=========================================================
Scan:          2026-07-05 01:00:10
Balance:       8544.01 USDT
Open positions:19
Scan #:        139
=========================================================

Fetching macro context...
  Fear & Greed:  22 Ś Extreme Fear
  BTC Dominance: 55.5%
  Regime:        FEAR Ś market oversold, slight long bias but follow technicals

Checking open positions for TP/SL...
  >> ETHUSDT TAKE_PROFIT: WIN  PnL +20.0000 USDT  (+20.0% of margin)

Checking coin bench status...
  Benched (skipped this cycle): ADAUSDT, ALGOUSDT, AVAXUSDT, ENAUSDT, LTCUSDT, NEARUSDT, UNIUSDT
Available slots: 2

Skipping AAVEUSDT Ś position open
Skipping APTUSDT Ś position open
Skipping ATOMUSDT Ś position open
Skipping BCHUSDT Ś position open
Skipping BTCUSDT Ś position open
Skipping BNBUSDT Ś position open
Analysing DOGEUSDT...
  HOLD       | Conf: 35% | Lev: 5x | Risk: HIGH | Funding: +0.0100% | SFP: NONE
  RSI at 86.2 is severely overbought (well above 70 threshold), violating core BUY rule despite positive momentu
Skipping DOTUSDT Ś position open
Analysing ETHUSDT...
  HOLD       | Conf: 35% | Lev: 5x | Risk: HIGH | Funding: +0.0033% | SFP: NONE
  RSI at 91.5 is severely overbought (>75), triggering HIGH risk classification and violating BUY criteria. Whil
Skipping HBARUSDT Ś position open
Skipping HYPEUSDT Ś position open
Skipping ICPUSDT Ś position open
Skipping KASUSDT Ś position open
Analysing LINKUSDT...
  HOLD       | Conf: 35% | Lev: 5x | Risk: HIGH | Funding: +0.0013% | SFP: NONE
  RSI at 83.8 is significantly overbought (>75), violating buy criteria and signaling extreme mean-reversion ris
Skipping MNTUSDT Ś position open
Skipping ONDOUSDT Ś position open
Skipping PAXGUSDT Ś position open
Analysing PUMPUSDT...
  Insufficient data Ś skipping
Analysing SKYUSDT...
  HOLD       | Conf: 35% | Lev: 5x | Risk: MEDIUM | Funding: +0.0050% | SFP: NONE
  RSI at 68.9 is approaching overbought territory (< 70 threshold barely met), creating hesitation on long entry
Analysing SOLUSDT...
  BUY  LONG  | Conf: 72% | Lev: 6x | Risk: MEDIUM | Funding: +0.0048% | SFP: NONE
  24h momentum positive (+0.74%) and 7d momentum strong (+12.29%) well above -10% threshold; RSI at 69.1 is near
Skipping SUIUSDT Ś position open
Skipping TAOUSDT Ś position open
Skipping TONUSDT Ś position open
Skipping TRXUSDT Ś position open
Analysing XPLUSDT...
  HOLD       | Conf: 35% | Lev: 5x | Risk: HIGH | Funding: +0.0050% | SFP: NONE
  RSI at 83.6 is deeply overbought (>75), violating buy rule and triggering HIGH risk flag despite positive mome
Analysing XRPUSDT...
  HOLD       | Conf: 35% | Lev: 5x | Risk: HIGH | Funding: +0.0043% | SFP: NONE
  RSI at 93.6 is deeply overbought (>75), triggering HIGH risk protocol and disqualifying BUY despite positive m

=========================================================
Candidates: 1

Opening LONG Ś SOLUSDT:
  >> FILLED LONG SOLUSDT @ 81.76  TP: 85.0304  SL: 80.1248  Lev: 6x  Margin: $100.0

=========================================================
Scan #139 complete
Equity:        10555.48 USDT  (+555.48 USDT overall)
Trades:        235 closed  (93W / 142L  40% win rate)
Open positions:19
New trades:    1
Done.
============================================================ 
Run finished: Sun 05/07/2026  1:01:09.95 
============================================================ 
============================================================ 
Run started: Sun 05/07/2026  5:00:01.26 
============================================================ 
BYBIT SIMULATION ENGINE
=========================================================
Scan:          2026-07-05 05:00:02
Balance:       8564.01 USDT
Open positions:19
Scan #:        140
=========================================================

Fetching macro context...
  Fear & Greed:  22 Ś Extreme Fear
  BTC Dominance: 55.6%
  Regime:        FEAR Ś market oversold, slight long bias but follow technicals

Checking open positions for TP/SL...
  >> AAVEUSDT STOP_LOSS: LOSS  PnL -10.0000 USDT  (-10.0% of margin)

Checking coin bench status...
  Benched (skipped this cycle): ADAUSDT, ALGOUSDT, AVAXUSDT, ENAUSDT, LTCUSDT, NEARUSDT, UNIUSDT
Available slots: 2

Analysing AAVEUSDT...
  BUY  LONG  | Conf: 62% | Lev: 5x | Risk: LOW | Funding: -0.0052% | SFP: NONE
  24h momentum is positive (+3.39%) and 7d momentum (-4.12%) remains above -10% threshold, meeting entry criteri
Skipping APTUSDT Ś position open
Skipping ATOMUSDT Ś position open
Skipping BCHUSDT Ś position open
Skipping BTCUSDT Ś position open
Skipping BNBUSDT Ś position open
Analysing DOGEUSDT...
  HOLD       | Conf: 35% | Lev: 5x | Risk: HIGH | Funding: +0.0100% | SFP: NONE
  RSI at 85.9 is severely overbought (>75), triggering HIGH risk flag and invalidating BUY criteria despite posi
Skipping DOTUSDT Ś position open
Analysing ETHUSDT...
  HOLD       | Conf: 35% | Lev: 5x | Risk: HIGH | Funding: +0.0057% | SFP: NONE
  RSI at 90.9 is severely overbought (>75 threshold), triggering HIGH risk flag and violating BUY rule (RSI must
Skipping HBARUSDT Ś position open
Skipping HYPEUSDT Ś position open
Skipping ICPUSDT Ś position open
Skipping KASUSDT Ś position open
Analysing LINKUSDT...
  HOLD       | Conf: 35% | Lev: 5x | Risk: HIGH | Funding: +0.0025% | SFP: NONE
  RSI at 81.0 is significantly overbought (>75), triggering HIGH risk classification and disqualifying a BUY des
Skipping MNTUSDT Ś position open
Skipping ONDOUSDT Ś position open
Skipping PAXGUSDT Ś position open
Analysing PUMPUSDT...
  Insufficient data Ś skipping
Analysing SKYUSDT...
  Data error for SKYUSDT: Bybit 10006: Too many visits. Exceeded the API Rate Limit.
  Insufficient data Ś skipping
Skipping SOLUSDT Ś position open
Skipping SUIUSDT Ś position open
Skipping TAOUSDT Ś position open
Skipping TONUSDT Ś position open
Skipping TRXUSDT Ś position open
Analysing XPLUSDT...
  HOLD       | Conf: 35% | Lev: 5x | Risk: HIGH | Funding: +0.0050% | SFP: NONE
  RSI at 77.4 is significantly overbought (>75), violating the buy condition threshold of <70 and triggering HIG
Analysing XRPUSDT...
  HOLD       | Conf: 35% | Lev: 5x | Risk: HIGH | Funding: -0.0017% | SFP: NONE
  RSI at 92.2 is severely overbought (>75), triggering HIGH risk classification and disqualifying a BUY despite 

=========================================================
Candidates: 0

=========================================================
Scan #140 complete
Equity:        10642.48 USDT  (+642.48 USDT overall)
Trades:        236 closed  (93W / 143L  39% win rate)
Open positions:18
New trades:    0
Done.
============================================================ 
Run finished: Sun 05/07/2026  5:00:48.06 
============================================================ 
============================================================ 
Run started: Sun 05/07/2026  9:00:01.27 
============================================================ 
BYBIT SIMULATION ENGINE
=========================================================
Scan:          2026-07-05 09:00:02
Balance:       8654.01 USDT
Open positions:18
Scan #:        141
=========================================================

Fetching macro context...
  Fear & Greed:  22 Ś Extreme Fear
  BTC Dominance: 55.7%
  Regime:        FEAR Ś market oversold, slight long bias but follow technicals

Checking open positions for TP/SL...
  >> HBARUSDT TAKE_PROFIT: WIN  PnL +20.0000 USDT  (+20.0% of margin)
  >> BCHUSDT TAKE_PROFIT: WIN  PnL +20.0000 USDT  (+20.0% of margin)

Checking coin bench status...
  Benched (skipped this cycle): ADAUSDT, ALGOUSDT, AVAXUSDT, ENAUSDT, LTCUSDT, NEARUSDT, UNIUSDT
Available slots: 4

Analysing AAVEUSDT...
  Data error for AAVEUSDT: Bybit 10006: Too many visits. Exceeded the API Rate Limit.
  Insufficient data Ś skipping
Skipping APTUSDT Ś position open
Skipping ATOMUSDT Ś position open
Analysing BCHUSDT...
  HOLD       | Conf: 35% | Lev: 5x | Risk: HIGH | Funding: +0.0100% | SFP: NONE
  RSI at 85.1 is significantly overbought (>75), triggering HIGH risk classification and violating BUY criteria.
Skipping BTCUSDT Ś position open
Skipping BNBUSDT Ś position open
Analysing DOGEUSDT...
  HOLD       | Conf: 35% | Lev: 5x | Risk: HIGH | Funding: +0.0079% | SFP: BEARISH
  RSI at 75.6 is overbought (>75 threshold), triggering HIGH risk classification and disqualifying BUY signal de
Skipping DOTUSDT Ś position open
Analysing ETHUSDT...
  HOLD       | Conf: 35% | Lev: 5x | Risk: HIGH | Funding: +0.0035% | SFP: NONE
  RSI at 82.4 is significantly overbought (>75), triggering HIGH risk designation and violating BUY criteria. Wh
Analysing HBARUSDT...
  HOLD       | Conf: 35% | Lev: 5x | Risk: MEDIUM | Funding: +0.0100% | SFP: BEARISH
  While 24h momentum (+5.16%) and 7d momentum (+7.25%) are positive with RSI at 61.8 (not overbought) and fundin
Skipping HYPEUSDT Ś position open
Skipping ICPUSDT Ś position open
Skipping KASUSDT Ś position open
Analysing LINKUSDT...
  HOLD       | Conf: 35% | Lev: 5x | Risk: MEDIUM | Funding: -0.0013% | SFP: BEARISH
  Mixed signals prevent conviction trade. RSI at 68.6 is near overbought (< 70 threshold but elevated), and the 
Skipping MNTUSDT Ś position open
Skipping ONDOUSDT Ś position open
Skipping PAXGUSDT Ś position open
Analysing PUMPUSDT...
  Insufficient data Ś skipping
Analysing SKYUSDT...
  BUY  LONG  | Conf: 62% | Lev: 6x | Risk: MEDIUM | Funding: +0.0050% | SFP: NONE
  7d momentum +15.17% exceeds threshold and 24h momentum negative is offset by strong weekly trend; RSI 51.8 is 
Skipping SOLUSDT Ś position open
Skipping SUIUSDT Ś position open
Skipping TAOUSDT Ś position open
Skipping TONUSDT Ś position open
Skipping TRXUSDT Ś position open
Analysing XPLUSDT...
  HOLD       | Conf: 35% | Lev: 5x | Risk: HIGH | Funding: +0.0050% | SFP: NONE
  RSI at 73.8 is overbought (>70 threshold), violating BUY criteria despite positive momentum and healthy fundin
Analysing XRPUSDT...
  HOLD       | Conf: 35% | Lev: 5x | Risk: HIGH | Funding: +0.0025% | SFP: BEARISH
  RSI at 81.7 is severely overbought (>75), triggering HIGH risk classification and violating BUY criteria. Bear

=========================================================
Candidates: 0

=========================================================
Scan #141 complete
Equity:        10624.51 USDT  (+624.51 USDT overall)
Trades:        238 closed  (95W / 143L  40% win rate)
Open positions:16
New trades:    0
Done.
============================================================ 
Run finished: Sun 05/07/2026  9:00:51.91 
============================================================ 
============================================================ 
Run started: Sun 05/07/2026 13:00:01.28 
============================================================ 
BYBIT SIMULATION ENGINE
=========================================================
Scan:          2026-07-05 13:00:02
Balance:       8894.01 USDT
Open positions:16
Scan #:        142
=========================================================

Fetching macro context...
  Fear & Greed:  23 Ś Extreme Fear
  BTC Dominance: 55.7%
  Regime:        FEAR Ś market oversold, slight long bias but follow technicals

Checking open positions for TP/SL...
  >> HYPEUSDT STOP_LOSS: LOSS  PnL -10.0000 USDT  (-10.0% of margin)

Checking coin bench status...
  Benched (skipped this cycle): ADAUSDT, ALGOUSDT, AVAXUSDT, ENAUSDT, LTCUSDT, NEARUSDT, UNIUSDT
Available slots: 5

Analysing AAVEUSDT...
  HOLD       | Conf: 45% | Lev: 5x | Risk: MEDIUM | Funding: +0.0008% | SFP: NONE
  7d momentum at -7.93% fails to trigger SELL (needs < -10%), while 24h momentum is negative (-1.91%), preventin
Skipping APTUSDT Ś position open
Skipping ATOMUSDT Ś position open
Analysing BCHUSDT...
  HOLD       | Conf: 35% | Lev: 5x | Risk: HIGH | Funding: +0.0100% | SFP: NONE
  RSI at 79.8 is critically overbought (>75), triggering HIGH risk protocol despite positive momentum. While 24h
Skipping BTCUSDT Ś position open
Skipping BNBUSDT Ś position open
Analysing DOGEUSDT...
  BUY  LONG  | Conf: 68% | Lev: 6x | Risk: LOW | Funding: -0.0015% | SFP: NONE
  7d momentum is positive at +2.16% (well above -10% threshold), volume is confirming with +12.3% trend above 7d
Skipping DOTUSDT Ś position open
Analysing ETHUSDT...
  HOLD       | Conf: 35% | Lev: 5x | Risk: MEDIUM | Funding: +0.0046% | SFP: NONE
  RSI at 69.5 is borderline overbought, failing the BUY criteria (< 70 threshold). While 24h momentum is positiv
Analysing HBARUSDT...
  BUY  LONG  | Conf: 72% | Lev: 5x | Risk: LOW | Funding: +0.0100% | SFP: NONE
  24h momentum +3.48% and 7d momentum +5.18% both positive with RSI 60.7 (neutral, not overbought) meet BUY crit
Analysing HYPEUSDT...
  BUY  LONG  | Conf: 72% | Lev: 5x | Risk: LOW | Funding: +0.0100% | SFP: NONE
  7d momentum is strongly positive at +10.26% (well above -10% threshold), RSI at 63.8 is healthy and not overbo
Skipping ICPUSDT Ś position open
Skipping KASUSDT Ś position open
Analysing LINKUSDT...
  BUY  LONG  | Conf: 68% | Lev: 5x | Risk: MEDIUM | Funding: +0.0004% | SFP: NONE
  7d momentum is strongly positive at +8.10% and price is 11.63% above 7d low, supporting a long bias in oversol
Skipping MNTUSDT Ś position open
Skipping ONDOUSDT Ś position open
Skipping PAXGUSDT Ś position open
Analysing PUMPUSDT...
  Insufficient data Ś skipping
Analysing SKYUSDT...
  HOLD       | Conf: 35% | Lev: 5x | Risk: MEDIUM | Funding: +0.0050% | SFP: NONE
  7d momentum is positive (+11.42%) and funding is benign (+0.0050%), but 24h momentum is negative (-4.93%), fai
Skipping SOLUSDT Ś position open
Skipping SUIUSDT Ś position open
Skipping TAOUSDT Ś position open
Skipping TONUSDT Ś position open
Skipping TRXUSDT Ś position open
Analysing XPLUSDT...
  BUY  LONG  | Conf: 62% | Lev: 5x | Risk: MEDIUM | Funding: +0.0050% | SFP: NONE
  7d momentum at +2.87% exceeds -10% threshold, RSI at 61.4 is healthy (not overbought), and funding rate at +0.
Analysing XRPUSDT...
  HOLD       | Conf: 35% | Lev: 5x | Risk: HIGH | Funding: +0.0100% | SFP: NONE
  RSI at 71.6 is overbought (near 75 threshold), violating BUY criteria despite positive 7d momentum (+8.39%). 2

=========================================================
Candidates: 4

Opening LONG Ś HBARUSDT:
  >> FILLED LONG HBARUSDT @ 0.07532  TP: 0.078333  SL: 0.073814  Lev: 5x  Margin: $100.0

Opening LONG Ś HYPEUSDT:
  >> FILLED LONG HYPEUSDT @ 68.605  TP: 71.3492  SL: 67.2329  Lev: 5x  Margin: $100.0

Opening LONG Ś DOGEUSDT:
  >> FILLED LONG DOGEUSDT @ 0.07584  TP: 0.078874  SL: 0.074323  Lev: 6x  Margin: $100.0

Opening LONG Ś LINKUSDT:
  >> FILLED LONG LINKUSDT @ 7.891  TP: 8.20664  SL: 7.73318  Lev: 5x  Margin: $100.0

=========================================================
Scan #142 complete
Equity:        10478.55 USDT  (+478.55 USDT overall)
Trades:        239 closed  (95W / 144L  40% win rate)
Open positions:19
New trades:    4
Done.
============================================================ 
Run finished: Sun 05/07/2026 13:00:58.04 
============================================================ 
============================================================ 
Run started: Sun 05/07/2026 17:00:09.54 
============================================================ 
BYBIT SIMULATION ENGINE
=========================================================
Scan:          2026-07-05 17:00:12
Balance:       8584.01 USDT
Open positions:19
Scan #:        143
=========================================================

Fetching macro context...
  Fear & Greed:  23 Ś Extreme Fear
  BTC Dominance: 55.7%
  Regime:        FEAR Ś market oversold, slight long bias but follow technicals

Checking open positions for TP/SL...

Checking coin bench status...
  Benched (skipped this cycle): ADAUSDT, ALGOUSDT, AVAXUSDT, ENAUSDT, LTCUSDT, NEARUSDT, UNIUSDT
Available slots: 1

Analysing AAVEUSDT...
  HOLD       | Conf: 35% | Lev: 5x | Risk: MEDIUM | Funding: +0.0003% | SFP: NONE
  24h momentum is near-flat (-0.09%), failing the positive requirement for a BUY signal. While 7d momentum (-3.6
Skipping APTUSDT Ś position open
Skipping ATOMUSDT Ś position open
Analysing BCHUSDT...
  HOLD       | Conf: 35% | Lev: 5x | Risk: HIGH | Funding: +0.0100% | SFP: NONE
  While 24h and 7d momentum are strongly positive and volume confirms, RSI at 86.7 is severely overbought (>75),
Skipping BTCUSDT Ś position open
Skipping BNBUSDT Ś position open
Skipping DOGEUSDT Ś position open
Skipping DOTUSDT Ś position open
Analysing ETHUSDT...
  HOLD       | Conf: 35% | Lev: 5x | Risk: MEDIUM | Funding: +0.0016% | SFP: NONE
  RSI at 70.3 is at the overbought threshold, disqualifying a BUY despite positive 24h/7d momentum and low fundi
Skipping HBARUSDT Ś position open
Skipping HYPEUSDT Ś position open
Skipping ICPUSDT Ś position open
Skipping KASUSDT Ś position open
Skipping LINKUSDT Ś position open
Skipping MNTUSDT Ś position open
Skipping ONDOUSDT Ś position open
Skipping PAXGUSDT Ś position open
Analysing PUMPUSDT...
  Insufficient data Ś skipping
Analysing SKYUSDT...
  BUY  LONG  | Conf: 62% | Lev: 6x | Risk: MEDIUM | Funding: +0.0050% | SFP: NONE
  7d momentum strongly positive (+10.67%) with price 12.79% above 7d low, supporting oversold bounce thesis in e
Skipping SOLUSDT Ś position open
Skipping SUIUSDT Ś position open
Skipping TAOUSDT Ś position open
Skipping TONUSDT Ś position open
Skipping TRXUSDT Ś position open
Analysing XPLUSDT...
  BUY  LONG  | Conf: 72% | Lev: 6x | Risk: MEDIUM | Funding: +0.0050% | SFP: NONE
  7d momentum strongly positive at +7.05% with price recovering 24.89% from weekly low, RSI at 65.3 (not overbou
Analysing XRPUSDT...
  HOLD       | Conf: 35% | Lev: 5x | Risk: HIGH | Funding: +0.0007% | SFP: NONE
  RSI at 71.2 is overbought (>70), violating BUY criteria despite positive 7d momentum (+8.29%) and low 24h mome

=========================================================
Candidates: 1

Opening LONG Ś XPLUSDT:
  >> FILLED LONG XPLUSDT @ 0.10627  TP: 0.110521  SL: 0.104145  Lev: 6x  Margin: $100.0

=========================================================
Scan #143 complete
Equity:        10475.42 USDT  (+475.42 USDT overall)
Trades:        239 closed  (95W / 144L  40% win rate)
Open positions:20
New trades:    1
Done.
============================================================ 
Run finished: Sun 05/07/2026 17:01:02.88 
============================================================ 
============================================================ 
Run started: Sun 05/07/2026 21:00:01.18 
============================================================ 
BYBIT SIMULATION ENGINE
=========================================================
Scan:          2026-07-05 21:00:03
Balance:       8484.01 USDT
Open positions:20
Scan #:        144
=========================================================

Fetching macro context...
  Fear & Greed:  23 Ś Extreme Fear
  BTC Dominance: 55.7%
  Regime:        FEAR Ś market oversold, slight long bias but follow technicals

Checking open positions for TP/SL...
  >> ONDOUSDT STOP_LOSS: LOSS  PnL -12.0000 USDT  (-12.0% of margin)
  >> TAOUSDT STOP_LOSS: LOSS  PnL -12.0000 USDT  (-12.0% of margin)

Checking coin bench status...
  Benched (skipped this cycle): ADAUSDT, ALGOUSDT, AVAXUSDT, ENAUSDT, LTCUSDT, NEARUSDT, UNIUSDT
Available slots: 2

Analysing AAVEUSDT...
  HOLD       | Conf: 45% | Lev: 5x | Risk: MEDIUM | Funding: +0.0010% | SFP: NONE
  Mixed signals prevent a high-conviction trade: 24h momentum is positive (+0.46%) and RSI (58.6) is neutral, bu
Skipping APTUSDT Ś position open
Skipping ATOMUSDT Ś position open
Analysing BCHUSDT...
  HOLD       | Conf: 35% | Lev: 5x | Risk: HIGH | Funding: +0.0100% | SFP: NONE
  RSI at 80.1 is overbought (>75), violating the BUY rule ceiling of <70 and triggering HIGH risk classification
Skipping BTCUSDT Ś position open
Skipping BNBUSDT Ś position open
Skipping DOGEUSDT Ś position open
Skipping DOTUSDT Ś position open
Analysing ETHUSDT...
  BUY  LONG  | Conf: 72% | Lev: 6x | Risk: MEDIUM | Funding: +0.0021% | SFP: NONE
  24h momentum is positive (+0.26%) and 7d momentum is strong at +11.35%, well above the -10% threshold. RSI at 
Skipping HBARUSDT Ś position open
Skipping HYPEUSDT Ś position open
Skipping ICPUSDT Ś position open
Skipping KASUSDT Ś position open
Skipping LINKUSDT Ś position open
Skipping MNTUSDT Ś position open
Analysing ONDOUSDT...
  BUY  LONG  | Conf: 62% | Lev: 5x | Risk: MEDIUM | Funding: +0.0048% | SFP: NONE
  7d momentum is +5.07% (above -10% threshold) and RSI 43.3 is neutral, not overbought. Funding rate +0.0048% is
Skipping PAXGUSDT Ś position open
Analysing PUMPUSDT...
  Insufficient data Ś skipping
Analysing SEIUSDT...
  HOLD       | Conf: 35% | Lev: 5x | Risk: MEDIUM | Funding: -0.0183% | SFP: NONE
  SEI fails both entry criteria: 24h momentum is negative (-1.34%), and while 7d momentum (-3.27%) exceeds the -
Analysing SKYUSDT...
  HOLD       | Conf: 35% | Lev: 5x | Risk: HIGH | Funding: +0.0050% | SFP: NONE
  RSI at 24.6 is oversold (<25), triggering HIGH risk flag and violating sell rule (RSI must be >30). 7d momentu
Skipping SOLUSDT Ś position open
Skipping SUIUSDT Ś position open
Analysing TAOUSDT...
  HOLD       | Conf: 45% | Lev: 5x | Risk: MEDIUM | Funding: +0.0050% | SFP: NONE
  Mixed signals with conflicting momentum: 24h momentum is negative (-0.83%) failing the BUY rule, while 7d mome
Skipping TONUSDT Ś position open
Skipping TRXUSDT Ś position open
Analysing XLMUSDT...
  BUY  LONG  | Conf: 62% | Lev: 5x | Risk: LOW | Funding: +0.0100% | SFP: NONE
  7d momentum strongly positive at +15.93% with RSI neutral at 53.7, well below overbought threshold. Funding ra
Skipping XPLUSDT Ś position open
Analysing XRPUSDT...
  BUY  LONG  | Conf: 68% | Lev: 5x | Risk: MEDIUM | Funding: -0.0075% | SFP: NONE
  7d momentum is strongly positive at +7.41% with price only 4.52% below 7d high, supporting a long setup. RSI a
Analysing ZECUSDT...
  HOLD       | Conf: 35% | Lev: 5x | Risk: MEDIUM | Funding: +0.0100% | SFP: NONE
  RSI at 70.1 is at overbought threshold, disqualifying a BUY signal despite positive 7d momentum (+17.91%). 24h

=========================================================
Candidates: 2

Opening LONG Ś ETHUSDT:
  >> FILLED LONG ETHUSDT @ 1761.73  TP: 1832.1992  SL: 1726.4954  Lev: 6x  Margin: $100.0

Opening LONG Ś XRPUSDT:
  >> FILLED LONG XRPUSDT @ 1.1303  TP: 1.175512  SL: 1.107694  Lev: 5x  Margin: $100.0

=========================================================
Scan #144 complete
Equity:        10457.86 USDT  (+457.86 USDT overall)
Trades:        241 closed  (95W / 146L  39% win rate)
Open positions:20
New trades:    2
Done.
============================================================ 
Run finished: Sun 05/07/2026 21:01:08.78 
============================================================ 
