============================================================ 
Run started: Wed 24/06/2026  2:58:10.25 
============================================================ 
============================================================ 
Run started: Wed 24/06/2026  9:00:01.22 
============================================================ 
BYBIT SIMULATION ENGINE
=========================================================
Scan:          2026-06-24 09:00:03
Balance:       8452.01 USDT
Open positions:15
Scan #:        75
=========================================================

Fetching macro context...
  Fear & Greed:  23 Ś Extreme Fear
  BTC Dominance: 56.2%
  Regime:        FEAR Ś market oversold, slight long bias but follow technicals

Checking open positions for TP/SL...
Available slots: 5

Skipping BTCUSDT Ś position open
Skipping ETHUSDT Ś position open
Skipping BNBUSDT Ś position open
Analysing SOLUSDT...
  Data error for SOLUSDT: Bybit 10006: Too many visits. Exceeded the API Rate Limit.
  Insufficient data Ś skipping
Skipping XRPUSDT Ś position open
Analysing DOGEUSDT...
  SELL SHORT | Conf: 72% | Lev: 6x | Risk: HIGH | Funding: -0.0128%
  7d momentum deeply negative at -9.44% (near -10% threshold) and price is 10.41% below 7d high, satisfying prim
  Skipping HIGH risk (conf 72% < 82%)
Skipping ADAUSDT Ś position open
Skipping TRXUSDT Ś position open
Analysing AVAXUSDT...
  BUY  LONG  | Conf: 68% | Lev: 5x | Risk: LOW | Funding: +0.0100%
  24h momentum is positive at +3.69% and 7d momentum at -5.95% remains above the -10% threshold, satisfying core
Skipping TONUSDT Ś position open
Skipping LINKUSDT Ś position open
Analysing DOTUSDT...
  SELL SHORT | Conf: 68% | Lev: 5x | Risk: HIGH | Funding: +0.0100%
  7d momentum at -10.30% meets short threshold, price is -12.83% from 7d high (exceeds 8% requirement), and RSI 
  Skipping HIGH risk (conf 68% < 82%)
Analysing LTCUSDT...
  SELL SHORT | Conf: 72% | Lev: 6x | Risk: HIGH | Funding: -0.0052%
  7d momentum at -8.08% approaching the -10% threshold, price 8.84% below 7d high, and volume surge (+15.7%) con
  Skipping HIGH risk (conf 72% < 82%)
Skipping BCHUSDT Ś position open
Analysing APTUSDT...
  HOLD       | Conf: 35% | Lev: 5x | Risk: MEDIUM | Funding: +0.0100%
  APT fails both BUY and SELL criteria: 24h momentum is negative (-2.01%), and while 7d momentum (-3.13%) stays 
Skipping ICPUSDT Ś position open
Skipping HBARUSDT Ś position open
Skipping UNIUSDT Ś position open
Skipping SUIUSDT Ś position open
Skipping AAVEUSDT Ś position open
Analysing ALGOUSDT...
  BUY  LONG  | Conf: 72% | Lev: 5x | Risk: LOW | Funding: +0.0100%
  24h momentum strongly positive (+6.20%) with 7d momentum neutral (+0.49%), well above the -10% threshold. RSI 
Analysing ENAUSDT...
  HOLD       | Conf: 35% | Lev: 5x | Risk: MEDIUM | Funding: +0.0050%
  24h momentum is negative (-5.46%), failing the BUY criteria despite favorable 7d momentum (-0.05%) and accepta
Skipping TAOUSDT Ś position open

=========================================================
Candidates: 2

Opening LONG Ś ALGOUSDT:
  >> FILLED LONG ALGOUSDT @ 0.09501  TP: 0.09881  SL: 0.09311  Lev: 5x  Margin: $100.0

Opening LONG Ś AVAXUSDT:
  >> FILLED LONG AVAXUSDT @ 6.466  TP: 6.72464  SL: 6.33668  Lev: 5x  Margin: $100.0

=========================================================
Scan #75 complete
Equity:        9942.68 USDT  (-57.32 USDT overall)
Trades:        110 closed  (36W / 74L  33% win rate)
Open positions:17
New trades:    2
Done.
============================================================ 
Run finished: Wed 24/06/2026  9:01:08.03 
============================================================ 
============================================================ 
Run started: Wed 24/06/2026 13:00:01.06 
============================================================ 
BYBIT SIMULATION ENGINE
=========================================================
Scan:          2026-06-24 13:00:03
Balance:       8252.01 USDT
Open positions:17
Scan #:        76
=========================================================

Fetching macro context...
  Fear & Greed:  17 Ś Extreme Fear
  BTC Dominance: 56.2%
  Regime:        FEAR Ś market oversold, slight long bias but follow technicals

Checking open positions for TP/SL...
  >> BCHUSDT STOP_LOSS: LOSS  PnL -10.0000 USDT  (-10.0% of margin)
Available slots: 4

Skipping BTCUSDT Ś position open
Skipping ETHUSDT Ś position open
Skipping BNBUSDT Ś position open
Analysing SOLUSDT...
  SELL SHORT | Conf: 72% | Lev: 6x | Risk: HIGH | Funding: -0.0215%
  7d momentum at -5.74% approaches the -10% threshold with price 7.39% below 7d high, meeting SELL criteria. RSI
  Skipping HIGH risk (conf 72% < 82%)
Skipping XRPUSDT Ś position open
Analysing DOGEUSDT...
  SELL SHORT | Conf: 72% | Lev: 6x | Risk: HIGH | Funding: -0.0028%
  7d momentum of -9.52% is near the -10% threshold and price is -9.97% below 7d high, meeting sell criteria. RSI
  Skipping HIGH risk (conf 72% < 82%)
Skipping ADAUSDT Ś position open
Skipping TRXUSDT Ś position open
Skipping AVAXUSDT Ś position open
Skipping TONUSDT Ś position open
Skipping LINKUSDT Ś position open
Analysing DOTUSDT...
  SELL SHORT | Conf: 68% | Lev: 5x | Risk: MEDIUM | Funding: +0.0100%
  7d momentum is -11.40% (below -10% threshold) and price is -12.88% from 7d high (exceeding 8% requirement). RS
Analysing LTCUSDT...
  SELL SHORT | Conf: 72% | Lev: 6x | Risk: HIGH | Funding: -0.0010%
  7d momentum of -8.04% approaches -10% threshold, price is 8.86% below 7d high, and RSI at 20.2 shows extreme o
  Skipping HIGH risk (conf 72% < 82%)
Analysing BCHUSDT...
  SELL SHORT | Conf: 68% | Lev: 5x | Risk: MEDIUM | Funding: -0.0112%
  7d momentum at -8.88% approaches the -10% threshold with price 10.60% below 7d high, meeting SELL criteria. RS
Analysing APTUSDT...
  HOLD       | Conf: 35% | Lev: 5x | Risk: MEDIUM | Funding: +0.0077%
  Mixed signals prevent conviction: 24h momentum is negative (-1.99%), failing the BUY requirement, while 7d mom
Skipping ICPUSDT Ś position open
Skipping HBARUSDT Ś position open
Skipping UNIUSDT Ś position open
Skipping SUIUSDT Ś position open
Skipping AAVEUSDT Ś position open
Skipping ALGOUSDT Ś position open
Analysing ENAUSDT...
  HOLD       | Conf: 35% | Lev: 5x | Risk: MEDIUM | Funding: +0.0050%
  While 7d momentum (-1.89%) and funding rate (+0.0050%) meet BUY criteria, the 24h momentum is negative (-6.23%
Skipping TAOUSDT Ś position open

=========================================================
Candidates: 2

Opening SHORT Ś DOTUSDT:
  >> FILLED SHORT DOTUSDT @ 0.9078  TP: 0.871488  SL: 0.925956  Lev: 5x  Margin: $100.0

Opening SHORT Ś BCHUSDT:
  >> FILLED SHORT BCHUSDT @ 194.9  TP: 187.104  SL: 198.798  Lev: 5x  Margin: $100.0

=========================================================
Scan #76 complete
Equity:        9954.11 USDT  (-45.89 USDT overall)
Trades:        111 closed  (36W / 75L  32% win rate)
Open positions:18
New trades:    2
Done.
============================================================ 
Run finished: Wed 24/06/2026 13:01:01.75 
============================================================ 
============================================================ 
Run started: Wed 24/06/2026 17:00:01.12 
============================================================ 
BYBIT SIMULATION ENGINE
=========================================================
Scan:          2026-06-24 17:00:02
Balance:       8142.01 USDT
Open positions:18
Scan #:        77
=========================================================

Fetching macro context...
  Fear & Greed:  17 Ś Extreme Fear
  BTC Dominance: 56.2%
  Regime:        FEAR Ś market oversold, slight long bias but follow technicals

Checking open positions for TP/SL...
  >> ALGOUSDT STOP_LOSS: LOSS  PnL -9.9989 USDT  (-10.0% of margin)
Available slots: 3

Skipping BTCUSDT Ś position open
Skipping ETHUSDT Ś position open
Skipping BNBUSDT Ś position open
Analysing SOLUSDT...
  SELL SHORT | Conf: 72% | Lev: 6x | Risk: MEDIUM | Funding: -0.0173%
  7d momentum at -4.79% approaches the -10% threshold while price sits 7.02% below 7d high, nearing the -8% trig
Skipping XRPUSDT Ś position open
Analysing DOGEUSDT...
  SELL SHORT | Conf: 72% | Lev: 6x | Risk: MEDIUM | Funding: -0.0012%
  7d momentum at -9.04% is borderline but price is -10.10% below 7d high, meeting short criteria. RSI at 31.2 is
Skipping ADAUSDT Ś position open
Skipping TRXUSDT Ś position open
Skipping AVAXUSDT Ś position open
Skipping TONUSDT Ś position open
Skipping LINKUSDT Ś position open
Skipping DOTUSDT Ś position open
Analysing LTCUSDT...
  SELL SHORT | Conf: 72% | Lev: 6x | Risk: HIGH | Funding: -0.0014%
  7d momentum -7.43% is below -10% threshold (marginal), price is -8.51% below 7d high meeting structure require
  Skipping HIGH risk (conf 72% < 82%)
Skipping BCHUSDT Ś position open
Analysing APTUSDT...
  HOLD       | Conf: 35% | Lev: 5x | Risk: MEDIUM | Funding: +0.0085%
  24h momentum is positive (+1.81%) and RSI is neutral (50.1), meeting partial BUY criteria; however, 7d momentu
Skipping ICPUSDT Ś position open
Skipping HBARUSDT Ś position open
Skipping UNIUSDT Ś position open
Skipping SUIUSDT Ś position open
Skipping AAVEUSDT Ś position open
Analysing ALGOUSDT...
  BUY  LONG  | Conf: 68% | Lev: 5x | Risk: MEDIUM | Funding: +0.0100%
  24h momentum is positive (+2.37%) and 7d momentum at -5.29% is above the -10% threshold, meeting primary BUY c
Analysing ENAUSDT...
  HOLD       | Conf: 35% | Lev: 5x | Risk: MEDIUM | Funding: +0.0036%
  24h momentum is negative (-2.44%), failing the BUY requirement despite RSI (45.7) and funding being healthy. 7
Skipping TAOUSDT Ś position open

=========================================================
Candidates: 3

Opening SHORT Ś SOLUSDT:
  >> FILLED SHORT SOLUSDT @ 69.7  TP: 66.912  SL: 71.094  Lev: 6x  Margin: $100.0

Opening SHORT Ś DOGEUSDT:
  >> FILLED SHORT DOGEUSDT @ 0.07899  TP: 0.07583  SL: 0.08057  Lev: 6x  Margin: $100.0

Opening LONG Ś ALGOUSDT:
  >> FILLED LONG ALGOUSDT @ 0.09225  TP: 0.09594  SL: 0.090405  Lev: 5x  Margin: $100.0

=========================================================
Scan #77 complete
Equity:        9929.69 USDT  (-70.31 USDT overall)
Trades:        112 closed  (36W / 76L  32% win rate)
Open positions:20
New trades:    3
Done.
============================================================ 
Run finished: Wed 24/06/2026 17:00:52.96 
============================================================ 
============================================================ 
Run started: Wed 24/06/2026 21:00:01.20 
============================================================ 
BYBIT SIMULATION ENGINE
=========================================================
Scan:          2026-06-24 21:00:03
Balance:       7932.01 USDT
Open positions:20
Scan #:        78
=========================================================

Fetching macro context...
  Fear & Greed:  17 Ś Extreme Fear
  BTC Dominance: 56.2%
  Regime:        FEAR Ś market oversold, slight long bias but follow technicals

Checking open positions for TP/SL...
  >> ADAUSDT TAKE_PROFIT: WIN  PnL +24.0000 USDT  (+24.0% of margin)
  >> AAVEUSDT STOP_LOSS: LOSS  PnL -10.0000 USDT  (-10.0% of margin)
Available slots: 2

Skipping BTCUSDT Ś position open
Skipping ETHUSDT Ś position open
Skipping BNBUSDT Ś position open
Skipping SOLUSDT Ś position open
Skipping XRPUSDT Ś position open
Skipping DOGEUSDT Ś position open
Analysing ADAUSDT...
  SELL SHORT | Conf: 72% | Lev: 7x | Risk: MEDIUM | Funding: -0.0163%
  7d momentum at -12.86% (below -10% threshold) and price 15.08% below 7d high exceed SELL trigger criteria. Vol
Skipping TRXUSDT Ś position open
Skipping AVAXUSDT Ś position open
Skipping TONUSDT Ś position open
Skipping LINKUSDT Ś position open
Skipping DOTUSDT Ś position open
Analysing LTCUSDT...
  SELL SHORT | Conf: 72% | Lev: 6x | Risk: HIGH | Funding: -0.0050%
  7d momentum of -7.10% combined with price 9.12% below 7d high meets core short criteria. RSI at 19.4 is deeply
  Skipping HIGH risk (conf 72% < 82%)
Skipping BCHUSDT Ś position open
Analysing APTUSDT...
  SELL SHORT | Conf: 68% | Lev: 5x | Risk: MEDIUM | Funding: -0.0012%
  7d momentum is -3.64% (below -10% threshold not met, but negative trend established) and price is -8.69% from 
Skipping ICPUSDT Ś position open
Skipping HBARUSDT Ś position open
Skipping UNIUSDT Ś position open
Skipping SUIUSDT Ś position open
Analysing AAVEUSDT...
  BUY  LONG  | Conf: 68% | Lev: 5x | Risk: MEDIUM | Funding: -0.0046%
  24h momentum positive (+2.54%) with 7d momentum stable (+0.11% > -10% threshold), RSI neutral at 49.0, and vol
Skipping ALGOUSDT Ś position open
Analysing ENAUSDT...
  SELL SHORT | Conf: 72% | Lev: 5x | Risk: MEDIUM | Funding: +0.0050%
  7d momentum is -4.64% (below -10% threshold not met, but approaching) and price is -15.09% from 7d high, well 
Skipping TAOUSDT Ś position open

=========================================================
Candidates: 4

Opening SHORT Ś ADAUSDT:
  >> FILLED SHORT ADAUSDT @ 0.147  TP: 0.14112  SL: 0.14994  Lev: 7x  Margin: $100.0

Opening SHORT Ś ENAUSDT:
  >> FILLED SHORT ENAUSDT @ 0.08357  TP: 0.080227  SL: 0.085241  Lev: 5x  Margin: $100.0

=========================================================
Scan #78 complete
Equity:        9984.50 USDT  (-15.50 USDT overall)
Trades:        114 closed  (37W / 77L  32% win rate)
Open positions:20
New trades:    2
Done.
============================================================ 
Run finished: Wed 24/06/2026 21:00:50.56 
============================================================ 
