============================================================ 
Run started: Tue 09/06/2026  1:00:01.17 
============================================================ 
BYBIT SIMULATION ENGINE
=========================================================
Scan:          2026-06-09 01:00:03
Balance:       9300.00 USDT
Open positions:7
Scan #:        9
=========================================================

Checking open positions for TP/SL...

Fetching macro context...
  Fear & Greed:  8 — Extreme Fear
  BTC Dominance: 56.3%
  Regime:        FEAR — caution on shorts, favour longs

Available slots: 13

Analysing BTCUSDT...
  HOLD       | Conf: 45% | Lev: 5x | Risk: HIGH | Funding: +0.0024%
  RSI at 71.7 signals overbought conditions (>75 threshold approaching), and 7-day momentum is deeply negative (
Skipping ETHUSDT — position open
Analysing BNBUSDT...
  HOLD       | Conf: 35% | Lev: 5x | Risk: HIGH | Funding: +0.0083%
  Mixed signals with conflicting technicals: 24h momentum is positive (+2%) but 7d momentum is deeply negative (
Analysing SOLUSDT...
  HOLD       | Conf: 35% | Lev: 5x | Risk: HIGH | Funding: +0.0003%
  RSI at 73.1 signals overbought conditions with HIGH risk of pullback despite positive 24h momentum. Conflictin
Analysing XRPUSDT...
  HOLD       | Conf: 35% | Lev: 5x | Risk: HIGH | Funding: +0.0015%
  RSI at 74.3 signals overbought conditions with imminent pullback risk despite +3.56% 24h momentum and macro FE
Skipping DOGEUSDT — position open
Skipping ADAUSDT — position open
Analysing TRXUSDT...
  HOLD       | Conf: 35% | Lev: 5x | Risk: MEDIUM | Funding: -0.0166%
  Mixed signals prevent conviction: macro environment (extreme fear, negative momentum -5.79%) favors caution de
Analysing AVAXUSDT...
  HOLD       | Conf: 35% | Lev: 5x | Risk: MEDIUM | Funding: -0.0029%
  Mixed signals prevent conviction: while macro favours longs (extreme fear regime, negative funding rate suppor
Skipping TONUSDT — position open
Analysing LINKUSDT...
  HOLD       | Conf: 35% | Lev: 5x | Risk: HIGH | Funding: -0.0045%
  RSI at 73.1 signals overbought conditions with imminent pullback risk. Despite positive 24h momentum (+4.34%) 
Analysing DOTUSDT...
  HOLD       | Conf: 45% | Lev: 5x | Risk: MEDIUM | Funding: -0.0055%
  Mixed signals prevent conviction despite macro favoring longs. Strong 7d downtrend (-13.10%) and elevated RSI 
Skipping LTCUSDT — position open
Skipping NEARUSDT — position open
Analysing BCHUSDT...
  HOLD       | Conf: 35% | Lev: 5x | Risk: MEDIUM | Funding: +0.0100%
  Mixed signals with strong negative momentum (-27.18% 7d) and RSI deeply oversold (38.5) conflict with macro en
Analysing APTUSDT...
  HOLD       | Conf: 45% | Lev: 5x | Risk: MEDIUM | Funding: +0.0100%
  Mixed signals prevent high-conviction entry. While macro environment favours longs and 24h momentum is positiv
Analysing ICPUSDT...
  HOLD       | Conf: 35% | Lev: 5x | Risk: MEDIUM | Funding: -0.0031%
  Mixed signals prevent conviction: 7d momentum is deeply negative (-15.53%) and price is 25.87% below 7d high, 
Analysing HBARUSDT...
  HOLD       | Conf: 35% | Lev: 5x | Risk: MEDIUM | Funding: +0.0055%
  Mixed signals prevent clear conviction: 24h momentum is positive (+1.90%) but 7d momentum is strongly negative
Analysing UNIUSDT...
  HOLD       | Conf: 45% | Lev: 5x | Risk: MEDIUM | Funding: +0.0100%
  Mixed signals prevent conviction: 24h momentum is positive (+2.19%) and funding is benign (+0.0100%), but 7d m
Skipping SUIUSDT — position open
Analysing HYPEUSDT...
  BUY  LONG  | Conf: 72% | Lev: 6x | Risk: MEDIUM | Funding: +0.0098%
  Strong 24h momentum (+10.60%) with elevated volume (+15.7%) supports a long entry despite negative 7d trend. M

=========================================================
Candidates: 1

Opening LONG — HYPEUSDT:
Traceback (most recent call last):
  File "C:\Users\mikej\metac-bot-template\bybit_sim.py", line 704, in <module>
    main()
  File "C:\Users\mikej\metac-bot-template\bybit_sim.py", line 673, in main
    open_position(
  File "C:\Users\mikej\metac-bot-template\bybit_sim.py", line 444, in open_position
    print(f"  \u2713 FILLED {direction.upper()} {symbol} @ {price}  "
    ^^^^^^^^^^^^^^^^^^^^^^^^^^^^^^^^^^^^^^^^^^^^^^^^^^^^^^^^^^^
  File "C:\Users\mikej\AppData\Local\Programs\Python\Python312\Lib\encodings\cp1252.py", line 19, in encode
    return codecs.charmap_encode(input,self.errors,encoding_table)[0]
           ^^^^^^^^^^^^^^^^^^^^^^^^^^^^^^^^^^^^^^^^^^^^^^^^^^^^^^^
UnicodeEncodeError: 'charmap' codec can't encode character '\u2713' in position 2: character maps to <undefined>
============================================================ 
Run finished: Tue 09/06/2026  1:01:14.74 
============================================================ 
============================================================ 
Run started: Tue 09/06/2026  5:00:00.82 
============================================================ 
BYBIT SIMULATION ENGINE
=========================================================
Scan:          2026-06-09 05:00:02
Balance:       9300.00 USDT
Open positions:7
Scan #:        9
=========================================================

Checking open positions for TP/SL...

Fetching macro context...
  Fear & Greed:  8 — Extreme Fear
  BTC Dominance: 56.1%
  Regime:        FEAR — caution on shorts, favour longs

Available slots: 13

Analysing BTCUSDT...
  Data error for BTCUSDT: Bybit 10006: Too many visits. Exceeded the API Rate Limit.
  Insufficient data — skipping
Skipping ETHUSDT — position open
Analysing BNBUSDT...
  HOLD       | Conf: 35% | Lev: 5x | Risk: HIGH | Funding: +0.0100%
  RSI at 76.7 signals overbought conditions with extreme squeeze risk despite positive 24h momentum and macro FE
Analysing SOLUSDT...
  HOLD       | Conf: 35% | Lev: 5x | Risk: HIGH | Funding: -0.0061%
  RSI at 76.0 signals overbought conditions despite macro fear environment favoring longs; 7d momentum deeply ne
Analysing XRPUSDT...
  HOLD       | Conf: 35% | Lev: 5x | Risk: HIGH | Funding: -0.0129%
  RSI at 76.3 signals overbought conditions with extreme squeeze risk, contradicting the positive 24h momentum. 
Skipping DOGEUSDT — position open
Skipping ADAUSDT — position open
Analysing TRXUSDT...
  HOLD       | Conf: 35% | Lev: 5x | Risk: MEDIUM | Funding: -0.0174%
  Mixed signals prevent conviction: 7d momentum is negative (-5.28%) and volume is declining (-52%), conflicting
Analysing AVAXUSDT...
  HOLD       | Conf: 45% | Lev: 5x | Risk: MEDIUM | Funding: -0.0014%
Traceback (most recent call last):
  File "C:\Users\mikej\metac-bot-template\bybit_sim.py", line 704, in <module>
    main()
  File "C:\Users\mikej\metac-bot-template\bybit_sim.py", line 602, in main
    print(f"  {reasoning[:110]}")
  File "C:\Users\mikej\AppData\Local\Programs\Python\Python312\Lib\encodings\cp1252.py", line 19, in encode
    return codecs.charmap_encode(input,self.errors,encoding_table)[0]
           ^^^^^^^^^^^^^^^^^^^^^^^^^^^^^^^^^^^^^^^^^^^^^^^^^^^^^^^
UnicodeEncodeError: 'charmap' codec can't encode character '\u2212' in position 102: character maps to <undefined>
============================================================ 
Run finished: Tue 09/06/2026  5:00:33.77 
============================================================ 
============================================================ 
Run started: Tue 09/06/2026  9:15:37.35 
============================================================ 
BYBIT SIMULATION ENGINE
=========================================================
Scan:          2026-06-09 09:15:41
Balance:       9300.00 USDT
Open positions:7
Scan #:        9
=========================================================

Checking open positions for TP/SL...
Traceback (most recent call last):
  File "C:\Users\mikej\metac-bot-template\bybit_sim.py", line 704, in <module>
    main()
  File "C:\Users\mikej\metac-bot-template\bybit_sim.py", line 517, in main
    closes = check_positions(state, now)
             ^^^^^^^^^^^^^^^^^^^^^^^^^^^
  File "C:\Users\mikej\metac-bot-template\bybit_sim.py", line 398, in check_positions
    print(f"  \u2713 {symbol} {close_reason}: {outcome}  PnL {pnl:+.4f} USDT  "
    ^^^^^^^^^^^^^^^^^^^^^^^^^^^^^^^^^^^^^^^^^^^^^^^^^^^^^^^^^^^^^^^^^^^^^
  File "C:\Users\mikej\AppData\Local\Programs\Python\Python312\Lib\encodings\cp1252.py", line 19, in encode
    return codecs.charmap_encode(input,self.errors,encoding_table)[0]
           ^^^^^^^^^^^^^^^^^^^^^^^^^^^^^^^^^^^^^^^^^^^^^^^^^^^^^^^
UnicodeEncodeError: 'charmap' codec can't encode character '\u2713' in position 2: character maps to <undefined>
============================================================ 
Run finished: Tue 09/06/2026  9:15:47.14 
============================================================ 
============================================================ 
Run started: Tue 09/06/2026 13:00:00.63 
============================================================ 
BYBIT SIMULATION ENGINE
=========================================================
Scan:          2026-06-09 13:00:02
Balance:       9300.00 USDT
Open positions:7
Scan #:        9
=========================================================

Checking open positions for TP/SL...
Traceback (most recent call last):
  File "C:\Users\mikej\metac-bot-template\bybit_sim.py", line 704, in <module>
    main()
  File "C:\Users\mikej\metac-bot-template\bybit_sim.py", line 517, in main
    closes = check_positions(state, now)
             ^^^^^^^^^^^^^^^^^^^^^^^^^^^
  File "C:\Users\mikej\metac-bot-template\bybit_sim.py", line 398, in check_positions
    print(f"  \u2713 {symbol} {close_reason}: {outcome}  PnL {pnl:+.4f} USDT  "
    ^^^^^^^^^^^^^^^^^^^^^^^^^^^^^^^^^^^^^^^^^^^^^^^^^^^^^^^^^^^^^^^^^^^^^
  File "C:\Users\mikej\AppData\Local\Programs\Python\Python312\Lib\encodings\cp1252.py", line 19, in encode
    return codecs.charmap_encode(input,self.errors,encoding_table)[0]
           ^^^^^^^^^^^^^^^^^^^^^^^^^^^^^^^^^^^^^^^^^^^^^^^^^^^^^^^
UnicodeEncodeError: 'charmap' codec can't encode character '\u2713' in position 2: character maps to <undefined>
============================================================ 
Run finished: Tue 09/06/2026 13:00:10.72 
============================================================ 
============================================================ 
Run started: Tue 09/06/2026 17:00:00.64 
============================================================ 
BYBIT SIMULATION ENGINE
=========================================================
Scan:          2026-06-09 17:00:02
Balance:       9508.00 USDT
Open positions:5
Scan #:        10
=========================================================

Checking open positions for TP/SL...

Fetching macro context...
  Fear & Greed:  10 — Extreme Fear
  BTC Dominance: 56.1%
  Regime:        FEAR — caution on shorts, favour longs

Available slots: 15

Analysing BTCUSDT...
  HOLD       | Conf: 35% | Lev: 5x | Risk: MEDIUM | Funding: +0.0036%
  Mixed signals with conflicting technical indicators: macro environment (extreme fear, 56.1% BTC dominance) fav
Analysing ETHUSDT...
  HOLD       | Conf: 35% | Lev: 5x | Risk: HIGH | Funding: +0.0010%
  RSI is overbought at 74.5, signalling imminent pullback risk despite macro fear environment favouring longs. W
Analysing BNBUSDT...
  HOLD       | Conf: 35% | Lev: 5x | Risk: HIGH | Funding: +0.0002%
  RSI at 70.6 signals overbought conditions with high squeeze risk despite macro fear environment favouring long
Analysing SOLUSDT...
  HOLD       | Conf: 35% | Lev: 5x | Risk: HIGH | Funding: +0.0040%
  RSI at 72.9 indicates overbought conditions with high squeeze risk despite macro fear environment favouring lo
Analysing XRPUSDT...
  HOLD       | Conf: 45% | Lev: 5x | Risk: HIGH | Funding: -0.0032%
  RSI at 72.4 indicates overbought conditions with squeeze risk, conflicting with positive 24h momentum (+2.07%)
Skipping DOGEUSDT — position open
Skipping ADAUSDT — position open
Analysing TRXUSDT...
  HOLD       | Conf: 35% | Lev: 5x | Risk: MEDIUM | Funding: -0.0368%
  Mixed signals prevent conviction: macro environment favors longs (extreme fear, market regime), but TRX shows 
Analysing AVAXUSDT...
  HOLD       | Conf: 35% | Lev: 5x | Risk: MEDIUM | Funding: +0.0029%
  Mixed signals prevent conviction despite macro FEAR regime favoring longs. 7d momentum is deeply negative (-22
Skipping TONUSDT — position open
Analysing LINKUSDT...
  HOLD       | Conf: 35% | Lev: 5x | Risk: HIGH | Funding: -0.0039%
  RSI at 70.2 signals overbought conditions with high reversal risk despite macro fear environment favoring long
Analysing DOTUSDT...
  HOLD       | Conf: 35% | Lev: 5x | Risk: MEDIUM | Funding: -0.0206%
  Mixed signals prevent conviction: while macro (extreme fear, negative funding) and 24h momentum (+0.76%) favou
Skipping LTCUSDT — position open
Analysing NEARUSDT...
  HOLD       | Conf: 35% | Lev: 5x | Risk: HIGH | Funding: +0.0100%
  RSI at 69.8 is elevated and approaching overbought (>75), signalling potential pullback risk despite positive 
Analysing BCHUSDT...
  HOLD       | Conf: 35% | Lev: 5x | Risk: MEDIUM | Funding: -0.0028%
  Mixed signals with strong negative momentum (-27.08% 7d) conflicting with macro fear environment that favours 
Analysing APTUSDT...
  HOLD       | Conf: 35% | Lev: 5x | Risk: MEDIUM | Funding: +0.0100%
  Mixed signals prevent conviction: while macro regime favors longs and 24h momentum is positive (+0.48%), the s
Analysing ICPUSDT...
  HOLD       | Conf: 35% | Lev: 5x | Risk: MEDIUM | Funding: +0.0007%
  Mixed signals with weak conviction: 7-day momentum is severely negative (-21.16%), volume is declining (-56.9%
Analysing HBARUSDT...
  HOLD       | Conf: 35% | Lev: 5x | Risk: MEDIUM | Funding: -0.0086%
  Mixed signals prevent conviction: macro fear environment and negative 7d momentum (-10.59%) conflict with neut
Analysing UNIUSDT...
  HOLD       | Conf: 35% | Lev: 5x | Risk: MEDIUM | Funding: +0.0100%
  Mixed signals prevent conviction: while macro fear regime favours longs and funding is acceptable at +0.0100%,
Skipping SUIUSDT — position open
Analysing HYPEUSDT...
  HOLD       | Conf: 35% | Lev: 5x | Risk: MEDIUM | Funding: +0.0100%
  Mixed signals prevent high-conviction entry: 7d momentum is strongly negative (-13.57%) and volume is declinin

=========================================================
Candidates: 0

=========================================================
Scan #10 complete
Equity:        10062.75 USDT  (+62.75 USDT overall)
Trades:        2 closed  (1W / 1L  50% win rate)
Open positions:5
New trades:    0
Done.
============================================================ 
Run finished: Tue 09/06/2026 17:25:38.08 
============================================================ 
============================================================ 
Run started: Tue 09/06/2026 21:00:00.80 
============================================================ 
BYBIT SIMULATION ENGINE
=========================================================
Scan:          2026-06-09 21:00:02
Balance:       9508.00 USDT
Open positions:5
Scan #:        11
=========================================================

Checking open positions for TP/SL...

Fetching macro context...
  Fear & Greed:  10 — Extreme Fear
  BTC Dominance: 56.0%
  Regime:        FEAR — caution on shorts, favour longs

Available slots: 15

Analysing BTCUSDT...
  HOLD       | Conf: 35% | Lev: 5x | Risk: MEDIUM | Funding: -0.0038%
  Mixed signals prevent conviction: macro extreme fear and negative 7d momentum (-9.64%) suggest downside pressu
Analysing ETHUSDT...
  HOLD       | Conf: 35% | Lev: 5x | Risk: MEDIUM | Funding: -0.0111%
  Mixed signals with conflicting technicals: strong negative momentum (-15.78% 7d, -1.05% 24h) and elevated RSI 
Analysing BNBUSDT...
  HOLD       | Conf: 35% | Lev: 5x | Risk: MEDIUM | Funding: +0.0035%
  Mixed signals prevent conviction: 7-day momentum is deeply negative (-12.01%) and price is 12.26% below 7d hig
Analysing SOLUSDT...
  HOLD       | Conf: 35% | Lev: 5x | Risk: MEDIUM | Funding: -0.0087%
  While macro environment favours longs (extreme fear, negative funding), SOL shows conflicting technicals: stro
Analysing XRPUSDT...
  HOLD       | Conf: 35% | Lev: 5x | Risk: MEDIUM | Funding: -0.0106%
  Mixed signals prevent conviction: 7d momentum is strongly negative (-8.55%) and price is 9.14% below 7d high, 
Skipping DOGEUSDT — position open
Skipping ADAUSDT — position open
Analysing TRXUSDT...
  HOLD       | Conf: 35% | Lev: 5x | Risk: MEDIUM | Funding: -0.0627%
  Mixed signals prevent conviction: macro environment favours longs (extreme fear, favour longs), but technicals
Analysing AVAXUSDT...
  HOLD       | Conf: 35% | Lev: 5x | Risk: MEDIUM | Funding: -0.0014%
  Mixed signals with strong negative momentum (-23.16% 7d) and below-average volume (-63%) conflicting with macr
Skipping TONUSDT — position open
Analysing LINKUSDT...
  HOLD       | Conf: 35% | Lev: 5x | Risk: MEDIUM | Funding: +0.0100%
  Mixed signals prevent conviction: macro fear regime favours longs but LINK shows strong negative momentum (-10
Analysing DOTUSDT...
  HOLD       | Conf: 35% | Lev: 5x | Risk: MEDIUM | Funding: -0.0203%
  Mixed signals prevent conviction: extreme fear macro environment and negative 7d momentum (-15.30%) argue agai
Skipping LTCUSDT — position open
Analysing NEARUSDT...
  HOLD       | Conf: 35% | Lev: 5x | Risk: HIGH | Funding: +0.0100%
  NEAR shows mixed signals with positive 24h momentum (+1.47%) but severe 7d weakness (-19.41%) and elevated RSI
Analysing BCHUSDT...
  HOLD       | Conf: 35% | Lev: 5x | Risk: HIGH | Funding: +0.0079%
  While macro environment favours longs (extreme fear, market regime FEAR), BCH shows severe technical weakness 
Analysing APTUSDT...
  HOLD       | Conf: 35% | Lev: 5x | Risk: MEDIUM | Funding: +0.0030%
  APT shows mixed signals: severe 7-day momentum (-26.70%) and distance from 7d high (-27.71%) suggest weakness,
Analysing ICPUSDT...
  HOLD       | Conf: 35% | Lev: 5x | Risk: MEDIUM | Funding: -0.0043%
  ICP shows strong downtrend momentum (-25.59% 7d, -28.57% from 7d high) with RSI at 43.6 suggesting oversold co
Analysing HBARUSDT...
  HOLD       | Conf: 35% | Lev: 5x | Risk: MEDIUM | Funding: -0.0016%
  Mixed signals prevent conviction: while macro environment favours longs (extreme fear) and funding is neutral 
Analysing UNIUSDT...
  HOLD       | Conf: 35% | Lev: 5x | Risk: MEDIUM | Funding: +0.0042%
  UNI shows conflicting signals: extreme fear environment and low funding favour longs, but strong negative mome
Skipping SUIUSDT — position open
Analysing HYPEUSDT...
  HOLD       | Conf: 35% | Lev: 5x | Risk: MEDIUM | Funding: -0.0014%
  Mixed signals prevent conviction despite macro fear favoring longs. Strong negative 7d momentum (-15.01%) and 

=========================================================
Candidates: 0

=========================================================
Scan #11 complete
Equity:        10027.81 USDT  (+27.81 USDT overall)
Trades:        2 closed  (1W / 1L  50% win rate)
Open positions:5
New trades:    0
Done.
============================================================ 
Run finished: Tue 09/06/2026 21:23:09.12 
============================================================ 
