============================================================ 
Run started: Thu 18/06/2026  1:00:01.26 
============================================================ 
BYBIT SIMULATION ENGINE
=========================================================
Scan:          2026-06-18 01:00:03
Balance:       8282.00 USDT
Open positions:19
Scan #:        42
=========================================================

Fetching macro context...
  Fear & Greed:  22 — Extreme Fear
  BTC Dominance: 56.2%
  Regime:        FEAR — market oversold, slight long bias but follow technicals

Checking open positions for TP/SL...
  >> LINKUSDT STOP_LOSS: LOSS  PnL -12.0000 USDT  (-12.0% of margin)
Available slots: 2

Analysing BTCUSDT...
  BUY  LONG  | Conf: 62% | Lev: 5x | Risk: MEDIUM | Funding: +0.0004%
  7d momentum is strongly positive (+3.97%) and well above the -10% threshold, with volume confirming the move (
Skipping ETHUSDT — position open
Skipping BNBUSDT — position open
Skipping SOLUSDT — position open
Skipping XRPUSDT — position open
Skipping DOGEUSDT — position open
Analysing ADAUSDT...
  HOLD       | Conf: 35% | Lev: 5x | Risk: MEDIUM | Funding: -0.0028%
  Mixed signals prevent conviction: 7d momentum is positive (+2.0%) but 24h momentum is negative (-3.28%), faili
Skipping TRXUSDT — position open
Skipping AVAXUSDT — position open
Skipping TONUSDT — position open
Analysing LINKUSDT...
  HOLD       | Conf: 45% | Lev: 5x | Risk: MEDIUM | Funding: +0.0078%
  Mixed signals prevent a high-conviction entry. While 7d momentum is positive (+4.59%) and RSI is neutral (49.2
Skipping DOTUSDT — position open
Skipping LTCUSDT — position open
Analysing NEARUSDT...
  HOLD       | Conf: 45% | Lev: 5x | Risk: MEDIUM | Funding: +0.0100%
  Mixed signals prevent conviction: 7d momentum is positive (+10.02%) and RSI (42.8) is neutral, supporting a po
Skipping BCHUSDT — position open
Skipping APTUSDT — position open
Skipping ICPUSDT — position open
Analysing HBARUSDT...
  HOLD       | Conf: 45% | Lev: 5x | Risk: MEDIUM | Funding: -0.0007%
  Mixed signals prevent conviction: 24h momentum is negative (-0.43%) failing the BUY rule, while 7d momentum (+
Analysing UNIUSDT...
  HOLD       | Conf: 35% | Lev: 5x | Risk: HIGH | Funding: +0.0075%
  RSI at 70.6 is at the overbought threshold, violating the BUY rule (RSI < 70). While 24h momentum is positive 
Skipping SUIUSDT — position open
Skipping HYPEUSDT — position open
Skipping AAVEUSDT — position open
Skipping ALGOUSDT — position open
Skipping ENAUSDT — position open
Analysing UNIUSDT...
  HOLD       | Conf: 45% | Lev: 5x | Risk: HIGH | Funding: +0.0075%
  RSI at 70.6 breaches overbought threshold (<70 required), disqualifying a BUY despite positive momentum and st
Analysing TAOUSDT...
  BUY  LONG  | Conf: 68% | Lev: 5x | Risk: HIGH | Funding: +0.0050%
  24h momentum positive (+0.32%) and 7d momentum strongly positive (+21.02%) satisfy BUY criteria; RSI at 24.9 i
  Skipping HIGH risk (conf 68% < 82%)

=========================================================
Candidates: 0

=========================================================
Scan #42 complete
Equity:        10150.21 USDT  (+150.21 USDT overall)
Trades:        37 closed  (18W / 19L  49% win rate)
Open positions:18
New trades:    0
Done.
============================================================ 
Run finished: Thu 18/06/2026  1:01:06.30 
============================================================ 
============================================================ 
Run started: Thu 18/06/2026  5:00:01.20 
============================================================ 
BYBIT SIMULATION ENGINE
=========================================================
Scan:          2026-06-18 05:00:02
Balance:       8370.00 USDT
Open positions:18
Scan #:        43
=========================================================

Fetching macro context...
  Fear & Greed:  22 — Extreme Fear
  BTC Dominance: 56.3%
  Regime:        FEAR — market oversold, slight long bias but follow technicals

Checking open positions for TP/SL...
  >> ALGOUSDT TAKE_PROFIT: WIN  PnL +24.0013 USDT  (+24.0% of margin)
  >> HYPEUSDT TAKE_PROFIT: WIN  PnL +20.0000 USDT  (+20.0% of margin)
  >> ENAUSDT TAKE_PROFIT: WIN  PnL +23.9986 USDT  (+24.0% of margin)
Available slots: 5

Analysing BTCUSDT...
  BUY  LONG  | Conf: 68% | Lev: 5x | Risk: MEDIUM | Funding: +0.0064%
  7d momentum +5.81% is strong and well above -10% threshold; volume surged +94.1% confirming conviction; RSI 44
Skipping ETHUSDT — position open
Skipping BNBUSDT — position open
Skipping SOLUSDT — position open
Skipping XRPUSDT — position open
Skipping DOGEUSDT — position open
Analysing ADAUSDT...
  HOLD       | Conf: 35% | Lev: 5x | Risk: HIGH | Funding: +0.0100%
  RSI at 25.8 is oversold (< 25 threshold), triggering HIGH risk flag and violating both BUY and SELL criteria. 
Skipping TRXUSDT — position open
Skipping AVAXUSDT — position open
Skipping TONUSDT — position open
Analysing LINKUSDT...
  BUY  LONG  | Conf: 68% | Lev: 5x | Risk: LOW | Funding: +0.0100%
  7d momentum is strongly positive (+8.37%), well above the -10% threshold, and 24h momentum is near-neutral (-0
Skipping DOTUSDT — position open
Skipping LTCUSDT — position open
Analysing NEARUSDT...
  Data error for NEARUSDT: Bybit 10006: Too many visits. Exceeded the API Rate Limit.
  Insufficient data — skipping
Skipping BCHUSDT — position open
Skipping APTUSDT — position open
Skipping ICPUSDT — position open
Analysing HBARUSDT...
  BUY  LONG  | Conf: 68% | Lev: 5x | Risk: LOW | Funding: +0.0100%
  24h momentum positive (+0.86%) with strong 7d momentum (+5.04%) well above -10% threshold. RSI at 49 shows neu
Analysing UNIUSDT...
  BUY  LONG  | Conf: 72% | Lev: 6x | Risk: MEDIUM | Funding: +0.0100%
  24h momentum is positive (+2.72%) and 7d momentum is strong (+36.84%), well above the -10% threshold. Volume i
Skipping SUIUSDT — position open
Analysing HYPEUSDT...
  BUY  LONG  | Conf: 72% | Lev: 5x | Risk: MEDIUM | Funding: -0.0068%
  24h momentum +1.98% is positive, 7d momentum +37.10% well above -10% threshold, and volume +102% confirms buyi
Skipping AAVEUSDT — position open
Analysing ALGOUSDT...
  Data error for ALGOUSDT: Bybit 10006: Too many visits. Exceeded the API Rate Limit.
  Insufficient data — skipping
Analysing ENAUSDT...
  BUY  LONG  | Conf: 72% | Lev: 6x | Risk: MEDIUM | Funding: +0.0050%
  24h momentum +9.50% and 7d momentum +30.12% both strongly positive, well above thresholds. Volume surge +81% c
Analysing UNIUSDT...
  BUY  LONG  | Conf: 72% | Lev: 6x | Risk: MEDIUM | Funding: +0.0100%
  24h momentum is positive (+2.69%) and 7d momentum is strong (+36.80%), well above the -10% threshold. Volume i
Analysing TAOUSDT...
  BUY  LONG  | Conf: 68% | Lev: 5x | Risk: MEDIUM | Funding: +0.0050%
  24h momentum is positive (+0.74%) and 7d momentum strongly bullish (+25.85%), well above the -10% threshold. R

=========================================================
Candidates: 8

Opening LONG — UNIUSDT:
  >> FILLED LONG UNIUSDT @ 3.28  TP: 3.4112  SL: 3.2144  Lev: 6x  Margin: $100.0

Opening LONG — HYPEUSDT:
  >> FILLED LONG HYPEUSDT @ 73.886  TP: 76.84144  SL: 72.40828  Lev: 5x  Margin: $100.0

Opening LONG — ENAUSDT:
  >> FILLED LONG ENAUSDT @ 0.09409  TP: 0.097854  SL: 0.092208  Lev: 6x  Margin: $100.0

Opening LONG — UNIUSDT:
  >> FILLED LONG UNIUSDT @ 3.279  TP: 3.41016  SL: 3.21342  Lev: 6x  Margin: $100.0

Opening LONG — BTCUSDT:
  >> FILLED LONG BTCUSDT @ 65514.4  TP: 68134.976  SL: 64204.112  Lev: 5x  Margin: $100.0

=========================================================
Scan #43 complete
Equity:        10157.01 USDT  (+157.01 USDT overall)
Trades:        40 closed  (21W / 19L  52% win rate)
Open positions:19
New trades:    5
Done.
============================================================ 
Run finished: Thu 18/06/2026  5:00:59.81 
============================================================ 
============================================================ 
Run started: Thu 18/06/2026  9:00:01.04 
============================================================ 
BYBIT SIMULATION ENGINE
=========================================================
Scan:          2026-06-18 09:00:01
Balance:       8238.00 USDT
Open positions:19
Scan #:        44
=========================================================

Fetching macro context...
  Fear & Greed:  22 — Extreme Fear
  BTC Dominance: 56.1%
  Regime:        FEAR — market oversold, slight long bias but follow technicals

Checking open positions for TP/SL...
  >> SUIUSDT STOP_LOSS: LOSS  PnL -10.0000 USDT  (-10.0% of margin)
  >> XRPUSDT STOP_LOSS: LOSS  PnL -12.0000 USDT  (-12.0% of margin)
  >> AVAXUSDT STOP_LOSS: LOSS  PnL -12.0000 USDT  (-12.0% of margin)
  >> BCHUSDT STOP_LOSS: LOSS  PnL -10.0000 USDT  (-10.0% of margin)
  >> ICPUSDT STOP_LOSS: LOSS  PnL -10.0000 USDT  (-10.0% of margin)
  >> AAVEUSDT STOP_LOSS: LOSS  PnL -12.0000 USDT  (-12.0% of margin)
  >> HYPEUSDT STOP_LOSS: LOSS  PnL -10.0000 USDT  (-10.0% of margin)
Available slots: 8

Skipping BTCUSDT — position open
Skipping ETHUSDT — position open
Skipping BNBUSDT — position open
Skipping SOLUSDT — position open
Analysing XRPUSDT...
  HOLD       | Conf: 35% | Lev: 5x | Risk: HIGH | Funding: -0.0010%
  RSI at 27.7 is critically oversold (<25 threshold), triggering HIGH risk classification and blocking both BUY 
Skipping DOGEUSDT — position open
Analysing ADAUSDT...
  BUY  LONG  | Conf: 62% | Lev: 5x | Risk: MEDIUM | Funding: +0.0019%
  7d momentum +3.74% is positive and well above -10% threshold; RSI 17.4 is deeply oversold (<25) providing cont
Skipping TRXUSDT — position open
Analysing AVAXUSDT...
  HOLD       | Conf: 45% | Lev: 5x | Risk: MEDIUM | Funding: -0.0159%
  24h momentum is negative (-2.04%), failing the primary BUY condition despite positive 7d momentum (+5.63%) and
Skipping TONUSDT — position open
Analysing LINKUSDT...
  BUY  LONG  | Conf: 62% | Lev: 5x | Risk: MEDIUM | Funding: +0.0070%
  7d momentum strong at +6.38% with volume confirmation (+115.6%), RSI at 29.5 approaching but not breaching ove
Skipping DOTUSDT — position open
Skipping LTCUSDT — position open
Analysing NEARUSDT...
  HOLD       | Conf: 35% | Lev: 5x | Risk: HIGH | Funding: +0.0100%
  RSI at 28.1 is oversold (< 25 threshold) triggering HIGH risk rule, despite positive 7d momentum (+13.18%) and
Analysing BCHUSDT...
  HOLD       | Conf: 35% | Lev: 5x | Risk: MEDIUM | Funding: -0.0073%
  Mixed signals prevent high-conviction entry. While 7d momentum is positive (+8.91%) and funding is neutral (-0
Skipping APTUSDT — position open
Analysing ICPUSDT...
  HOLD       | Conf: 42% | Lev: 5x | Risk: MEDIUM | Funding: +0.0100%
  Mixed signals prevent high-conviction entry. While 7d momentum is positive (+5.70%) and volume is strong (+30.
Analysing HBARUSDT...
  BUY  LONG  | Conf: 72% | Lev: 6x | Risk: LOW | Funding: +0.0069%
  24h momentum positive (+0.27%) and 7d momentum strong (+4.19%) well above -10% threshold, with volume confirmi
Skipping UNIUSDT — position open
Analysing SUIUSDT...
  HOLD       | Conf: 35% | Lev: 5x | Risk: MEDIUM | Funding: -0.0019%
  7d momentum is positive (+6.10%) but 24h momentum is negative (-3.27%), creating conflicting signals. RSI at 3
Analysing HYPEUSDT...
  BUY  LONG  | Conf: 68% | Lev: 5x | Risk: MEDIUM | Funding: -0.0082%
  7d momentum strongly positive (+33.75%) with price only 7.43% below 7d high indicates recovery structure intac
Analysing AAVEUSDT...
  BUY  LONG  | Conf: 72% | Lev: 6x | Risk: MEDIUM | Funding: -0.0035%
  7d momentum of +20.09% is strong and well above the -10% threshold, with price only 5.67% below 7d high indica
Analysing ALGOUSDT...
  BUY  LONG  | Conf: 72% | Lev: 6x | Risk: LOW | Funding: +0.0100%
  ALGO meets BUY criteria: positive 24h momentum (+3.18%), strong 7d momentum (+12.81% >> -10% threshold), eleva
Skipping ENAUSDT — position open
Skipping UNIUSDT — position open
Analysing TAOUSDT...
  HOLD       | Conf: 35% | Lev: 5x | Risk: HIGH | Funding: +0.0050%
  24h momentum is negative (-4.23%), failing the primary BUY requirement despite strong 7d momentum (+22.82%) an

=========================================================
Candidates: 4

Opening LONG — HBARUSDT:
  >> FILLED LONG HBARUSDT @ 0.08086  TP: 0.084094  SL: 0.079243  Lev: 6x  Margin: $100.0

Opening LONG — AAVEUSDT:
  >> FILLED LONG AAVEUSDT @ 73.51  TP: 76.4504  SL: 72.0398  Lev: 6x  Margin: $100.0

Opening LONG — ALGOUSDT:
  >> FILLED LONG ALGOUSDT @ 0.09756  TP: 0.101462  SL: 0.095609  Lev: 6x  Margin: $100.0

Opening LONG — HYPEUSDT:
  >> FILLED LONG HYPEUSDT @ 71.272  TP: 74.12288  SL: 69.84656  Lev: 5x  Margin: $100.0

=========================================================
Scan #44 complete
Equity:        9999.08 USDT  (-0.92 USDT overall)
Trades:        47 closed  (21W / 26L  45% win rate)
Open positions:16
New trades:    4
Done.
============================================================ 
Run finished: Thu 18/06/2026  9:01:11.73 
============================================================ 
============================================================ 
Run started: Thu 18/06/2026 13:00:01.32 
============================================================ 
BYBIT SIMULATION ENGINE
=========================================================
Scan:          2026-06-18 13:00:04
Balance:       8462.00 USDT
Open positions:16
Scan #:        45
=========================================================

Fetching macro context...
  Fear & Greed:  15 — Extreme Fear
  BTC Dominance: 56.1%
  Regime:        FEAR — market oversold, slight long bias but follow technicals

Checking open positions for TP/SL...
Available slots: 4

Skipping BTCUSDT — position open
Skipping ETHUSDT — position open
Skipping BNBUSDT — position open
Skipping SOLUSDT — position open
Analysing XRPUSDT...
  HOLD       | Conf: 35% | Lev: 5x | Risk: HIGH | Funding: -0.0112%
  RSI at 27.1 is oversold (<25 threshold breached), triggering HIGH risk classification and disqualifying both B
Skipping DOGEUSDT — position open
Analysing ADAUSDT...
  HOLD       | Conf: 35% | Lev: 5x | Risk: HIGH | Funding: +0.0100%
  RSI at 23.3 is oversold (<25), triggering HIGH risk and disqualifying both BUY and SELL signals despite favora
Skipping TRXUSDT — position open
Analysing AVAXUSDT...
  HOLD       | Conf: 35% | Lev: 5x | Risk: MEDIUM | Funding: -0.0073%
  24h momentum is negative (-2.45%), failing the primary BUY condition despite positive 7d momentum (+2.82%) and
Skipping TONUSDT — position open
Analysing LINKUSDT...
  HOLD       | Conf: 35% | Lev: 5x | Risk: MEDIUM | Funding: +0.0038%
  24h momentum is negative (-2.88%), which fails the primary BUY condition despite positive 7d momentum (+3.95%)
Skipping DOTUSDT — position open
Skipping LTCUSDT — position open
Analysing NEARUSDT...
  HOLD       | Conf: 35% | Lev: 5x | Risk: MEDIUM | Funding: +0.0100%
  Mixed signals prevent conviction: 7d momentum is strongly positive (+10.34%) and RSI (32.7) is near oversold b
Analysing BCHUSDT...
  HOLD       | Conf: 45% | Lev: 5x | Risk: MEDIUM | Funding: -0.0124%
  Mixed signals prevent a high-conviction trade: 7d momentum is positive at +6.26% but 24h momentum is flat (-0.
Skipping APTUSDT — position open
Analysing ICPUSDT...
  HOLD       | Conf: 35% | Lev: 5x | Risk: MEDIUM | Funding: +0.0063%
  24h momentum is negative (-3.28%), failing the primary BUY condition. While 7d momentum is positive (+2.23%) a
Skipping HBARUSDT — position open
Skipping UNIUSDT — position open
Analysing SUIUSDT...
  HOLD       | Conf: 45% | Lev: 5x | Risk: MEDIUM | Funding: +0.0045%
  Mixed signals prevent a high-conviction trade: 24h momentum is negative (-4.79%), failing the BUY requirement,
Skipping HYPEUSDT — position open
Skipping AAVEUSDT — position open
Skipping ALGOUSDT — position open
Skipping ENAUSDT — position open
Skipping UNIUSDT — position open
Analysing TAOUSDT...
  HOLD       | Conf: 35% | Lev: 5x | Risk: MEDIUM | Funding: +0.0050%
  Mixed signals prevent a high-conviction trade: 7d momentum is strongly positive (+18.19%) and RSI (31.3) is ne

=========================================================
Candidates: 0

=========================================================
Scan #45 complete
Equity:        10105.13 USDT  (+105.13 USDT overall)
Trades:        47 closed  (21W / 26L  45% win rate)
Open positions:16
New trades:    0
Done.
============================================================ 
Run finished: Thu 18/06/2026 13:01:18.36 
============================================================ 
============================================================ 
Run started: Thu 18/06/2026 17:00:01.70 
============================================================ 
BYBIT SIMULATION ENGINE
=========================================================
Scan:          2026-06-18 17:00:04
Balance:       8462.00 USDT
Open positions:16
Scan #:        46
=========================================================

Fetching macro context...
  Fear & Greed:  15 — Extreme Fear
  BTC Dominance: 56.1%
  Regime:        FEAR — market oversold, slight long bias but follow technicals

Checking open positions for TP/SL...
  >> BNBUSDT STOP_LOSS: LOSS  PnL -10.0000 USDT  (-10.0% of margin)
  >> DOGEUSDT STOP_LOSS: LOSS  PnL -12.0014 USDT  (-12.0% of margin)
  >> APTUSDT STOP_LOSS: LOSS  PnL -12.0000 USDT  (-12.0% of margin)
  >> DOTUSDT STOP_LOSS: LOSS  PnL -12.0000 USDT  (-12.0% of margin)
  >> SOLUSDT STOP_LOSS: LOSS  PnL -12.0000 USDT  (-12.0% of margin)
  >> LTCUSDT STOP_LOSS: LOSS  PnL -12.0000 USDT  (-12.0% of margin)
  >> UNIUSDT STOP_LOSS: LOSS  PnL -12.0000 USDT  (-12.0% of margin)
  >> BTCUSDT STOP_LOSS: LOSS  PnL -10.0001 USDT  (-10.0% of margin)
Available slots: 12

Analysing BTCUSDT...
  HOLD       | Conf: 45% | Lev: 5x | Risk: MEDIUM | Funding: +0.0005%
  24h momentum is negative (-2.20%), failing the primary BUY condition despite positive 7d momentum (+2.19%) and
Skipping ETHUSDT — position open
Analysing BNBUSDT...
  SELL SHORT | Conf: 72% | Lev: 6x | Risk: HIGH | Funding: -0.0057%
  7d momentum is -1.47% (not below -10% threshold, but marginal), however price is -6.88% below 7d high, RSI at 
  Skipping HIGH risk (conf 72% < 82%)
Analysing SOLUSDT...
  HOLD       | Conf: 35% | Lev: 5x | Risk: MEDIUM | Funding: -0.0103%
  Mixed signals prevent a high-conviction trade. While 7d momentum is positive (+9.61%) and RSI (37.2) is not ov
Analysing XRPUSDT...
  HOLD       | Conf: 35% | Lev: 5x | Risk: HIGH | Funding: -0.0067%
  RSI at 29.4 is oversold (< 30), violating SELL rule requirement. While 7d momentum is positive at +4.93% and p
Analysing DOGEUSDT...
  HOLD       | Conf: 35% | Lev: 5x | Risk: MEDIUM | Funding: -0.0077%
  7d momentum (-0.27%) and 24h momentum (-2.59%) both fail to meet BUY criteria (positive 24h required). Short e
Analysing ADAUSDT...
  SELL SHORT | Conf: 72% | Lev: 6x | Risk: HIGH | Funding: -0.0231%
  7d momentum is -0.90% (not < -10%), but price is -13.01% below 7d high, exceeding the 8% threshold. RSI at 24.
  Skipping HIGH risk (conf 72% < 82%)
Skipping TRXUSDT — position open
Analysing AVAXUSDT...
  HOLD       | Conf: 35% | Lev: 5x | Risk: MEDIUM | Funding: -0.0181%
  24h momentum is deeply negative (-3.86%), failing the primary BUY condition despite positive 7d momentum (+0.6
Skipping TONUSDT — position open
Analysing LINKUSDT...
  HOLD       | Conf: 35% | Lev: 5x | Risk: MEDIUM | Funding: -0.0056%
  24h momentum is negative (-3.92%), failing the primary BUY condition despite positive 7d momentum (+2.54%) and
Analysing DOTUSDT...
  HOLD       | Conf: 35% | Lev: 5x | Risk: MEDIUM | Funding: -0.0139%
  Mixed signals prevent a high-conviction entry: 24h momentum is negative (-4.40%), failing the BUY requirement,
Analysing LTCUSDT...
  HOLD       | Conf: 35% | Lev: 5x | Risk: MEDIUM | Funding: -0.0036%
  While 7d momentum is positive (+4.21%) and funding is neutral (-0.0036%), the 24h momentum is negative (-2.64%
Analysing NEARUSDT...
  HOLD       | Conf: 35% | Lev: 5x | Risk: HIGH | Funding: -0.0033%
  RSI at 32.9 is near oversold territory (<25 threshold), blocking a short signal despite -14.36% distance from 
Analysing BCHUSDT...
  HOLD       | Conf: 35% | Lev: 5x | Risk: MEDIUM | Funding: -0.0064%
  24h momentum is negative (-3.30%), failing the primary BUY requirement despite positive 7d momentum (+3.69%). 
Analysing APTUSDT...
  HOLD       | Conf: 45% | Lev: 5x | Risk: MEDIUM | Funding: -0.0321%
  Mixed signals prevent high-conviction trade: 24h momentum is negative (-2.71%), failing the BUY requirement, w
Analysing ICPUSDT...
  HOLD       | Conf: 35% | Lev: 5x | Risk: MEDIUM | Funding: +0.0078%
  24h momentum is deeply negative (-5.95%), failing the primary BUY condition despite favorable 7d momentum (+0.
Skipping HBARUSDT — position open
Analysing UNIUSDT...
  BUY  LONG  | Conf: 68% | Lev: 5x | Risk: MEDIUM | Funding: +0.0100%
  7d momentum is strongly positive at +22.56% (well above -10% threshold) and price is 24.55% above 7d low, sign
Analysing SUIUSDT...
  HOLD       | Conf: 35% | Lev: 5x | Risk: MEDIUM | Funding: -0.0028%
  7d momentum is only marginally negative (-0.13%), failing to trigger the -10% SELL threshold, while 24h moment
Skipping HYPEUSDT — position open
Skipping AAVEUSDT — position open
Skipping ALGOUSDT — position open
Skipping ENAUSDT — position open
Analysing UNIUSDT...
  BUY  LONG  | Conf: 72% | Lev: 6x | Risk: LOW | Funding: +0.0100%
  7d momentum strongly positive at +22.52% with RSI at 56.9 (neutral, not overbought) and volume confirming tren
Analysing TAOUSDT...
  Data error for TAOUSDT: HTTPSConnectionPool(host='api.bybit.com', port=443): Max retries exceeded with url: /v5/market/kline?category=linear&symbol=TAOUSDT&interval=240&limit=50 (Caused by NameResolutionError("HTTPSConnection(host='api.bybit.com', port=443): Failed to resolve 'api.bybit.com' ([Errno 11001] getaddrinfo failed)"))
  Insufficient data — skipping

=========================================================
Candidates: 2

Opening LONG — UNIUSDT:
  >> FILLED LONG UNIUSDT @ 3.068  TP: 3.19072  SL: 3.00664  Lev: 6x  Margin: $100.0

Opening LONG — UNIUSDT:
  >> FILLED LONG UNIUSDT @ 3.069  TP: 3.19176  SL: 3.00762  Lev: 5x  Margin: $100.0

=========================================================
Scan #46 complete
Equity:        9853.47 USDT  (-146.53 USDT overall)
Trades:        55 closed  (21W / 34L  38% win rate)
Open positions:9
New trades:    2
Done.
============================================================ 
Run finished: Thu 18/06/2026 17:02:08.33 
============================================================ 
============================================================ 
Run started: Thu 18/06/2026 21:00:01.18 
============================================================ 
