============================================================ 
Run started: Wed 15/07/2026  1:00:01.68 
============================================================ 
BYBIT SIMULATION ENGINE
=========================================================
Scan:          2026-07-15 01:00:04
Balance:       8967.19 USDT
Open positions:15
Scan #:        191
=========================================================

Fetching macro context...
  Fear & Greed:  22 Ś Extreme Fear
  BTC Dominance: 56.1%
  Regime:        FEAR Ś market oversold, slight long bias but follow technicals

Checking open positions for TP/SL...
  >> MNTUSDT STOP_LOSS: LOSS  PnL -9.0560 USDT  (-10.0% of margin)
  >> APTUSDT STOP_LOSS: LOSS  PnL -8.9700 USDT  (-10.0% of margin)
  >> DOGEUSDT STOP_LOSS: LOSS  PnL -8.8812 USDT  (-10.0% of margin)
  >> XRPUSDT STOP_LOSS: LOSS  PnL -8.8710 USDT  (-10.0% of margin)
  >> ICPUSDT STOP_LOSS: LOSS  PnL -11.0904 USDT  (-12.0% of margin)
  >> LINKUSDT TAKE_PROFIT: WIN  PnL +18.3000 USDT  (+20.0% of margin)
  >> SEIUSDT STOP_LOSS: LOSS  PnL -9.0599 USDT  (-10.0% of margin)

Checking coin bench status...
  Benched (skipped this cycle): ADAUSDT, ALGOUSDT, AVAXUSDT, ENAUSDT, LTCUSDT, NEARUSDT, UNIUSDT
Available slots: 12

Analysing AAVEUSDT...
  Data error for AAVEUSDT: Bybit 10006: Too many visits. Exceeded the API Rate Limit.
  Insufficient data Ś skipping
Analysing APTUSDT...
  BUY  LONG  | Conf: 68% | Lev: 5x | Risk: LOW | Funding: +0.0100% | SFP: NONE
  24h momentum is positive (+4.61%) and 7d momentum (-3.29%) is well above the -10% threshold, meeting primary b
Analysing ATOMUSDT...
  HOLD       | Conf: 35% | Lev: 5x | Risk: MEDIUM | Funding: -0.0207% | SFP: NONE
  RSI at 50 (neutral) and 7d momentum at -2.42% fail to trigger clear BUY or SELL signals. While 24h momentum is
Skipping BCHUSDT Ś position open
Analysing BTCUSDT...
  BUY  LONG  | Conf: 68% | Lev: 5x | Risk: LOW | Funding: +0.0086% | SFP: NONE
  24h momentum is positive (+2.73%) and 7d momentum is neutral (+0.59%, well above -10% threshold). Volume is si
Skipping BNBUSDT Ś position open
Analysing DOGEUSDT...
  BUY  LONG  | Conf: 72% | Lev: 6x | Risk: LOW | Funding: +0.0082% | SFP: NONE
  24h momentum is positive at +3.37% with 7d momentum at -0.87% (well above -10% threshold), RSI at 63.3 shows s
Analysing DOTUSDT...
  BUY  LONG  | Conf: 68% | Lev: 5x | Risk: LOW | Funding: +0.0100% | SFP: NONE
  24h momentum is positive (+1.68%) with 7d momentum at -2.46% (above -10% threshold), RSI at 52.8 is neutral an
Analysing ETHUSDT...
  HOLD       | Conf: 35% | Lev: 5x | Risk: HIGH | Funding: +0.0100% | SFP: NONE
  RSI at 70.8 is at overbought threshold, violating the BUY rule (RSI < 70 required). While 24h momentum is posi
Analysing HBARUSDT...
  HOLD       | Conf: 45% | Lev: 5x | Risk: MEDIUM | Funding: +0.0100% | SFP: NONE
  Mixed signals prevent a high-conviction trade. While 24h momentum is positive (+0.79%) and RSI (46.1) is neutr
Analysing HYPEUSDT...
  SELL SHORT | Conf: 72% | Lev: 5x | Risk: MEDIUM | Funding: +0.0100% | SFP: NONE
  7d momentum at -9.89% is approaching the -10% sell threshold, price is 10.32% below 7d high (exceeds 8% requir
Analysing ICPUSDT...
  HOLD       | Conf: 42% | Lev: 5x | Risk: MEDIUM | Funding: +0.0100% | SFP: NONE
  Mixed signals prevent a confident entry: 24h momentum is positive (+2.99%) but 7d momentum is slightly negativ
Skipping KASUSDT Ś position open
Analysing LINKUSDT...
  HOLD       | Conf: 45% | Lev: 5x | Risk: MEDIUM | Funding: +0.0100% | SFP: NONE
  RSI at 70.6 is at overbought threshold, violating the BUY rule (RSI must be <70). While 24h momentum is positi
Analysing MNTUSDT...
  BUY  LONG  | Conf: 68% | Lev: 5x | Risk: LOW | Funding: +0.0100% | SFP: NONE
  24h momentum positive (+0.85%) and 7d momentum (-0.67%) well above -10% threshold. Volume elevated (+15.4%), R
Analysing ONDOUSDT...
  HOLD       | Conf: 35% | Lev: 5x | Risk: MEDIUM | Funding: -0.0095% | SFP: NONE
  7d momentum at -6.30% fails the SELL threshold (-10% required), and 24h momentum near flat (-0.10%) blocks BUY
Analysing PAXGUSDT...
  BUY  LONG  | Conf: 62% | Lev: 5x | Risk: MEDIUM | Funding: +0.0050% | SFP: NONE
  24h momentum is positive (+1.52%) and 7d momentum (-1.43%) is well above the -10% sell threshold, meeting prim
Analysing SEIUSDT...
  BUY  LONG  | Conf: 72% | Lev: 5x | Risk: LOW | Funding: +0.0100% | SFP: NONE
  SEI meets BUY criteria: 24h momentum is positive (+1.65%), 7d momentum (-1.15%) is well above -10% threshold, 
Skipping SKYUSDT Ś position open
Skipping SOLUSDT Ś position open
Analysing SUIUSDT...
  BUY  LONG  | Conf: 72% | Lev: 6x | Risk: MEDIUM | Funding: +0.0100% | SFP: NONE
  24h momentum +5.10% and 7d momentum +3.05% both positive, well above -10% threshold. Volume surge of +91.1% co
Analysing TAOUSDT...
  HOLD       | Conf: 42% | Lev: 5x | Risk: MEDIUM | Funding: +0.0050% | SFP: BULLISH
  While the bullish swing failure pattern and volume surge (+113.3%) suggest potential reversal strength, 7d mom
Skipping TONUSDT Ś position open
Skipping TRXUSDT Ś position open
Analysing XLMUSDT...
  BUY  LONG  | Conf: 68% | Lev: 5x | Risk: MEDIUM | Funding: +0.0010% | SFP: BULLISH
  XLM meets BUY criteria: 24h momentum +1.01% (positive), 7d momentum -4.38% (above -10% threshold), RSI 47.7 (n
Skipping XPLUSDT Ś position open
Analysing XRPUSDT...
  BUY  LONG  | Conf: 68% | Lev: 5x | Risk: LOW | Funding: +0.0032% | SFP: NONE
  24h momentum is positive at +2.80% and 7d momentum at -2.47% exceeds the -10% threshold, with volume up 75.8% 
Analysing ZECUSDT...
  BUY  LONG  | Conf: 72% | Lev: 6x | Risk: LOW | Funding: +0.0100% | SFP: NONE
  ZEC meets BUY criteria: 24h momentum +4.29% positive, 7d momentum +7.35% well above -10% threshold, volume +67

=========================================================
Candidates: 11

Opening LONG Ś DOGEUSDT:
  >> FILLED LONG DOGEUSDT @ 0.07449  TP: 0.07747  SL: 0.073  Lev: 6x  Margin: $95.62

Opening SHORT Ś HYPEUSDT:
  >> FILLED SHORT HYPEUSDT @ 64.849  TP: 62.25504  SL: 66.14598  Lev: 5x  Margin: $94.66

Opening LONG Ś SEIUSDT:
  >> FILLED LONG SEIUSDT @ 0.04879  TP: 0.050742  SL: 0.047814  Lev: 5x  Margin: $93.72

Opening LONG Ś SUIUSDT:
  >> FILLED LONG SUIUSDT @ 0.7648  TP: 0.795392  SL: 0.749504  Lev: 6x  Margin: $92.78

Opening LONG Ś ZECUSDT:
  >> FILLED LONG ZECUSDT @ 530.59  TP: 551.8136  SL: 519.9782  Lev: 6x  Margin: $91.85

Opening LONG Ś APTUSDT:
  >> FILLED LONG APTUSDT @ 0.6262  TP: 0.651248  SL: 0.613676  Lev: 5x  Margin: $90.93

Opening LONG Ś BTCUSDT:
  >> FILLED LONG BTCUSDT @ 64290.5  TP: 66862.12  SL: 63004.69  Lev: 5x  Margin: $90.02
  Skipping DOTUSDT Ś LONG concentration at 10/20 slots (conf 68% < 82%)
  Skipping MNTUSDT Ś LONG concentration at 10/20 slots (conf 68% < 82%)
  Skipping XLMUSDT Ś LONG concentration at 10/20 slots (conf 68% < 82%)
  Skipping XRPUSDT Ś LONG concentration at 10/20 slots (conf 68% < 82%)

=========================================================
Scan #191 complete
Equity:        10313.84 USDT  (+313.84 USDT overall)
Trades:        305 closed  (112W / 193L  37% win rate)
Open positions:15
New trades:    7
Done.
============================================================ 
Run finished: Wed 15/07/2026  1:01:55.24 
============================================================ 
============================================================ 
Run started: Wed 15/07/2026  5:00:01.10 
============================================================ 
BYBIT SIMULATION ENGINE
=========================================================
Scan:          2026-07-15 05:00:03
Balance:       8912.25 USDT
Open positions:15
Scan #:        192
=========================================================

Fetching macro context...
  Fear & Greed:  22 Ś Extreme Fear
  BTC Dominance: 56.3%
  Regime:        FEAR Ś market oversold, slight long bias but follow technicals

Checking open positions for TP/SL...
  >> XPLUSDT STOP_LOSS: LOSS  PnL -8.8540 USDT  (-10.0% of margin)

Checking coin bench status...
  Benched (skipped this cycle): ADAUSDT, ALGOUSDT, AVAXUSDT, ENAUSDT, LTCUSDT, NEARUSDT, UNIUSDT
Available slots: 6

Analysing AAVEUSDT...
  Data error for AAVEUSDT: Bybit 10006: Too many visits. Exceeded the API Rate Limit.
  Insufficient data Ś skipping
Skipping APTUSDT Ś position open
Analysing ATOMUSDT...
  BUY  LONG  | Conf: 62% | Lev: 5x | Risk: MEDIUM | Funding: -0.0170% | SFP: NONE
  24h momentum is positive (+0.71%) and 7d momentum (-2.33%) is well above the -10% threshold, meeting core BUY 
Skipping BCHUSDT Ś position open
Skipping BTCUSDT Ś position open
Skipping BNBUSDT Ś position open
Skipping DOGEUSDT Ś position open
Analysing DOTUSDT...
  BUY  LONG  | Conf: 62% | Lev: 5x | Risk: LOW | Funding: -0.0005% | SFP: NONE
  24h momentum is positive (+1.00%) and 7d momentum (-1.94%) is well above the -10% threshold, meeting core BUY 
Analysing ETHUSDT...
  BUY  LONG  | Conf: 72% | Lev: 5x | Risk: MEDIUM | Funding: +0.0041% | SFP: NONE
  24h momentum +5.64% and 7d momentum +4.72% both positive, well above -10% threshold. Volume surge +200% confir
Analysing HBARUSDT...
  HOLD       | Conf: 35% | Lev: 5x | Risk: MEDIUM | Funding: +0.0085% | SFP: NONE
  Mixed signals prevent confident entry: 24h momentum is marginally positive (+0.24%) but 7d momentum remains de
Skipping HYPEUSDT Ś position open
Analysing ICPUSDT...
  Data error for ICPUSDT: Bybit 10006: Too many visits. Exceeded the API Rate Limit.
  Insufficient data Ś skipping
Skipping KASUSDT Ś position open
Analysing LINKUSDT...
  BUY  LONG  | Conf: 72% | Lev: 6x | Risk: MEDIUM | Funding: +0.0100% | SFP: NONE
  24h momentum is positive (+4.68%) and 7d momentum is healthy (+4.38%), both well above the -10% threshold. Vol
Analysing MNTUSDT...
  HOLD       | Conf: 35% | Lev: 5x | Risk: MEDIUM | Funding: -0.0207% | SFP: NONE
  Mixed signals prevent a high-conviction trade. 24h momentum is negative (-0.68%), failing the BUY requirement,
Analysing ONDOUSDT...
  HOLD       | Conf: 35% | Lev: 5x | Risk: MEDIUM | Funding: +0.0030% | SFP: NONE
  24h momentum is positive (+0.48%) and 7d momentum (-5.07%) exceeds the -10% sell threshold, meeting partial BU
Analysing PAXGUSDT...
  HOLD       | Conf: 35% | Lev: 5x | Risk: MEDIUM | Funding: +0.0050% | SFP: NONE
  Mixed signals prevent high-conviction trade. While 24h momentum is positive (+1.17%) and funding is benign, 7d
Skipping SEIUSDT Ś position open
Skipping SKYUSDT Ś position open
Skipping SOLUSDT Ś position open
Skipping SUIUSDT Ś position open
Analysing TAOUSDT...
  HOLD       | Conf: 35% | Lev: 5x | Risk: MEDIUM | Funding: +0.0050% | SFP: NONE
  Mixed signals prevent high-conviction entry. While 24h momentum is positive (+1.20%) and funding is benign (+0
Skipping TONUSDT Ś position open
Skipping TRXUSDT Ś position open
Analysing XLMUSDT...
  BUY  LONG  | Conf: 62% | Lev: 5x | Risk: LOW | Funding: -0.0046% | SFP: NONE
  24h momentum is positive (+1.66%) and 7d momentum (-2.99%) remains above the -10% threshold, satisfying core B
Analysing XPLUSDT...
  SELL SHORT | Conf: 72% | Lev: 5x | Risk: MEDIUM | Funding: +0.0050% | SFP: BEARISH
  7d momentum at -10.19% meets sell threshold, price is 10.94% below 7d high confirming downtrend, and volume su
Analysing XRPUSDT...
  BUY  LONG  | Conf: 68% | Lev: 5x | Risk: LOW | Funding: +0.0100% | SFP: NONE
  XRP meets BUY criteria: 24h momentum +4.30% is positive, 7d momentum -0.84% is well above -10% threshold, volu
Skipping ZECUSDT Ś position open

=========================================================
Candidates: 4
  Skipping ETHUSDT Ś LONG concentration at 10/20 slots (conf 72% < 82%)
  Skipping LINKUSDT Ś LONG concentration at 10/20 slots (conf 72% < 82%)

Opening SHORT Ś XPLUSDT:
  >> FILLED SHORT XPLUSDT @ 0.09345  TP: 0.089712  SL: 0.095319  Lev: 5x  Margin: $89.92
  Skipping XRPUSDT Ś LONG concentration at 10/20 slots (conf 68% < 82%)

=========================================================
Scan #192 complete
Equity:        10294.55 USDT  (+294.55 USDT overall)
Trades:        306 closed  (112W / 194L  37% win rate)
Open positions:15
New trades:    1
Done.
============================================================ 
Run finished: Wed 15/07/2026  5:01:09.99 
============================================================ 
============================================================ 
Run started: Wed 15/07/2026  9:00:00.99 
============================================================ 
BYBIT SIMULATION ENGINE
=========================================================
Scan:          2026-07-15 09:00:02
Balance:       8902.02 USDT
Open positions:15
Scan #:        193
=========================================================

Fetching macro context...
  Fear & Greed:  22 Ś Extreme Fear
  BTC Dominance: 56.3%
  Regime:        FEAR Ś market oversold, slight long bias but follow technicals

Checking open positions for TP/SL...
  >> ZECUSDT TAKE_PROFIT: WIN  PnL +22.0440 USDT  (+24.0% of margin)

Checking coin bench status...
  Benched (skipped this cycle): ADAUSDT, ALGOUSDT, AVAXUSDT, ENAUSDT, LTCUSDT, NEARUSDT, UNIUSDT
Available slots: 6

Analysing AAVEUSDT...
  BUY  LONG  | Conf: 68% | Lev: 5x | Risk: LOW | Funding: +0.0027% | SFP: NONE
  24h momentum is positive (+4.46%) and 7d momentum is strong (+9.74%), well above the -10% threshold. RSI at 50
Skipping APTUSDT Ś position open
Analysing ATOMUSDT...
  HOLD       | Conf: 35% | Lev: 5x | Risk: MEDIUM | Funding: -0.0130% | SFP: NONE
  While 24h momentum is positive (+1.34%) and funding is slightly negative (favorable for longs), 7d momentum re
Skipping BCHUSDT Ś position open
Skipping BTCUSDT Ś position open
Skipping BNBUSDT Ś position open
Skipping DOGEUSDT Ś position open
Analysing DOTUSDT...
  BUY  LONG  | Conf: 62% | Lev: 5x | Risk: LOW | Funding: +0.0060% | SFP: NONE
  24h momentum is positive (+1.63%) and 7d momentum (-0.04%) sits well above the -10% threshold, meeting core BU
Analysing ETHUSDT...
  BUY  LONG  | Conf: 72% | Lev: 5x | Risk: MEDIUM | Funding: +0.0047% | SFP: NONE
  24h momentum +5.97% and 7d momentum +6.29% both positive, RSI 67.7 below overbought threshold (70), and fundin
Analysing HBARUSDT...
  HOLD       | Conf: 35% | Lev: 5x | Risk: MEDIUM | Funding: +0.0100% | SFP: NONE
  While 24h momentum is positive (+1.10%) and funding is benign (+0.0100%), the 7d momentum of -5.05% remains ab
Skipping HYPEUSDT Ś position open
Analysing ICPUSDT...
  BUY  LONG  | Conf: 62% | Lev: 5x | Risk: MEDIUM | Funding: -0.0084% | SFP: NONE
  24h momentum is positive (+2.16%) and 7d momentum (+0.63%) exceeds -10% threshold, meeting buy criteria. RSI a
Skipping KASUSDT Ś position open
Analysing LINKUSDT...
  BUY  LONG  | Conf: 72% | Lev: 6x | Risk: MEDIUM | Funding: +0.0069% | SFP: NONE
  LINK meets BUY criteria: 24h momentum +5.12% and 7d momentum +5.51% both positive, RSI 65.3 below overbought t
Analysing MNTUSDT...
  BUY  LONG  | Conf: 62% | Lev: 5x | Risk: LOW | Funding: -0.0072% | SFP: NONE
  24h momentum is positive (+0.19%) and 7d momentum (-0.02%) is well above the -10% threshold, meeting BUY crite
Analysing ONDOUSDT...
  HOLD       | Conf: 35% | Lev: 5x | Risk: MEDIUM | Funding: +0.0050% | SFP: NONE
  Mixed signals prevent a high-conviction trade. While 24h momentum is positive (+1.13%) and funding is benign (
Analysing PAXGUSDT...
  HOLD       | Conf: 35% | Lev: 5x | Risk: MEDIUM | Funding: +0.0050% | SFP: NONE
  24h momentum is positive (+1.16%) but 7d momentum is only slightly negative (-1.20%), failing to trigger eithe
Skipping SEIUSDT Ś position open
Skipping SKYUSDT Ś position open
Skipping SOLUSDT Ś position open
Skipping SUIUSDT Ś position open
Analysing TAOUSDT...
  HOLD       | Conf: 35% | Lev: 5x | Risk: HIGH | Funding: +0.0050% | SFP: NONE
  RSI at 27.3 is oversold (<25 threshold) triggering HIGH risk classification, despite positive 24h momentum (+0
Skipping TONUSDT Ś position open
Skipping TRXUSDT Ś position open
Analysing XLMUSDT...
  BUY  LONG  | Conf: 62% | Lev: 5x | Risk: MEDIUM | Funding: +0.0100% | SFP: NONE
  24h momentum is positive (+2.07%) and 7d momentum (-2.16%) is above the -10% sell threshold, meeting BUY crite
Skipping XPLUSDT Ś position open
Analysing XRPUSDT...
  BUY  LONG  | Conf: 68% | Lev: 5x | Risk: LOW | Funding: +0.0100% | SFP: NONE
  XRP meets BUY criteria: +4.07% 24h momentum is positive, -0.12% 7d momentum is well above -10% threshold, volu
Analysing ZECUSDT...
  BUY  LONG  | Conf: 72% | Lev: 6x | Risk: MEDIUM | Funding: +0.0100% | SFP: BEARISH
  24h momentum (+12.29%) and 7d momentum (+15.08%) both strongly positive with RSI at 60.7 (not overbought), vol

=========================================================
Candidates: 5

Opening LONG Ś ETHUSDT:
  >> FILLED LONG ETHUSDT @ 1881.94  TP: 1957.2176  SL: 1844.3012  Lev: 5x  Margin: $90.16
  Skipping LINKUSDT Ś LONG concentration at 10/20 slots (conf 72% < 82%)
  Skipping ZECUSDT Ś LONG concentration at 10/20 slots (conf 72% < 82%)
  Skipping AAVEUSDT Ś LONG concentration at 10/20 slots (conf 68% < 82%)
  Skipping XRPUSDT Ś LONG concentration at 10/20 slots (conf 68% < 82%)

=========================================================
Scan #193 complete
Equity:        10314.85 USDT  (+314.85 USDT overall)
Trades:        307 closed  (113W / 194L  37% win rate)
Open positions:15
New trades:    1
Done.
============================================================ 
Run finished: Wed 15/07/2026  9:01:35.71 
============================================================ 
============================================================ 
Run started: Wed 15/07/2026 13:00:01.08 
============================================================ 
BYBIT SIMULATION ENGINE
=========================================================
Scan:          2026-07-15 13:00:03
Balance:       8925.76 USDT
Open positions:15
Scan #:        194
=========================================================

Fetching macro context...
  Fear & Greed:  25 Ś Extreme Fear
  BTC Dominance: 56.3%
  Regime:        FEAR Ś market oversold, slight long bias but follow technicals

Checking open positions for TP/SL...
  >> HYPEUSDT STOP_LOSS: LOSS  PnL -9.4660 USDT  (-10.0% of margin)

Checking coin bench status...
  Benched (skipped this cycle): ADAUSDT, ALGOUSDT, AVAXUSDT, ENAUSDT, LTCUSDT, NEARUSDT, UNIUSDT
Available slots: 6

Analysing AAVEUSDT...
  BUY  LONG  | Conf: 68% | Lev: 5x | Risk: MEDIUM | Funding: +0.0013% | SFP: NONE
  24h momentum positive (+2.13%) and 7d momentum strong (+11.44%) satisfy buy criteria. RSI at 48.5 (neutral) an
Skipping APTUSDT Ś position open
Analysing ATOMUSDT...
  HOLD       | Conf: 35% | Lev: 5x | Risk: MEDIUM | Funding: -0.0043% | SFP: NONE
  While 24h momentum is positive (+2.74%) and funding is neutral (-0.0043%), the 7d momentum is barely positive 
Skipping BCHUSDT Ś position open
Skipping BTCUSDT Ś position open
Skipping BNBUSDT Ś position open
Skipping DOGEUSDT Ś position open
Analysing DOTUSDT...
  BUY  LONG  | Conf: 68% | Lev: 5x | Risk: MEDIUM | Funding: +0.0100% | SFP: NONE
  24h momentum is positive (+1.98%) and 7d momentum is above -10% threshold (+2.23%), with RSI at 54.2 (neutral,
Skipping ETHUSDT Ś position open
Analysing HBARUSDT...
  HOLD       | Conf: 35% | Lev: 5x | Risk: MEDIUM | Funding: +0.0031% | SFP: NONE
  Mixed signals prevent high-conviction entry. 24h momentum is positive (+1.66%) and RSI (45.8) is neutral, supp
Analysing HYPEUSDT...
  BUY  LONG  | Conf: 62% | Lev: 5x | Risk: MEDIUM | Funding: +0.0100% | SFP: NONE
  24h momentum is positive (+5.22%) and 7d momentum (-2.20%) remains above the -10% threshold, meeting core BUY 
Analysing ICPUSDT...
  HOLD       | Conf: 35% | Lev: 5x | Risk: MEDIUM | Funding: +0.0100% | SFP: NONE
  24h momentum is negative (-0.55%), failing the primary BUY condition despite positive 7d momentum and acceptab
Skipping KASUSDT Ś position open
Analysing LINKUSDT...
  BUY  LONG  | Conf: 72% | Lev: 6x | Risk: LOW | Funding: +0.0100% | SFP: NONE
  24h momentum +4.52% and 7d momentum +7.57% both positive, well above -10% threshold. RSI 61.9 is healthy (not 
Analysing MNTUSDT...
  BUY  LONG  | Conf: 62% | Lev: 5x | Risk: LOW | Funding: +0.0100% | SFP: NONE
  24h momentum positive (+0.24%) and 7d momentum solid (+2.31%) both satisfy entry criteria; RSI at 47.8 is neut
Analysing ONDOUSDT...
  BUY  LONG  | Conf: 62% | Lev: 5x | Risk: MEDIUM | Funding: +0.0050% | SFP: NONE
  24h momentum is positive (+3.96%) and 7d momentum (-2.90%) is above the -10% rejection threshold, meeting entr
Analysing PAXGUSDT...
  HOLD       | Conf: 35% | Lev: 5x | Risk: HIGH | Funding: +0.0050% | SFP: NONE
  RSI at 33.8 is borderline oversold (< 25 threshold approaching), creating HIGH risk despite positive 24h momen
Skipping SEIUSDT Ś position open
Skipping SKYUSDT Ś position open
Skipping SOLUSDT Ś position open
Skipping SUIUSDT Ś position open
Analysing TAOUSDT...
  SELL SHORT | Conf: 72% | Lev: 6x | Risk: HIGH | Funding: +0.0050% | SFP: NONE
  7d momentum at -6.22% approaches -10% threshold with price 9.73% below 7d high, meeting core SELL criteria. Hi
  Skipping HIGH risk (conf 72% < 82%)
Skipping TONUSDT Ś position open
Skipping TRXUSDT Ś position open
Analysing XLMUSDT...
  HOLD       | Conf: 35% | Lev: 5x | Risk: MEDIUM | Funding: +0.0100% | SFP: NONE
  While 24h momentum is positive (+1.80%) and funding is benign, 7d momentum is slightly negative (-1.98%) and v
Skipping XPLUSDT Ś position open
Analysing XRPUSDT...
  BUY  LONG  | Conf: 68% | Lev: 5x | Risk: MEDIUM | Funding: +0.0100% | SFP: NONE
  24h momentum is positive (+3.18%) and 7d momentum is neutral (+0.42%), both meeting BUY criteria. RSI at 49.8 
Analysing ZECUSDT...
  BUY  LONG  | Conf: 72% | Lev: 6x | Risk: LOW | Funding: +0.0100% | SFP: NONE
  24h momentum +10.49% and 7d momentum +15.79% both positive, well above the -10% threshold. RSI 56.6 is neutral

=========================================================
Candidates: 5
  Skipping LINKUSDT Ś LONG concentration at 10/20 slots (conf 72% < 82%)
  Skipping ZECUSDT Ś LONG concentration at 10/20 slots (conf 72% < 82%)
  Skipping AAVEUSDT Ś LONG concentration at 10/20 slots (conf 68% < 82%)
  Skipping DOTUSDT Ś LONG concentration at 10/20 slots (conf 68% < 82%)
  Skipping XRPUSDT Ś LONG concentration at 10/20 slots (conf 68% < 82%)

=========================================================
Scan #194 complete
Equity:        10303.48 USDT  (+303.48 USDT overall)
Trades:        308 closed  (113W / 195L  37% win rate)
Open positions:14
New trades:    0
Done.
============================================================ 
Run finished: Wed 15/07/2026 13:01:20.34 
============================================================ 
============================================================ 
Run started: Wed 15/07/2026 17:00:00.93 
============================================================ 
BYBIT SIMULATION ENGINE
=========================================================
Scan:          2026-07-15 17:00:03
Balance:       9010.95 USDT
Open positions:14
Scan #:        195
=========================================================

Fetching macro context...
  Fear & Greed:  25 Ś Extreme Fear
  BTC Dominance: 56.3%
  Regime:        FEAR Ś market oversold, slight long bias but follow technicals

Checking open positions for TP/SL...
  >> KASUSDT STOP_LOSS: LOSS  PnL -9.1522 USDT  (-10.0% of margin)

Checking coin bench status...
  Benched (skipped this cycle): ADAUSDT, ALGOUSDT, AVAXUSDT, ENAUSDT, LTCUSDT, NEARUSDT, UNIUSDT
Available slots: 7

Analysing AAVEUSDT...
  BUY  LONG  | Conf: 68% | Lev: 5x | Risk: LOW | Funding: +0.0085% | SFP: NONE
  24h momentum is positive at +3.00% and 7d momentum of +10.25% exceeds the -10% threshold, with RSI at 55.0 pro
Skipping APTUSDT Ś position open
Analysing ATOMUSDT...
  BUY  LONG  | Conf: 62% | Lev: 5x | Risk: MEDIUM | Funding: -0.0090% | SFP: NONE
  24h momentum is positive (+1.93%) and 7d momentum (-0.47%) remains well above the -10% sell threshold, meeting
Skipping BCHUSDT Ś position open
Skipping BTCUSDT Ś position open
Skipping BNBUSDT Ś position open
Skipping DOGEUSDT Ś position open
Analysing DOTUSDT...
  BUY  LONG  | Conf: 68% | Lev: 5x | Risk: LOW | Funding: +0.0100% | SFP: NONE
  24h momentum positive (+1.35%) and 7d momentum above -10% threshold (+1.88%) with RSI at 57 (neutral, not over
Skipping ETHUSDT Ś position open
Analysing HBARUSDT...
  BUY  LONG  | Conf: 62% | Lev: 5x | Risk: LOW | Funding: +0.0013% | SFP: NONE
  24h momentum is positive (+2.55%) and 7d momentum (-3.33%) remains within the -10% threshold, meeting buy crit
Analysing HYPEUSDT...
  BUY  LONG  | Conf: 68% | Lev: 5x | Risk: LOW | Funding: +0.0100% | SFP: NONE
  24h momentum is positive (+5.90%) and 7d momentum (-1.44%) is well above the -10% threshold, with RSI at neutr
Analysing ICPUSDT...
  HOLD       | Conf: 35% | Lev: 5x | Risk: MEDIUM | Funding: +0.0100% | SFP: NONE
  Mixed signals prevent conviction: 24h momentum is slightly negative (-0.18%), failing the BUY requirement desp
Analysing KASUSDT...
  BUY  LONG  | Conf: 68% | Lev: 5x | Risk: LOW | Funding: +0.0050% | SFP: NONE
  24h momentum is positive (+1.73%) and 7d momentum (-1.40%) is well above the -10% threshold, meeting primary b
Analysing LINKUSDT...
  HOLD       | Conf: 35% | Lev: 5x | Risk: HIGH | Funding: +0.0100% | SFP: NONE
  RSI at 74.3 is overbought and approaching the 75 threshold, violating the BUY rule (RSI < 70). While 24h and 7
Analysing MNTUSDT...
  BUY  LONG  | Conf: 68% | Lev: 5x | Risk: LOW | Funding: +0.0100% | SFP: NONE
  24h momentum positive (+1.02%) and 7d momentum strong (+1.36%), well above -10% threshold. RSI at 61.7 is heal
Analysing ONDOUSDT...
  BUY  LONG  | Conf: 68% | Lev: 5x | Risk: LOW | Funding: +0.0050% | SFP: NONE
  24h momentum is positive (+4.10%) and 7d momentum is above -10% threshold (-0.09%), with volume confirming via
Analysing PAXGUSDT...
  HOLD       | Conf: 35% | Lev: 5x | Risk: MEDIUM | Funding: +0.0050% | SFP: NONE
  Mixed signals prevent a high-conviction trade. While 24h momentum is positive (+0.22%) and funding is benign (
Skipping SEIUSDT Ś position open
Skipping SKYUSDT Ś position open
Skipping SOLUSDT Ś position open
Skipping SUIUSDT Ś position open
Analysing TAOUSDT...
  HOLD       | Conf: 35% | Lev: 5x | Risk: HIGH | Funding: +0.0050% | SFP: NONE
  RSI at 28.0 is oversold (<25 threshold) triggering HIGH risk classification, disqualifying both BUY and SELL s
Skipping TONUSDT Ś position open
Skipping TRXUSDT Ś position open
Analysing XLMUSDT...
  BUY  LONG  | Conf: 62% | Lev: 5x | Risk: MEDIUM | Funding: +0.0100% | SFP: NONE
  24h momentum is positive (+2.52%) and 7d momentum (-1.13%) is well above the -10% threshold, meeting core buy 
Skipping XPLUSDT Ś position open
Analysing XRPUSDT...
  BUY  LONG  | Conf: 72% | Lev: 5x | Risk: LOW | Funding: +0.0033% | SFP: NONE
  XRP meets BUY criteria: +3.59% 24h momentum, +1.20% 7d momentum well above -10% threshold, RSI at 60.9 (neutra
Analysing ZECUSDT...
  BUY  LONG  | Conf: 72% | Lev: 6x | Risk: LOW | Funding: +0.0100% | SFP: NONE
  ZEC meets BUY criteria: 24h momentum +9.63% positive, 7d momentum +16.41% well above -10% threshold, RSI 58.6 

=========================================================
Candidates: 8
  Skipping XRPUSDT Ś LONG concentration at 10/20 slots (conf 72% < 82%)
  Skipping ZECUSDT Ś LONG concentration at 10/20 slots (conf 72% < 82%)
  Skipping AAVEUSDT Ś LONG concentration at 10/20 slots (conf 68% < 82%)
  Skipping DOTUSDT Ś LONG concentration at 10/20 slots (conf 68% < 82%)
  Skipping HYPEUSDT Ś LONG concentration at 10/20 slots (conf 68% < 82%)
  Skipping KASUSDT Ś LONG concentration at 10/20 slots (conf 68% < 82%)
  Skipping MNTUSDT Ś LONG concentration at 10/20 slots (conf 68% < 82%)
  Skipping ONDOUSDT Ś LONG concentration at 10/20 slots (conf 68% < 82%)

=========================================================
Scan #195 complete
Equity:        10301.78 USDT  (+301.78 USDT overall)
Trades:        309 closed  (113W / 196L  37% win rate)
Open positions:13
New trades:    0
Done.
============================================================ 
Run finished: Wed 15/07/2026 17:01:24.39 
============================================================ 
============================================================ 
Run started: Wed 15/07/2026 21:00:00.80 
============================================================ 
BYBIT SIMULATION ENGINE
=========================================================
Scan:          2026-07-15 21:00:02
Balance:       9093.29 USDT
Open positions:13
Scan #:        196
=========================================================

Fetching macro context...
  Fear & Greed:  25 Ś Extreme Fear
  BTC Dominance: 56.3%
  Regime:        FEAR Ś market oversold, slight long bias but follow technicals

Checking open positions for TP/SL...

Checking coin bench status...
  Benched (skipped this cycle): ADAUSDT, ALGOUSDT, AVAXUSDT, ENAUSDT, LTCUSDT, NEARUSDT, UNIUSDT
Available slots: 7

Analysing AAVEUSDT...
  BUY  LONG  | Conf: 72% | Lev: 5x | Risk: LOW | Funding: -0.0003% | SFP: NONE
  24h momentum positive (+1.53%) and 7d momentum strong (+11.51%) satisfy core BUY criteria. RSI at 61.9 is heal
Skipping APTUSDT Ś position open
Analysing ATOMUSDT...
  BUY  LONG  | Conf: 72% | Lev: 5x | Risk: LOW | Funding: +0.0005% | SFP: NONE
  ATOM meets BUY criteria: 24h momentum +2.09% positive, 7d momentum +0.68% well above -10% threshold, RSI 60.9 
Skipping BCHUSDT Ś position open
Skipping BTCUSDT Ś position open
Skipping BNBUSDT Ś position open
Skipping DOGEUSDT Ś position open
Analysing DOTUSDT...
  HOLD       | Conf: 35% | Lev: 5x | Risk: MEDIUM | Funding: +0.0100% | SFP: BEARISH
  While 24h and 7d momentum are positive and RSI at 65.3 is not overbought, the bearish swing failure pattern (w
Skipping ETHUSDT Ś position open
Analysing HBARUSDT...
  Data error for HBARUSDT: Bybit 10006: Too many visits. Exceeded the API Rate Limit.
  Insufficient data Ś skipping
Analysing HYPEUSDT...
  BUY  LONG  | Conf: 72% | Lev: 5x | Risk: LOW | Funding: +0.0100% | SFP: NONE
  24h momentum +6.88% is positive and 7d momentum -0.99% is well above -10% threshold, meeting primary buy condi
Analysing ICPUSDT...
  BUY  LONG  | Conf: 62% | Lev: 5x | Risk: LOW | Funding: +0.0100% | SFP: NONE
  Positive 24h momentum (+0.59%) and healthy 7d momentum (+1.01%) satisfy primary BUY criteria. RSI at 53.0 is n
Analysing KASUSDT...
  BUY  LONG  | Conf: 62% | Lev: 5x | Risk: LOW | Funding: +0.0050% | SFP: NONE
  24h momentum is positive (+1.35%) and 7d momentum (-1.25%) comfortably exceeds the -10% threshold for shorts. 
Analysing LINKUSDT...
  HOLD       | Conf: 35% | Lev: 5x | Risk: HIGH | Funding: +0.0051% | SFP: NONE
  RSI at 82.1 is significantly overbought (>75), triggering HIGH risk classification and disqualifying a BUY des
Analysing MNTUSDT...
  BUY  LONG  | Conf: 68% | Lev: 5x | Risk: LOW | Funding: +0.0100% | SFP: NONE
  24h momentum is positive (+0.69%) and 7d momentum is healthy at +2.07%, well above the -10% threshold. RSI at 
Analysing ONDOUSDT...
  HOLD       | Conf: 45% | Lev: 5x | Risk: MEDIUM | Funding: +0.0043% | SFP: BEARISH
  Mixed signals prevent conviction: 24h momentum (+4.58%) and 7d momentum (+0.88%) support BUY criteria, but the
Analysing PAXGUSDT...
  HOLD       | Conf: 35% | Lev: 5x | Risk: MEDIUM | Funding: +0.0050% | SFP: NONE
  7d momentum of -0.78% fails to meet the -10% threshold for a short signal, while 24h momentum near flat and vo
Skipping SEIUSDT Ś position open
Skipping SKYUSDT Ś position open
Skipping SOLUSDT Ś position open
Skipping SUIUSDT Ś position open
Analysing TAOUSDT...
  Data error for TAOUSDT: Bybit 10006: Too many visits. Exceeded the API Rate Limit.
  Insufficient data Ś skipping
Skipping TONUSDT Ś position open
Skipping TRXUSDT Ś position open
Analysing XLMUSDT...
  BUY  LONG  | Conf: 68% | Lev: 5x | Risk: LOW | Funding: +0.0100% | SFP: NONE
  24h momentum is positive (+2.23%) and 7d momentum is slightly positive (+0.56%), both meeting buy criteria. RS
Skipping XPLUSDT Ś position open
Analysing XRPUSDT...
  HOLD       | Conf: 42% | Lev: 5x | Risk: MEDIUM | Funding: +0.0100% | SFP: NONE
  RSI at 71.2 is at overbought threshold (>70), violating BUY criteria despite positive 24h momentum (+3.42%) an
Analysing ZECUSDT...
  BUY  LONG  | Conf: 72% | Lev: 6x | Risk: MEDIUM | Funding: +0.0100% | SFP: NONE
  24h momentum is strongly positive (+11.97%) and 7d momentum is well above -10% threshold (+22.32%), with price

=========================================================
Candidates: 6
  Skipping AAVEUSDT Ś LONG concentration at 10/20 slots (conf 72% < 82%)
  Skipping ATOMUSDT Ś LONG concentration at 10/20 slots (conf 72% < 82%)
  Skipping HYPEUSDT Ś LONG concentration at 10/20 slots (conf 72% < 82%)
  Skipping ZECUSDT Ś LONG concentration at 10/20 slots (conf 72% < 82%)
  Skipping MNTUSDT Ś LONG concentration at 10/20 slots (conf 68% < 82%)
  Skipping XLMUSDT Ś LONG concentration at 10/20 slots (conf 68% < 82%)

=========================================================
Scan #196 complete
Equity:        10300.18 USDT  (+300.18 USDT overall)
Trades:        309 closed  (113W / 196L  37% win rate)
Open positions:13
New trades:    0
Done.
============================================================ 
Run finished: Wed 15/07/2026 21:01:23.14 
============================================================ 
