============================================================ 
Run started: Mon 08/06/2026  1:00:00.32 
============================================================ 
BYBIT SIMULATION ENGINE
=========================================================
Scan:          2026-06-08 01:00:01
Balance:       9400.00 USDT
Open positions:6
Scan #:        5
=========================================================

Checking open positions for TP/SL...

Fetching macro context...
  Fear & Greed:  12 — Extreme Fear
  BTC Dominance: 56.1%
  Regime:        FEAR — caution on shorts, favour longs

Available slots: 14

Analysing BTCUSDT...
  BUY  LONG  | Conf: 62% | Lev: 5x | Risk: MEDIUM | Funding: +0.0012%
  Extreme fear environment (FGI: 12) favours longs per macro regime; +1.78% 24h momentum is positive with fundin
Skipping ETHUSDT — position open
Analysing BNBUSDT...
  HOLD       | Conf: 35% | Lev: 5x | Risk: MEDIUM | Funding: +0.0067%
  Mixed signals with conflicting momentum: +2.68% 24h strength undermined by -18.04% 7d weakness and -64.6% volu
Analysing SOLUSDT...
  HOLD       | Conf: 35% | Lev: 5x | Risk: MEDIUM | Funding: -0.0332%
  Mixed signals prevent conviction: 24h momentum is positive (+4.53%) and funding is neutral (-0.0332%), but 7d 
Analysing XRPUSDT...
  HOLD       | Conf: 45% | Lev: 5x | Risk: MEDIUM | Funding: -0.0076%
  Mixed signals prevent conviction: 24h momentum is positive (+3.37%) and funding is neutral (-0.0076%), but 7d 
Skipping DOGEUSDT — position open
Skipping ADAUSDT — position open
Analysing TRXUSDT...
  HOLD       | Conf: 42% | Lev: 5x | Risk: MEDIUM | Funding: -0.0131%
  Mixed signals with conflicting momentum: +1.91% 24h gain undermined by -5.94% 7d decline and -41.3% volume con
Analysing AVAXUSDT...
  HOLD       | Conf: 35% | Lev: 5x | Risk: HIGH | Funding: -0.0084%
  RSI at 29.3 signals oversold conditions (< 25 threshold breach), but 7-day momentum is severely negative (-24.
Skipping TONUSDT — position open
Analysing LINKUSDT...
  HOLD       | Conf: 45% | Lev: 5x | Risk: MEDIUM | Funding: +0.0079%
  Mixed signals prevent high-conviction entry. While macro fear environment favours longs and 24h momentum is po
Analysing DOTUSDT...
  HOLD       | Conf: 35% | Lev: 5x | Risk: MEDIUM | Funding: -0.0100%
  Mixed signals prevent conviction: 24h momentum is positive (+2.96%) and funding rate is neutral (-0.0100%), bu
Skipping LTCUSDT — position open
Analysing NEARUSDT...
  HOLD       | Conf: 35% | Lev: 5x | Risk: MEDIUM | Funding: +0.0100%
  Mixed signals prevent conviction: 24h momentum is positive (+5.05%) and funding is benign (+0.0100%), but 7d m
Analysing BCHUSDT...
  HOLD       | Conf: 35% | Lev: 5x | Risk: MEDIUM | Funding: -0.0081%
  Mixed signals prevent conviction: 24h momentum is positive (+3.87%) but severely undermined by 7d downtrend (-
Analysing APTUSDT...
  HOLD       | Conf: 35% | Lev: 5x | Risk: MEDIUM | Funding: -0.0133%
  Mixed signals with weak conviction: 7d momentum is deeply negative (-27.01%) and price is near 7d lows despite
Analysing ICPUSDT...
  HOLD       | Conf: 35% | Lev: 5x | Risk: MEDIUM | Funding: +0.0078%
  Mixed signals prevent conviction: 24h momentum is positive (+3.39%) but 7d momentum is negative (-10.01%) and 
Analysing HBARUSDT...
  HOLD       | Conf: 35% | Lev: 5x | Risk: MEDIUM | Funding: -0.0021%
  Mixed signals with weak conviction. While macro fear environment and negative funding favour longs, HBAR shows
Analysing UNIUSDT...
  HOLD       | Conf: 45% | Lev: 5x | Risk: MEDIUM | Funding: +0.0100%
  Mixed signals prevent conviction: 24h momentum is positive (+3.28%) and funding is benign, but 7d momentum is 
Skipping SUIUSDT — position open
Analysing HYPEUSDT...
  HOLD       | Conf: 35% | Lev: 5x | Risk: MEDIUM | Funding: +0.0012%
  Mixed signals prevent conviction: while macro environment favours longs (extreme fear, low BTC dominance) and 

=========================================================
Candidates: 0

=========================================================
Scan #5 complete
Equity:        9986.32 USDT  (-13.68 USDT overall)
Trades:        0 closed  (0W / 0L  0% win rate)
Open positions:6
New trades:    0
Done.
============================================================ 
Run finished: Mon 08/06/2026  1:01:18.01 
============================================================ 
============================================================ 
Run started: Mon 08/06/2026  5:00:00.39 
============================================================ 
BYBIT SIMULATION ENGINE
=========================================================
Scan:          2026-06-08 05:00:01
Balance:       9400.00 USDT
Open positions:6
Scan #:        6
=========================================================

Checking open positions for TP/SL...
Traceback (most recent call last):
  File "C:\Users\mikej\metac-bot-template\bybit_sim.py", line 704, in <module>
    main()
  File "C:\Users\mikej\metac-bot-template\bybit_sim.py", line 517, in main
    closes = check_positions(state, now)
             ^^^^^^^^^^^^^^^^^^^^^^^^^^^
  File "C:\Users\mikej\metac-bot-template\bybit_sim.py", line 398, in check_positions
    print(f"  \u2713 {symbol} {close_reason}: {outcome}  PnL {pnl:+.4f} USDT  "
    ^^^^^^^^^^^^^^^^^^^^^^^^^^^^^^^^^^^^^^^^^^^^^^^^^^^^^^^^^^^^^^^^^^^^^
  File "C:\Users\mikej\AppData\Local\Programs\Python\Python312\Lib\encodings\cp1252.py", line 19, in encode
    return codecs.charmap_encode(input,self.errors,encoding_table)[0]
           ^^^^^^^^^^^^^^^^^^^^^^^^^^^^^^^^^^^^^^^^^^^^^^^^^^^^^^^
UnicodeEncodeError: 'charmap' codec can't encode character '\u2713' in position 2: character maps to <undefined>
============================================================ 
Run finished: Mon 08/06/2026  5:00:07.13 
============================================================ 
============================================================ 
Run started: Mon 08/06/2026  9:00:00.37 
============================================================ 
BYBIT SIMULATION ENGINE
=========================================================
Scan:          2026-06-08 09:00:01
Balance:       9400.00 USDT
Open positions:6
Scan #:        7
=========================================================

Checking open positions for TP/SL...

Fetching macro context...
  Fear & Greed:  12 — Extreme Fear
  BTC Dominance: 56.1%
  Regime:        FEAR — caution on shorts, favour longs

Available slots: 14

Analysing BTCUSDT...
  Data error for BTCUSDT: Bybit 10006: Too many visits. Exceeded the API Rate Limit.
  Insufficient data — skipping
Skipping ETHUSDT — position open
Analysing BNBUSDT...
  BUY  LONG  | Conf: 68% | Lev: 5x | Risk: MEDIUM | Funding: +0.0100%
  Strong 24h momentum (+5.00%) with price near 7d high (-17.45% from peak suggests recovery underway) in a macro
Analysing SOLUSDT...
  BUY  LONG  | Conf: 68% | Lev: 5x | Risk: MEDIUM | Funding: -0.0339%
  Macro environment favours longs in extreme fear; 24h momentum is strong (+5.76%) with volume confirmation (+2.
Analysing XRPUSDT...
  HOLD       | Conf: 35% | Lev: 5x | Risk: MEDIUM | Funding: -0.0045%
  Mixed signals prevent conviction: 24h momentum is positive (+5.42%) and funding is neutral (-0.0045%), support
Skipping DOGEUSDT — position open
Skipping ADAUSDT — position open
Analysing TRXUSDT...
  HOLD       | Conf: 42% | Lev: 5x | Risk: MEDIUM | Funding: -0.0322%
  Mixed signals prevent high-conviction trading: 24h momentum is slightly positive (+0.57%) but 7d momentum is d
Analysing AVAXUSDT...
  HOLD       | Conf: 35% | Lev: 5x | Risk: MEDIUM | Funding: +0.0087%
  Mixed signals prevent conviction: strong 7d downtrend (-24.84%) and distance from 7d high (-25.59%) conflict w
Skipping TONUSDT — position open
Analysing LINKUSDT...
  HOLD       | Conf: 35% | Lev: 5x | Risk: HIGH | Funding: +0.0053%
  RSI at 70.4 signals overbought conditions (approaching 75 threshold), creating squeeze risk despite positive 2
Analysing DOTUSDT...
  HOLD       | Conf: 35% | Lev: 5x | Risk: MEDIUM | Funding: -0.0081%
  Mixed signals prevent conviction: 24h momentum is positive (+2.98%) but severely undermined by weak 7d momentu
Skipping LTCUSDT — position open
Analysing NEARUSDT...
  BUY  LONG  | Conf: 72% | Lev: 6x | Risk: MEDIUM | Funding: -0.0100%
  Strong 24h momentum (+9.41%) with RSI at 61.9 (healthy, not overbought) and macro environment favoring longs i
Analysing BCHUSDT...
  BUY  LONG  | Conf: 68% | Lev: 5x | Risk: MEDIUM | Funding: +0.0058%
  Strong 24h momentum (+5.85%) with price recovering 14% from 7d low in extreme fear environment favours long en
Analysing APTUSDT...
  HOLD       | Conf: 35% | Lev: 5x | Risk: MEDIUM | Funding: +0.0049%
  Mixed signals prevent conviction: 7d momentum is deeply negative (-29.07%) with price 30% below weekly high, c
Analysing ICPUSDT...
  HOLD       | Conf: 42% | Lev: 5x | Risk: MEDIUM | Funding: +0.0099%
  Mixed signals prevent conviction: while macro environment favors longs and 24h momentum is positive, the 7d mo
Analysing HBARUSDT...
  HOLD       | Conf: 35% | Lev: 5x | Risk: MEDIUM | Funding: -0.0010%
  Mixed signals prevent conviction: 24h momentum is positive (+2.60%) but 7d momentum is heavily negative (-15.3
Analysing UNIUSDT...
  HOLD       | Conf: 45% | Lev: 5x | Risk: MEDIUM | Funding: +0.0100%
  Mixed signals prevent conviction: 24h momentum is positive (+3.69%) and RSI (64.1) sits in the neutral zone, b
Skipping SUIUSDT — position open
Analysing HYPEUSDT...
  HOLD       | Conf: 35% | Lev: 5x | Risk: MEDIUM | Funding: -0.0086%
  Mixed signals prevent clear conviction: 24h momentum is positive (+4.47%) and macro environment favours longs 

=========================================================
Candidates: 4

Opening LONG — NEARUSDT:
Traceback (most recent call last):
  File "C:\Users\mikej\metac-bot-template\bybit_sim.py", line 704, in <module>
    main()
  File "C:\Users\mikej\metac-bot-template\bybit_sim.py", line 673, in main
    open_position(
  File "C:\Users\mikej\metac-bot-template\bybit_sim.py", line 444, in open_position
    print(f"  \u2713 FILLED {direction.upper()} {symbol} @ {price}  "
    ^^^^^^^^^^^^^^^^^^^^^^^^^^^^^^^^^^^^^^^^^^^^^^^^^^^^^^^^^^^
  File "C:\Users\mikej\AppData\Local\Programs\Python\Python312\Lib\encodings\cp1252.py", line 19, in encode
    return codecs.charmap_encode(input,self.errors,encoding_table)[0]
           ^^^^^^^^^^^^^^^^^^^^^^^^^^^^^^^^^^^^^^^^^^^^^^^^^^^^^^^
UnicodeEncodeError: 'charmap' codec can't encode character '\u2713' in position 2: character maps to <undefined>
============================================================ 
Run finished: Mon 08/06/2026  9:01:20.95 
============================================================ 
============================================================ 
Run started: Mon 08/06/2026 13:00:00.41 
============================================================ 
BYBIT SIMULATION ENGINE
=========================================================
Scan:          2026-06-08 13:00:01
Balance:       9400.00 USDT
Open positions:6
Scan #:        7
=========================================================

Checking open positions for TP/SL...

Fetching macro context...
  Fear & Greed:  8 — Extreme Fear
  BTC Dominance: 56.1%
  Regime:        FEAR — caution on shorts, favour longs

Available slots: 14

Analysing BTCUSDT...
  HOLD       | Conf: 45% | Lev: 5x | Risk: MEDIUM | Funding: +0.0033%
  Mixed signals prevent high-conviction entry: 24h momentum is positive (+2.30%) but 7d momentum is deeply negat
Skipping ETHUSDT — position open
Analysing BNBUSDT...
  HOLD       | Conf: 35% | Lev: 5x | Risk: HIGH | Funding: +0.0090%
  RSI at 77.3 signals overbought conditions and extreme risk despite positive 24h momentum and macro fear enviro
Analysing SOLUSDT...
  BUY  LONG  | Conf: 68% | Lev: 5x | Risk: MEDIUM | Funding: -0.0115%
  Strong macro tailwind from extreme fear regime favours longs. SOL shows +4.12% 24h momentum with healthy +9% v
Analysing XRPUSDT...
  HOLD       | Conf: 45% | Lev: 5x | Risk: MEDIUM | Funding: -0.0085%
  XRP shows mixed signals: 24h momentum is positive (+3.47%) and funding is neutral, supporting a long bias in e
Skipping DOGEUSDT — position open
Skipping ADAUSDT — position open
Analysing TRXUSDT...
  HOLD       | Conf: 42% | Lev: 5x | Risk: MEDIUM | Funding: -0.0140%
  Mixed signals prevent high-conviction entry: 24h momentum is positive (+0.87%) and funding is favorable (negat
Analysing AVAXUSDT...
  HOLD       | Conf: 35% | Lev: 5x | Risk: MEDIUM | Funding: -0.0027%
  Mixed signals prevent conviction: while macro environment favours longs (extreme fear, negative funding), AVAX
Skipping TONUSDT — position open
Analysing LINKUSDT...
  HOLD       | Conf: 35% | Lev: 5x | Risk: HIGH | Funding: +0.0036%
  RSI at 71.2 signals overbought conditions (approaching 75 threshold), creating squeeze risk despite favorable 
Analysing DOTUSDT...
  HOLD       | Conf: 35% | Lev: 5x | Risk: MEDIUM | Funding: -0.0130%
  Mixed signals prevent conviction: while macro fear regime favours longs and funding is neutral (-0.013%), stro
Skipping LTCUSDT — position open
Analysing NEARUSDT...
  BUY  LONG  | Conf: 68% | Lev: 5x | Risk: MEDIUM | Funding: +0.0009%
  Strong 24h momentum (+12.40%) with RSI at 61.1 (neutral-bullish) supports a long entry in an extreme fear regi
Analysing BCHUSDT...
  HOLD       | Conf: 35% | Lev: 5x | Risk: MEDIUM | Funding: -0.0124%
  Mixed signals prevent conviction: 7d momentum is sharply negative (-26.48%) and price is 26.77% below 7d high,
Analysing APTUSDT...
  HOLD       | Conf: 35% | Lev: 5x | Risk: MEDIUM | Funding: -0.0111%
  APT shows severe bearish momentum (-30.32% 7d, -1.44% 24h) with weak volume (-27.4% vs avg) and RSI at neutral
Analysing ICPUSDT...
  HOLD       | Conf: 35% | Lev: 5x | Risk: MEDIUM | Funding: -0.0006%
  Mixed signals prevent conviction: strong 7d downtrend (-17.23%) and distance from 7d high (-27.33%) suggest be
Analysing HBARUSDT...
  HOLD       | Conf: 35% | Lev: 5x | Risk: MEDIUM | Funding: -0.0187%
  Mixed signals prevent conviction: 7d momentum is deeply negative (-14.77%) and price sits 15.23% below 7d high
Analysing UNIUSDT...
  HOLD       | Conf: 35% | Lev: 5x | Risk: MEDIUM | Funding: -0.0098%
  Mixed signals prevent conviction: while macro favours longs in extreme fear and funding is neutral (-0.0098%),
Skipping SUIUSDT — position open
Analysing HYPEUSDT...
  HOLD       | Conf: 42% | Lev: 5x | Risk: MEDIUM | Funding: +0.0079%
  Mixed signals prevent conviction: 24h momentum is positive (+6.29%) but severely undermined by weak 7d momentu

=========================================================
Candidates: 2

Opening LONG — SOLUSDT:
Traceback (most recent call last):
  File "C:\Users\mikej\metac-bot-template\bybit_sim.py", line 704, in <module>
    main()
  File "C:\Users\mikej\metac-bot-template\bybit_sim.py", line 673, in main
    open_position(
  File "C:\Users\mikej\metac-bot-template\bybit_sim.py", line 444, in open_position
    print(f"  \u2713 FILLED {direction.upper()} {symbol} @ {price}  "
    ^^^^^^^^^^^^^^^^^^^^^^^^^^^^^^^^^^^^^^^^^^^^^^^^^^^^^^^^^^^
  File "C:\Users\mikej\AppData\Local\Programs\Python\Python312\Lib\encodings\cp1252.py", line 19, in encode
    return codecs.charmap_encode(input,self.errors,encoding_table)[0]
           ^^^^^^^^^^^^^^^^^^^^^^^^^^^^^^^^^^^^^^^^^^^^^^^^^^^^^^^
UnicodeEncodeError: 'charmap' codec can't encode character '\u2713' in position 2: character maps to <undefined>
============================================================ 
Run finished: Mon 08/06/2026 13:01:31.38 
============================================================ 
============================================================ 
Run started: Mon 08/06/2026 17:00:00.44 
============================================================ 
BYBIT SIMULATION ENGINE
=========================================================
Scan:          2026-06-08 17:00:01
Balance:       9300.00 USDT
Open positions:7
Scan #:        8
=========================================================

Checking open positions for TP/SL...
Traceback (most recent call last):
  File "C:\Users\mikej\metac-bot-template\bybit_sim.py", line 704, in <module>
    main()
  File "C:\Users\mikej\metac-bot-template\bybit_sim.py", line 517, in main
    closes = check_positions(state, now)
             ^^^^^^^^^^^^^^^^^^^^^^^^^^^
  File "C:\Users\mikej\metac-bot-template\bybit_sim.py", line 398, in check_positions
    print(f"  \u2713 {symbol} {close_reason}: {outcome}  PnL {pnl:+.4f} USDT  "
    ^^^^^^^^^^^^^^^^^^^^^^^^^^^^^^^^^^^^^^^^^^^^^^^^^^^^^^^^^^^^^^^^^^^^^
  File "C:\Users\mikej\AppData\Local\Programs\Python\Python312\Lib\encodings\cp1252.py", line 19, in encode
    return codecs.charmap_encode(input,self.errors,encoding_table)[0]
           ^^^^^^^^^^^^^^^^^^^^^^^^^^^^^^^^^^^^^^^^^^^^^^^^^^^^^^^
UnicodeEncodeError: 'charmap' codec can't encode character '\u2713' in position 2: character maps to <undefined>
============================================================ 
Run finished: Mon 08/06/2026 17:00:04.30 
============================================================ 
============================================================ 
Run started: Mon 08/06/2026 21:00:00.79 
============================================================ 
BYBIT SIMULATION ENGINE
=========================================================
Scan:          2026-06-08 21:00:02
Balance:       9300.00 USDT
Open positions:7
Scan #:        8
=========================================================

Checking open positions for TP/SL...

Fetching macro context...
  Fear & Greed:  8 — Extreme Fear
  BTC Dominance: 56.2%
  Regime:        FEAR — caution on shorts, favour longs

Available slots: 13

Analysing BTCUSDT...
  HOLD       | Conf: 35% | Lev: 5x | Risk: MEDIUM | Funding: -0.0002%
  Mixed signals prevent high-conviction entry: 7-day momentum is deeply negative (-12.88%) and volume is severel
Skipping ETHUSDT — position open
Analysing BNBUSDT...
  HOLD       | Conf: 35% | Lev: 5x | Risk: HIGH | Funding: +0.0046%
  RSI at 69.1 signals overbought conditions with imminent pullback risk. Negative 7d momentum (-14.30%) and weak
Analysing SOLUSDT...
  HOLD       | Conf: 35% | Lev: 5x | Risk: MEDIUM | Funding: -0.0160%
  Mixed signals prevent conviction: 24h momentum is positive (+1.77%) but severely undermined by -18.12% 7d mome
Analysing XRPUSDT...
  HOLD       | Conf: 35% | Lev: 5x | Risk: HIGH | Funding: -0.0007%
  RSI at 69.7 signals overbought conditions with imminent pullback risk, conflicting with the macro fear environ
Skipping DOGEUSDT — position open
Skipping ADAUSDT — position open
Analysing TRXUSDT...
  HOLD       | Conf: 35% | Lev: 5x | Risk: HIGH | Funding: -0.0205%
  RSI at 69.0 signals overbought conditions approaching resistance, while 7-day momentum is significantly negati
Analysing AVAXUSDT...
  HOLD       | Conf: 35% | Lev: 5x | Risk: MEDIUM | Funding: +0.0007%
  Mixed signals prevent conviction: strong 7d downtrend (-24.07%) and distance from highs (-25.37%) suggest weak
Skipping TONUSDT — position open
Analysing LINKUSDT...
  HOLD       | Conf: 35% | Lev: 5x | Risk: HIGH | Funding: +0.0083%
  RSI at 70.9 signals overbought conditions with elevated squeeze risk, while 7-day momentum is deeply negative 
Analysing DOTUSDT...
  HOLD       | Conf: 35% | Lev: 5x | Risk: MEDIUM | Funding: +0.0028%
  Mixed signals prevent conviction despite macro FEAR environment favouring longs. Negative 7d momentum (-16.35%
Skipping LTCUSDT — position open
Skipping NEARUSDT — position open
Analysing BCHUSDT...
  HOLD       | Conf: 35% | Lev: 5x | Risk: MEDIUM | Funding: +0.0100%
  Mixed signals prevent conviction: macro regime favours longs (extreme fear + BTC strength), but BCH shows seve
Analysing APTUSDT...
  HOLD       | Conf: 35% | Lev: 5x | Risk: MEDIUM | Funding: +0.0100%
  APT shows conflicting signals: macro fear regime favours longs and funding is benign (+0.0100%), but technical
Analysing ICPUSDT...
  HOLD       | Conf: 35% | Lev: 5x | Risk: MEDIUM | Funding: +0.0100%
  ICP shows strong negative momentum (-16.29% 7d, -27.24% from 7d high) with significantly depressed volume (-69
Analysing HBARUSDT...
  HOLD       | Conf: 35% | Lev: 5x | Risk: MEDIUM | Funding: +0.0042%
  Mixed signals prevent conviction despite favourable macro regime (extreme fear, low BTC dominance). Negative 7
Analysing UNIUSDT...
  HOLD       | Conf: 35% | Lev: 5x | Risk: MEDIUM | Funding: +0.0100%
  Mixed signals prevent conviction: macro environment (extreme fear) and funding rate (+0.0100%) favor longs, bu
Skipping SUIUSDT — position open
Analysing HYPEUSDT...
  HOLD       | Conf: 42% | Lev: 5x | Risk: MEDIUM | Funding: -0.0259%
  Mixed signals prevent conviction: 24h momentum is positive (+4.13%) but severely contradicted by weak 7d momen

=========================================================
Candidates: 0

=========================================================
Scan #8 complete
Equity:        10020.60 USDT  (+20.60 USDT overall)
Trades:        0 closed  (0W / 0L  0% win rate)
Open positions:7
New trades:    0
Done.
============================================================ 
Run finished: Mon 08/06/2026 21:01:17.27 
============================================================ 
