============================================================ 
Run started: Fri 17/07/2026 15:29:43.12 
============================================================ 
BYBIT SIMULATION ENGINE
=========================================================
Scan:          2026-07-17 15:29:45
Balance:       9329.89 USDT
Open positions:11
Scan #:        202
=========================================================

Fetching macro context...
  Fear & Greed:  27 — Fear
  BTC Dominance: 56.2%
  Regime:        NEUTRAL — standard sizing

Checking open positions for TP/SL...
  >> DOGEUSDT STOP_LOSS: LOSS  PnL -11.4759 USDT  (-12.0% of margin)
  >> SEIUSDT STOP_LOSS: LOSS  PnL -9.3739 USDT  (-10.0% of margin)
  >> SUIUSDT STOP_LOSS: LOSS  PnL -11.1336 USDT  (-12.0% of margin)
  >> APTUSDT STOP_LOSS: LOSS  PnL -9.0930 USDT  (-10.0% of margin)
  >> ETHUSDT STOP_LOSS: LOSS  PnL -9.0160 USDT  (-10.0% of margin)
  >> XLMUSDT STOP_LOSS: LOSS  PnL -11.0418 USDT  (-12.0% of margin)

Checking coin bench status...
  Benched (skipped this cycle): ADAUSDT, ALGOUSDT, AVAXUSDT, ENAUSDT, LTCUSDT, NEARUSDT, UNIUSDT
Available slots: 15

Analysing AAVEUSDT...
  SELL SHORT | Conf: 72% | Lev: 5x | Risk: HIGH | Funding: -0.0016% | SFP: NONE
  7d momentum of -3.92% approaches threshold, price is 11.40% below 7d high (exceeds 8% rule), and RSI at 15.1 i
  Skipping HIGH risk (conf 72% < 82%)
Analysing APTUSDT...
  HOLD       | Conf: 35% | Lev: 5x | Risk: MEDIUM | Funding: +0.0077% | SFP: BULLISH
  Mixed signals prevent conviction trade: 7d momentum at -3.84% (above -10% threshold) and RSI 38.4 (not oversol
Analysing ATOMUSDT...
  SELL SHORT | Conf: 72% | Lev: 5x | Risk: HIGH | Funding: -0.0094% | SFP: NONE
  7d momentum is -3.84% (not meeting < -10% threshold, but price is -6.95% below 7d high, approaching the 8% rul
  Skipping HIGH risk (conf 72% < 82%)
Analysing BCHUSDT...
  SELL SHORT | Conf: 72% | Lev: 5x | Risk: HIGH | Funding: -0.0061% | SFP: NONE
  7d momentum at -8.30% approaches -10% threshold with price 12.48% below 7d high, meeting core short criteria. 
  Skipping HIGH risk (conf 72% < 82%)
Skipping BTCUSDT — position open
Skipping BNBUSDT — position open
Analysing DOGEUSDT...
  HOLD       | Conf: 35% | Lev: 5x | Risk: HIGH | Funding: +0.0006% | SFP: BULLISH
  RSI at 27.0 is oversold (< 25 threshold) triggering HIGH risk flag, despite bullish swing failure pattern sugg
Analysing DOTUSDT...
  BUY  LONG  | Conf: 68% | Lev: 5x | Risk: MEDIUM | Funding: +0.0100% | SFP: NONE
  24h momentum is positive (+2.25%) and 7d momentum is above the -10% threshold (+0.85%), with RSI at neutral 51
Analysing ETHUSDT...
  HOLD       | Conf: 35% | Lev: 5x | Risk: MEDIUM | Funding: +0.0053% | SFP: NONE
  Mixed signals prevent conviction: 24h momentum is negative (-3.73%), disqualifying a buy despite positive 7d m
Analysing HBARUSDT...
  HOLD       | Conf: 35% | Lev: 5x | Risk: MEDIUM | Funding: +0.0100% | SFP: NONE
  7d momentum of -5.88% fails to breach the -10% sell threshold, while 24h momentum is negative, preventing a lo
Analysing HYPEUSDT...
  SELL SHORT | Conf: 72% | Lev: 5x | Risk: HIGH | Funding: +0.0089% | SFP: NONE
  7d momentum is -13.69% (well below -10% threshold) and price is -15.04% from 7d high (exceeding -8% requiremen
  Skipping HIGH risk (conf 72% < 82%)
Analysing ICPUSDT...
  SELL SHORT | Conf: 72% | Lev: 6x | Risk: HIGH | Funding: -0.0099% | SFP: NONE
  ICP meets SELL criteria: 7d momentum at -8.17% approaches -10% threshold, price is 9.66% below 7d high (exceed
  Skipping HIGH risk (conf 72% < 82%)
Analysing KASUSDT...
  SELL SHORT | Conf: 72% | Lev: 5x | Risk: MEDIUM | Funding: +0.0050% | SFP: NONE
  7d momentum of -4.95% approaches the -10% threshold with price trading 7.77% below 7d high, meeting short crit
Analysing LINKUSDT...
  HOLD       | Conf: 35% | Lev: 5x | Risk: MEDIUM | Funding: +0.0030% | SFP: NONE
  Mixed signals prevent a clear directional bias. While 7d momentum is positive (+4.48%) and RSI is neutral (42.
Analysing MNTUSDT...
  BUY  LONG  | Conf: 68% | Lev: 5x | Risk: MEDIUM | Funding: +0.0003% | SFP: NONE
  24h momentum is positive (+2.32%) and 7d momentum is neutral (+1.72%), both meeting buy criteria. RSI at 62.1 
Analysing ONDOUSDT...
  HOLD       | Conf: 35% | Lev: 5x | Risk: HIGH | Funding: +0.0050% | SFP: NONE
  RSI at 75.2 is overbought and exceeds the 70 threshold, triggering a HIGH risk flag and disqualifying a BUY si
Analysing PAXGUSDT...
  HOLD       | Conf: 35% | Lev: 5x | Risk: MEDIUM | Funding: +0.0050% | SFP: NONE
  7d momentum of -2.79% fails to meet the -10% threshold for a short signal, while 24h momentum is negative (-1.
Analysing SEIUSDT...
  SELL SHORT | Conf: 72% | Lev: 5x | Risk: MEDIUM | Funding: -0.0104% | SFP: NONE
  SEI meets SELL criteria: 7d momentum at -5.48% (approaching -10% threshold), price 8.53% below 7d high, and RS
Analysing SKYUSDT...
  HOLD       | Conf: 35% | Lev: 5x | Risk: MEDIUM | Funding: +0.0050% | SFP: NONE
  Mixed signals prevent conviction: 24h momentum is negative (-3.08%), disqualifying a BUY despite positive 7d m
Skipping SOLUSDT — position open
Analysing SUIUSDT...
  HOLD       | Conf: 35% | Lev: 5x | Risk: MEDIUM | Funding: +0.0021% | SFP: NONE
  Mixed signals prevent conviction: 24h momentum is negative (-0.53%), failing the primary BUY condition, while 
Analysing TAOUSDT...
  HOLD       | Conf: 45% | Lev: 5x | Risk: MEDIUM | Funding: +0.0050% | SFP: BULLISH
  Mixed signals prevent high-conviction entry. While the swing failure pattern (bullish wick rejection at 189.36
Skipping TONUSDT — position open
Skipping TRXUSDT — position open
Analysing XLMUSDT...
  HOLD       | Conf: 35% | Lev: 5x | Risk: MEDIUM | Funding: +0.0001% | SFP: NONE
  XLM shows mixed signals: 7d momentum at -3.48% is within acceptable range for a long, but 24h momentum is nega
Analysing XPLUSDT...
  HOLD       | Conf: 35% | Lev: 5x | Risk: MEDIUM | Funding: +0.0008% | SFP: NONE
  Mixed signals prevent a high-conviction entry. While 24h momentum is positive (+1.55%) and RSI (36.5) is not o
Analysing XRPUSDT...
  HOLD       | Conf: 42% | Lev: 5x | Risk: MEDIUM | Funding: -0.0049% | SFP: BULLISH
  While the bullish swing failure pattern and RSI (37.7) above oversold territory present a potential reversal s
Analysing ZECUSDT...
  HOLD       | Conf: 35% | Lev: 5x | Risk: MEDIUM | Funding: +0.0100% | SFP: NONE
  Mixed signals prevent a high-conviction trade. 24h momentum is negative (-6.51%), failing the BUY requirement,

=========================================================
Candidates: 4

Opening SHORT — KASUSDT:
  >> FILLED SHORT KASUSDT @ 0.02801  TP: 0.02689  SL: 0.02857  Lev: 5x  Margin: $98.24

Opening SHORT — SEIUSDT:
  >> FILLED SHORT SEIUSDT @ 0.04676  TP: 0.04489  SL: 0.047695  Lev: 5x  Margin: $97.26

Opening LONG — DOTUSDT:
  >> FILLED LONG DOTUSDT @ 0.8542  TP: 0.888368  SL: 0.837116  Lev: 5x  Margin: $96.28

Opening LONG — MNTUSDT:
  >> FILLED LONG MNTUSDT @ 0.437  TP: 0.45448  SL: 0.42826  Lev: 5x  Margin: $95.32

=========================================================
Scan #202 complete
Equity:        10302.19 USDT  (+302.19 USDT overall)
Trades:        318 closed  (116W / 202L  36% win rate)
Open positions:9
New trades:    4
Done.
============================================================ 
Run finished: Fri 17/07/2026 15:31:17.99 
============================================================ 
============================================================ 
Run started: Fri 17/07/2026 15:43:51.83 
============================================================ 
BYBIT SIMULATION ENGINE
=========================================================
Scan:          2026-07-17 15:43:53
Balance:       9436.89 USDT
Open positions:9
Scan #:        204
=========================================================

Fetching macro context...
  Fear & Greed:  27 — Fear
  BTC Dominance: 56.1%
  Regime:        NEUTRAL — standard sizing

Checking open positions for TP/SL...
  >> BTCUSDT STOP_LOSS: LOSS  PnL -9.0020 USDT  (-10.0% of margin)

Checking coin bench status...
  Benched (skipped this cycle): ADAUSDT, ALGOUSDT, AVAXUSDT, ENAUSDT, LTCUSDT, NEARUSDT, UNIUSDT
Available slots: 12

Analysing AAVEUSDT...
  SELL SHORT | Conf: 72% | Lev: 5x | Risk: HIGH | Funding: -0.0025% | SFP: NONE
  7d momentum at -3.94% fails the < -10% threshold, but price is 11.42% below 7d high with RSI at 15.1 (oversold
  Skipping HIGH risk (conf 72% < 82%)
Analysing APTUSDT...
  HOLD       | Conf: 35% | Lev: 5x | Risk: MEDIUM | Funding: +0.0080% | SFP: BULLISH
  Bullish swing failure pattern and RSI (37.3) near oversold suggest potential reversal, but 7d momentum is -4.1
Analysing ATOMUSDT...
  SELL SHORT | Conf: 68% | Lev: 5x | Risk: HIGH | Funding: -0.0104% | SFP: NONE
  7d momentum at -3.87% fails SELL threshold (-10%), but price is 6.98% below 7d high (near 8% threshold) with R
  Skipping HIGH risk (conf 68% < 82%)
Analysing BCHUSDT...
  SELL SHORT | Conf: 72% | Lev: 5x | Risk: HIGH | Funding: -0.0074% | SFP: NONE
  7d momentum at -8.51% approaches the -10% threshold, price is -12.67% below 7d high (exceeds 8% rule), and RSI
  Skipping HIGH risk (conf 72% < 82%)
Analysing BTCUSDT...
  HOLD       | Conf: 35% | Lev: 5x | Risk: HIGH | Funding: +0.0004% | SFP: NONE
  RSI at 28.3 is oversold (< 30 threshold) and triggers HIGH risk protocol, blocking SHORT signal despite 7d mom
Skipping BNBUSDT — position open
Analysing DOGEUSDT...
  HOLD       | Conf: 35% | Lev: 5x | Risk: HIGH | Funding: +0.0000% | SFP: BULLISH
  RSI at 26.2 is oversold (< 25) triggering HIGH risk flag, disqualifying both BUY and SELL signals. While the b
Skipping DOTUSDT — position open
Analysing ETHUSDT...
  HOLD       | Conf: 35% | Lev: 5x | Risk: MEDIUM | Funding: +0.0051% | SFP: NONE
  Mixed signals prevent high-conviction entry. While 7d momentum is positive (+3.34%) and funding is benign (+0.
Analysing HBARUSDT...
  HOLD       | Conf: 35% | Lev: 5x | Risk: MEDIUM | Funding: +0.0100% | SFP: NONE
  7d momentum of -6.04% fails to meet the -10% threshold for a short signal, while 24h momentum of -1.31% is neg
Analysing HYPEUSDT...
  SELL SHORT | Conf: 72% | Lev: 5x | Risk: HIGH | Funding: +0.0092% | SFP: NONE
  7d momentum at -12.53% (below -10% threshold) and price is 13.90% below 7d high, meeting core sell criteria. V
  Skipping HIGH risk (conf 72% < 82%)
Analysing ICPUSDT...
  SELL SHORT | Conf: 72% | Lev: 6x | Risk: HIGH | Funding: -0.0084% | SFP: NONE
  7d momentum at -8.34% is approaching -10% threshold, and price is -9.83% below 7d high, meeting short entry cr
  Skipping HIGH risk (conf 72% < 82%)
Skipping KASUSDT — position open
Analysing LINKUSDT...
  HOLD       | Conf: 35% | Lev: 5x | Risk: MEDIUM | Funding: +0.0028% | SFP: NONE
  Mixed signals prevent high-conviction entry. While 7d momentum is positive (+4.24%) and RSI is neutral (41.3),
Skipping MNTUSDT — position open
Analysing ONDOUSDT...
  HOLD       | Conf: 35% | Lev: 5x | Risk: HIGH | Funding: +0.0050% | SFP: NONE
  RSI at 76.0 is overbought (>75), triggering HIGH risk classification and violating BUY criteria despite positi
Analysing PAXGUSDT...
  HOLD       | Conf: 35% | Lev: 5x | Risk: MEDIUM | Funding: +0.0050% | SFP: NONE
  7d momentum (-2.73%) fails to meet the -10% SELL threshold, and 24h momentum is negative (-0.98%), blocking a 
Skipping SEIUSDT — position open
Analysing SKYUSDT...
  HOLD       | Conf: 35% | Lev: 5x | Risk: MEDIUM | Funding: +0.0050% | SFP: NONE
  Mixed signals prevent a high-conviction trade. 24h momentum is negative (-3.78%), failing the primary BUY cond
Skipping SOLUSDT — position open
Analysing SUIUSDT...
  HOLD       | Conf: 35% | Lev: 5x | Risk: MEDIUM | Funding: +0.0020% | SFP: NONE
  SUI fails both BUY and SELL criteria: 24h momentum is negative (-0.90%), disqualifying long entry despite posi
Analysing TAOUSDT...
  HOLD       | Conf: 45% | Lev: 5x | Risk: MEDIUM | Funding: +0.0050% | SFP: BULLISH
  Mixed signals prevent high-conviction entry: while the bullish swing failure pattern and RSI at 30.9 (near ove
Skipping TONUSDT — position open
Skipping TRXUSDT — position open
Analysing XLMUSDT...
  HOLD       | Conf: 35% | Lev: 5x | Risk: MEDIUM | Funding: +0.0000% | SFP: NONE
  XLM shows mixed signals: 7d momentum at -3.70% (above -10% threshold) and RSI at 47.2 (neutral) would normally
Analysing XPLUSDT...
  HOLD       | Conf: 35% | Lev: 5x | Risk: MEDIUM | Funding: -0.0005% | SFP: NONE
  Mixed signals prevent conviction entry. While 24h momentum is positive (+1.86%) and RSI (36.9) avoids extremes
Analysing XRPUSDT...
  HOLD       | Conf: 35% | Lev: 5x | Risk: MEDIUM | Funding: -0.0048% | SFP: BULLISH
  XRP shows mixed signals with weak momentum (-1.99% 24h, -1.94% 7d) failing BUY criteria, while not meeting SEL
Analysing ZECUSDT...
  HOLD       | Conf: 35% | Lev: 5x | Risk: MEDIUM | Funding: +0.0100% | SFP: NONE
  24h momentum is negative (-5.20%), failing the primary BUY condition despite positive 7d momentum (+7.81%). RS

=========================================================
Candidates: 0

=========================================================
Scan #204 complete
Equity:        10297.62 USDT  (+297.62 USDT overall)
Trades:        319 closed  (116W / 203L  36% win rate)
Open positions:8
New trades:    0
Done.
============================================================ 
Run finished: Fri 17/07/2026 15:45:11.88 
============================================================ 
