============================================================ 
Run started: Mon 13/07/2026  1:00:01.45 
============================================================ 
BYBIT SIMULATION ENGINE
=========================================================
Scan:          2026-07-13 01:00:04
Balance:       8866.89 USDT
Open positions:16
Scan #:        179
=========================================================

Fetching macro context...
  Fear & Greed:  26 — Fear
  BTC Dominance: 56.2%
  Regime:        NEUTRAL — standard sizing

Checking open positions for TP/SL...

Checking coin bench status...
  Benched (skipped this cycle): ADAUSDT, ALGOUSDT, AVAXUSDT, ENAUSDT, LTCUSDT, NEARUSDT, UNIUSDT
Available slots: 4

Analysing AAVEUSDT...
  HOLD       | Conf: 45% | Lev: 5x | Risk: MEDIUM | Funding: -0.0013% | SFP: NONE
  While 7d momentum is positive (+10.67%) and RSI is not overbought (62.8), the 24h momentum is negative (-0.98%
Analysing APTUSDT...
  HOLD       | Conf: 35% | Lev: 5x | Risk: MEDIUM | Funding: -0.0009% | SFP: NONE
  APT fails both BUY and SELL criteria: 24h momentum is negative (-2.29%), and 7d momentum (-0.32%) is not weak 
Skipping ATOMUSDT — position open
Skipping BCHUSDT — position open
Analysing BTCUSDT...
  HOLD       | Conf: 35% | Lev: 5x | Risk: MEDIUM | Funding: +0.0045% | SFP: NONE
  24h momentum is flat at +0.00%, failing the primary BUY condition despite positive 7d momentum of +2.29% and a
Skipping BNBUSDT — position open
Analysing DOGEUSDT...
  HOLD       | Conf: 35% | Lev: 5x | Risk: MEDIUM | Funding: +0.0100% | SFP: NONE
  7d momentum of -4.40% fails to meet the -10% threshold for a short signal, while 24h momentum is negative (-2.
Analysing DOTUSDT...
  HOLD       | Conf: 35% | Lev: 5x | Risk: MEDIUM | Funding: +0.0100% | SFP: BULLISH
  Mixed signals prevent high-conviction entry. While the bullish swing failure pattern and RSI at neutral 49.1 s
Analysing ETHUSDT...
  BUY  LONG  | Conf: 68% | Lev: 5x | Risk: MEDIUM | Funding: +0.0037% | SFP: NONE
  24h momentum positive (+0.19%) and 7d momentum strong (+2.46%) satisfy primary BUY conditions. RSI at 63.6 is 
Skipping HBARUSDT — position open
Analysing HYPEUSDT...
  HOLD       | Conf: 35% | Lev: 5x | Risk: MEDIUM | Funding: +0.0026% | SFP: NONE
  Mixed signals prevent a high-conviction trade. While 24h momentum is positive (+0.76%) and RSI is neutral (46.
Analysing ICPUSDT...
  HOLD       | Conf: 35% | Lev: 5x | Risk: MEDIUM | Funding: -0.0010% | SFP: NONE
  Mixed signals prevent conviction: 24h momentum is negative (-0.53%), failing the primary BUY condition despite
Skipping KASUSDT — position open
Skipping LINKUSDT — position open
Skipping MNTUSDT — position open
Analysing ONDOUSDT...
  HOLD       | Conf: 35% | Lev: 5x | Risk: MEDIUM | Funding: +0.0050% | SFP: NONE
  Mixed signals prevent a clear directional bias. 7d momentum is only -0.70% (well above the -10% sell threshold
Skipping PAXGUSDT — position open
Skipping SEIUSDT — position open
Skipping SKYUSDT — position open
Skipping SOLUSDT — position open
Analysing SUIUSDT...
  HOLD       | Conf: 35% | Lev: 5x | Risk: MEDIUM | Funding: +0.0090% | SFP: NONE
  24h momentum is positive (+0.34%) and RSI at 67.6 is not overbought, but 7d momentum remains negative (-1.00%)
Analysing TAOUSDT...
  BUY  LONG  | Conf: 62% | Lev: 5x | Risk: MEDIUM | Funding: +0.0050% | SFP: NONE
  24h momentum is positive (+0.29%) and 7d momentum (+0.40%) comfortably above -10% threshold. RSI at 54.9 is ne
Skipping TONUSDT — position open
Skipping TRXUSDT — position open
Skipping XLMUSDT — position open
Skipping XPLUSDT — position open
Skipping XRPUSDT — position open
Analysing ZECUSDT...
  HOLD       | Conf: 35% | Lev: 5x | Risk: HIGH | Funding: +0.0100% | SFP: NONE
  RSI at 73.7 is overbought (>70), violating BUY criteria despite positive momentum. Volume is declining (-15.3%

=========================================================
Candidates: 1
  Skipping ETHUSDT — LONG concentration at 10/20 slots (conf 68% < 82%)

=========================================================
Scan #179 complete
Equity:        10431.73 USDT  (+431.73 USDT overall)
Trades:        283 closed  (106W / 177L  37% win rate)
Open positions:16
New trades:    0
Done.
============================================================ 
Run finished: Mon 13/07/2026  1:01:16.77 
============================================================ 
============================================================ 
Run started: Mon 13/07/2026  5:00:00.93 
============================================================ 
BYBIT SIMULATION ENGINE
=========================================================
Scan:          2026-07-13 05:00:02
Balance:       8866.89 USDT
Open positions:16
Scan #:        180
=========================================================

Fetching macro context...
  Fear & Greed:  26 — Fear
  BTC Dominance: 56.2%
  Regime:        NEUTRAL — standard sizing

Checking open positions for TP/SL...

Checking coin bench status...
  Benched (skipped this cycle): ADAUSDT, ALGOUSDT, AVAXUSDT, ENAUSDT, LTCUSDT, NEARUSDT, UNIUSDT
Available slots: 4

Analysing AAVEUSDT...
  BUY  LONG  | Conf: 68% | Lev: 5x | Risk: LOW | Funding: +0.0032% | SFP: NONE
  7d momentum is strongly positive at +10.95% and price is only -3.94% from 7d high, indicating recovery strengt
Analysing APTUSDT...
  Data error for APTUSDT: Bybit 10006: Too many visits. Exceeded the API Rate Limit.
  Insufficient data — skipping
Skipping ATOMUSDT — position open
Skipping BCHUSDT — position open
Analysing BTCUSDT...
  HOLD       | Conf: 35% | Lev: 5x | Risk: MEDIUM | Funding: +0.0019% | SFP: NONE
  24h momentum is negative (-0.22%), failing the primary BUY condition despite positive 7d momentum (+2.20%) and
Skipping BNBUSDT — position open
Analysing DOGEUSDT...
  HOLD       | Conf: 35% | Lev: 5x | Risk: MEDIUM | Funding: +0.0090% | SFP: NONE
  7d momentum of -4.71% fails to trigger the SELL threshold (<-10%), and 24h momentum is negative, blocking a BU
Analysing DOTUSDT...
  Data error for DOTUSDT: Bybit 10006: Too many visits. Exceeded the API Rate Limit.
  Insufficient data — skipping
Analysing ETHUSDT...
  HOLD       | Conf: 45% | Lev: 5x | Risk: MEDIUM | Funding: +0.0034% | SFP: NONE
  Mixed signals prevent conviction: 24h momentum is negative (-0.17%), failing the primary BUY condition despite
Skipping HBARUSDT — position open
Analysing HYPEUSDT...
  HOLD       | Conf: 35% | Lev: 5x | Risk: MEDIUM | Funding: +0.0068% | SFP: NONE
  Mixed signals prevent conviction entry. 24h momentum is positive (+0.91%) but 7d momentum is weak (-2.34%, abo
Analysing ICPUSDT...
  HOLD       | Conf: 35% | Lev: 5x | Risk: MEDIUM | Funding: +0.0100% | SFP: NONE
  Mixed signals prevent a high-conviction entry. While 7d momentum is positive (+3.15%) and RSI is not extreme (
Skipping KASUSDT — position open
Skipping LINKUSDT — position open
Skipping MNTUSDT — position open
Analysing ONDOUSDT...
  HOLD       | Conf: 35% | Lev: 5x | Risk: MEDIUM | Funding: +0.0035% | SFP: NONE
  24h momentum is negative (-3.02%), failing the primary BUY condition despite neutral RSI (46.5) and manageable
Skipping PAXGUSDT — position open
Skipping SEIUSDT — position open
Skipping SKYUSDT — position open
Skipping SOLUSDT — position open
Analysing SUIUSDT...
  HOLD       | Conf: 35% | Lev: 5x | Risk: MEDIUM | Funding: +0.0011% | SFP: NONE
  Mixed signals prevent high-conviction entry. While 7d momentum (-2.12%) remains above the -10% sell threshold 
Analysing TAOUSDT...
  HOLD       | Conf: 35% | Lev: 5x | Risk: MEDIUM | Funding: +0.0050% | SFP: NONE
  TAO fails both BUY and SELL entry criteria. While 7d momentum (-0.17%) and funding (+0.0050%) are benign, 24h 
Skipping TONUSDT — position open
Skipping TRXUSDT — position open
Skipping XLMUSDT — position open
Skipping XPLUSDT — position open
Skipping XRPUSDT — position open
Analysing ZECUSDT...
  HOLD       | Conf: 35% | Lev: 5x | Risk: HIGH | Funding: +0.0064% | SFP: NONE
  RSI at 77.0 is significantly overbought (>75), triggering HIGH risk classification and violating BUY rule requ

=========================================================
Candidates: 1
  Skipping AAVEUSDT — LONG concentration at 10/20 slots (conf 68% < 82%)

=========================================================
Scan #180 complete
Equity:        10430.02 USDT  (+430.02 USDT overall)
Trades:        283 closed  (106W / 177L  37% win rate)
Open positions:16
New trades:    0
Done.
============================================================ 
Run finished: Mon 13/07/2026  5:01:06.94 
============================================================ 
============================================================ 
Run started: Mon 13/07/2026  9:00:01.20 
============================================================ 
BYBIT SIMULATION ENGINE
=========================================================
Scan:          2026-07-13 09:00:03
Balance:       8866.89 USDT
Open positions:16
Scan #:        181
=========================================================

Fetching macro context...
  Fear & Greed:  26 — Fear
  BTC Dominance: 56.2%
  Regime:        NEUTRAL — standard sizing

Checking open positions for TP/SL...
  >> XPLUSDT TAKE_PROFIT: WIN  PnL +18.4880 USDT  (+20.0% of margin)
  >> SEIUSDT STOP_LOSS: LOSS  PnL -9.1670 USDT  (-10.0% of margin)

Checking coin bench status...
  Benched (skipped this cycle): ADAUSDT, ALGOUSDT, AVAXUSDT, ENAUSDT, LTCUSDT, NEARUSDT, UNIUSDT
Available slots: 6

Analysing AAVEUSDT...
  HOLD       | Conf: 45% | Lev: 5x | Risk: MEDIUM | Funding: +0.0100% | SFP: NONE
  Mixed signals prevent conviction: 7d momentum is strongly positive (+9.54%) and RSI neutral at 56.0, supportin
Analysing APTUSDT...
  SELL SHORT | Conf: 68% | Lev: 5x | Risk: MEDIUM | Funding: -0.0102% | SFP: NONE
  7d momentum is -4.11% (approaching -10% threshold) with price 6.83% below 7d high, approaching the -8% sell tr
Skipping ATOMUSDT — position open
Skipping BCHUSDT — position open
Analysing BTCUSDT...
  Data error for BTCUSDT: Bybit 10006: Too many visits. Exceeded the API Rate Limit.
  Insufficient data — skipping
Skipping BNBUSDT — position open
Analysing DOGEUSDT...
  SELL SHORT | Conf: 68% | Lev: 5x | Risk: MEDIUM | Funding: +0.0029% | SFP: NONE
  7d momentum of -6.77% approaches threshold with price 7.34% below 7d high, meeting short entry criteria. RSI a
Analysing DOTUSDT...
  SELL SHORT | Conf: 68% | Lev: 5x | Risk: HIGH | Funding: +0.0020% | SFP: NONE
  7d momentum is -4.21% (approaching -10% threshold) and price is -6.99% from 7d high, meeting SELL criteria. Ho
  Skipping HIGH risk (conf 68% < 82%)
Analysing ETHUSDT...
  BUY  LONG  | Conf: 68% | Lev: 5x | Risk: MEDIUM | Funding: +0.0030% | SFP: NONE
  24h momentum is positive (+0.88%) and 7d momentum is well above the -10% threshold (+0.98%), with RSI at neutr
Skipping HBARUSDT — position open
Analysing HYPEUSDT...
  HOLD       | Conf: 35% | Lev: 5x | Risk: MEDIUM | Funding: +0.0017% | SFP: NONE
  Mixed signals prevent conviction: while 24h momentum is positive (+0.48%) and RSI is neutral (47.0), the 7d mo
Analysing ICPUSDT...
  HOLD       | Conf: 35% | Lev: 5x | Risk: MEDIUM | Funding: +0.0100% | SFP: NONE
  Mixed signals prevent a high-conviction trade. While 7d momentum is positive (+0.82%) and RSI (38.7) is not ov
Skipping KASUSDT — position open
Skipping LINKUSDT — position open
Skipping MNTUSDT — position open
Analysing ONDOUSDT...
  HOLD       | Conf: 35% | Lev: 5x | Risk: MEDIUM | Funding: +0.0050% | SFP: NONE
  7d momentum of -3.15% fails to meet the -10% threshold for a short signal, while 24h momentum is negative, blo
Skipping PAXGUSDT — position open
Analysing SEIUSDT...
  HOLD       | Conf: 35% | Lev: 5x | Risk: MEDIUM | Funding: +0.0100% | SFP: NONE
  7d momentum at -3.22% fails to meet sell threshold of < -10%, while 24h momentum is negative, blocking a long 
Skipping SKYUSDT — position open
Skipping SOLUSDT — position open
Analysing SUIUSDT...
  HOLD       | Conf: 35% | Lev: 5x | Risk: MEDIUM | Funding: -0.0024% | SFP: NONE
  Mixed signals prevent conviction: 24h momentum is positive (+0.91%) but 7d momentum remains negative (-2.85%, 
Analysing TAOUSDT...
  HOLD       | Conf: 35% | Lev: 5x | Risk: MEDIUM | Funding: +0.0050% | SFP: NONE
  24h momentum is positive (+0.99%) but 7d momentum remains slightly negative (-2.50%), creating mixed direction
Skipping TONUSDT — position open
Skipping TRXUSDT — position open
Skipping XLMUSDT — position open
Analysing XPLUSDT...
  SELL SHORT | Conf: 72% | Lev: 6x | Risk: MEDIUM | Funding: -0.0145% | SFP: NONE
  XPL meets core SHORT criteria: 7d momentum severely negative at -16.99% (well below -10% threshold) and price 
Skipping XRPUSDT — position open
Analysing ZECUSDT...
  HOLD       | Conf: 35% | Lev: 5x | Risk: HIGH | Funding: +0.0015% | SFP: NONE
  RSI at 72.3 exceeds the 70 overbought threshold, violating BUY criteria despite positive 24h/7d momentum and s

=========================================================
Candidates: 4

Opening SHORT — XPLUSDT:
  >> FILLED SHORT XPLUSDT @ 0.08848  TP: 0.084941  SL: 0.09025  Lev: 6x  Margin: $90.6

Opening SHORT — APTUSDT:
  >> FILLED SHORT APTUSDT @ 0.6069  TP: 0.582624  SL: 0.619038  Lev: 5x  Margin: $89.7

Opening SHORT — DOGEUSDT:
  >> FILLED SHORT DOGEUSDT @ 0.07259  TP: 0.069686  SL: 0.074042  Lev: 5x  Margin: $88.8

Opening LONG — ETHUSDT:
  >> FILLED LONG ETHUSDT @ 1802.55  TP: 1874.652  SL: 1766.499  Lev: 5x  Margin: $87.91

=========================================================
Scan #181 complete
Equity:        10398.03 USDT  (+398.03 USDT overall)
Trades:        285 closed  (107W / 178L  38% win rate)
Open positions:18
New trades:    4
Done.
============================================================ 
Run finished: Mon 13/07/2026  9:01:22.33 
============================================================ 
============================================================ 
Run started: Mon 13/07/2026 13:00:01.00 
============================================================ 
BYBIT SIMULATION ENGINE
=========================================================
Scan:          2026-07-13 13:00:04
Balance:       8703.30 USDT
Open positions:18
Scan #:        182
=========================================================

Fetching macro context...
  Fear & Greed:  28 — Fear
  BTC Dominance: 56.1%
  Regime:        NEUTRAL — standard sizing

Checking open positions for TP/SL...

Checking coin bench status...
  Benched (skipped this cycle): ADAUSDT, ALGOUSDT, AVAXUSDT, ENAUSDT, LTCUSDT, NEARUSDT, UNIUSDT
Available slots: 2

Analysing AAVEUSDT...
  HOLD       | Conf: 35% | Lev: 5x | Risk: MEDIUM | Funding: +0.0100% | SFP: NONE
  Mixed signals prevent a high-conviction entry: 24h momentum is negative (-2.42%), failing the BUY rule despite
Skipping APTUSDT — position open
Skipping ATOMUSDT — position open
Skipping BCHUSDT — position open
Analysing BTCUSDT...
  HOLD       | Conf: 35% | Lev: 5x | Risk: MEDIUM | Funding: +0.0009% | SFP: NONE
  24h momentum is negative (-1.37%), failing the primary BUY condition despite neutral 7d momentum (+0.07%) and 
Skipping BNBUSDT — position open
Skipping DOGEUSDT — position open
Analysing DOTUSDT...
  SELL SHORT | Conf: 72% | Lev: 6x | Risk: HIGH | Funding: -0.0225% | SFP: NONE
  7d momentum at -4.62% approaching -10% threshold with price 8.28% below 7d high, meeting primary sell criteria
  Skipping HIGH risk (conf 72% < 82%)
Skipping ETHUSDT — position open
Skipping HBARUSDT — position open
Analysing HYPEUSDT...
  SELL SHORT | Conf: 72% | Lev: 5x | Risk: MEDIUM | Funding: -0.0047% | SFP: BEARISH
  7d momentum is -6.49% (approaching -10% threshold) and price is 8.28% below 7d high, meeting SELL criteria. Be
Analysing ICPUSDT...
  HOLD       | Conf: 35% | Lev: 5x | Risk: MEDIUM | Funding: -0.0069% | SFP: NONE
  24h momentum is negative (-3.03%), failing the primary BUY condition despite neutral 7d momentum (+0.18%). Whi
Skipping KASUSDT — position open
Skipping LINKUSDT — position open
Skipping MNTUSDT — position open
Analysing ONDOUSDT...
  HOLD       | Conf: 35% | Lev: 5x | Risk: MEDIUM | Funding: +0.0050% | SFP: NONE
  7d momentum at -2.83% fails both BUY (requires > -10%) and SELL (requires < -10%) thresholds, creating mixed s
Skipping PAXGUSDT — position open
Analysing SEIUSDT...
  HOLD       | Conf: 35% | Lev: 5x | Risk: MEDIUM | Funding: +0.0078% | SFP: NONE
  While RSI at 30.2 shows oversold conditions and -6.81% distance from 7d high approaches the -8% threshold for 
Skipping SKYUSDT — position open
Skipping SOLUSDT — position open
Analysing SUIUSDT...
  HOLD       | Conf: 35% | Lev: 5x | Risk: MEDIUM | Funding: -0.0028% | SFP: NONE
  7d momentum at -2.52% fails to meet the -10% threshold for short entry, while 24h momentum of -0.18% is margin
Analysing TAOUSDT...
  HOLD       | Conf: 35% | Lev: 5x | Risk: MEDIUM | Funding: +0.0050% | SFP: NONE
  TAO shows mixed signals with negative 7d momentum (-3.50%) failing to meet short entry threshold (-10% require
Skipping TONUSDT — position open
Skipping TRXUSDT — position open
Skipping XLMUSDT — position open
Skipping XPLUSDT — position open
Skipping XRPUSDT — position open
Analysing ZECUSDT...
  BUY  LONG  | Conf: 72% | Lev: 6x | Risk: LOW | Funding: +0.0035% | SFP: NONE
  24h momentum is positive (+1.83%) and 7d momentum is strongly bullish (+14.85%), well above the -10% threshold

=========================================================
Candidates: 2

Opening SHORT — HYPEUSDT:
  >> FILLED SHORT HYPEUSDT @ 66.939  TP: 64.26144  SL: 68.27778  Lev: 5x  Margin: $87.03
  Skipping ZECUSDT — LONG concentration at 10/20 slots (conf 72% < 82%)

=========================================================
Scan #182 complete
Equity:        10409.13 USDT  (+409.13 USDT overall)
Trades:        285 closed  (107W / 178L  38% win rate)
Open positions:19
New trades:    1
Done.
============================================================ 
Run finished: Mon 13/07/2026 13:01:47.62 
============================================================ 
============================================================ 
Run started: Mon 13/07/2026 17:00:01.04 
============================================================ 
BYBIT SIMULATION ENGINE
=========================================================
Scan:          2026-07-13 17:00:03
Balance:       8616.27 USDT
Open positions:19
Scan #:        183
=========================================================

Fetching macro context...
  Fear & Greed:  28 — Fear
  BTC Dominance: 56.0%
  Regime:        NEUTRAL — standard sizing

Checking open positions for TP/SL...
  >> XRPUSDT STOP_LOSS: LOSS  PnL -9.5180 USDT  (-10.0% of margin)
  >> ATOMUSDT STOP_LOSS: LOSS  PnL -9.4230 USDT  (-10.0% of margin)
  >> BCHUSDT STOP_LOSS: LOSS  PnL -9.3610 USDT  (-10.0% of margin)

Checking coin bench status...
  Benched (skipped this cycle): ADAUSDT, ALGOUSDT, AVAXUSDT, ENAUSDT, LTCUSDT, NEARUSDT, UNIUSDT
Available slots: 4

Analysing AAVEUSDT...
  HOLD       | Conf: 35% | Lev: 5x | Risk: MEDIUM | Funding: +0.0072% | SFP: NONE
  Mixed signals prevent conviction: 24h momentum is negative (-3.29%), disqualifying a BUY despite positive 7d m
Skipping APTUSDT — position open
Analysing ATOMUSDT...
  HOLD       | Conf: 35% | Lev: 5x | Risk: MEDIUM | Funding: -0.0320% | SFP: NONE
  7d momentum of -3.93% fails to meet the short trigger threshold of -10%, and RSI at 37.1 remains above the ove
Analysing BCHUSDT...
  HOLD       | Conf: 35% | Lev: 5x | Risk: MEDIUM | Funding: +0.0070% | SFP: NONE
  BCH shows weak technicals with RSI at 34.3 (near oversold but not yet confirmatory) and 7d momentum of -1.70% 
Analysing BTCUSDT...
  HOLD       | Conf: 35% | Lev: 5x | Risk: HIGH | Funding: -0.0028% | SFP: NONE
  RSI at 28.7 is oversold but 24h momentum is negative (-1.74%), failing the BUY rule which requires positive 24
Skipping BNBUSDT — position open
Skipping DOGEUSDT — position open
Analysing DOTUSDT...
  SELL SHORT | Conf: 72% | Lev: 6x | Risk: HIGH | Funding: -0.0109% | SFP: NONE
  7d momentum of -3.98% combined with price 8.23% below 7d high meets SELL trigger criteria. Volume confirmation
  Skipping HIGH risk (conf 72% < 82%)
Skipping ETHUSDT — position open
Skipping HBARUSDT — position open
Skipping HYPEUSDT — position open
Analysing ICPUSDT...
  HOLD       | Conf: 35% | Lev: 5x | Risk: MEDIUM | Funding: +0.0005% | SFP: NONE
  24h momentum is negative (-3.23%), failing the primary BUY condition despite positive 7d momentum (+0.97%). RS
Skipping KASUSDT — position open
Skipping LINKUSDT — position open
Skipping MNTUSDT — position open
Analysing ONDOUSDT...
  HOLD       | Conf: 35% | Lev: 5x | Risk: MEDIUM | Funding: +0.0028% | SFP: NONE
  7d momentum of -2.48% fails both BUY (> -10% threshold met, but 24h momentum negative) and SELL (< -10% thresh
Skipping PAXGUSDT — position open
Analysing SEIUSDT...
  HOLD       | Conf: 35% | Lev: 5x | Risk: MEDIUM | Funding: +0.0100% | SFP: NONE
  7d momentum (-2.00%) fails to meet SELL threshold (<-10%), and 24h momentum is negative, blocking BUY entry. R
Skipping SKYUSDT — position open
Skipping SOLUSDT — position open
Analysing SUIUSDT...
  HOLD       | Conf: 35% | Lev: 5x | Risk: MEDIUM | Funding: -0.0046% | SFP: NONE
  7d momentum at -1.46% fails both BUY (requires >-10%) and SELL (requires <-10%) thresholds, creating mixed sig
Analysing TAOUSDT...
  HOLD       | Conf: 35% | Lev: 5x | Risk: MEDIUM | Funding: +0.0050% | SFP: NONE
  TAO shows weak technicals with negative 24h (-1.33%) and 7d (-3.03%) momentum, and RSI at 34.3 is borderline o
Skipping TONUSDT — position open
Skipping TRXUSDT — position open
Skipping XLMUSDT — position open
Skipping XPLUSDT — position open
Analysing XRPUSDT...
  SELL SHORT | Conf: 68% | Lev: 5x | Risk: MEDIUM | Funding: -0.0050% | SFP: NONE
  7d momentum is -5.99% (approaching -10% threshold) with price 7.52% below 7d high, meeting short entry criteri
Analysing ZECUSDT...
  BUY  LONG  | Conf: 68% | Lev: 6x | Risk: MEDIUM | Funding: +0.0100% | SFP: NONE
  7d momentum is strong at +13.20% with price 18.05% above 7d low, confirming uptrend structure. Volume is eleva

=========================================================
Candidates: 2

Opening SHORT — XRPUSDT:
  >> FILLED SHORT XRPUSDT @ 1.0767  TP: 1.033632  SL: 1.098234  Lev: 5x  Margin: $88.71

Opening LONG — ZECUSDT:
  >> FILLED LONG ZECUSDT @ 516.27  TP: 536.9208  SL: 505.9446  Lev: 6x  Margin: $87.82

=========================================================
Scan #183 complete
Equity:        10390.72 USDT  (+390.72 USDT overall)
Trades:        288 closed  (107W / 181L  37% win rate)
Open positions:18
New trades:    2
Done.
============================================================ 
Run finished: Mon 13/07/2026 17:01:54.00 
============================================================ 
============================================================ 
Run started: Mon 13/07/2026 21:00:01.17 
============================================================ 
BYBIT SIMULATION ENGINE
=========================================================
Scan:          2026-07-13 21:00:04
Balance:       8694.46 USDT
Open positions:18
Scan #:        184
=========================================================

Fetching macro context...
  Fear & Greed:  28 — Fear
  BTC Dominance: 56.1%
  Regime:        NEUTRAL — standard sizing

Checking open positions for TP/SL...
  >> SKYUSDT STOP_LOSS: LOSS  PnL -10.9782 USDT  (-12.0% of margin)
  >> XPLUSDT STOP_LOSS: LOSS  PnL -10.8745 USDT  (-12.0% of margin)

Checking coin bench status...
  Benched (skipped this cycle): ADAUSDT, ALGOUSDT, AVAXUSDT, ENAUSDT, LTCUSDT, NEARUSDT, UNIUSDT
Available slots: 4

Analysing AAVEUSDT...
  Data error for AAVEUSDT: Bybit 10006: Too many visits. Exceeded the API Rate Limit.
  Insufficient data — skipping
Skipping APTUSDT — position open
Analysing ATOMUSDT...
  HOLD       | Conf: 35% | Lev: 5x | Risk: MEDIUM | Funding: -0.0467% | SFP: NONE
  7d momentum of -1.40% fails to meet SELL threshold (<-10%), and RSI at 33.4 is just above oversold (>30) with 
Analysing BCHUSDT...
  HOLD       | Conf: 35% | Lev: 5x | Risk: MEDIUM | Funding: +0.0041% | SFP: NONE
  BCH shows mixed signals with weak 24h momentum (-3.17%) failing the BUY rule, while 7d momentum (+0.68%) is no
Analysing BTCUSDT...
  HOLD       | Conf: 45% | Lev: 5x | Risk: MEDIUM | Funding: -0.0079% | SFP: BULLISH
  Mixed signals prevent high-conviction entry. While the bullish swing failure pattern and RSI (32) near oversol
Skipping BNBUSDT — position open
Skipping DOGEUSDT — position open
Analysing DOTUSDT...
  SELL SHORT | Conf: 72% | Lev: 6x | Risk: HIGH | Funding: +0.0045% | SFP: NONE
  7d momentum of -3.03% combined with price 8.02% below 7d high meets SELL criteria. RSI at 21.7 is oversold (<2
  Skipping HIGH risk (conf 72% < 82%)
Skipping ETHUSDT — position open
Skipping HBARUSDT — position open
Skipping HYPEUSDT — position open
Analysing ICPUSDT...
  HOLD       | Conf: 35% | Lev: 5x | Risk: MEDIUM | Funding: -0.0118% | SFP: NONE
  Mixed signals prevent clear directional conviction. While 7d momentum is positive (+2.12%) and RSI is not extr
Skipping KASUSDT — position open
Skipping LINKUSDT — position open
Skipping MNTUSDT — position open
Analysing ONDOUSDT...
  HOLD       | Conf: 35% | Lev: 5x | Risk: MEDIUM | Funding: -0.0060% | SFP: NONE
  ONDO shows mixed signals with negative 7d momentum (-2.65%) but RSI (39.2) remains in neutral zone, avoiding e
Skipping PAXGUSDT — position open
Analysing SEIUSDT...
  HOLD       | Conf: 35% | Lev: 5x | Risk: MEDIUM | Funding: +0.0012% | SFP: NONE
  24h momentum is negative (-2.49%), failing the primary BUY condition despite acceptable 7d momentum (-0.66%). 
Analysing SKYUSDT...
  HOLD       | Conf: 35% | Lev: 5x | Risk: MEDIUM | Funding: +0.0050% | SFP: NONE
  Mixed signals prevent a high-conviction entry. 24h momentum is negative (-5.31%), failing the BUY requirement 
Skipping SOLUSDT — position open
Analysing SUIUSDT...
  HOLD       | Conf: 35% | Lev: 5x | Risk: MEDIUM | Funding: +0.0024% | SFP: NONE
  SUI shows mixed signals with negative 24h (-1.20%) and 7d (-0.79%) momentum, failing both BUY criteria. While 
Analysing TAOUSDT...
  HOLD       | Conf: 35% | Lev: 5x | Risk: MEDIUM | Funding: +0.0050% | SFP: NONE
  TAO fails both entry criteria: 24h momentum is negative (-1.45%), and 7d momentum (-1.56%) is above the -10% s
Skipping TONUSDT — position open
Skipping TRXUSDT — position open
Skipping XLMUSDT — position open
Analysing XPLUSDT...
  HOLD       | Conf: 35% | Lev: 5x | Risk: MEDIUM | Funding: +0.0050% | SFP: BULLISH
  Mixed signals prevent conviction: while the bullish swing failure pattern and RSI 45.1 (neutral zone) suggest 
Skipping XRPUSDT — position open
Skipping ZECUSDT — position open

=========================================================
Candidates: 0

=========================================================
Scan #184 complete
Equity:        10368.84 USDT  (+368.84 USDT overall)
Trades:        290 closed  (107W / 183L  37% win rate)
Open positions:16
New trades:    0
Done.
============================================================ 
Run finished: Mon 13/07/2026 21:01:09.47 
============================================================ 
