============================================================ 
Run started: Tue 23/06/2026  1:00:00.25 
============================================================ 
BYBIT SIMULATION ENGINE
=========================================================
Scan:          2026-06-23 01:00:01
Balance:       8064.00 USDT
Open positions:19
Scan #:        70
=========================================================

Fetching macro context...
  Fear & Greed:  20 Ś Extreme Fear
  BTC Dominance: 56.4%
  Regime:        FEAR Ś market oversold, slight long bias but follow technicals

Checking open positions for TP/SL...
Available slots: 1

Analysing BTCUSDT...
  BUY  LONG  | Conf: 68% | Lev: 5x | Risk: MEDIUM | Funding: +0.0071%
  24h momentum is positive (+1.19%) and 7d momentum (-3.41%) is well above the -10% threshold, with volume confi
Skipping ETHUSDT Ś position open
Analysing BNBUSDT...
  BUY  LONG  | Conf: 68% | Lev: 5x | Risk: MEDIUM | Funding: +0.0100%
  24h momentum is positive (+1.39%) and 7d momentum (-4.88%) is above the -10% threshold, RSI (64.5) is not over
Skipping SOLUSDT Ś position open
Skipping XRPUSDT Ś position open
Skipping DOGEUSDT Ś position open
Skipping ADAUSDT Ś position open
Skipping TRXUSDT Ś position open
Skipping AVAXUSDT Ś position open
Skipping TONUSDT Ś position open
Analysing LINKUSDT...
  BUY  LONG  | Conf: 68% | Lev: 5x | Risk: LOW | Funding: +0.0001%
  24h momentum is positive (+0.51%) and 7d momentum at -6.25% is above the -10% rejection threshold, meeting pri
Skipping DOTUSDT Ś position open
Skipping LTCUSDT Ś position open
Skipping BCHUSDT Ś position open
Skipping APTUSDT Ś position open
Skipping ICPUSDT Ś position open
Analysing HBARUSDT...
  Data error for HBARUSDT: Bybit 10006: Too many visits. Exceeded the API Rate Limit.
  Insufficient data Ś skipping
Skipping UNIUSDT Ś position open
Skipping SUIUSDT Ś position open
Skipping AAVEUSDT Ś position open
Skipping ALGOUSDT Ś position open
Skipping ENAUSDT Ś position open
Skipping TAOUSDT Ś position open

=========================================================
Candidates: 3

Opening LONG Ś BTCUSDT:
  >> FILLED LONG BTCUSDT @ 64961.0  TP: 67559.44  SL: 63661.78  Lev: 5x  Margin: $100.0

=========================================================
Scan #70 complete
Equity:        10045.17 USDT  (+45.17 USDT overall)
Trades:        88 closed  (29W / 59L  33% win rate)
Open positions:20
New trades:    1
Done.
============================================================ 
Run finished: Tue 23/06/2026  1:00:39.36 
============================================================ 
============================================================ 
Run started: Tue 23/06/2026  5:00:00.86 
============================================================ 
BYBIT SIMULATION ENGINE
=========================================================
Scan:          2026-06-23 05:00:01
Balance:       7964.00 USDT
Open positions:20
Scan #:        71
=========================================================

Fetching macro context...
  Fear & Greed:  20 Ś Extreme Fear
  BTC Dominance: 56.3%
  Regime:        FEAR Ś market oversold, slight long bias but follow technicals

Checking open positions for TP/SL...
  >> ENAUSDT STOP_LOSS: LOSS  PnL -10.0000 USDT  (-10.0% of margin)
Available slots: 1

Skipping BTCUSDT Ś position open
Skipping ETHUSDT Ś position open
Analysing BNBUSDT...
  BUY  LONG  | Conf: 68% | Lev: 5x | Risk: LOW | Funding: -0.0002%
  24h momentum is positive (+0.25%) and 7d momentum (-4.38%) remains above the -10% threshold, satisfying primar
Skipping SOLUSDT Ś position open
Skipping XRPUSDT Ś position open
Skipping DOGEUSDT Ś position open
Skipping ADAUSDT Ś position open
Skipping TRXUSDT Ś position open
Skipping AVAXUSDT Ś position open
Skipping TONUSDT Ś position open
Analysing LINKUSDT...
  HOLD       | Conf: 35% | Lev: 5x | Risk: MEDIUM | Funding: +0.0100%
  24h momentum is negative (-0.68%), failing the primary BUY rule despite favorable 7d momentum (-6.04% > -10%).
Skipping DOTUSDT Ś position open
Skipping LTCUSDT Ś position open
Skipping BCHUSDT Ś position open
Skipping APTUSDT Ś position open
Skipping ICPUSDT Ś position open
Analysing HBARUSDT...
  Data error for HBARUSDT: Bybit 10006: Too many visits. Exceeded the API Rate Limit.
  Insufficient data Ś skipping
Skipping UNIUSDT Ś position open
Skipping SUIUSDT Ś position open
Skipping AAVEUSDT Ś position open
Skipping ALGOUSDT Ś position open
Analysing ENAUSDT...
  BUY  LONG  | Conf: 72% | Lev: 5x | Risk: LOW | Funding: -0.0046%
  ENA meets BUY criteria: 24h momentum +2.75% positive, 7d momentum +7.66% well above -10% threshold, RSI 59.9 n
Skipping TAOUSDT Ś position open

=========================================================
Candidates: 2

Opening LONG Ś ENAUSDT:
  >> FILLED LONG ENAUSDT @ 0.09267  TP: 0.096377  SL: 0.090817  Lev: 5x  Margin: $100.0

=========================================================
Scan #71 complete
Equity:        10032.18 USDT  (+32.18 USDT overall)
Trades:        89 closed  (29W / 60L  33% win rate)
Open positions:20
New trades:    1
Done.
============================================================ 
Run finished: Tue 23/06/2026  5:00:36.44 
============================================================ 
============================================================ 
Run started: Tue 23/06/2026 11:44:04.75 
============================================================ 
============================================================ 
Run started: Tue 23/06/2026 13:00:00.69 
============================================================ 
BYBIT SIMULATION ENGINE
=========================================================
Scan:          2026-06-23 13:00:02
Balance:       8224.01 USDT
Open positions:17
Scan #:        72
=========================================================

Fetching macro context...
  Fear & Greed:  23 Ś Extreme Fear
  BTC Dominance: 56.3%
  Regime:        FEAR Ś market oversold, slight long bias but follow technicals

Checking open positions for TP/SL...
Available slots: 3

Skipping BTCUSDT Ś position open
Skipping ETHUSDT Ś position open
Analysing BNBUSDT...
  HOLD       | Conf: 35% | Lev: 5x | Risk: MEDIUM | Funding: -0.0095%
  Mixed signals prevent a high-conviction trade: 24h momentum is positive (+0.36%) and RSI (57.3) is neutral, su
Skipping SOLUSDT Ś position open
Analysing XRPUSDT...
  SELL SHORT | Conf: 62% | Lev: 5x | Risk: MEDIUM | Funding: -0.0017%
  7d momentum is -8.20% (approaching -10% threshold) and price is -10.30% below 7d high, meeting sell criteria. 
Skipping DOGEUSDT Ś position open
Skipping ADAUSDT Ś position open
Skipping TRXUSDT Ś position open
Skipping AVAXUSDT Ś position open
Skipping TONUSDT Ś position open
Analysing LINKUSDT...
  HOLD       | Conf: 35% | Lev: 5x | Risk: MEDIUM | Funding: +0.0019%
  Mixed signals prevent a high-conviction entry. While 24h momentum is positive and RSI (48.8) is neutral, 7d mo
Analysing DOTUSDT...
  SELL SHORT | Conf: 72% | Lev: 5x | Risk: MEDIUM | Funding: -0.0407%
  7d momentum is -7.37% (approaching -10% threshold) and price is -10.22% from 7d high, meeting sell criteria. R
Skipping LTCUSDT Ś position open
Skipping BCHUSDT Ś position open
Skipping APTUSDT Ś position open
Skipping ICPUSDT Ś position open
Analysing HBARUSDT...
  HOLD       | Conf: 35% | Lev: 5x | Risk: MEDIUM | Funding: -0.0203%
  Mixed signals prevent high-conviction trade. While 24h momentum is positive and funding is neutral, 7d momentu
Skipping UNIUSDT Ś position open
Skipping SUIUSDT Ś position open
Skipping AAVEUSDT Ś position open
Skipping ALGOUSDT Ś position open
Analysing ENAUSDT...
  HOLD       | Conf: 35% | Lev: 5x | Risk: MEDIUM | Funding: -0.0094%
  Mixed signals prevent a high-conviction entry. While 7d momentum is positive (+5.38%) and RSI is neutral (56.1
Skipping TAOUSDT Ś position open

=========================================================
Candidates: 1

Opening SHORT Ś DOTUSDT:
  >> FILLED SHORT DOTUSDT @ 0.9355  TP: 0.89808  SL: 0.95421  Lev: 5x  Margin: $100.0

=========================================================
Scan #72 complete
Equity:        10003.97 USDT  (+3.97 USDT overall)
Trades:        92 closed  (29W / 63L  32% win rate)
Open positions:18
New trades:    1
Done.
============================================================ 
Run finished: Tue 23/06/2026 13:47:29.32 
============================================================ 
============================================================ 
Run started: Tue 23/06/2026 17:00:00.58 
============================================================ 
BYBIT SIMULATION ENGINE
=========================================================
Scan:          2026-06-23 17:00:02
Balance:       8124.01 USDT
Open positions:18
Scan #:        73
=========================================================

Fetching macro context...
  Fear & Greed:  23 Ś Extreme Fear
  BTC Dominance: N/A%
  Regime:        FEAR Ś market oversold, slight long bias but follow technicals

Checking open positions for TP/SL...
  >> ADAUSDT TAKE_PROFIT: WIN  PnL +24.0000 USDT  (+24.0% of margin)
  >> UNIUSDT STOP_LOSS: LOSS  PnL -10.0000 USDT  (-10.0% of margin)
  >> SOLUSDT STOP_LOSS: LOSS  PnL -12.0000 USDT  (-12.0% of margin)
  >> AAVEUSDT STOP_LOSS: LOSS  PnL -10.0000 USDT  (-10.0% of margin)
  >> ICPUSDT TAKE_PROFIT: WIN  PnL +24.0000 USDT  (+24.0% of margin)
  >> LTCUSDT STOP_LOSS: LOSS  PnL -12.0000 USDT  (-12.0% of margin)
  >> APTUSDT STOP_LOSS: LOSS  PnL -10.0000 USDT  (-10.0% of margin)
  >> SUIUSDT TAKE_PROFIT: WIN  PnL +20.0000 USDT  (+20.0% of margin)
  >> BTCUSDT STOP_LOSS: LOSS  PnL -10.0001 USDT  (-10.0% of margin)
Available slots: 11

Analysing BTCUSDT...
  Data error for BTCUSDT: Bybit 10006: Too many visits. Exceeded the API Rate Limit.
  Insufficient data Ś skipping
Skipping ETHUSDT Ś position open
Analysing BNBUSDT...
  HOLD       | Conf: 35% | Lev: 5x | Risk: MEDIUM | Funding: -0.0127%
  7d momentum of -5.67% fails to meet the -10% threshold for a short signal, while 24h momentum is negative (-2.
Analysing SOLUSDT...
  HOLD       | Conf: 35% | Lev: 5x | Risk: HIGH | Funding: -0.0157%
  RSI at 35.0 is approaching oversold territory (< 25 threshold), creating HIGH risk despite negative momentum c
Analysing XRPUSDT...
  SELL SHORT | Conf: 72% | Lev: 5x | Risk: MEDIUM | Funding: -0.0093%
  7d momentum of -9.87% is borderline but price is 11.36% below 7d high, well exceeding the 8% threshold. RSI at
Skipping DOGEUSDT Ś position open
Analysing ADAUSDT...
  SELL SHORT | Conf: 72% | Lev: 6x | Risk: MEDIUM | Funding: -0.0103%
  ADA meets SELL criteria: 7d momentum at -13.49% (< -10%), price is 14.77% below 7d high (> 8% threshold), and 
Skipping TRXUSDT Ś position open
Skipping AVAXUSDT Ś position open
Skipping TONUSDT Ś position open
Analysing LINKUSDT...
  SELL SHORT | Conf: 72% | Lev: 5x | Risk: MEDIUM | Funding: +0.0020%
  7d momentum of -7.09% combined with price 9.19% below 7d high triggers short signal. RSI at 36.4 is above over
Skipping DOTUSDT Ś position open
Analysing LTCUSDT...
  HOLD       | Conf: 35% | Lev: 5x | Risk: MEDIUM | Funding: +0.0002%
  24h momentum is negative (-2.36%), failing the BUY primary requirement despite 7d momentum being above -10% th
Skipping BCHUSDT Ś position open
Analysing APTUSDT...
  HOLD       | Conf: 35% | Lev: 5x | Risk: MEDIUM | Funding: -0.0020%
  7d momentum of -6.63% fails to trigger SHORT signal (need < -10%), while 24h momentum of -5.04% prevents BUY s
Analysing ICPUSDT...
  SELL SHORT | Conf: 68% | Lev: 6x | Risk: MEDIUM | Funding: -0.0026%
  7d momentum at -9.31% is approaching the -10% threshold, price is 10.78% below 7d high meeting the >8% conditi
Analysing HBARUSDT...
  SELL SHORT | Conf: 72% | Lev: 5x | Risk: MEDIUM | Funding: -0.0142%
  7d momentum is -6.54% (approaching -10% threshold) and price is 8.40% below 7d high, meeting core sell criteri
Analysing UNIUSDT...
  SELL SHORT | Conf: 72% | Lev: 5x | Risk: MEDIUM | Funding: -0.0026%
  7d momentum of -2.72% combined with price 22.26% below 7d high meets short entry criteria. RSI at 40.9 (above 
Analysing SUIUSDT...
  SELL SHORT | Conf: 72% | Lev: 6x | Risk: MEDIUM | Funding: -0.0084%
  7d momentum is -12.57% (< -10% threshold) and price is -15.66% from 7d high (> 8% threshold), both SELL criter
Analysing AAVEUSDT...
  HOLD       | Conf: 35% | Lev: 5x | Risk: MEDIUM | Funding: -0.0006%
  7d momentum of -4.44% does not meet SELL threshold (<-10%), and 24h momentum is negative ruling out BUY. RSI a
Skipping ALGOUSDT Ś position open
Analysing ENAUSDT...
  HOLD       | Conf: 35% | Lev: 5x | Risk: MEDIUM | Funding: +0.0050%
  24h momentum is negative (-6.49%), which fails the BUY requirement. 7d momentum (+0.10%) is above -10% thresho
Skipping TAOUSDT Ś position open

=========================================================
Candidates: 7

Opening SHORT Ś XRPUSDT:
  >> FILLED SHORT XRPUSDT @ 1.1127  TP: 1.068192  SL: 1.134954  Lev: 5x  Margin: $100.0

Opening SHORT Ś ADAUSDT:
  >> FILLED SHORT ADAUSDT @ 0.1546  TP: 0.148416  SL: 0.157692  Lev: 6x  Margin: $100.0

Opening SHORT Ś LINKUSDT:
  >> FILLED SHORT LINKUSDT @ 7.694  TP: 7.38624  SL: 7.84788  Lev: 5x  Margin: $100.0

Opening SHORT Ś HBARUSDT:
  >> FILLED SHORT HBARUSDT @ 0.07766  TP: 0.074554  SL: 0.079213  Lev: 5x  Margin: $100.0

Opening SHORT Ś UNIUSDT:
  >> FILLED SHORT UNIUSDT @ 2.895  TP: 2.7792  SL: 2.9529  Lev: 5x  Margin: $100.0

Opening SHORT Ś SUIUSDT:
  >> FILLED SHORT SUIUSDT @ 0.6911  TP: 0.663456  SL: 0.704922  Lev: 6x  Margin: $100.0

Opening SHORT Ś ICPUSDT:
  >> FILLED SHORT ICPUSDT @ 2.202  TP: 2.11392  SL: 2.24604  Lev: 6x  Margin: $100.0

=========================================================
Scan #73 complete
Equity:        10036.21 USDT  (+36.21 USDT overall)
Trades:        101 closed  (32W / 69L  32% win rate)
Open positions:16
New trades:    7
Done.
============================================================ 
Run finished: Tue 23/06/2026 17:01:18.28 
============================================================ 
============================================================ 
Run started: Tue 23/06/2026 21:00:00.23 
============================================================ 
BYBIT SIMULATION ENGINE
=========================================================
Scan:          2026-06-23 21:00:02
Balance:       8328.01 USDT
Open positions:16
Scan #:        74
=========================================================

Fetching macro context...
  Fear & Greed:  23 Ś Extreme Fear
  BTC Dominance: 56.2%
  Regime:        FEAR Ś market oversold, slight long bias but follow technicals

Checking open positions for TP/SL...
  >> DOGEUSDT TAKE_PROFIT: WIN  PnL +19.9988 USDT  (+20.0% of margin)
  >> BCHUSDT TAKE_PROFIT: WIN  PnL +20.0000 USDT  (+20.0% of margin)
  >> ETHUSDT STOP_LOSS: LOSS  PnL -12.0000 USDT  (-12.0% of margin)
  >> TAOUSDT TAKE_PROFIT: WIN  PnL +20.0000 USDT  (+20.0% of margin)
  >> DOTUSDT TAKE_PROFIT: WIN  PnL +20.0000 USDT  (+20.0% of margin)
Available slots: 9

Analysing BTCUSDT...
  SELL SHORT | Conf: 72% | Lev: 5x | Risk: MEDIUM | Funding: -0.0127%
  7d momentum of -6.27% combined with price only 0.67% above 7d low confirms downtrend continuation. RSI at 30.3
Analysing ETHUSDT...
  SELL SHORT | Conf: 68% | Lev: 5x | Risk: MEDIUM | Funding: -0.0093%
  7d momentum is -8.17% (below -10% threshold not met but close), price is -10.20% from 7d high (exceeds 8% requ
Analysing BNBUSDT...
  SELL SHORT | Conf: 68% | Lev: 5x | Risk: MEDIUM | Funding: -0.0341%
  7d momentum of -6.89% combined with price 7.43% below 7d high meets short entry criteria. RSI at 33.6 is above
Analysing SOLUSDT...
  SELL SHORT | Conf: 72% | Lev: 6x | Risk: HIGH | Funding: -0.0232%
  7d momentum of -7.82% combined with price 8.89% below 7d high meets sell criteria. Volume surge (+59.5%) confi
  Skipping HIGH risk (conf 72% < 82%)
Skipping XRPUSDT Ś position open
Analysing DOGEUSDT...
  SELL SHORT | Conf: 72% | Lev: 6x | Risk: HIGH | Funding: -0.0105%
  7d momentum of -10.30% meets SELL threshold; price is -11.04% below 7d high, exceeding the 8% requirement. Vol
  Skipping HIGH risk (conf 72% < 82%)
Skipping ADAUSDT Ś position open
Skipping TRXUSDT Ś position open
Skipping AVAXUSDT Ś position open
Skipping TONUSDT Ś position open
Skipping LINKUSDT Ś position open
Analysing DOTUSDT...
  SELL SHORT | Conf: 72% | Lev: 6x | Risk: HIGH | Funding: -0.0258%
  7d momentum at -12.29% (< -10%) with price 14.04% below 7d high confirms downtrend structure. Volume surge (+5
  Skipping HIGH risk (conf 72% < 82%)
Analysing LTCUSDT...
  HOLD       | Conf: 35% | Lev: 5x | Risk: MEDIUM | Funding: +0.0037%
  LTC shows mixed signals with negative 7d momentum (-4.73%) and RSI at 39.9 (approaching oversold but not trigg
Analysing BCHUSDT...
  SELL SHORT | Conf: 72% | Lev: 5x | Risk: MEDIUM | Funding: -0.0068%
  7d momentum of -12.79% is below the -10% threshold, and price is 15.32% below 7d high, meeting sell criteria. 
Analysing APTUSDT...
  SELL SHORT | Conf: 72% | Lev: 5x | Risk: MEDIUM | Funding: -0.0049%
  7d momentum of -8.04% approaches the -10% threshold, and price is 9.93% below 7d high, exceeding the 8% requir
Skipping ICPUSDT Ś position open
Skipping HBARUSDT Ś position open
Skipping UNIUSDT Ś position open
Skipping SUIUSDT Ś position open
Analysing AAVEUSDT...
  SELL SHORT | Conf: 72% | Lev: 5x | Risk: MEDIUM | Funding: -0.0236%
  7d momentum of -4.34% combined with price 7.46% below 7d high meets short criteria. RSI at 34.6 is above overs
Skipping ALGOUSDT Ś position open
Analysing ENAUSDT...
  SELL SHORT | Conf: 72% | Lev: 5x | Risk: MEDIUM | Funding: -0.0082%
  7d momentum of -3.16% is above the -10% threshold, but price is 14.28% below 7d high (exceeds 8% requirement) 
Analysing TAOUSDT...
  SELL SHORT | Conf: 72% | Lev: 6x | Risk: MEDIUM | Funding: +0.0050%
  7d momentum is -16.46% (< -10% threshold) and price is -17.52% from 7d high (> -8% threshold), meeting short e

=========================================================
Candidates: 8

Opening SHORT Ś BTCUSDT:
  >> FILLED SHORT BTCUSDT @ 62292.1  TP: 59800.416  SL: 63537.942  Lev: 5x  Margin: $100.0

Opening SHORT Ś BCHUSDT:
  >> FILLED SHORT BCHUSDT @ 190.2  TP: 182.592  SL: 194.004  Lev: 5x  Margin: $100.0

Opening SHORT Ś APTUSDT:
  >> FILLED SHORT APTUSDT @ 0.6268  TP: 0.601728  SL: 0.639336  Lev: 5x  Margin: $100.0

Opening SHORT Ś AAVEUSDT:
  >> FILLED SHORT AAVEUSDT @ 72.12  TP: 69.2352  SL: 73.5624  Lev: 5x  Margin: $100.0

Opening SHORT Ś ENAUSDT:
  >> FILLED SHORT ENAUSDT @ 0.08437  TP: 0.080995  SL: 0.086057  Lev: 5x  Margin: $100.0

Opening SHORT Ś TAOUSDT:
  >> FILLED SHORT TAOUSDT @ 220.38  TP: 211.5648  SL: 224.7876  Lev: 6x  Margin: $100.0

Opening SHORT Ś ETHUSDT:
  >> FILLED SHORT ETHUSDT @ 1651.88  TP: 1585.8048  SL: 1684.9176  Lev: 5x  Margin: $100.0

Opening SHORT Ś BNBUSDT:
  >> FILLED SHORT BNBUSDT @ 571.6  TP: 548.736  SL: 583.032  Lev: 5x  Margin: $100.0

=========================================================
Scan #74 complete
Equity:        10058.68 USDT  (+58.68 USDT overall)
Trades:        106 closed  (36W / 70L  34% win rate)
Open positions:19
New trades:    8
Done.
============================================================ 
Run finished: Tue 23/06/2026 21:01:20.02 
============================================================ 
